Log of time -p /home/tsugawa/vmanage/parallel 16 
Thu May 24 04:53:56 2012

rvms 40 vms 0 pm10-1
rvms 40 vms 1 pm10-2
rvms 40 vms 2 pm10-3
rvms 40 vms 3 pm10-4
rvms 40 vms 4 pm10-5
rvms 40 vms 5 pm10-6
rvms 40 vms 6 pm10-7
rvms 40 vms 7 pm10-8
rvms 40 vms 8 pm10-9
rvms 40 vms 9 pm10-10
rvms 40 vms 10 pm10-11
rvms 40 vms 11 pm10-12
rvms 40 vms 12 pm10-13
rvms 40 vms 13 pm10-14
rvms 40 vms 14 pm10-15
rvms 40 vms 15 pm10-16

real 68.50
user 0.01
sys 0.00
rvms 39 vms 15 pm10-17

real 72.18
user 0.01
sys 0.00
rvms 38 vms 15 pm10-18

real 79.10
user 0.00
sys 0.00
rvms 36 vms 15 pm10-19

real 78.65
user 0.00
sys 0.01
rvms 36 vms 15 pm10-20

real 105.30
user 0.00
sys 0.00
rvms 34 vms 15 pm10-21

real 104.63
user 0.01
sys 0.00
rvms 34 vms 15 pm10-22

real 114.92
user 0.00
sys 0.01
rvms 31 vms 15 pm10-23

real 115.73
user 0.00
sys 0.00
rvms 31 vms 15 pm10-24

real 115.51
user 0.01
sys 0.00
rvms 31 vms 15 pm10-25


real 119.95
user 0.00
sys 0.00
real 120.57
user 0.00
sys 0.00
rvms 29 vms 14 pm10-26
rvms 29 vms 15 pm10-27

real 121.80
user 0.00
sys 0.01
rvms 27 vms 15 pm10-28

real 123.15
user 0.00
sys 0.01
rvms 27 vms 15 pm10-29

real 62.85
user 0.00
sys 0.00
rvms 26 vms 15 pm10-30

real 133.82
user 0.00
sys 0.01
rvms 25 vms 15 pm10-31

real 139.61
user 0.00
sys 0.00
rvms 24 vms 15 pm10-32

real 153.48
user 0.00
sys 0.01
rvms 22 vms 15 pm10-33

real 73.13
user 0.01
sys 0.00
rvms 22 vms 15 pm10-34

real 103.08
user 0.01
sys 0.00
rvms 21 vms 15 pm10-35

real 73.79
user 0.01
sys 0.01
rvms 20 vms 15 pm10-36

real 118.74
user 0.01
sys 0.00
rvms 19 vms 15 pm10-37

real 95.16
user 0.00
sys 0.02
rvms 18 vms 15 pm10-38

real 79.46
user 0.00
sys 0.00
rvms 17 vms 15 pm10-39

real 52.28
user 0.01
sys 0.00
rvms 15 vms 15 pm10-40

real 100.63
user 0.01
sys 0.00

real 103.52
user 0.01
sys 0.01

real 40.79
user 0.00
sys 0.01

real 92.18
user 0.01
sys 0.00

real 119.79
user 0.01
sys 0.00

real 112.83
user 0.01
sys 0.01

real 70.45
user 0.01
sys 0.00

real 131.73
user 0.02
sys 0.00

real 102.55
user 0.00
sys 0.00

real 54.94
user 0.00
sys 0.01

real 137.07
user 0.01
sys 0.00

real 145.72
user 0.00
sys 0.02

real 133.43
user 0.01
sys 0.00

real 93.67
user 0.01
sys 0.00

real 89.51
user 0.00
sys 0.01

real 108.35
user 0.01
sys 0.00
real 310.14
user 11.17
sys 19.33

Thu May 24 04:59:06 2012
----------------
