Log of time -p /home/tsugawa/vmanage/parallel 1 
Wed May 23 01:00:25 2012


real 55.95
user 0.00
sys 0.00

real 56.52
user 0.00
sys 0.01

real 59.89
user 0.00
sys 0.00

real 39.92
user 0.00
sys 0.01

real 59.30
user 0.00
sys 0.00

real 64.04
user 0.00
sys 0.01

real 74.35
user 0.01
sys 0.00
error: internal error process exited while connecting to monitor: char device redirected to /dev/pts/8
Migration failed. Exit code tcp:0.0.0.0:49164(-98), exiting.


real 7.34
user 0.01
sys 0.00
error: internal error process exited while connecting to monitor: char device redirected to /dev/pts/8
Migration failed. Exit code tcp:0.0.0.0:49165(-98), exiting.


real 7.34
user 0.01
sys 0.00
error: internal error process exited while connecting to monitor: char device redirected to /dev/pts/8
Migration failed. Exit code tcp:0.0.0.0:49166(-98), exiting.


real 7.36
user 0.00
sys 0.00
error: internal error process exited while connecting to monitor: char device redirected to /dev/pts/8
Migration failed. Exit code tcp:0.0.0.0:49167(-98), exiting.


real 7.35
user 0.00
sys 0.00

real 83.47
user 0.00
sys 0.00

real 50.50
user 0.01
sys 0.00

real 40.13
user 0.00
sys 0.01

real 77.00
user 0.00
sys 0.01

real 61.70
user 0.00
sys 0.00

real 30.94
user 0.00
sys 0.00

real 29.23
user 0.00
sys 0.00

real 60.57
user 0.00
sys 0.00

real 59.02
user 0.00
sys 0.00

real 69.16
user 0.00
sys 0.00

real 32.66
user 0.00
sys 0.01

real 39.08
user 0.00
sys 0.00

real 65.63
user 0.00
sys 0.00

real 65.93
user 0.00
sys 0.00

real 42.35
user 0.00
sys 0.00

real 33.16
user 0.00
sys 0.00

real 35.83
user 0.01
sys 0.00

real 52.64
user 0.00
sys 0.00

real 71.83
user 0.01
sys 0.00

real 55.30
user 0.01
sys 0.00

real 54.53
user 0.00
sys 0.00

real 67.38
user 0.00
sys 0.00

real 53.89
user 0.00
sys 0.00

real 50.67
user 0.00
sys 0.00

real 30.42
user 0.00
sys 0.00

real 61.95
user 0.00
sys 0.00

real 60.73
user 0.00
sys 0.01

real 45.60
user 0.00
sys 0.00

real 57.38
user 0.00
sys 0.00
real 2000.47
user 12.53
sys 16.75

Wed May 23 01:33:45 2012
----------------
