Log of time -p /home/tsugawa/vmanage/parallel 2 
Thu May 24 05:39:13 2012

rvms 40 vms 0 pm10-1
rvms 40 vms 1 pm10-2

real 35.06
user 0.00
sys 0.00
rvms 39 vms 1 pm10-3

real 58.53
user 0.01
sys 0.00
rvms 38 vms 1 pm10-4

real 31.89
user 0.00
sys 0.00
rvms 37 vms 1 pm10-5
error: internal error process exited while connecting to monitor: char device redirected to /dev/pts/4
Migration failed. Exit code tcp:0.0.0.0:49212(-98), exiting.


real 7.36
user 0.01
sys 0.00
rvms 37 vms 1 pm10-6

real 32.52
user 0.00
sys 0.00
rvms 36 vms 1 pm10-7

real 33.48
user 0.00
sys 0.00
rvms 35 vms 1 pm10-8

real 30.74
user 0.01
sys 0.00
rvms 34 vms 1 pm10-9

real 61.81
user 0.00
sys 0.01
rvms 33 vms 1 pm10-10

real 61.10
user 0.00
sys 0.01
rvms 32 vms 1 pm10-11

real 31.14
user 0.01
sys 0.00
rvms 31 vms 1 pm10-12

real 47.92
user 0.01
sys 0.00
rvms 30 vms 1 pm10-13

real 52.84
user 0.00
sys 0.00
rvms 29 vms 1 pm10-14

real 106.36
user 0.00
sys 0.00
rvms 28 vms 1 pm10-15

real 30.51
user 0.00
sys 0.00
rvms 27 vms 1 pm10-16

real 30.55
user 0.00
sys 0.00
rvms 26 vms 1 pm10-17

real 35.79
user 0.00
sys 0.01
rvms 25 vms 1 pm10-18

real 30.96
user 0.00
sys 0.01
rvms 24 vms 1 pm10-19

real 53.33
user 0.00
sys 0.00
rvms 23 vms 1 pm10-20

real 55.66
user 0.01
sys 0.00
rvms 22 vms 1 pm10-21
error: internal error process exited while connecting to monitor: char device redirected to /dev/pts/20
Migration failed. Exit code tcp:0.0.0.0:49164(-98), exiting.


real 8.29
user 0.00
sys 0.00
rvms 22 vms 1 pm10-22
error: internal error process exited while connecting to monitor: char device redirected to /dev/pts/20
Migration failed. Exit code tcp:0.0.0.0:49165(-98), exiting.



real 7.38
user 0.00
sys 0.01
real 106.17
user 0.00
sys 0.00
rvms 21 vms 0 pm10-23
rvms 21 vms 1 pm10-24
error: internal error process exited while connecting to monitor: char device redirected to /dev/pts/20
Migration failed. Exit code tcp:0.0.0.0:49166(-98), exiting.


real 7.37
user 0.00
sys 0.01
rvms 21 vms 1 pm10-25
error: internal error process exited while connecting to monitor: char device redirected to /dev/pts/20
Migration failed. Exit code tcp:0.0.0.0:49167(-98), exiting.


real 10.83
user 0.01
sys 0.00
rvms 21 vms 1 pm10-26

real 34.59
user 0.00
sys 0.00
rvms 20 vms 1 pm10-27

real 60.82
user 0.00
sys 0.00
rvms 19 vms 1 pm10-28

real 73.88
user 0.01
sys 0.00
rvms 18 vms 1 pm10-29

real 58.12
user 0.00
sys 0.01
rvms 17 vms 1 pm10-30

real 79.35
user 0.01
sys 0.00
rvms 16 vms 1 pm10-31

real 89.97
user 0.01
sys 0.00
rvms 15 vms 1 pm10-32

real 56.02
user 0.00
sys 0.00
rvms 14 vms 1 pm10-33

real 67.76
user 0.01
sys 0.00
rvms 13 vms 1 pm10-34

real 37.91
user 0.00
sys 0.00
rvms 12 vms 1 pm10-35

real 49.37
user 0.01
sys 0.00
rvms 11 vms 1 pm10-36

real 46.29
user 0.01
sys 0.00
rvms 10 vms 1 pm10-37

real 33.41
user 0.00
sys 0.00
rvms 9 vms 1 pm10-38

real 50.24
user 0.00
sys 0.00
rvms 8 vms 1 pm10-39

real 30.43
user 0.00
sys 0.00
rvms 7 vms 1 pm10-40

real 31.94
user 0.00
sys 0.00

real 60.25
user 0.00
sys 0.00
real 933.62
user 40.37
sys 59.86

Thu May 24 05:54:46 2012
----------------
