Log of time -p ./aimd80 
Tue May  8 07:36:49 2012

rvms 40 cwnd 1 1

real 29.76
user 0.01
sys 0.00
real 29.80
user 0.01
sys 0.01
summary 1 29.80 120.80536912751677852348 29.80
rvms 39 cwnd 2 2
Domain pm10-12 started


real 31.98
user 0.01
sys 0.00

real 32.21
user 0.01
sys 0.00
real 32.25
user 0.03
sys 0.00
summary 2 32.25 223.25581395348837209302 62.05
rvms 38 cwnd 4 4
Domain pm10-13 started

Domain pm10-14 started


real 34.25
user 0.00
sys 0.01

real 47.16
user 0.00
sys 0.01

real 47.91
user 0.01
sys 0.00

real 52.10
user 0.01
sys 0.00
real 52.15
user 0.04
sys 0.02
summary 4 52.15 276.12655800575263662511 114.20
rvms 36 cwnd 8 8
Domain pm10-15 started

Domain pm10-16 started

Domain pm10-17 started

Domain pm10-18 started


real 47.76
user 0.00
sys 0.01

real 48.53
user 0.00
sys 0.01

real 56.02
user 0.01
sys 0.00

real 60.20
user 0.00
sys 0.00

real 69.05
user 0.01
sys 0.00

real 72.35
user 0.00
sys 0.01

real 73.10
user 0.00
sys 0.00

real 81.23
user 0.01
sys 0.00
real 81.27
user 0.06
sys 0.06
summary 8 81.27 354.37430786267995570321 195.47
rvms 32 cwnd 9 9
Domain pm10-19 started

Domain pm10-2 started

Domain pm10-20 started

Domain pm10-21 started

Domain pm10-22 started

Domain pm10-23 started

Domain pm10-24 started

Domain pm10-25 started


real 61.51
user 0.00
sys 0.00

real 62.80
user 0.00
sys 0.00

real 62.80
user 0.01
sys 0.00

real 66.15
user 0.00
sys 0.00

real 67.35
user 0.00
sys 0.00

real 71.90
user 0.00
sys 0.00

real 73.71
user 0.00
sys 0.00

real 77.06
user 0.00
sys 0.01

real 79.83
user 0.00
sys 0.00
real 79.87
user 0.06
sys 0.06
summary 9 79.87 405.65919619381494929260 275.34
rvms 31 cwnd 10 10
Domain pm10-26 started

Domain pm10-27 started

Domain pm10-28 started

Domain pm10-29 started

Domain pm10-3 started

Domain pm10-30 started

Domain pm10-31 started

Domain pm10-32 started

Domain pm10-33 started


real 63.46
user 0.01
sys 0.00

real 77.96
user 0.00
sys 0.00

real 80.89
user 0.00
sys 0.01

real 83.68
user 0.01
sys 0.00

real 88.26
user 0.00
sys 0.00

real 88.65
user 0.01
sys 0.00

real 94.89
user 0.00
sys 0.00

real 107.40
user 0.00
sys 0.00

real 107.81
user 0.00
sys 0.01

real 110.62
user 0.00
sys 0.01
real 110.66
user 0.08
sys 0.07
summary 10 110.66 325.32080245797939634917 386.00
rvms 30 cwnd 5 5
Domain pm10-34 started

Domain pm10-35 started

Domain pm10-36 started

Domain pm10-37 started

Domain pm10-38 started


real 53.87
user 0.00
sys 0.00
Domain pm10-39 started


real 59.13
user 0.01
sys 0.00
Domain pm10-4 started


real 66.99
user 0.00
sys 0.00

real 66.99
user 0.01
sys 0.00
Domain pm10-40 started


real 76.96
user 0.00
sys 0.00
real 76.99
user 0.04
sys 0.03
summary 5 76.99 233.79659696064423951162 462.99
Domain pm10-41 started

rvms 34 cwnd 6 6
Domain pm10-42 started

Domain pm10-1 started

Domain pm10-10 started

Domain pm10-43 started

Domain pm10-44 started


real 50.96
user 0.00
sys 0.00
Domain pm10-45 started


real 66.13
user 0.01
sys 0.00

real 69.14
user 0.00
sys 0.01

real 72.53
user 0.00
sys 0.00

real 75.16
user 0.00
sys 0.00

real 78.00
user 0.01
sys 0.00
real 88.56
user 0.05
sys 0.04
summary 6 88.56 243.90243902439024390243 551.55
rvms 34 cwnd 7 7

real 72.49
user 0.01
sys 0.00

real 102.67
user 0.00
sys 0.00

real 104.04
user 0.00
sys 0.01

real 106.89
user 0.00
sys 0.00

real 125.35
user 0.00
sys 0.00

real 125.55
user 0.00
sys 0.01

real 141.91
user 0.01
sys 0.00
real 146.05
user 0.06
sys 0.05
summary 7 146.05 172.54364943512495720643 697.60
rvms 27 cwnd 3 3

real 73.83
user 0.01
sys 0.00

real 81.29
user 0.00
sys 0.01

real 87.51
user 0.00
sys 0.01
real 87.54
user 0.02
sys 0.03
summary 3 87.54 123.37217272104180945853 785.14
rvms 24 cwnd 4 4

real 95.96
user 0.00
sys 0.00

real 97.94
user 0.00
sys 0.01

real 98.31
user 0.00
sys 0.01

real 111.08
user 0.00
sys 0.00
real 111.11
user 0.02
sys 0.04
summary 4 111.11 129.60129601296012960129 896.25
rvms 20 cwnd 5 5

real 98.86
user 0.00
sys 0.01

real 100.47
user 0.00
sys 0.01

real 107.58
user 0.01
sys 0.00

real 116.23
user 0.01
sys 0.00

real 129.87
user 0.00
sys 0.00
real 129.89
user 0.04
sys 0.03
summary 5 129.89 138.57879744399106936638 1026.14
rvms 15 cwnd 6 6

real 103.97
user 0.00
sys 0.00

real 140.31
user 0.01
sys 0.00

real 140.82
user 0.00
sys 0.01

real 180.11
user 0.00
sys 0.00

real 183.51
user 0.00
sys 0.00

real 183.51
user 0.00
sys 0.00
real 183.52
user 0.05
sys 0.03
summary 6 183.52 117.69834350479511769834 1209.66
rvms 9 cwnd 3 3

real 95.53
user 0.00
sys 0.01

real 101.48
user 0.00
sys 0.00

real 111.80
user 0.00
sys 0.00
real 111.81
user 0.02
sys 0.03
summary 3 111.81 96.59243359270190501744 1321.47
rvms 6 cwnd 4 4
error: Requested operation is not valid: domain is already active as 'pm10-10'

real 5.76
user 0.00
sys 0.00
error: Requested operation is not valid: domain is already active as 'pm10-1'

real 7.93
user 0.00
sys 0.00
error: cannot send monitor command '{"execute":"qmp_capabilities"}': Connection reset by peer

real 8.81
user 0.00
sys 0.00

real 40.34
user 0.00
sys 0.00
real 40.35
user 0.02
sys 0.02
summary 4 40.35 356.87732342007434944237 1361.82
rvms 5 cwnd 5 5
error: Requested operation is not valid: domain is already active as 'pm10-10'

real 5.66
user 0.01
sys 0.00
error: Requested operation is not valid: domain is already active as 'pm10-1'

real 10.88
user 0.00
sys 0.01
error: internal error process exited while connecting to monitor: char device redirected to /dev/pts/83
Failed to allocate 555745280 B: Cannot allocate memory


real 10.88
user 0.00
sys 0.00
error: cannot send monitor command '{"execute":"qmp_capabilities"}': Broken pipe

real 10.89
user 0.00
sys 0.00

real 97.45
user 0.00
sys 0.00
real 97.46
user 0.04
sys 0.02
summary 5 97.46 184.69115534578288528627 1459.28
rvms 4 cwnd 2 2
error: Requested operation is not valid: domain is already active as 'pm10-1'

real 5.42
user 0.00
sys 0.01

real 45.35
user 0.00
sys 0.00
real 45.36
user 0.00
sys 0.01
summary 2 45.36 158.73015873015873015873 1504.64
rvms 3 cwnd 3 3
error: Requested operation is not valid: domain is already active as 'pm10-10'

real 5.14
user 0.00
sys 0.00
error: Requested operation is not valid: domain is already active as 'pm10-1'

real 6.29
user 0.01
sys 0.00

real 43.46
user 0.00
sys 0.00
real 43.47
user 0.03
sys 0.00
summary 3 43.47 248.44720496894409937888 1548.11
rvms 2 cwnd 2 2
error: Requested operation is not valid: domain is already active as 'pm10-1'

real 4.83
user 0.00
sys 0.00
error: Requested operation is not valid: domain is already active as 'pm10-10'

real 4.83
user 0.00
sys 0.00
real 4.84
user 0.00
sys 0.02
summary 2 4.84 1487.60330578512396694214 1552.95
rvms 2 cwnd 2 2
error: Requested operation is not valid: domain is already active as 'pm10-1'

real 4.05
user 0.00
sys 0.00
error: Requested operation is not valid: domain is already active as 'pm10-10'

real 4.05
user 0.00
sys 0.00
real 4.06
user 0.01
sys 0.00
summary 2 4.06 1773.39901477832512315270 1557.01
rvms 2 cwnd 2 2
error: Requested operation is not valid: domain is already active as 'pm10-10'

real 4.05
user 0.01
sys 0.00
error: Requested operation is not valid: domain is already active as 'pm10-1'

real 4.05
user 0.00
sys 0.00
real 4.06
user 0.02
sys 0.00
summary 2 4.06 1773.39901477832512315270 1561.07
rvms 2 cwnd 2 2
error: Requested operation is not valid: domain is already active as 'pm10-10'

real 4.05
user 0.00
sys 0.00
error: Requested operation is not valid: domain is already active as 'pm10-1'

real 4.06
user 0.00
sys 0.01
real 4.06
user 0.00
sys 0.01
summary 2 4.06 1773.39901477832512315270 1565.13
rvms 2 cwnd 2 2
error: Requested operation is not valid: domain is already active as 'pm10-10'

real 4.05
user 0.00
sys 0.00
error: Requested operation is not valid: domain is already active as 'pm10-1'

real 4.05
user 0.00
sys 0.00
real 4.06
user 0.01
sys 0.00
summary 2 4.06 1773.39901477832512315270 1569.19
rvms 2 cwnd 2 2
error: Requested operation is not valid: domain is already active as 'pm10-1'

real 4.05
user 0.00
sys 0.00
error: Requested operation is not valid: domain is already active as 'pm10-10'

real 4.05
user 0.00
sys 0.00
real 4.06
user 0.01
sys 0.01
summary 2 4.06 1773.39901477832512315270 1573.25
rvms 2 cwnd 2 2
error: Requested operation is not valid: domain is already active as 'pm10-1'

real 4.07
user 0.00
sys 0.00
error: Requested operation is not valid: domain is already active as 'pm10-10'

real 4.07
user 0.00
sys 0.00
real 4.08
user 0.01
sys 0.00
summary 2 4.08 1764.70588235294117647058 1577.33
rvms 2 cwnd 1 1
error: Requested operation is not valid: domain is already active as 'pm10-1'

real 3.93
user 0.00
sys 0.00
real 3.93
user 0.00
sys 0.00
summary 1 3.93 916.03053435114503816793 1581.26
rvms 2 cwnd 2 2
error: Requested operation is not valid: domain is already active as 'pm10-1'

real 4.04
user 0.00
sys 0.00
error: Requested operation is not valid: domain is already active as 'pm10-10'

real 4.05
user 0.00
sys 0.01
real 4.05
user 0.00
sys 0.02
summary 2 4.05 1777.77777777777777777777 1585.31
rvms 2 cwnd 2 2
error: Requested operation is not valid: domain is already active as 'pm10-1'

real 4.05
user 0.00
sys 0.00
error: Requested operation is not valid: domain is already active as 'pm10-10'

real 4.05
user 0.00
sys 0.00
real 4.06
user 0.01
sys 0.00
summary 2 4.06 1773.39901477832512315270 1589.37
rvms 2 cwnd 1 1
error: Requested operation is not valid: domain is already active as 'pm10-1'

real 3.94
user 0.00
sys 0.00
real 3.95
user 0.00
sys 0.00
summary 1 3.95 911.39240506329113924050 1593.32
rvms 2 cwnd 2 2
error: Requested operation is not valid: domain is already active as 'pm10-10'

real 4.05
user 0.00
sys 0.00
error: Requested operation is not valid: domain is already active as 'pm10-1'

real 4.05
user 0.00
sys 0.00
real 4.06
user 0.01
sys 0.01
summary 2 4.06 1773.39901477832512315270 1597.38
rvms 2 cwnd 2 2
error: Requested operation is not valid: domain is already active as 'pm10-1'

real 4.05
user 0.00
sys 0.00
error: Requested operation is not valid: domain is already active as 'pm10-10'

real 4.06
user 0.00
sys 0.00
real 4.06
user 0.01
sys 0.01
summary 2 4.06 1773.39901477832512315270 1601.44
rvms 2 cwnd 2 2
error: Requested operation is not valid: domain is already active as 'pm10-1'

real 4.05
user 0.00
sys 0.00
error: Requested operation is not valid: domain is already active as 'pm10-10'

real 4.07
user 0.00
sys 0.00
real 4.08
user 0.01
sys 0.00
summary 2 4.08 1764.70588235294117647058 1605.52
rvms 2 cwnd 1 1
error: Requested operation is not valid: domain is already active as 'pm10-1'

real 3.92
user 0.00
sys 0.00
real 3.93
user 0.00
sys 0.00
summary 1 3.93 916.03053435114503816793 1609.45
rvms 2 cwnd 2 2
error: Requested operation is not valid: domain is already active as 'pm10-10'

real 4.07
user 0.00
sys 0.00
error: Requested operation is not valid: domain is already active as 'pm10-1'

real 4.07
user 0.00
sys 0.00
real 4.08
user 0.01
sys 0.01
summary 2 4.08 1764.70588235294117647058 1613.53
rvms 2 cwnd 2 2
error: Requested operation is not valid: domain is already active as 'pm10-10'

real 4.05
user 0.00
sys 0.00
error: Requested operation is not valid: domain is already active as 'pm10-1'

real 4.05
user 0.00
sys 0.00
real 4.06
user 0.01
sys 0.01
summary 2 4.06 1773.39901477832512315270 1617.59
rvms 2 cwnd 2 2
error: Requested operation is not valid: domain is already active as 'pm10-10'
error: Requested operation is not valid: domain is already active as 'pm10-1'


real 3.81
user 0.00
sys 0.00
real 3.81
user 0.01
sys 0.00
real 3.82
user 0.02
sys 0.00
summary 2 3.82 1884.81675392670157068062 1621.41
rvms 2 cwnd 2 2
error: Requested operation is not valid: domain is already active as 'pm10-10'

real 4.05
user 0.00
sys 0.00
error: Requested operation is not valid: domain is already active as 'pm10-1'

real 4.06
user 0.00
sys 0.00
real 4.06
user 0.01
sys 0.00
summary 2 4.06 1773.39901477832512315270 1625.47
rvms 2 cwnd 1 1
error: Requested operation is not valid: domain is already active as 'pm10-1'

real 3.97
user 0.01
sys 0.00
real 3.97
user 0.01
sys 0.00
summary 1 3.97 906.80100755667506297229 1629.44
rvms 2 cwnd 2 2
error: Requested operation is not valid: domain is already active as 'pm10-10'
error: Requested operation is not valid: domain is already active as 'pm10-1'


real 4.06
user 0.00
sys 0.00
real 4.06
user 0.00
sys 0.00
real 4.06
user 0.01
sys 0.01
summary 2 4.06 1773.39901477832512315270 1633.50
rvms 2 cwnd 2 2
error: Requested operation is not valid: domain is already active as 'pm10-1'

real 4.06
user 0.00
sys 0.00
error: Requested operation is not valid: domain is already active as 'pm10-10'

real 4.06
user 0.00
sys 0.00
real 4.07
user 0.01
sys 0.00
summary 2 4.07 1769.04176904176904176904 1637.57
rvms 2 cwnd 1 1
error: Requested operation is not valid: domain is already active as 'pm10-1'

real 3.92
user 0.00
sys 0.00
real 3.93
user 0.00
sys 0.00
summary 1 3.93 916.03053435114503816793 1641.50
rvms 2 cwnd 2 2
error: Requested operation is not valid: domain is already active as 'pm10-1'

real 4.04
user 0.01
sys 0.00
error: Requested operation is not valid: domain is already active as 'pm10-10'

real 4.05
user 0.01
sys 0.00
real 4.05
user 0.02
sys 0.00
summary 2 4.05 1777.77777777777777777777 1645.55
rvms 2 cwnd 2 2
error: Requested operation is not valid: domain is already active as 'pm10-10'

real 4.05
user 0.00
sys 0.00
error: Requested operation is not valid: domain is already active as 'pm10-1'

real 4.05
user 0.00
sys 0.00
real 4.06
user 0.01
sys 0.01
summary 2 4.06 1773.39901477832512315270 1649.61
rvms 2 cwnd 1 1
error: Requested operation is not valid: domain is already active as 'pm10-1'

real 3.92
user 0.00
sys 0.00
real 3.93
user 0.00
sys 0.00
summary 1 3.93 916.03053435114503816793 1653.54
rvms 2 cwnd 2 2
error: Requested operation is not valid: domain is already active as 'pm10-10'

real 4.06
user 0.01
sys 0.00
error: Requested operation is not valid: domain is already active as 'pm10-1'

real 4.06
user 0.00
sys 0.00
real 4.06
user 0.02
sys 0.00
summary 2 4.06 1773.39901477832512315270 1657.60
rvms 2 cwnd 2 2

real 37.18
user 0.00
sys 0.00

real 47.23
user 0.00
sys 0.00
real 47.24
user 0.01
sys 0.01
summary 2 47.24 152.41320914479254868755 1704.84
total_summary 137 1704.84 289.29400999507285141127
real 1719.50
user 1.30
sys 1.12

Tue May  8 08:05:28 2012
----------------
