Log of time -p ./aimd 
Tue May 15 14:38:03 2012

rvms 40 cwnd 1 1

real 29.36
user 0.01
sys 0.00
real 29.40
user 0.02
sys 0.00
summary 1 29.40 122.44897959183673469387 29.40
rvms 39 cwnd 2 2

real 36.83
user 0.00
sys 0.01

real 40.28
user 0.01
sys 0.00
real 40.32
user 0.02
sys 0.01
summary 2 40.32 178.57142857142857142857 69.72
rvms 37 cwnd 4 4

real 62.12
user 0.01
sys 0.00

real 64.12
user 0.01
sys 0.00

real 74.97
user 0.00
sys 0.00

real 79.73
user 0.01
sys 0.00
real 79.77
user 0.04
sys 0.02
summary 4 79.77 180.51899210229409552463 149.49
rvms 33 cwnd 8 8

real 69.46
user 0.00
sys 0.00

real 84.05
user 0.00
sys 0.00

real 109.09
user 0.00
sys 0.00

real 110.66
user 0.00
sys 0.00

real 113.03
user 0.00
sys 0.00

real 115.61
user 0.01
sys 0.00

real 125.60
user 0.01
sys 0.00

real 134.06
user 0.00
sys 0.01
real 134.09
user 0.06
sys 0.06
summary 8 134.09 214.78111716011633977179 283.58
rvms 25 cwnd 9 9

real 89.28
user 0.00
sys 0.01

real 96.00
user 0.01
sys 0.00

real 99.25
user 0.00
sys 0.00

real 106.27
user 0.00
sys 0.01

real 117.00
user 0.00
sys 0.01

real 129.91
user 0.00
sys 0.00

real 138.43
user 0.00
sys 0.00

real 147.24
user 0.00
sys 0.01

real 147.94
user 0.00
sys 0.00
real 147.97
user 0.05
sys 0.07
summary 9 147.97 218.96330337230519699939 431.55
rvms 16 cwnd 10 10

real 85.97
user 0.00
sys 0.01

real 86.29
user 0.00
sys 0.01

real 115.32
user 0.00
sys 0.01

real 115.92
user 0.00
sys 0.00

real 126.50
user 0.01
sys 0.00

real 128.68
user 0.01
sys 0.00

real 146.98
user 0.01
sys 0.00

real 151.02
user 0.00
sys 0.00

real 157.35
user 0.00
sys 0.00

real 163.56
user 0.00
sys 0.00
real 163.57
user 0.08
sys 0.07
summary 10 163.57 220.08925842147092987711 595.12
rvms 6 cwnd 6 6

real 84.64
user 0.00
sys 0.00

real 97.01
user 0.00
sys 0.00

real 98.33
user 0.00
sys 0.00

real 99.45
user 0.00
sys 0.00

real 102.30
user 0.00
sys 0.00

real 112.83
user 0.00
sys 0.01
real 112.84
user 0.03
sys 0.04
summary 6 112.84 191.42148174406238922367 707.96
total_summary #40 707.96 203.40132210859370585908
real 708.54
user 0.36
sys 0.31

Tue May 15 14:49:51 2012
----------------
