Log of time -p ./aimd 
Tue May 15 15:55:55 2012

rvms 40 cwnd 1 1

real 29.65
user 0.00
sys 0.00
real 29.70
user 0.02
sys 0.00
summary 1 29.70 121.21212121212121212121 29.70
rvms 39 cwnd 2 2

real 38.75
user 0.00
sys 0.00

real 43.03
user 0.00
sys 0.01
real 43.07
user 0.01
sys 0.02
summary 2 43.07 167.16972370559554214070 72.77
rvms 37 cwnd 4 4

real 68.93
user 0.01
sys 0.00

real 70.29
user 0.01
sys 0.00

real 75.25
user 0.00
sys 0.00

real 88.71
user 0.01
sys 0.00
real 88.73
user 0.05
sys 0.01
summary 4 88.73 162.29009354220669446635 161.50
rvms 33 cwnd 2 2

real 38.35
user 0.01
sys 0.00

real 40.13
user 0.00
sys 0.00
real 40.16
user 0.02
sys 0.01
summary 2 40.16 179.28286852589641434262 201.66
rvms 31 cwnd 3 3

real 47.32
user 0.00
sys 0.01

real 52.82
user 0.00
sys 0.01

real 53.92
user 0.00
sys 0.00
real 53.96
user 0.02
sys 0.03
summary 3 53.96 200.14825796886582653817 255.62
rvms 28 cwnd 4 4

real 67.23
user 0.00
sys 0.01

real 68.47
user 0.00
sys 0.00

real 73.42
user 0.01
sys 0.00

real 73.72
user 0.01
sys 0.00
real 73.75
user 0.04
sys 0.02
summary 4 73.75 195.25423728813559322033 329.37
rvms 24 cwnd 2 2

real 37.67
user 0.01
sys 0.00

real 40.12
user 0.00
sys 0.00
real 40.14
user 0.02
sys 0.01
summary 2 40.14 179.37219730941704035874 369.51
rvms 22 cwnd 3 3

real 48.20
user 0.00
sys 0.01

real 48.42
user 0.00
sys 0.00

real 55.35
user 0.00
sys 0.00
real 55.37
user 0.01
sys 0.03
summary 3 55.37 195.05147191620010836192 424.88
rvms 19 cwnd 4 4

real 63.37
user 0.00
sys 0.00

real 67.54
user 0.00
sys 0.00

real 72.69
user 0.00
sys 0.00

real 83.80
user 0.01
sys 0.00
real 83.82
user 0.03
sys 0.02
summary 4 83.82 171.79670722977809591982 508.70
rvms 15 cwnd 2 2

real 40.27
user 0.01
sys 0.00

real 40.45
user 0.00
sys 0.00
real 40.47
user 0.02
sys 0.00
summary 2 40.47 177.90956263899184581171 549.17
rvms 13 cwnd 3 3

real 49.03
user 0.01
sys 0.00

real 52.54
user 0.00
sys 0.00

real 54.23
user 0.01
sys 0.00
real 54.25
user 0.04
sys 0.00
summary 3 54.25 199.07834101382488479262 603.42
rvms 10 cwnd 4 4

real 67.39
user 0.00
sys 0.00

real 69.91
user 0.00
sys 0.01

real 112.18
user 0.00
sys 0.00

real 113.12
user 0.00
sys 0.01
real 113.14
user 0.01
sys 0.04
summary 4 113.14 127.27594131164928407283 716.56
rvms 6 cwnd 2 2

real 35.86
user 0.01
sys 0.00

real 40.92
user 0.00
sys 0.00
real 40.93
user 0.02
sys 0.00
summary 2 40.93 175.91009039824089909601 757.49
rvms 4 cwnd 3 3

real 55.81
user 0.01
sys 0.00

real 63.05
user 0.00
sys 0.00

real 64.47
user 0.01
sys 0.00
real 64.48
user 0.03
sys 0.00
summary 3 64.48 167.49379652605459057071 821.97
rvms 1 cwnd 1 1

real 29.30
user 0.00
sys 0.00
real 29.30
user 0.00
sys 0.00
summary 1 29.30 122.86689419795221843003 851.27
total_summary #40 851.27 169.15902122710773315164
real 852.11
user 0.44
sys 0.30

Tue May 15 16:10:07 2012
----------------
