Log of time -p ./aimd 
Fri May 18 06:02:41 2012

rvms 40 cwnd 1 1

real 28.90
user 0.00
sys 0.00
real 28.94
user 0.01
sys 0.01
summary 1 28.94 124.39530062197650310988 28.94
rvms 39 cwnd 2 2

real 44.71
user 0.01
sys 0.00

real 49.04
user 0.01
sys 0.00
real 49.08
user 0.02
sys 0.01
summary 2 49.08 146.69926650366748166259 78.02
rvms 38 cwnd 4 4

real 64.01
user 0.00
sys 0.00

real 68.92
user 0.01
sys 0.00

real 77.95
user 0.01
sys 0.00

real 78.36
user 0.00
sys 0.01
real 78.39
user 0.03
sys 0.02
summary 4 78.39 183.69690011481056257175 156.41
rvms 35 cwnd 5 5

real 65.61
user 0.00
sys 0.00

real 72.55
user 0.00
sys 0.01

real 84.21
user 0.00
sys 0.01

real 102.47
user 0.00
sys 0.00

real 102.70
user 0.00
sys 0.00
real 102.74
user 0.02
sys 0.05
summary 5 102.74 175.19953280124586334436 259.15
rvms 32 cwnd 2 2

real 48.21
user 0.01
sys 0.00

real 50.19
user 0.01
sys 0.00
real 62.58
user 0.02
sys 0.01
summary 2 62.58 115.05273250239693192713 321.73
rvms 31 cwnd 3 3

real 65.27
user 0.01
sys 0.00

real 73.39
user 0.00
sys 0.01

real 73.39
user 0.00
sys 0.00
real 75.12
user 0.02
sys 0.02
summary 3 75.12 143.76996805111821086261 396.85
rvms 29 cwnd 4 4

real 58.58
user 0.00
sys 0.00

real 73.54
user 0.00
sys 0.01

real 76.01
user 0.00
sys 0.00

real 76.77
user 0.00
sys 0.00
real 77.14
user 0.03
sys 0.03
summary 4 77.14 186.67358050298159191081 473.99
rvms 26 cwnd 5 5

real 101.05
user 0.00
sys 0.00

real 103.75
user 0.00
sys 0.01

real 121.54
user 0.00
sys 0.01

real 129.25
user 0.01
sys 0.00

real 136.38
user 0.01
sys 0.00
real 136.76
user 0.04
sys 0.04
summary 5 136.76 131.61743199766013454226 610.75
rvms 22 cwnd 2 2

real 67.45
user 0.00
sys 0.00

real 67.72
user 0.01
sys 0.00
real 68.26
user 0.01
sys 0.01
summary 2 68.26 105.47905068854380310577 679.01
rvms 21 cwnd 3 3

real 94.49
user 0.01
sys 0.00

real 98.97
user 0.00
sys 0.00

real 99.78
user 0.01
sys 0.00
real 99.81
user 0.03
sys 0.01
summary 3 99.81 108.20559062218214607754 778.82
rvms 19 cwnd 4 4

real 122.79
user 0.01
sys 0.00

real 124.04
user 0.00
sys 0.00

real 128.76
user 0.00
sys 0.00

real 136.90
user 0.01
sys 0.00
real 137.28
user 0.04
sys 0.02
summary 4 137.28 104.89510489510489510489 916.10
rvms 17 cwnd 2 2

real 36.78
user 0.01
sys 0.00

real 53.46
user 0.01
sys 0.00
real 56.83
user 0.02
sys 0.01
summary 2 56.83 126.69364772127397501319 972.93
rvms 16 cwnd 3 3

real 100.01
user 0.00
sys 0.00

real 100.38
user 0.00
sys 0.00

real 100.38
user 0.00
sys 0.00
real 107.55
user 0.02
sys 0.02
summary 3 107.55 100.41841004184100418410 1080.48
rvms 14 cwnd 1 1

real 34.08
user 0.00
sys 0.00
real 34.37
user 0.00
sys 0.01
summary 1 34.37 104.74250800116380564445 1114.85
rvms 13 cwnd 2 2

real 42.79
user 0.00
sys 0.00

real 45.43
user 0.01
sys 0.00
real 45.80
user 0.02
sys 0.01
summary 2 45.80 157.20524017467248908296 1160.65
rvms 12 cwnd 3 3

real 38.25
user 0.00
sys 0.00

real 62.46
user 0.00
sys 0.00

real 75.10
user 0.00
sys 0.01
real 75.44
user 0.02
sys 0.02
summary 3 75.44 143.16012725344644750795 1236.09
rvms 10 cwnd 1 1

real 76.34
user 0.00
sys 0.00
real 77.34
user 0.00
sys 0.00
summary 1 77.34 46.54771140418929402637 1313.43
rvms 10 cwnd 2 2

real 44.95
user 0.00
sys 0.00

real 48.67
user 0.00
sys 0.00
real 48.85
user 0.01
sys 0.01
summary 2 48.85 147.38996929375639713408 1362.28
rvms 9 cwnd 3 3

real 78.45
user 0.00
sys 0.00

real 79.37
user 0.00
sys 0.01

real 80.87
user 0.00
sys 0.00
real 81.59
user 0.02
sys 0.02
summary 3 81.59 132.36916288760877558524 1443.87
rvms 7 cwnd 1 1

real 63.74
user 0.00
sys 0.00
real 63.96
user 0.00
sys 0.00
summary 1 63.96 56.28517823639774859287 1507.83
rvms 7 cwnd 2 2

real 42.72
user 0.00
sys 0.00

real 44.08
user 0.00
sys 0.00
real 59.03
user 0.01
sys 0.01
summary 2 59.03 121.97187870574284262239 1566.86
rvms 5 cwnd 3 3

real 59.11
user 0.00
sys 0.00

real 59.48
user 0.00
sys 0.01

real 60.83
user 0.01
sys 0.00
real 60.84
user 0.02
sys 0.02
summary 3 60.84 177.51479289940828402366 1627.70
rvms 2 cwnd 2 2

real 52.83
user 0.00
sys 0.00

real 53.82
user 0.00
sys 0.00
real 53.83
user 0.01
sys 0.00
summary 2 53.83 133.75441203789708341073 1681.53
total_summary #60 1681.53 128.45444327487466771333
real 1767.74
user 0.62
sys 0.52

Fri May 18 06:32:08 2012
----------------
