Log of time -p ./ca 
Tue May 15 09:51:15 2012

rvms 40 cwnd 8 8

real 82.02
user 0.00
sys 0.01

real 104.66
user 0.00
sys 0.00

real 109.95
user 0.01
sys 0.00

real 122.10
user 0.00
sys 0.00

real 124.56
user 0.00
sys 0.00

real 129.65
user 0.00
sys 0.01

real 135.47
user 0.01
sys 0.00

real 137.95
user 0.00
sys 0.00
real 138.00
user 0.06
sys 0.07
summary 8 138.00 208.69565217391304347826 138.00
rvms 32 cwnd 9 9

real 77.58
user 0.00
sys 0.00

real 96.92
user 0.00
sys 0.01

real 99.62
user 0.00
sys 0.01

real 118.97
user 0.01
sys 0.00

real 128.66
user 0.00
sys 0.01

real 132.17
user 0.01
sys 0.00

real 136.81
user 0.01
sys 0.00

real 141.01
user 0.01
sys 0.00

real 158.62
user 0.01
sys 0.00
real 158.66
user 0.08
sys 0.05
summary 9 158.66 204.21026093533341737047 296.66
rvms 23 cwnd 4 4

real 73.72
user 0.01
sys 0.00

real 76.45
user 0.01
sys 0.00

real 77.56
user 0.00
sys 0.00

real 83.15
user 0.00
sys 0.00
real 83.17
user 0.04
sys 0.02
summary 4 83.17 173.13935313213899242515 379.83
rvms 19 cwnd 5 5

real 70.03
user 0.00
sys 0.00

real 76.15
user 0.00
sys 0.00

real 83.93
user 0.00
sys 0.01

real 84.08
user 0.00
sys 0.00

real 114.91
user 0.00
sys 0.01
real 114.93
user 0.02
sys 0.05
summary 5 114.93 156.61707126076742364917 494.76
rvms 14 cwnd 2 2

real 38.65
user 0.00
sys 0.00

real 40.78
user 0.00
sys 0.00
real 40.79
user 0.01
sys 0.01
summary 2 40.79 176.51385143417504290267 535.55
rvms 12 cwnd 3 3

real 49.17
user 0.00
sys 0.00

real 50.35
user 0.00
sys 0.00

real 54.07
user 0.00
sys 0.00
real 54.08
user 0.02
sys 0.02
summary 3 54.08 199.70414201183431952662 589.63
rvms 9 cwnd 4 4

real 57.07
user 0.01
sys 0.00

real 68.72
user 0.00
sys 0.00

real 68.91
user 0.00
sys 0.00

real 76.15
user 0.00
sys 0.00
real 76.16
user 0.02
sys 0.02
summary 4 76.16 189.07563025210084033613 665.79
rvms 5 cwnd 2 2

real 39.91
user 0.00
sys 0.00

real 46.03
user 0.00
sys 0.00
real 46.04
user 0.01
sys 0.01
summary 2 46.04 156.38575152041702867072 711.83
rvms 3 cwnd 3 3

real 42.28
user 0.01
sys 0.00

real 46.22
user 0.00
sys 0.00

real 54.47
user 0.01
sys 0.00
real 54.48
user 0.02
sys 0.01
summary 3 54.48 198.23788546255506607929 766.31
total_summary #40 766.31 187.91350758831282379193
real 766.92
user 0.36
sys 0.30

Tue May 15 10:04:02 2012
----------------
