Log of time -p ./ca 
Sat May 12 16:13:06 2012

rvms 40 cwnd 8 8

real 52.43
user 0.00
sys 0.01

real 55.64
user 0.00
sys 0.00

real 56.50
user 0.00
sys 0.00

real 58.23
user 0.01
sys 0.00

real 63.65
user 0.00
sys 0.00

real 68.54
user 0.00
sys 0.01

real 69.79
user 0.01
sys 0.00

real 72.16
user 0.01
sys 0.00
real 72.21
user 0.07
sys 0.05
summary 8 72.21 398.83672621520565018695 72.21
rvms 32 cwnd 9 9

real 52.82
user 0.00
sys 0.01

real 55.69
user 0.00
sys 0.01

real 58.04
user 0.00
sys 0.01

real 58.21
user 0.01
sys 0.00

real 60.54
user 0.00
sys 0.01

real 67.45
user 0.00
sys 0.00

real 67.59
user 0.00
sys 0.01

real 70.09
user 0.00
sys 0.00

real 72.02
user 0.00
sys 0.00
real 72.06
user 0.06
sys 0.08
summary 9 72.06 449.62531223980016652789 144.27
rvms 23 cwnd 10 10

real 57.47
user 0.01
sys 0.00

real 61.25
user 0.01
sys 0.00

real 67.15
user 0.00
sys 0.00

real 72.88
user 0.01
sys 0.00

real 72.96
user 0.00
sys 0.00

real 72.98
user 0.00
sys 0.00

real 73.87
user 0.01
sys 0.00

real 76.59
user 0.01
sys 0.00

real 77.66
user 0.00
sys 0.00

real 78.10
user 0.01
sys 0.00
real 78.12
user 0.11
sys 0.04
summary 10 78.12 460.82949308755760368663 222.39
rvms 13 cwnd 11 11

real 66.06
user 0.01
sys 0.00

real 67.08
user 0.00
sys 0.01

real 68.43
user 0.01
sys 0.00

real 71.45
user 0.00
sys 0.01

real 74.43
user 0.00
sys 0.00

real 76.42
user 0.01
sys 0.00

real 80.36
user 0.01
sys 0.00

real 87.47
user 0.01
sys 0.00

real 88.42
user 0.00
sys 0.00

real 89.64
user 0.00
sys 0.00

real 90.78
user 0.00
sys 0.00
real 90.79
user 0.10
sys 0.06
summary 11 90.79 436.17138451371296398281 313.18
rvms 2 cwnd 2 2

real 31.22
user 0.00
sys 0.00

real 31.45
user 0.01
sys 0.00
real 31.46
user 0.02
sys 0.00
summary 2 31.46 228.86204704386522568340 344.64
total_summary #40 344.64 417.82729805013927576601
real 345.12
user 0.38
sys 0.28

Sat May 12 16:18:52 2012
----------------
