Log of time -p ./none 10 
Wed May 16 11:26:42 2012

rvms 40 nvms 10 10

real 117.29
user 0.00
sys 0.00

real 124.08
user 0.00
sys 0.01

real 134.08
user 0.00
sys 0.00

real 145.86
user 0.00
sys 0.00

real 148.42
user 0.00
sys 0.00

real 157.82
user 0.00
sys 0.00

real 164.64
user 0.00
sys 0.00

real 171.08
user 0.00
sys 0.00

real 171.77
user 0.00
sys 0.00

real 187.11
user 0.00
sys 0.00
real 187.15
user 0.06
sys 0.08
summary 10 187.15 192.35907026449372161367 187.15
rvms 30 nvms 10 10

real 103.87
user 0.00
sys 0.00

real 109.70
user 0.01
sys 0.00

real 118.81
user 0.00
sys 0.00

real 125.36
user 0.00
sys 0.01

real 157.69
user 0.00
sys 0.01

real 158.62
user 0.00
sys 0.01

real 159.10
user 0.00
sys 0.00

real 161.03
user 0.00
sys 0.00

real 164.19
user 0.00
sys 0.00

real 166.34
user 0.01
sys 0.00
real 166.39
user 0.07
sys 0.09
summary 10 166.39 216.35915619929082276579 353.54
rvms 20 nvms 10 10

real 95.89
user 0.01
sys 0.00

real 98.65
user 0.00
sys 0.00

real 110.32
user 0.00
sys 0.00

real 152.86
user 0.00
sys 0.01

real 152.98
user 0.00
sys 0.00

real 157.20
user 0.01
sys 0.00

real 161.03
user 0.00
sys 0.00

real 172.25
user 0.00
sys 0.01

real 177.23
user 0.00
sys 0.00

real 188.82
user 0.00
sys 0.00
real 188.84
user 0.07
sys 0.07
summary 10 188.84 190.63757678457953823342 542.38
rvms 10 nvms 10 10

real 81.45
user 0.00
sys 0.00

real 81.66
user 0.00
sys 0.00

real 115.88
user 0.01
sys 0.00

real 116.60
user 0.01
sys 0.00

real 121.88
user 0.00
sys 0.00

real 133.41
user 0.00
sys 0.00

real 138.77
user 0.00
sys 0.01

real 149.13
user 0.00
sys 0.01

real 152.96
user 0.00
sys 0.00

real 161.43
user 0.00
sys 0.00
real 161.44
user 0.06
sys 0.07
summary 10 161.44 222.99306243805748265609 703.82
total_summary #40 703.82 204.59776647438265465602
real 704.28
user 0.30
sys 0.33

Wed May 16 11:38:26 2012
----------------
