Log of time -p ./none 10 
Wed May 16 10:09:10 2012

rvms 40 nvms 10 10

real 95.50
user 0.01
sys 0.00

real 101.29
user 0.00
sys 0.00

real 133.99
user 0.00
sys 0.01

real 142.38
user 0.00
sys 0.00

real 143.23
user 0.00
sys 0.01

real 145.79
user 0.00
sys 0.00

real 161.22
user 0.00
sys 0.00

real 164.29
user 0.00
sys 0.00

real 175.11
user 0.01
sys 0.00

real 179.92
user 0.00
sys 0.01
real 179.97
user 0.08
sys 0.08
summary 10 179.97 200.03333888981496916152 179.97
rvms 30 nvms 10 10

real 73.09
user 0.00
sys 0.00

real 136.72
user 0.00
sys 0.00

real 154.83
user 0.00
sys 0.00

real 161.47
user 0.00
sys 0.00

real 169.12
user 0.00
sys 0.01

real 169.84
user 0.00
sys 0.00

real 171.52
user 0.00
sys 0.00

real 171.74
user 0.00
sys 0.01

real 175.89
user 0.01
sys 0.00

real 197.74
user 0.01
sys 0.00
real 197.78
user 0.08
sys 0.07
summary 10 197.78 182.02042673677823844675 377.75
rvms 20 nvms 10 10

real 91.35
user 0.01
sys 0.00

real 133.24
user 0.00
sys 0.00

real 149.59
user 0.00
sys 0.01

real 149.62
user 0.00
sys 0.00

real 154.61
user 0.01
sys 0.00

real 157.98
user 0.01
sys 0.00

real 160.38
user 0.00
sys 0.00

real 173.20
user 0.00
sys 0.00

real 178.70
user 0.00
sys 0.00

real 186.30
user 0.00
sys 0.00
real 186.33
user 0.08
sys 0.06
summary 10 186.33 193.20560296248591209145 564.08
rvms 10 nvms 10 10

real 107.18
user 0.00
sys 0.00

real 134.29
user 0.01
sys 0.00

real 139.50
user 0.00
sys 0.00

real 143.11
user 0.00
sys 0.01

real 147.86
user 0.00
sys 0.00

real 156.63
user 0.00
sys 0.01

real 162.79
user 0.01
sys 0.00

real 168.18
user 0.00
sys 0.00

real 171.15
user 0.00
sys 0.00

real 172.10
user 0.00
sys 0.01
real 172.11
user 0.06
sys 0.07
summary 10 172.11 209.16855499389925047934 736.19
total_summary #40 736.19 195.60167891441068202502
real 736.60
user 0.32
sys 0.30

Wed May 16 10:21:26 2012
----------------
