Log of time -p ./none 2 
Fri May 18 02:39:45 2012

rvms 40 nvms 2 2


real 48.84
user 0.00
sys 0.00
real 48.84
user 0.00
sys 0.01
real 48.88
user 0.01
sys 0.02
summary 2 48.88 147.29950900163666121112 48.88
rvms 39 nvms 2 2

real 49.64
user 0.00
sys 0.01

real 49.87
user 0.01
sys 0.00
real 49.91
user 0.02
sys 0.02
summary 2 49.91 144.25966740132238028451 98.79
rvms 38 nvms 2 2

real 50.17
user 0.01
sys 0.00

real 50.35
user 0.01
sys 0.00
real 50.39
user 0.03
sys 0.00
summary 2 50.39 142.88549315340345306608 149.18
rvms 37 nvms 2 2


real 50.37
user 0.01
sys 0.00
real 50.37
user 0.00
sys 0.00
real 50.41
user 0.02
sys 0.00
summary 2 50.41 142.82880380876810156714 199.59
rvms 36 nvms 2 2

real 47.08
user 0.00
sys 0.00

real 49.59
user 0.00
sys 0.01
real 49.62
user 0.01
sys 0.02
summary 2 49.62 145.10278113663845223700 249.21
rvms 35 nvms 2 2

real 48.67
user 0.00
sys 0.01

real 49.60
user 0.01
sys 0.00
real 49.64
user 0.02
sys 0.01
summary 2 49.64 145.04431909750201450443 298.85
rvms 34 nvms 2 2

real 40.30
user 0.00
sys 0.00

real 61.29
user 0.00
sys 0.01
real 61.32
user 0.01
sys 0.02
summary 2 61.32 117.41682974559686888454 360.17
rvms 33 nvms 2 2

real 66.85
user 0.01
sys 0.00

real 67.03
user 0.00
sys 0.00
real 67.06
user 0.01
sys 0.02
summary 2 67.06 107.36653742916790933492 427.23
rvms 32 nvms 2 2

real 47.00
user 0.00
sys 0.01

real 49.54
user 0.00
sys 0.00
real 49.56
user 0.01
sys 0.02
summary 2 49.56 145.27845036319612590799 476.79
rvms 31 nvms 2 2

real 49.32
user 0.00
sys 0.01

real 51.05
user 0.00
sys 0.01
real 51.08
user 0.00
sys 0.03
summary 2 51.08 140.95536413469068128425 527.87
rvms 30 nvms 2 2

real 52.82
user 0.01
sys 0.00

real 54.16
user 0.01
sys 0.00
real 54.19
user 0.03
sys 0.00
summary 2 54.19 132.86584240634803469274 582.06
rvms 29 nvms 2 2

real 48.22
user 0.01
sys 0.00

real 51.38
user 0.00
sys 0.00
real 51.40
user 0.02
sys 0.02
summary 2 51.40 140.07782101167315175097 633.46
rvms 28 nvms 2 2

real 50.79
user 0.00
sys 0.01

real 53.74
user 0.00
sys 0.01
real 55.97
user 0.01
sys 0.02
summary 2 55.97 128.64034304091477577273 689.43
rvms 27 nvms 2 2

real 52.39
user 0.01
sys 0.00

real 54.21
user 0.00
sys 0.00
real 54.23
user 0.02
sys 0.01
summary 2 54.23 132.76784067859118569057 743.66
rvms 26 nvms 2 2

real 51.82
user 0.00
sys 0.00

real 54.18
user 0.00
sys 0.00
real 54.21
user 0.02
sys 0.01
summary 2 54.21 132.81682346430547869396 797.87
rvms 25 nvms 2 2

real 41.49
user 0.01
sys 0.00

real 64.62
user 0.01
sys 0.00
real 64.64
user 0.02
sys 0.01
summary 2 64.64 111.38613861386138613861 862.51
rvms 24 nvms 2 2

real 42.66
user 0.00
sys 0.01

real 50.11
user 0.00
sys 0.00
real 50.14
user 0.02
sys 0.02
summary 2 50.14 143.59792580773833266852 912.65
rvms 23 nvms 2 2

real 51.71
user 0.00
sys 0.00

real 51.94
user 0.00
sys 0.00
real 51.96
user 0.02
sys 0.01
summary 2 51.96 138.56812933025404157043 964.61
rvms 22 nvms 2 2

real 72.34
user 0.00
sys 0.01

real 85.91
user 0.00
sys 0.01
real 85.95
user 0.01
sys 0.02
summary 2 85.95 83.76963350785340314136 1050.56
rvms 21 nvms 2 2

real 41.22
user 0.00
sys 0.00

real 58.11
user 0.00
sys 0.01
real 59.96
user 0.01
sys 0.02
summary 2 59.96 120.08005336891260840560 1110.52
rvms 20 nvms 2 2

real 52.75
user 0.01
sys 0.00

real 53.38
user 0.01
sys 0.00
real 53.40
user 0.02
sys 0.00
summary 2 53.40 134.83146067415730337078 1163.92
rvms 18 nvms 2 2

real 58.81
user 0.01
sys 0.00

real 68.90
user 0.00
sys 0.01
real 68.92
user 0.02
sys 0.01
summary 2 68.92 104.46894950667440510737 1232.84
rvms 16 nvms 2 2

real 57.84
user 0.01
sys 0.00

real 60.59
user 0.01
sys 0.00
real 60.61
user 0.02
sys 0.01
summary 2 60.61 118.79227850189737667051 1293.45
rvms 14 nvms 2 2

real 63.45
user 0.00
sys 0.00

real 96.67
user 0.01
sys 0.00
real 96.69
user 0.02
sys 0.00
summary 2 96.69 74.46478436239528389699 1390.14
rvms 12 nvms 2 2

real 44.55
user 0.00
sys 0.00

real 74.28
user 0.00
sys 0.00
real 74.30
user 0.02
sys 0.01
summary 2 74.30 96.90444145356662180349 1464.44
rvms 10 nvms 2 2

real 46.61
user 0.01
sys 0.00

real 61.30
user 0.00
sys 0.00
real 61.32
user 0.02
sys 0.01
summary 2 61.32 117.41682974559686888454 1525.76
rvms 8 nvms 2 2

real 56.51
user 0.00
sys 0.00

real 80.56
user 0.00
sys 0.01
real 80.57
user 0.00
sys 0.02
summary 2 80.57 89.36328658309544495469 1606.33
rvms 6 nvms 2 2

real 52.03
user 0.00
sys 0.00

real 57.48
user 0.00
sys 0.00
real 57.49
user 0.01
sys 0.01
summary 2 57.49 125.23917202991824665159 1663.82
rvms 4 nvms 2 2

real 42.78
user 0.01
sys 0.00

real 48.33
user 0.01
sys 0.00
real 48.34
user 0.02
sys 0.00
summary 2 48.34 148.94497310715763342987 1712.16
rvms 2 nvms 2 2

real 39.15
user 0.00
sys 0.00

real 60.01
user 0.00
sys 0.00
real 60.02
user 0.00
sys 0.01
summary 2 60.02 119.96001332889036987670 1772.18
total_summary #40 1772.18 81.25585437145210983082
real 1781.54
user 0.66
sys 0.62

Fri May 18 03:09:27 2012
----------------
