Log of time -p ./none 2 
Fri May 18 00:12:35 2012

rvms 40 nvms 2 2

real 32.89
user 0.00
sys 0.00

real 48.70
user 0.00
sys 0.00
real 48.73
user 0.02
sys 0.01
summary 2 48.73 147.75292427662630822901 48.73
rvms 38 nvms 2 2

real 37.79
user 0.01
sys 0.00

real 46.22
user 0.00
sys 0.01
real 46.25
user 0.02
sys 0.01
summary 2 46.25 155.67567567567567567567 94.98
rvms 36 nvms 2 2

real 40.08
user 0.00
sys 0.00

real 40.26
user 0.00
sys 0.01
real 40.29
user 0.02
sys 0.02
summary 2 40.29 178.70439314966492926284 135.27
rvms 34 nvms 2 2

real 48.70
user 0.00
sys 0.01

real 50.71
user 0.00
sys 0.01
real 50.75
user 0.01
sys 0.02
summary 2 50.75 141.87192118226600985221 186.02
rvms 32 nvms 2 2

real 39.73
user 0.00
sys 0.00

real 40.36
user 0.01
sys 0.00
real 40.39
user 0.02
sys 0.01
summary 2 40.39 178.26194602624411983164 226.41
rvms 30 nvms 2 2

real 40.24
user 0.01
sys 0.00

real 40.60
user 0.00
sys 0.00
real 40.63
user 0.03
sys 0.00
summary 2 40.63 177.20895889736647797194 267.04
rvms 28 nvms 2 2

real 36.95
user 0.01
sys 0.00

real 40.04
user 0.00
sys 0.01
real 40.07
user 0.02
sys 0.01
summary 2 40.07 179.68555028699775393062 307.11
rvms 26 nvms 2 2

real 29.20
user 0.00
sys 0.01

real 60.93
user 0.01
sys 0.00
real 60.95
user 0.01
sys 0.02
summary 2 60.95 118.12961443806398687448 368.06
rvms 24 nvms 2 2

real 40.65
user 0.00
sys 0.00

real 40.88
user 0.01
sys 0.00
real 40.90
user 0.02
sys 0.00
summary 2 40.90 176.03911980440097799511 408.96
rvms 22 nvms 2 2

real 39.68
user 0.00
sys 0.00

real 40.52
user 0.00
sys 0.00
real 40.54
user 0.02
sys 0.02
summary 2 40.54 177.60236803157375431672 449.50
rvms 20 nvms 2 2

real 38.65
user 0.00
sys 0.00

real 40.87
user 0.00
sys 0.00
real 40.89
user 0.01
sys 0.01
summary 2 40.89 176.08217168011738811445 490.39
rvms 18 nvms 2 2

real 32.17
user 0.01
sys 0.00

real 46.88
user 0.00
sys 0.00
real 46.90
user 0.02
sys 0.01
summary 2 46.90 153.51812366737739872068 537.29
rvms 16 nvms 2 2

real 37.22
user 0.00
sys 0.01

real 40.26
user 0.01
sys 0.00
real 40.27
user 0.01
sys 0.01
summary 2 40.27 178.79314626272659548050 577.56
rvms 14 nvms 2 2

real 38.11
user 0.00
sys 0.00

real 40.35
user 0.00
sys 0.00
real 40.37
user 0.02
sys 0.00
summary 2 40.37 178.35026009412930393856 617.93
rvms 12 nvms 2 2

real 46.92
user 0.00
sys 0.00

real 56.79
user 0.00
sys 0.00
real 56.81
user 0.01
sys 0.01
summary 2 56.81 126.73825030804435838760 674.74
rvms 10 nvms 2 2

real 38.48
user 0.00
sys 0.00

real 40.33
user 0.01
sys 0.00
real 40.34
user 0.02
sys 0.00
summary 2 40.34 178.48289538919186911254 715.08
rvms 8 nvms 2 2

real 35.24
user 0.00
sys 0.00

real 40.67
user 0.00
sys 0.00
real 40.69
user 0.02
sys 0.00
summary 2 40.69 176.94765298599164413860 755.77
rvms 6 nvms 2 2

real 32.10
user 0.00
sys 0.00

real 44.72
user 0.00
sys 0.00
real 44.73
user 0.01
sys 0.01
summary 2 44.73 160.96579476861167002012 800.50
rvms 4 nvms 2 2

real 38.29
user 0.00
sys 0.00

real 40.74
user 0.00
sys 0.00
real 40.75
user 0.01
sys 0.01
summary 2 40.75 176.68711656441717791411 841.25
rvms 2 nvms 2 2

real 49.57
user 0.00
sys 0.00

real 55.03
user 0.00
sys 0.00
real 55.04
user 0.01
sys 0.01
summary 2 55.04 130.81395348837209302325 896.29
total_summary #40 896.29 160.66228564415535150453
real 896.99
user 0.46
sys 0.34

Fri May 18 00:27:32 2012
----------------
