Log of time -p ./none 6 
Tue May 15 23:41:19 2012

rvms 40 nvms 6 6

real 74.58
user 0.00
sys 0.00

real 85.18
user 0.00
sys 0.01

real 94.03
user 0.00
sys 0.00

real 97.65
user 0.00
sys 0.00

real 102.03
user 0.00
sys 0.01

real 128.54
user 0.00
sys 0.01
real 128.59
user 0.03
sys 0.05
summary 6 128.59 167.97573683801228711408 128.59
rvms 34 nvms 6 6

real 71.11
user 0.00
sys 0.01

real 74.12
user 0.00
sys 0.00

real 93.69
user 0.00
sys 0.01

real 94.60
user 0.01
sys 0.00

real 95.45
user 0.00
sys 0.01

real 103.31
user 0.00
sys 0.01
real 103.36
user 0.04
sys 0.06
summary 6 103.36 208.97832817337461300309 231.95
rvms 28 nvms 6 6

real 77.11
user 0.00
sys 0.01

real 79.65
user 0.00
sys 0.01

real 84.45
user 0.00
sys 0.00

real 92.17
user 0.00
sys 0.00

real 95.13
user 0.01
sys 0.00

real 102.13
user 0.00
sys 0.00
real 102.16
user 0.04
sys 0.05
summary 6 102.16 211.43304620203602192638 334.11
rvms 22 nvms 6 6

real 70.30
user 0.00
sys 0.00

real 73.96
user 0.00
sys 0.00

real 77.77
user 0.00
sys 0.00

real 97.38
user 0.00
sys 0.00

real 101.60
user 0.01
sys 0.00

real 104.53
user 0.01
sys 0.00
real 104.55
user 0.06
sys 0.02
summary 6 104.55 206.59971305595408895265 438.66
rvms 16 nvms 6 6

real 62.45
user 0.00
sys 0.00

real 86.86
user 0.00
sys 0.01

real 91.07
user 0.01
sys 0.00

real 96.99
user 0.01
sys 0.00

real 101.80
user 0.00
sys 0.00

real 107.12
user 0.00
sys 0.00
real 107.14
user 0.05
sys 0.03
summary 6 107.14 201.60537614336382303528 545.80
rvms 10 nvms 6 6

real 80.24
user 0.00
sys 0.00

real 84.58
user 0.00
sys 0.00

real 87.50
user 0.00
sys 0.00

real 98.91
user 0.00
sys 0.00

real 108.13
user 0.00
sys 0.00

real 120.54
user 0.01
sys 0.00
real 120.56
user 0.04
sys 0.03
summary 6 120.56 179.16390179163901791639 666.36
rvms 4 nvms 4 4

real 57.33
user 0.00
sys 0.00

real 67.15
user 0.00
sys 0.00

real 67.20
user 0.00
sys 0.00

real 70.16
user 0.00
sys 0.00
real 70.17
user 0.03
sys 0.02
summary 4 70.17 205.21590423257802479692 736.53
total_summary #40 736.53 195.51138446499124271923
real 737.08
user 0.36
sys 0.30

Tue May 15 23:53:36 2012
----------------
