Log of time -p ./none 6 
Wed May 16 01:08:29 2012

rvms 40 nvms 6 6

real 72.15
user 0.01
sys 0.00

real 90.07
user 0.00
sys 0.01

real 96.08
user 0.00
sys 0.00

real 97.63
user 0.01
sys 0.00

real 98.16
user 0.00
sys 0.00

real 114.34
user 0.00
sys 0.01
real 114.38
user 0.05
sys 0.04
summary 6 114.38 188.84420353208602902605 114.38
rvms 34 nvms 6 6

real 66.43
user 0.01
sys 0.00

real 76.41
user 0.01
sys 0.00

real 91.93
user 0.01
sys 0.00

real 96.21
user 0.00
sys 0.00

real 110.69
user 0.00
sys 0.00

real 110.88
user 0.00
sys 0.00
real 110.93
user 0.06
sys 0.03
summary 6 110.93 194.71738934463174975209 225.31
rvms 28 nvms 6 6

real 75.02
user 0.00
sys 0.01

real 81.75
user 0.00
sys 0.00

real 99.87
user 0.01
sys 0.00

real 107.88
user 0.01
sys 0.00

real 110.98
user 0.00
sys 0.00

real 111.51
user 0.00
sys 0.00
real 111.54
user 0.06
sys 0.03
summary 6 111.54 193.65250134480903711672 336.85
rvms 22 nvms 6 6

real 69.17
user 0.00
sys 0.00

real 88.54
user 0.01
sys 0.00

real 97.54
user 0.00
sys 0.00

real 101.16
user 0.00
sys 0.00

real 106.82
user 0.01
sys 0.00

real 112.23
user 0.00
sys 0.00
real 112.25
user 0.06
sys 0.02
summary 6 112.25 192.42761692650334075723 449.10
rvms 16 nvms 6 6

real 74.68
user 0.00
sys 0.01

real 82.66
user 0.01
sys 0.00

real 83.19
user 0.00
sys 0.01

real 101.40
user 0.00
sys 0.00

real 101.62
user 0.00
sys 0.01

real 132.82
user 0.00
sys 0.00
real 132.84
user 0.02
sys 0.06
summary 6 132.84 162.60162601626016260162 581.94
rvms 10 nvms 6 6

real 67.19
user 0.00
sys 0.01

real 68.53
user 0.00
sys 0.01

real 82.35
user 0.00
sys 0.00

real 85.42
user 0.01
sys 0.00

real 100.38
user 0.00
sys 0.00

real 106.95
user 0.00
sys 0.00
real 106.96
user 0.04
sys 0.04
summary 6 106.96 201.94465220643231114435 688.90
rvms 4 nvms 4 4

real 67.15
user 0.00
sys 0.00

real 73.81
user 0.00
sys 0.00

real 87.99
user 0.00
sys 0.00

real 109.50
user 0.00
sys 0.00
real 109.51
user 0.02
sys 0.02
summary 4 109.51 131.49484065382156880650 798.41
total_summary #40 798.41 180.35846244410766398216
real 798.85
user 0.36
sys 0.29

Wed May 16 01:21:48 2012
----------------
