Log of time -p ./none 6 
Tue May 15 22:50:48 2012

rvms 40 nvms 6 6

real 87.77
user 0.00
sys 0.00

real 97.97
user 0.00
sys 0.00

real 105.59
user 0.00
sys 0.00

real 106.95
user 0.00
sys 0.00

real 107.16
user 0.01
sys 0.00

real 107.85
user 0.01
sys 0.00
real 107.89
user 0.06
sys 0.03
summary 6 107.89 200.20391139123181017703 107.89
rvms 34 nvms 6 6

real 65.23
user 0.00
sys 0.01

real 74.21
user 0.00
sys 0.00

real 93.68
user 0.00
sys 0.01

real 100.21
user 0.00
sys 0.01

real 102.79
user 0.01
sys 0.00

real 110.54
user 0.01
sys 0.00
real 110.59
user 0.04
sys 0.05
summary 6 110.59 195.31603219097567592006 218.48
rvms 28 nvms 6 6

real 72.26
user 0.00
sys 0.01

real 82.16
user 0.00
sys 0.01

real 92.29
user 0.00
sys 0.01

real 99.21
user 0.00
sys 0.01

real 104.63
user 0.00
sys 0.01

real 120.71
user 0.00
sys 0.00
real 120.73
user 0.02
sys 0.07
summary 6 120.73 178.91162097241779176675 339.21
rvms 22 nvms 6 6

real 67.78
user 0.01
sys 0.00

real 85.58
user 0.00
sys 0.00

real 96.24
user 0.00
sys 0.01

real 103.17
user 0.00
sys 0.01

real 104.12
user 0.01
sys 0.00

real 106.77
user 0.01
sys 0.00
real 106.79
user 0.05
sys 0.03
summary 6 106.79 202.26612978743328026968 446.00
rvms 16 nvms 6 6

real 79.68
user 0.01
sys 0.00

real 79.86
user 0.01
sys 0.00

real 91.41
user 0.00
sys 0.00

real 99.65
user 0.00
sys 0.00

real 102.06
user 0.00
sys 0.00

real 119.22
user 0.01
sys 0.00
real 119.24
user 0.06
sys 0.02
summary 6 119.24 181.14726601811472660181 565.24
rvms 10 nvms 6 6

real 66.48
user 0.00
sys 0.00

real 78.30
user 0.00
sys 0.00

real 91.76
user 0.00
sys 0.00

real 106.55
user 0.00
sys 0.01

real 107.34
user 0.01
sys 0.00

real 112.16
user 0.00
sys 0.00
real 112.17
user 0.03
sys 0.05
summary 6 112.17 192.56485691361326557903 677.41
rvms 4 nvms 4 4

real 54.95
user 0.00
sys 0.00

real 67.72
user 0.01
sys 0.00

real 80.40
user 0.00
sys 0.00

real 84.13
user 0.00
sys 0.00
real 84.14
user 0.02
sys 0.02
summary 4 84.14 171.14333254100309008794 761.55
total_summary #40 761.55 189.08804412054362812684
real 762.09
user 0.34
sys 0.32

Tue May 15 23:03:30 2012
----------------
