Log of time -p ./none 6 
Wed May 16 01:49:02 2012

rvms 40 nvms 6 6

real 67.63
user 0.00
sys 0.00

real 85.28
user 0.01
sys 0.00

real 85.51
user 0.00
sys 0.00

real 94.34
user 0.00
sys 0.00

real 103.79
user 0.00
sys 0.00

real 108.58
user 0.00
sys 0.01
real 108.62
user 0.04
sys 0.05
summary 6 108.62 198.85840545019333456085 108.62
rvms 34 nvms 6 6

real 65.59
user 0.01
sys 0.00

real 69.35
user 0.01
sys 0.00

real 92.99
user 0.01
sys 0.00

real 95.52
user 0.01
sys 0.00

real 97.04
user 0.01
sys 0.00

real 116.01
user 0.01
sys 0.00
real 116.06
user 0.08
sys 0.02
summary 6 116.06 186.11063243150094778562 224.68
rvms 28 nvms 6 6

real 71.59
user 0.00
sys 0.00

real 96.15
user 0.00
sys 0.00

real 96.43
user 0.01
sys 0.00

real 106.18
user 0.00
sys 0.00

real 106.38
user 0.00
sys 0.00

real 116.12
user 0.00
sys 0.01
real 116.15
user 0.05
sys 0.03
summary 6 116.15 185.96642272922944468359 340.83
rvms 22 nvms 6 6

real 74.30
user 0.00
sys 0.00

real 74.49
user 0.01
sys 0.00

real 90.71
user 0.00
sys 0.01

real 95.83
user 0.01
sys 0.00

real 105.28
user 0.01
sys 0.00

real 108.29
user 0.00
sys 0.00
real 108.31
user 0.05
sys 0.03
summary 6 108.31 199.42756901486474009786 449.14
rvms 16 nvms 6 6

real 64.05
user 0.00
sys 0.00

real 82.74
user 0.00
sys 0.01

real 95.42
user 0.00
sys 0.00

real 100.87
user 0.01
sys 0.00

real 108.93
user 0.00
sys 0.00

real 111.09
user 0.00
sys 0.00
real 111.11
user 0.03
sys 0.04
summary 6 111.11 194.40194401944019440194 560.25
rvms 10 nvms 6 6

real 84.06
user 0.00
sys 0.00

real 84.27
user 0.00
sys 0.00

real 90.89
user 0.00
sys 0.00

real 104.72
user 0.00
sys 0.01

real 107.20
user 0.00
sys 0.00

real 112.28
user 0.01
sys 0.00
real 112.29
user 0.04
sys 0.04
summary 6 112.29 192.35907026449372161367 672.54
rvms 4 nvms 4 4

real 58.88
user 0.00
sys 0.00

real 65.73
user 0.00
sys 0.00

real 66.38
user 0.00
sys 0.00

real 93.14
user 0.00
sys 0.00
real 93.15
user 0.03
sys 0.02
summary 4 93.15 154.58937198067632850241 765.69
total_summary #40 765.69 188.06566626180307957528
real 766.23
user 0.38
sys 0.26

Wed May 16 02:01:48 2012
----------------
