Log of time -p ./none 7 
Wed May 16 04:22:59 2012

rvms 40 nvms 7 7

real 103.81
user 0.01
sys 0.00

real 109.92
user 0.00
sys 0.00

real 112.17
user 0.01
sys 0.00

real 119.80
user 0.01
sys 0.00

real 134.37
user 0.00
sys 0.00

real 141.38
user 0.00
sys 0.00

real 141.62
user 0.00
sys 0.00
real 141.65
user 0.06
sys 0.04
summary 7 141.65 177.90328273914578185668 141.65
rvms 33 nvms 7 7

real 89.62
user 0.00
sys 0.01

real 90.76
user 0.01
sys 0.00

real 98.08
user 0.01
sys 0.00

real 102.31
user 0.00
sys 0.00

real 109.66
user 0.00
sys 0.01

real 115.67
user 0.00
sys 0.00

real 120.32
user 0.00
sys 0.00
real 120.37
user 0.06
sys 0.04
summary 7 120.37 209.35449032150868156517 262.02
rvms 26 nvms 7 7

real 103.32
user 0.00
sys 0.00

real 107.60
user 0.00
sys 0.01

real 114.10
user 0.00
sys 0.01

real 119.07
user 0.01
sys 0.00

real 122.95
user 0.00
sys 0.00

real 123.72
user 0.01
sys 0.00

real 130.32
user 0.00
sys 0.01
real 130.35
user 0.05
sys 0.05
summary 7 130.35 193.32566168009205983889 392.37
rvms 19 nvms 7 7

real 96.36
user 0.00
sys 0.00

real 96.85
user 0.00
sys 0.01

real 105.15
user 0.00
sys 0.01

real 111.37
user 0.01
sys 0.00

real 119.32
user 0.00
sys 0.00

real 119.62
user 0.00
sys 0.00

real 135.98
user 0.01
sys 0.00
real 136.00
user 0.06
sys 0.04
summary 7 136.00 185.29411764705882352941 528.37
rvms 12 nvms 7 7

real 90.62
user 0.00
sys 0.01

real 93.23
user 0.00
sys 0.01

real 97.49
user 0.00
sys 0.00

real 101.25
user 0.00
sys 0.00

real 127.04
user 0.00
sys 0.01

real 128.05
user 0.00
sys 0.00

real 128.85
user 0.00
sys 0.00
real 128.86
user 0.03
sys 0.06
summary 7 128.86 195.56107403383516995188 657.23
rvms 5 nvms 5 5

real 87.02
user 0.01
sys 0.00

real 88.19
user 0.01
sys 0.00

real 92.68
user 0.00
sys 0.00

real 95.69
user 0.00
sys 0.01

real 103.62
user 0.00
sys 0.00
real 103.63
user 0.04
sys 0.02
summary 5 103.63 173.69487600115796584000 760.86
total_summary #40 760.86 189.25952211970664774071
real 761.36
user 0.35
sys 0.30

Wed May 16 04:35:40 2012
----------------
