Log of time -p ./none 7 
Wed May 16 02:27:46 2012

rvms 40 nvms 7 7

real 90.57
user 0.00
sys 0.00

real 97.79
user 0.00
sys 0.00

real 101.58
user 0.01
sys 0.00

real 110.89
user 0.01
sys 0.00

real 111.66
user 0.00
sys 0.01

real 112.95
user 0.01
sys 0.00

real 135.17
user 0.01
sys 0.00
real 135.21
user 0.07
sys 0.03
summary 7 135.21 186.37674728200576880408 135.21
rvms 33 nvms 7 7

real 75.75
user 0.01
sys 0.00

real 76.06
user 0.00
sys 0.01

real 92.11
user 0.00
sys 0.01

real 94.72
user 0.00
sys 0.01

real 108.13
user 0.01
sys 0.00

real 118.89
user 0.00
sys 0.01

real 121.22
user 0.00
sys 0.01
real 121.27
user 0.04
sys 0.07
summary 7 121.27 207.80077512987548445617 256.48
rvms 26 nvms 7 7

real 63.48
user 0.01
sys 0.00

real 76.31
user 0.01
sys 0.00

real 82.94
user 0.00
sys 0.01

real 93.62
user 0.00
sys 0.00

real 113.53
user 0.01
sys 0.00

real 117.12
user 0.00
sys 0.00

real 121.27
user 0.00
sys 0.00
real 121.30
user 0.06
sys 0.04
summary 7 121.30 207.74938169826875515251 377.78
rvms 19 nvms 7 7

real 90.05
user 0.00
sys 0.01

real 96.12
user 0.00
sys 0.01

real 104.62
user 0.01
sys 0.00

real 105.11
user 0.01
sys 0.00

real 107.19
user 0.00
sys 0.01

real 125.30
user 0.00
sys 0.00

real 130.03
user 0.00
sys 0.01
real 130.05
user 0.04
sys 0.05
summary 7 130.05 193.77162629757785467128 507.83
rvms 12 nvms 7 7

real 76.35
user 0.00
sys 0.00

real 76.70
user 0.00
sys 0.00

real 96.21
user 0.00
sys 0.01

real 103.34
user 0.00
sys 0.00

real 104.81
user 0.00
sys 0.00

real 123.16
user 0.00
sys 0.00

real 125.42
user 0.01
sys 0.00
real 125.44
user 0.04
sys 0.04
summary 7 125.44 200.89285714285714285714 633.27
rvms 5 nvms 5 5

real 81.31
user 0.00
sys 0.00

real 86.73
user 0.00
sys 0.00

real 87.38
user 0.00
sys 0.01

real 101.57
user 0.00
sys 0.00

real 102.96
user 0.00
sys 0.00
real 102.97
user 0.03
sys 0.04
summary 5 102.97 174.80819656210546761192 736.24
total_summary #40 736.24 195.58839508855807888731
real 736.70
user 0.33
sys 0.31

Wed May 16 02:40:03 2012
----------------
