Log of time -p ./none 7 
Wed May 16 05:02:07 2012

rvms 40 nvms 7 7

real 82.50
user 0.00
sys 0.00

real 82.77
user 0.01
sys 0.00

real 90.56
user 0.00
sys 0.00

real 111.72
user 0.01
sys 0.00

real 115.95
user 0.00
sys 0.00

real 117.63
user 0.01
sys 0.00

real 121.00
user 0.00
sys 0.00
real 121.04
user 0.07
sys 0.03
summary 7 121.04 208.19563780568407138136 121.04
rvms 33 nvms 7 7

real 96.33
user 0.01
sys 0.00

real 96.36
user 0.01
sys 0.00

real 96.72
user 0.00
sys 0.00

real 104.33
user 0.00
sys 0.00

real 110.81
user 0.00
sys 0.01

real 114.76
user 0.01
sys 0.00

real 125.06
user 0.01
sys 0.00
real 125.11
user 0.06
sys 0.04
summary 7 125.11 201.42274798177603708736 246.15
rvms 26 nvms 7 7

real 79.52
user 0.00
sys 0.01

real 100.47
user 0.01
sys 0.00

real 107.85
user 0.00
sys 0.00

real 119.31
user 0.00
sys 0.00

real 119.79
user 0.00
sys 0.00

real 120.95
user 0.00
sys 0.00

real 122.69
user 0.01
sys 0.00
real 122.71
user 0.06
sys 0.04
summary 7 122.71 205.36223616657159155733 368.86
rvms 19 nvms 7 7

real 75.03
user 0.00
sys 0.00

real 88.62
user 0.01
sys 0.00

real 94.12
user 0.00
sys 0.00

real 101.07
user 0.00
sys 0.00

real 104.86
user 0.01
sys 0.00

real 115.42
user 0.00
sys 0.00

real 138.32
user 0.00
sys 0.00
real 138.34
user 0.06
sys 0.03
summary 7 138.34 182.15989590863090935376 507.20
rvms 12 nvms 7 7

real 77.04
user 0.01
sys 0.00

real 86.05
user 0.00
sys 0.00

real 90.29
user 0.00
sys 0.00

real 106.30
user 0.00
sys 0.00

real 113.94
user 0.00
sys 0.00

real 117.30
user 0.00
sys 0.00

real 132.42
user 0.01
sys 0.00
real 132.43
user 0.06
sys 0.04
summary 7 132.43 190.28920939364192403533 639.63
rvms 5 nvms 5 5

real 69.11
user 0.01
sys 0.00

real 76.21
user 0.00
sys 0.00

real 77.72
user 0.00
sys 0.00

real 89.32
user 0.00
sys 0.00

real 99.72
user 0.00
sys 0.00
real 99.73
user 0.04
sys 0.02
summary 5 99.73 180.48731575253183595708 739.36
total_summary #40 739.36 194.76303830339753300151
real 739.68
user 0.40
sys 0.24

Wed May 16 05:14:27 2012
----------------
