Log of time -p ./none 8 
Tue May 15 06:56:01 2012

rvms 40 nvms 8 8

real 81.02
user 0.00
sys 0.00

real 114.45
user 0.01
sys 0.00

real 115.29
user 0.00
sys 0.00

real 125.78
user 0.00
sys 0.00

real 132.46
user 0.00
sys 0.00

real 132.94
user 0.00
sys 0.00

real 135.44
user 0.00
sys 0.00

real 142.17
user 0.00
sys 0.00
real 142.21
user 0.06
sys 0.05
summary 8 142.21 202.51740383939244778848 142.21
rvms 32 nvms 8 8

real 113.54
user 0.01
sys 0.00

real 126.92
user 0.00
sys 0.00

real 134.01
user 0.01
sys 0.00

real 139.18
user 0.00
sys 0.00

real 139.80
user 0.00
sys 0.00

real 147.60
user 0.00
sys 0.00

real 162.54
user 0.01
sys 0.00

real 210.94
user 0.01
sys 0.00
real 210.99
user 0.08
sys 0.04
summary 8 210.99 136.49936015924925351912 353.20
rvms 24 nvms 8 8

real 79.66
user 0.01
sys 0.00

real 118.20
user 0.00
sys 0.00

real 121.84
user 0.01
sys 0.00

real 125.01
user 0.00
sys 0.00

real 138.90
user 0.01
sys 0.00

real 139.61
user 0.00
sys 0.00

real 139.63
user 0.00
sys 0.00

real 154.37
user 0.00
sys 0.00
real 154.40
user 0.07
sys 0.04
summary 8 154.40 186.52849740932642487046 507.60
rvms 16 nvms 8 8

real 98.73
user 0.01
sys 0.00

real 104.14
user 0.00
sys 0.01

real 114.64
user 0.01
sys 0.00

real 122.79
user 0.00
sys 0.00

real 124.96
user 0.01
sys 0.00

real 137.73
user 0.01
sys 0.00

real 140.62
user 0.01
sys 0.00

real 150.68
user 0.00
sys 0.00
real 150.69
user 0.08
sys 0.03
summary 8 150.69 191.12084411706151702170 658.29
rvms 8 nvms 8 8

real 91.88
user 0.01
sys 0.00

real 127.42
user 0.00
sys 0.01

real 138.47
user 0.00
sys 0.01

real 138.81
user 0.00
sys 0.01

real 138.93
user 0.00
sys 0.00

real 140.24
user 0.01
sys 0.00

real 142.78
user 0.00
sys 0.00

real 150.23
user 0.00
sys 0.00
real 150.24
user 0.06
sys 0.05
summary 8 150.24 191.69329073482428115015 808.53
total_summary #40 808.53 178.10099810767689510593
real 809.02
user 0.40
sys 0.24

Tue May 15 07:09:30 2012
----------------
