Log of time -p ./none 8 
Tue May 15 05:34:12 2012

rvms 40 nvms 8 8

real 115.67
user 0.00
sys 0.00

real 131.98
user 0.00
sys 0.01

real 138.22
user 0.00
sys 0.00

real 138.48
user 0.00
sys 0.00

real 161.67
user 0.00
sys 0.00

real 161.95
user 0.00
sys 0.01

real 166.88
user 0.00
sys 0.01

real 174.81
user 0.01
sys 0.00
real 174.84
user 0.06
sys 0.07
summary 8 174.84 164.72203157172271791352 174.84
rvms 32 nvms 8 8

real 108.67
user 0.00
sys 0.00

real 129.35
user 0.00
sys 0.00

real 147.43
user 0.01
sys 0.00

real 193.39
user 0.01
sys 0.00

real 229.24
user 0.01
sys 0.00

real 232.83
user 0.00
sys 0.00

real 238.60
user 0.01
sys 0.00

real 289.40
user 0.00
sys 0.00
real 289.45
user 0.07
sys 0.05
summary 8 289.45 99.49904992226636724822 464.29
rvms 24 nvms 8 8

real 80.62
user 0.00
sys 0.01

real 95.64
user 0.00
sys 0.00

real 116.54
user 0.00
sys 0.00

real 118.91
user 0.00
sys 0.00

real 120.94
user 0.00
sys 0.01

real 124.08
user 0.00
sys 0.00

real 130.48
user 0.00
sys 0.00

real 144.43
user 0.00
sys 0.00
real 144.45
user 0.05
sys 0.06
summary 8 144.45 199.37694704049844236760 608.74
rvms 16 nvms 8 8

real 86.42
user 0.01
sys 0.00

real 123.20
user 0.00
sys 0.00

real 125.72
user 0.01
sys 0.00

real 126.03
user 0.00
sys 0.01

real 127.43
user 0.00
sys 0.01

real 129.76
user 0.00
sys 0.00

real 131.30
user 0.00
sys 0.00

real 138.28
user 0.00
sys 0.00
real 138.29
user 0.06
sys 0.06
summary 8 138.29 208.25800853279340516306 747.03
rvms 8 nvms 8 8

real 60.00
user 0.00
sys 0.00

real 88.01
user 0.00
sys 0.00

real 108.92
user 0.01
sys 0.00

real 120.11
user 0.00
sys 0.00

real 132.22
user 0.00
sys 0.00

real 132.53
user 0.00
sys 0.01

real 133.77
user 0.00
sys 0.00

real 143.51
user 0.00
sys 0.00
real 143.52
user 0.04
sys 0.05
summary 8 143.52 200.66889632107023411371 890.55
total_summary #40 890.55 161.69782718544719555330
real 891.00
user 0.32
sys 0.31

Tue May 15 05:49:03 2012
----------------
