Log of time -p ./none 8 
Tue May 15 07:35:05 2012

rvms 40 nvms 8 8

real 80.96
user 0.00
sys 0.01

real 106.96
user 0.00
sys 0.00

real 145.98
user 0.00
sys 0.01

real 162.17
user 0.01
sys 0.00

real 166.18
user 0.00
sys 0.00

real 173.35
user 0.00
sys 0.01

real 173.37
user 0.00
sys 0.01

real 175.36
user 0.00
sys 0.00
real 175.41
user 0.06
sys 0.07
summary 8 175.41 164.18676244227809132888 175.41
rvms 32 nvms 8 8

real 80.12
user 0.00
sys 0.00

real 86.08
user 0.01
sys 0.00

real 94.29
user 0.00
sys 0.00

real 115.89
user 0.00
sys 0.00

real 119.00
user 0.00
sys 0.01

real 138.15
user 0.01
sys 0.00

real 145.52
user 0.01
sys 0.00

real 160.51
user 0.01
sys 0.00
real 160.56
user 0.08
sys 0.04
summary 8 160.56 179.37219730941704035874 335.97
rvms 24 nvms 8 8

real 142.56
user 0.00
sys 0.00

real 149.56
user 0.00
sys 0.00

real 159.46
user 0.01
sys 0.00

real 161.20
user 0.01
sys 0.00

real 161.61
user 0.01
sys 0.00

real 161.81
user 0.00
sys 0.00

real 164.63
user 0.00
sys 0.00

real 166.45
user 0.01
sys 0.00
real 166.48
user 0.08
sys 0.04
summary 8 166.48 172.99375300336376741950 502.45
rvms 16 nvms 8 8

real 54.49
user 0.01
sys 0.00

real 110.57
user 0.00
sys 0.00

real 120.03
user 0.00
sys 0.00

real 128.88
user 0.00
sys 0.00

real 139.09
user 0.00
sys 0.00

real 142.43
user 0.01
sys 0.00

real 150.07
user 0.00
sys 0.00

real 152.93
user 0.00
sys 0.00
real 152.95
user 0.07
sys 0.04
summary 8 152.95 188.29682902909447531873 655.40
rvms 8 nvms 8 8

real 97.67
user 0.00
sys 0.00

real 131.84
user 0.00
sys 0.00

real 165.91
user 0.01
sys 0.00

real 169.04
user 0.01
sys 0.00

real 175.50
user 0.01
sys 0.00

real 176.35
user 0.00
sys 0.00

real 187.37
user 0.00
sys 0.00

real 204.13
user 0.01
sys 0.00
real 204.15
user 0.07
sys 0.03
summary 8 204.15 141.07274063188831741366 859.55
total_summary #40 859.55 167.52952126112500727124
real 859.95
user 0.38
sys 0.26

Tue May 15 07:49:25 2012
----------------
