Log of time -p ./none 9 
Wed May 16 07:33:51 2012

rvms 40 nvms 9 9

real 105.39
user 0.00
sys 0.01

real 118.04
user 0.00
sys 0.00

real 132.71
user 0.01
sys 0.00

real 141.88
user 0.00
sys 0.00

real 143.84
user 0.00
sys 0.01

real 151.08
user 0.00
sys 0.01

real 151.14
user 0.00
sys 0.00

real 151.98
user 0.00
sys 0.00

real 152.83
user 0.01
sys 0.00
real 152.86
user 0.07
sys 0.06
summary 9 152.86 211.95865497841161847442 152.86
rvms 31 nvms 9 9

real 82.38
user 0.01
sys 0.00

real 108.44
user 0.01
sys 0.00

real 112.44
user 0.01
sys 0.00

real 135.90
user 0.00
sys 0.00

real 136.33
user 0.00
sys 0.00

real 145.34
user 0.01
sys 0.00

real 147.71
user 0.00
sys 0.00

real 151.78
user 0.00
sys 0.01

real 159.74
user 0.00
sys 0.00
real 159.79
user 0.08
sys 0.06
summary 9 159.79 202.76613054634207397208 312.65
rvms 22 nvms 9 9

real 87.75
user 0.00
sys 0.01

real 114.35
user 0.01
sys 0.00

real 121.34
user 0.00
sys 0.00

real 141.32
user 0.00
sys 0.00

real 142.75
user 0.01
sys 0.00

real 145.68
user 0.00
sys 0.00

real 146.29
user 0.00
sys 0.00

real 147.35
user 0.00
sys 0.00

real 178.31
user 0.00
sys 0.00
real 178.34
user 0.07
sys 0.06
summary 9 178.34 181.67545138499495345968 490.99
rvms 13 nvms 9 9

real 113.77
user 0.00
sys 0.00

real 126.17
user 0.00
sys 0.00

real 127.92
user 0.01
sys 0.00

real 141.67
user 0.00
sys 0.01

real 142.16
user 0.01
sys 0.00

real 142.19
user 0.00
sys 0.01

real 142.95
user 0.00
sys 0.01

real 147.78
user 0.00
sys 0.00

real 164.31
user 0.00
sys 0.00
real 164.33
user 0.06
sys 0.07
summary 9 164.33 197.16424268240735106188 655.32
rvms 4 nvms 4 4

real 58.33
user 0.00
sys 0.00

real 66.24
user 0.00
sys 0.01

real 74.01
user 0.00
sys 0.00

real 95.67
user 0.00
sys 0.00
real 95.68
user 0.01
sys 0.04
summary 4 95.68 150.50167224080267558528 751.00
total_summary #40 751.00 191.74434087882822902796
real 751.49
user 0.32
sys 0.31

Wed May 16 07:46:22 2012
----------------
