Log of time -p ./none 9 
Wed May 16 06:55:57 2012

rvms 40 nvms 9 9

real 89.25
user 0.00
sys 0.01

real 98.30
user 0.00
sys 0.00

real 102.40
user 0.00
sys 0.00

real 102.96
user 0.00
sys 0.01

real 133.82
user 0.01
sys 0.00

real 135.79
user 0.00
sys 0.00

real 136.25
user 0.00
sys 0.00

real 142.11
user 0.01
sys 0.00

real 146.53
user 0.00
sys 0.00
real 146.57
user 0.07
sys 0.06
summary 9 146.57 221.05478610902640376611 146.57
rvms 31 nvms 9 9

real 85.05
user 0.00
sys 0.00

real 86.16
user 0.00
sys 0.00

real 91.66
user 0.01
sys 0.00

real 114.88
user 0.01
sys 0.00

real 125.94
user 0.01
sys 0.00

real 131.49
user 0.00
sys 0.00

real 143.32
user 0.00
sys 0.00

real 144.35
user 0.00
sys 0.01

real 147.94
user 0.00
sys 0.00
real 147.99
user 0.08
sys 0.06
summary 9 147.99 218.93371173727954591526 294.56
rvms 22 nvms 9 9

real 100.54
user 0.01
sys 0.00

real 106.08
user 0.00
sys 0.00

real 111.82
user 0.00
sys 0.00

real 125.89
user 0.00
sys 0.00

real 139.58
user 0.00
sys 0.01

real 144.56
user 0.00
sys 0.01

real 152.98
user 0.00
sys 0.00

real 157.39
user 0.00
sys 0.00

real 161.85
user 0.00
sys 0.00
real 161.88
user 0.06
sys 0.08
summary 9 161.88 200.14825796886582653817 456.44
rvms 13 nvms 9 9

real 111.65
user 0.00
sys 0.01

real 120.71
user 0.01
sys 0.00

real 131.25
user 0.00
sys 0.00

real 145.15
user 0.01
sys 0.00

real 146.49
user 0.01
sys 0.00

real 154.56
user 0.00
sys 0.00

real 156.93
user 0.01
sys 0.00

real 160.02
user 0.00
sys 0.00

real 161.94
user 0.00
sys 0.01
real 161.96
user 0.07
sys 0.05
summary 9 161.96 200.04939491232403062484 618.40
rvms 4 nvms 4 4

real 75.80
user 0.00
sys 0.00

real 77.73
user 0.00
sys 0.00

real 79.72
user 0.00
sys 0.00

real 88.99
user 0.00
sys 0.00
real 89.00
user 0.03
sys 0.02
summary 4 89.00 161.79775280898876404494 707.40
total_summary #40 707.40 203.56234096692111959287
real 707.96
user 0.33
sys 0.31

Wed May 16 07:07:45 2012
----------------
