Log of time -p ./none 9 
Wed May 16 09:30:23 2012

rvms 40 nvms 9 9

real 82.80
user 0.00
sys 0.00

real 84.97
user 0.01
sys 0.00

real 101.88
user 0.00
sys 0.01

real 110.92
user 0.01
sys 0.00

real 128.33
user 0.01
sys 0.00

real 132.84
user 0.00
sys 0.00

real 143.76
user 0.01
sys 0.00

real 155.36
user 0.00
sys 0.01

real 160.17
user 0.00
sys 0.00
real 160.21
user 0.07
sys 0.06
summary 9 160.21 202.23456713064103364334 160.21
rvms 31 nvms 9 9

real 72.17
user 0.00
sys 0.00

real 98.74
user 0.01
sys 0.00

real 105.93
user 0.00
sys 0.01

real 110.99
user 0.00
sys 0.00

real 118.16
user 0.01
sys 0.00

real 137.63
user 0.00
sys 0.00

real 138.17
user 0.00
sys 0.00

real 141.34
user 0.00
sys 0.01

real 151.53
user 0.01
sys 0.00
real 151.58
user 0.08
sys 0.05
summary 9 151.58 213.74851563530808813827 311.79
rvms 22 nvms 9 9

real 85.63
user 0.00
sys 0.00

real 100.55
user 0.00
sys 0.00

real 101.99
user 0.01
sys 0.00

real 105.44
user 0.00
sys 0.01

real 121.96
user 0.00
sys 0.01

real 135.76
user 0.00
sys 0.00

real 138.38
user 0.01
sys 0.00

real 142.64
user 0.00
sys 0.01

real 151.65
user 0.00
sys 0.00
real 151.67
user 0.06
sys 0.06
summary 9 151.67 213.62167864442539724401 463.46
rvms 13 nvms 9 9

real 83.16
user 0.01
sys 0.00

real 84.01
user 0.00
sys 0.00

real 112.28
user 0.00
sys 0.00

real 114.84
user 0.00
sys 0.00

real 122.10
user 0.00
sys 0.01

real 126.75
user 0.00
sys 0.01

real 140.36
user 0.00
sys 0.00

real 143.51
user 0.00
sys 0.00

real 147.41
user 0.01
sys 0.00
real 147.43
user 0.06
sys 0.05
summary 9 147.43 219.76531235162449976259 610.89
rvms 4 nvms 4 4

real 69.24
user 0.00
sys 0.00

real 70.79
user 0.00
sys 0.00

real 78.57
user 0.00
sys 0.00

real 79.19
user 0.00
sys 0.00
real 79.20
user 0.03
sys 0.02
summary 4 79.20 181.81818181818181818181 690.09
total_summary #40 690.09 208.66843455201495457114
real 690.57
user 0.34
sys 0.27

Wed May 16 09:41:53 2012
----------------
