Log of time -p ./none 9 
Wed May 16 08:50:45 2012

rvms 40 nvms 9 9

real 115.51
user 0.00
sys 0.00

real 123.59
user 0.00
sys 0.00

real 123.68
user 0.00
sys 0.00

real 126.63
user 0.00
sys 0.00

real 149.86
user 0.00
sys 0.01

real 154.61
user 0.01
sys 0.00

real 156.70
user 0.01
sys 0.00

real 157.18
user 0.00
sys 0.00

real 164.47
user 0.01
sys 0.00
real 164.51
user 0.08
sys 0.06
summary 9 164.51 196.94851376815999027414 164.51
rvms 31 nvms 9 9

real 83.27
user 0.01
sys 0.00

real 88.52
user 0.01
sys 0.00

real 109.73
user 0.00
sys 0.00

real 112.15
user 0.01
sys 0.00

real 113.11
user 0.00
sys 0.01

real 129.92
user 0.00
sys 0.01

real 137.18
user 0.00
sys 0.01

real 148.56
user 0.01
sys 0.00

real 149.31
user 0.01
sys 0.00
real 149.35
user 0.08
sys 0.06
summary 9 149.35 216.94007365249414127887 313.86
rvms 22 nvms 9 9

real 104.05
user 0.00
sys 0.00

real 115.33
user 0.01
sys 0.00

real 118.82
user 0.00
sys 0.01

real 127.33
user 0.00
sys 0.00

real 132.62
user 0.01
sys 0.00

real 136.32
user 0.00
sys 0.01

real 139.25
user 0.01
sys 0.00

real 159.66
user 0.01
sys 0.00

real 169.84
user 0.00
sys 0.00
real 169.86
user 0.08
sys 0.05
summary 9 169.86 190.74531967502649240551 483.72
rvms 13 nvms 9 9

real 79.01
user 0.00
sys 0.00

real 83.95
user 0.00
sys 0.00

real 97.18
user 0.01
sys 0.00

real 113.93
user 0.01
sys 0.00

real 125.27
user 0.01
sys 0.00

real 128.25
user 0.00
sys 0.00

real 133.76
user 0.00
sys 0.01

real 143.74
user 0.00
sys 0.01

real 146.20
user 0.00
sys 0.01
real 146.21
user 0.06
sys 0.07
summary 9 146.21 221.59906983106490664113 629.93
rvms 4 nvms 4 4

real 57.41
user 0.00
sys 0.00

real 59.14
user 0.01
sys 0.00

real 72.10
user 0.01
sys 0.00

real 97.85
user 0.00
sys 0.00
real 97.86
user 0.04
sys 0.01
summary 4 97.86 147.14898835070508890251 727.79
total_summary #40 727.79 197.85927259236867777793
real 728.28
user 0.38
sys 0.27

Wed May 16 09:02:53 2012
----------------
