Log of time -p ./controller-none 
Sat May  5 01:57:20 2012

rvms 40 nvms 6 6

real 274.52
user 0.01
sys 0.00

real 317.54
user 0.00
sys 0.00

real 352.94
user 0.00
sys 0.00

real 373.09
user 0.00
sys 0.01

real 406.09
user 0.01
sys 0.00

real 427.78
user 0.00
sys 0.01
real 427.82
user 0.04
sys 0.05
summary 6 427.82 50.48852321069608713945 427.82
rvms 34 nvms 6 6

real 262.89
user 0.00
sys 0.00

real 342.37
user 0.01
sys 0.00

real 376.59
user 0.00
sys 0.01

real 385.49
user 0.00
sys 0.00

real 404.23
user 0.00
sys 0.00

real 416.33
user 0.01
sys 0.00
real 416.36
user 0.05
sys 0.04
summary 6 416.36 51.87818234220386204246 844.18
rvms 28 nvms 6 6

real 204.85
user 0.00
sys 0.01

real 331.04
user 0.00
sys 0.00

real 335.95
user 0.01
sys 0.00

real 345.04
user 0.00
sys 0.00

real 358.68
user 0.00
sys 0.00

real 392.70
user 0.01
sys 0.00
real 392.73
user 0.05
sys 0.04
summary 6 392.73 54.99961805820792911160 1236.91
rvms 22 nvms 6 6

real 454.71
user 0.01
sys 0.00

real 464.67
user 0.01
sys 0.00

real 481.72
user 0.00
sys 0.00

real 508.21
user 0.00
sys 0.00

real 514.08
user 0.00
sys 0.00

real 518.36
user 0.00
sys 0.00
real 518.38
user 0.05
sys 0.03
summary 6 518.38 41.66827423897526910760 1755.29
rvms 16 nvms 6 6

real 434.32
user 0.01
sys 0.00

real 434.49
user 0.01
sys 0.00

real 459.64
user 0.00
sys 0.00

real 511.50
user 0.00
sys 0.01

real 513.33
user 0.00
sys 0.00

real 528.12
user 0.00
sys 0.00
real 528.14
user 0.05
sys 0.04
summary 6 528.14 40.89824667701745749233 2283.43
rvms 10 nvms 6 6

real 412.35
user 0.00
sys 0.00

real 458.10
user 0.00
sys 0.00

real 466.73
user 0.01
sys 0.00

real 488.82
user 0.00
sys 0.00

real 492.97
user 0.00
sys 0.00

real 493.59
user 0.00
sys 0.00
real 493.60
user 0.04
sys 0.04
summary 6 493.60 43.76012965964343598055 2777.03
rvms 4 nvms 4 4

real 378.35
user 0.00
sys 0.00

real 406.22
user 0.00
sys 0.00

real 464.37
user 0.00
sys 0.00

real 510.96
user 0.00
sys 0.00
real 510.97
user 0.02
sys 0.03
summary 4 510.97 28.18169364150537213535 3288.00
total_summary 40 3288.00 43.79562043795620437956
real 3288.25
user 0.37
sys 0.31

Sat May  5 02:52:08 2012
----------------
