Log of time -p ./controller-none 
Sat May  5 21:14:22 2012

rvms 40 nvms 7 7

real 46.12
user 0.01
sys 0.00

real 50.79
user 0.00
sys 0.00

real 53.05
user 0.00
sys 0.00

real 58.07
user 0.00
sys 0.00

real 61.12
user 0.00
sys 0.01

real 64.97
user 0.00
sys 0.00

real 66.46
user 0.00
sys 0.00
real 66.50
user 0.06
sys 0.05
summary 7 66.50 378.94736842105263157894 66.50
rvms 33 nvms 7 7

real 43.82
user 0.00
sys 0.01

real 49.53
user 0.00
sys 0.00

real 53.66
user 0.01
sys 0.00

real 54.05
user 0.00
sys 0.00

real 61.01
user 0.00
sys 0.00

real 68.36
user 0.00
sys 0.00

real 69.75
user 0.00
sys 0.00
real 69.78
user 0.06
sys 0.04
summary 7 69.78 361.13499570077386070507 136.28
rvms 26 nvms 7 7

real 50.79
user 0.00
sys 0.01

real 60.68
user 0.00
sys 0.01

real 74.75
user 0.00
sys 0.00

real 75.23
user 0.00
sys 0.00

real 77.22
user 0.00
sys 0.00

real 82.12
user 0.00
sys 0.00

real 82.98
user 0.01
sys 0.00
real 83.00
user 0.04
sys 0.06
summary 7 83.00 303.61445783132530120481 219.28
rvms 19 nvms 7 7

real 49.19
user 0.00
sys 0.00

real 53.37
user 0.01
sys 0.00

real 53.94
user 0.01
sys 0.00

real 59.55
user 0.00
sys 0.00

real 66.14
user 0.00
sys 0.00

real 72.97
user 0.01
sys 0.00

real 74.64
user 0.00
sys 0.00
real 74.66
user 0.07
sys 0.03
summary 7 74.66 337.53013661934101259040 293.94
rvms 12 nvms 7 7

real 52.58
user 0.00
sys 0.00

real 52.72
user 0.00
sys 0.01

real 53.58
user 0.00
sys 0.00

real 57.82
user 0.00
sys 0.00

real 63.87
user 0.00
sys 0.01

real 65.40
user 0.01
sys 0.00

real 65.91
user 0.00
sys 0.00
real 65.92
user 0.04
sys 0.05
summary 7 65.92 382.28155339805825242718 359.86
rvms 5 nvms 5 5

real 37.31
user 0.00
sys 0.00

real 41.53
user 0.00
sys 0.00

real 49.01
user 0.01
sys 0.00

real 52.89
user 0.00
sys 0.00

real 60.05
user 0.00
sys 0.00
real 60.06
user 0.03
sys 0.03
summary 5 60.06 299.70029970029970029970 419.92
total_summary 40 419.92 342.92246142122309011240
real 420.44
user 0.34
sys 0.28

Sat May  5 21:21:22 2012
----------------
