Log of time -p ./controller-none 
Sat May  5 21:29:44 2012

rvms 40 nvms 8 8

real 36.39
user 0.00
sys 0.01

real 51.88
user 0.01
sys 0.00

real 78.42
user 0.00
sys 0.01

real 78.70
user 0.01
sys 0.00

real 82.62
user 0.00
sys 0.00

real 82.83
user 0.00
sys 0.00

real 98.57
user 0.01
sys 0.00

real 102.73
user 0.00
sys 0.00
real 102.76
user 0.07
sys 0.05
summary 8 102.76 280.26469443363176333203 102.76
rvms 32 nvms 8 8

real 61.44
user 0.01
sys 0.00

real 70.42
user 0.00
sys 0.01

real 70.81
user 0.01
sys 0.00

real 73.80
user 0.01
sys 0.00

real 77.11
user 0.00
sys 0.00

real 77.47
user 0.00
sys 0.01

real 91.56
user 0.01
sys 0.00

real 92.03
user 0.00
sys 0.01
real 92.09
user 0.07
sys 0.06
summary 8 92.09 312.73753936366597893365 194.85
rvms 24 nvms 8 8

real 50.64
user 0.01
sys 0.00

real 56.15
user 0.00
sys 0.00

real 61.21
user 0.01
sys 0.00

real 63.38
user 0.01
sys 0.00

real 70.68
user 0.00
sys 0.00

real 77.28
user 0.00
sys 0.00

real 79.19
user 0.01
sys 0.00

real 82.47
user 0.00
sys 0.01
real 82.49
user 0.08
sys 0.04
summary 8 82.49 349.13322827009334464783 277.34
rvms 16 nvms 8 8

real 52.65
user 0.00
sys 0.00

real 53.01
user 0.00
sys 0.00

real 53.37
user 0.00
sys 0.01

real 63.13
user 0.00
sys 0.00

real 63.38
user 0.00
sys 0.00

real 65.45
user 0.00
sys 0.00

real 74.66
user 0.00
sys 0.00

real 80.96
user 0.00
sys 0.00
real 80.97
user 0.05
sys 0.06
summary 8 80.97 355.68729158947758429047 358.31
rvms 8 nvms 8 8

real 46.67
user 0.00
sys 0.00

real 63.91
user 0.00
sys 0.00

real 69.30
user 0.00
sys 0.00

real 74.59
user 0.01
sys 0.00

real 81.02
user 0.01
sys 0.00

real 86.90
user 0.00
sys 0.00

real 87.07
user 0.00
sys 0.01

real 101.08
user 0.00
sys 0.00
real 101.09
user 0.06
sys 0.05
summary 8 101.09 284.89464833316846374517 459.40
total_summary 40 459.40 313.45232912494558119286
real 459.90
user 0.36
sys 0.30

Sat May  5 21:37:24 2012
----------------
