0MB 0MB
12.1MB 24.2MB
20.6MB 65.5MB
19.1MB 104MB
20.4MB 144MB
20.3MB 185MB
15.4MB 216MB
9.12MB 234MB
8.63MB 251MB
8.71MB 269MB
8.59MB 286MB
8.59MB 303MB
10.4MB 324MB
14.9MB 354MB
23.2MB 400MB
24.8MB 450MB
26.6MB 503MB
22.7MB 548MB
23.4MB 595MB
15.3MB 626MB
7.29MB 640MB
5.82MB 652MB
5.79MB 663MB
5.69MB 675MB
8.06MB 691MB
10.5MB 712MB
11.1MB 734MB
12.8MB 760MB
14.5MB 789MB
14.4MB 818MB
14.5MB 847MB
15.2MB 877MB
16.2MB 909MB
17.4MB 944MB
17.6MB 979MB
17.4MB 0.99GB
19.8MB 1.03GB
23.9MB 1.08GB
11.1MB 1.10GB
0B 1.10GB
0B 1.10GB
0B 1.10GB
0B 1.10GB
