103KB 206KB
0MB 0MB
4.46MB 9.13MB
4.61MB 18.3MB
4.67MB 27.7MB
5.55MB 38.8MB
7.50MB 53.8MB
13.4MB 80.5MB
15.6MB 112MB
17.4MB 147MB
19.7MB 186MB
20.0MB 226MB
20.0MB 266MB
19.3MB 305MB
10.6MB 326MB
10.2MB 346MB
8.90MB 364MB
8.59MB 381MB
8.77MB 399MB
8.77MB 416MB
11.5MB 439MB
12.7MB 465MB
14.4MB 494MB
14.5MB 523MB
12.5MB 548MB
14.3MB 576MB
9.65MB 596MB
8.65MB 613MB
7.59MB 628MB
8.68MB 645MB
8.68MB 663MB
8.65MB 680MB
10.5MB 701MB
11.1MB 724MB
9.87MB 743MB
9.55MB 762MB
11.6MB 786MB
11.7MB 809MB
11.8MB 832MB
16.0MB 864MB
23.7MB 912MB
36.2MB 984MB
50.1MB 1.06GB
21.8MB 1.10GB
0B 1.10GB
0B 1.10GB
