0KB 0KB
475KB 951KB
962KB 2.81MB
1.16MB 5.13MB
1.70MB 8.53MB
3.82MB 16.2MB
8.49MB 33.2MB
17.4MB 68.0MB
16.8MB 102MB
15.3MB 132MB
17.1MB 167MB
17.2MB 201MB
13.8MB 228MB
15.7MB 260MB
13.2MB 286MB
14.3MB 315MB
14.5MB 344MB
14.6MB 373MB
15.2MB 403MB
18.7MB 441MB
25.8MB 492MB
30.2MB 553MB
32.1MB 617MB
34.3MB 686MB
27.6MB 741MB
29.1MB 799MB
31.0MB 861MB
31.6MB 924MB
26.1MB 977MB
21.7MB 1.00GB
16.1MB 1.03GB
12.9MB 1.05GB
13.4MB 1.08GB
9.90MB 1.10GB
1.69MB 1.10GB
0B 1.10GB
0B 1.10GB
0B 1.10GB
0B 1.10GB
