14.0MB 28.1MB
11.9MB 51.9MB
13.4MB 78.7MB
11.2MB 101MB
13.0MB 127MB
14.4MB 156MB
14.5MB 185MB
11.6MB 208MB
8.74MB 225MB
8.59MB 242MB
8.59MB 260MB
9.46MB 279MB
13.3MB 305MB
15.1MB 335MB
17.2MB 370MB
17.4MB 404MB
17.5MB 439MB
18.6MB 477MB
20.2MB 517MB
16.3MB 550MB
14.7MB 579MB
15.8MB 610MB
17.0MB 644MB
17.4MB 679MB
17.7MB 715MB
16.3MB 747MB
19.0MB 785MB
16.1MB 818MB
16.3MB 850MB
17.4MB 885MB
17.4MB 920MB
17.4MB 954MB
19.8MB 994MB
19.0MB 1.01GB
21.4MB 1.05GB
23.3MB 1.09GB
922KB 1.10GB
0B 1.10GB
0B 1.10GB
0B 1.10GB
0B 1.10GB
