0MB 0MB
10.6MB 21.2MB
38.2MB 97.5MB
34.7MB 167MB
35.1MB 237MB
28.9MB 295MB
22.4MB 340MB
22.1MB 384MB
18.8MB 422MB
20.3MB 462MB
20.0MB 502MB
18.8MB 540MB
17.4MB 575MB
15.0MB 604MB
9.47MB 623MB
8.16MB 640MB
8.21MB 656MB
8.84MB 674MB
8.78MB 691MB
8.89MB 709MB
10.8MB 731MB
10.9MB 753MB
11.6MB 776MB
11.5MB 799MB
10.2MB 819MB
11.7MB 842MB
11.2MB 865MB
10.4MB 886MB
11.7MB 909MB
11.5MB 932MB
11.6MB 955MB
9.51MB 974MB
8.68MB 992MB
8.74MB 0.99GB
8.90MB 1.00GB
10.1MB 1.02GB
13.4MB 1.05GB
20.5MB 1.09GB
5.28MB 1.10GB
0B 1.10GB
0B 1.10GB
0B 1.10GB
0B 1.10GB
