477KB 953KB
23.4MB 47.7MB
8.60MB 64.9MB
8.78MB 82.5MB
8.78MB 100MB
8.68MB 117MB
8.40MB 134MB
5.63MB 145MB
5.80MB 157MB
5.85MB 169MB
5.69MB 180MB
6.43MB 193MB
10.4MB 214MB
15.6MB 245MB
15.1MB 275MB
14.1MB 304MB
14.4MB 332MB
14.7MB 362MB
14.7MB 391MB
17.6MB 426MB
20.7MB 468MB
20.8MB 509MB
19.0MB 547MB
19.0MB 585MB
20.3MB 626MB
16.9MB 660MB
17.7MB 695MB
13.8MB 723MB
11.6MB 746MB
11.5MB 769MB
11.6MB 792MB
12.9MB 818MB
15.4MB 849MB
13.8MB 876MB
11.9MB 900MB
14.5MB 929MB
12.1MB 953MB
11.9MB 977MB
14.7MB 0.98GB
14.8MB 1.01GB
14.8MB 1.04GB
16.2MB 1.07GB
13.7MB 1.10GB
0B 1.10GB
0B 1.10GB
