Log of time -p ./none 10 
Sat May 12 00:03:00 2012

rvms 40 nvms 10 10

real 58.47
user 0.01
sys 0.00

real 66.56
user 0.01
sys 0.00

real 71.15
user 0.00
sys 0.00

real 72.27
user 0.00
sys 0.00

real 81.87
user 0.01
sys 0.00

real 81.92
user 0.00
sys 0.01

real 84.64
user 0.01
sys 0.00

real 87.67
user 0.01
sys 0.00

real 91.22
user 0.00
sys 0.01

real 93.37
user 0.01
sys 0.00
real 93.41
user 0.11
sys 0.05
summary 10 93.41 385.39770902472968632908 93.41
rvms 30 nvms 10 10

real 65.26
user 0.00
sys 0.01

real 65.33
user 0.01
sys 0.00

real 71.26
user 0.00
sys 0.00

real 74.91
user 0.00
sys 0.00

real 80.70
user 0.00
sys 0.01

real 82.01
user 0.00
sys 0.00

real 82.53
user 0.00
sys 0.00

real 83.04
user 0.01
sys 0.00

real 85.06
user 0.00
sys 0.01

real 102.89
user 0.00
sys 0.00
real 102.94
user 0.06
sys 0.08
summary 10 102.94 349.71828249465708179522 196.35
rvms 20 nvms 10 10

real 66.80
user 0.00
sys 0.00

real 67.76
user 0.01
sys 0.00

real 69.98
user 0.01
sys 0.00

real 78.65
user 0.00
sys 0.00

real 82.01
user 0.01
sys 0.00

real 90.49
user 0.01
sys 0.00

real 94.98
user 0.01
sys 0.00

real 101.16
user 0.01
sys 0.00

real 109.46
user 0.01
sys 0.00

real 113.89
user 0.00
sys 0.00
real 113.92
user 0.11
sys 0.03
summary 10 113.92 316.01123595505617977528 310.27
rvms 10 nvms 10 10

real 44.37
user 0.01
sys 0.00

real 61.87
user 0.00
sys 0.00

real 69.31
user 0.00
sys 0.00

real 71.74
user 0.00
sys 0.01

real 73.69
user 0.00
sys 0.00

real 76.23
user 0.00
sys 0.00

real 78.02
user 0.00
sys 0.01

real 79.20
user 0.00
sys 0.00

real 84.71
user 0.00
sys 0.00

real 97.68
user 0.00
sys 0.00
real 97.70
user 0.05
sys 0.09
summary 10 97.70 368.47492323439099283520 407.97
total_summary #40 407.97 352.96712993602470769909
real 408.40
user 0.37
sys 0.27

Sat May 12 00:09:48 2012
----------------
