Log of time -p ./none 1 
Thu May 17 14:14:58 2012

rvms 40 nvms 1 1

real 82.91
user 0.01
sys 0.00
real 82.95
user 0.02
sys 0.00
summary 1 82.95 43.39963833634719710669 82.95
rvms 39 nvms 1 1

real 67.13
user 0.01
sys 0.00
real 67.18
user 0.01
sys 0.01
summary 1 67.18 53.58737719559392676391 150.13
rvms 38 nvms 1 1

real 68.43
user 0.00
sys 0.00
real 68.47
user 0.01
sys 0.01
summary 1 68.47 52.57777128669490287717 218.60
rvms 37 nvms 1 1

real 202.97
user 0.01
sys 0.00
real 203.01
user 0.02
sys 0.00
summary 1 203.01 17.73311659524161371361 421.61
rvms 36 nvms 1 1

real 130.08
user 0.00
sys 0.01
real 130.12
user 0.00
sys 0.02
summary 1 130.12 27.66676913618198585920 551.73
rvms 35 nvms 1 1

real 36.34
user 0.00
sys 0.00
real 36.38
user 0.01
sys 0.00
summary 1 36.38 98.95547003848268279274 588.11
rvms 34 nvms 1 1

real 50.56
user 0.01
sys 0.00
real 50.60
user 0.01
sys 0.01
summary 1 50.60 71.14624505928853754940 638.71
rvms 33 nvms 1 1

real 86.02
user 0.00
sys 0.01
real 86.05
user 0.01
sys 0.01
summary 1 86.05 41.83614177803602556653 724.76
rvms 32 nvms 1 1

real 69.83
user 0.01
sys 0.00
real 69.86
user 0.02
sys 0.00
summary 1 69.86 51.53163469796736329802 794.62
rvms 31 nvms 1 1

real 86.60
user 0.00
sys 0.00
real 86.63
user 0.01
sys 0.01
summary 1 86.63 41.55604294124437261918 881.25
rvms 30 nvms 1 1

real 74.13
user 0.00
sys 0.00
real 74.16
user 0.01
sys 0.00
summary 1 74.16 48.54368932038834951456 955.41
rvms 29 nvms 1 1

real 68.26
user 0.01
sys 0.00
real 68.29
user 0.02
sys 0.00
summary 1 68.29 52.71635671401376482647 1023.70
rvms 28 nvms 1 1

real 74.44
user 0.01
sys 0.00
real 74.46
user 0.02
sys 0.00
summary 1 74.46 48.34810636583400483481 1098.16
rvms 27 nvms 1 1

real 45.72
user 0.00
sys 0.00
real 45.74
user 0.01
sys 0.00
summary 1 45.74 78.70572802798425885439 1143.90
rvms 26 nvms 1 1

real 77.80
user 0.01
sys 0.00
real 77.83
user 0.01
sys 0.00
summary 1 77.83 46.25465758704869587562 1221.73
rvms 25 nvms 1 1

real 74.41
user 0.00
sys 0.00
real 74.43
user 0.00
sys 0.01
summary 1 74.43 48.36759371221281741233 1296.16
rvms 24 nvms 1 1

real 111.39
user 0.00
sys 0.00
real 111.42
user 0.01
sys 0.00
summary 1 111.42 32.31017770597738287560 1407.58
rvms 23 nvms 1 1

real 70.97
user 0.00
sys 0.00
real 70.99
user 0.01
sys 0.00
summary 1 70.99 50.71136779828144809128 1478.57
rvms 22 nvms 1 1

real 53.20
user 0.01
sys 0.00
real 53.22
user 0.01
sys 0.00
summary 1 53.22 67.64374295377677564825 1531.79
rvms 21 nvms 1 1

real 65.05
user 0.00
sys 0.00
real 65.07
user 0.00
sys 0.01
summary 1 65.07 55.32503457814661134163 1596.86
rvms 20 nvms 1 1

real 69.78
user 0.00
sys 0.00
real 69.80
user 0.00
sys 0.01
summary 1 69.80 51.57593123209169054441 1666.66
rvms 19 nvms 1 1

real 93.84
user 0.00
sys 0.00
real 93.86
user 0.01
sys 0.00
summary 1 93.86 38.35499680375026635414 1760.52
rvms 18 nvms 1 1

real 77.17
user 0.00
sys 0.00
real 77.19
user 0.00
sys 0.00
summary 1 77.19 46.63816556548775748153 1837.71
rvms 17 nvms 1 1

real 81.87
user 0.00
sys 0.00
real 81.89
user 0.00
sys 0.00
summary 1 81.89 43.96141164977408719013 1919.60
rvms 16 nvms 1 1

real 76.49
user 0.00
sys 0.00
real 76.51
user 0.00
sys 0.01
summary 1 76.51 47.05267285322180107175 1996.11
rvms 15 nvms 1 1

real 82.35
user 0.01
sys 0.00
real 82.37
user 0.01
sys 0.00
summary 1 82.37 43.70523248755614908340 2078.48
rvms 14 nvms 1 1

real 103.37
user 0.00
sys 0.00
real 103.39
user 0.01
sys 0.00
summary 1 103.39 34.81961504981139375181 2181.87
rvms 13 nvms 1 1

real 82.44
user 0.00
sys 0.00
real 82.45
user 0.00
sys 0.00
summary 1 82.45 43.66282595512431776834 2264.32
rvms 12 nvms 1 1

real 114.49
user 0.00
sys 0.00
real 114.50
user 0.00
sys 0.00
summary 1 114.50 31.44104803493449781659 2378.82
rvms 11 nvms 1 1

real 74.78
user 0.00
sys 0.01
real 74.79
user 0.00
sys 0.01
summary 1 74.79 48.13477737665463297232 2453.61
rvms 10 nvms 1 1

real 93.83
user 0.01
sys 0.00
real 93.84
user 0.01
sys 0.00
summary 1 93.84 38.36317135549872122762 2547.45
rvms 9 nvms 1 1

real 95.44
user 0.01
sys 0.00
real 95.45
user 0.01
sys 0.00
summary 1 95.45 37.71608171817705605028 2642.90
rvms 8 nvms 1 1

real 120.48
user 0.00
sys 0.01
real 120.49
user 0.00
sys 0.01
summary 1 120.49 29.87799817412233380363 2763.39
rvms 7 nvms 1 1

real 78.76
user 0.00
sys 0.00
real 78.77
user 0.01
sys 0.00
summary 1 78.77 45.70267868477846896026 2842.16
rvms 6 nvms 1 1

real 85.11
user 0.00
sys 0.00
real 85.12
user 0.00
sys 0.00
summary 1 85.12 42.29323308270676691729 2927.28
rvms 5 nvms 1 1

real 128.87
user 0.01
sys 0.00
real 128.88
user 0.01
sys 0.00
summary 1 128.88 27.93296089385474860335 3056.16
rvms 4 nvms 1 1

real 88.54
user 0.00
sys 0.00
real 88.55
user 0.00
sys 0.00
summary 1 88.55 40.65499717673630717108 3144.71
rvms 3 nvms 1 1

real 93.09
user 0.00
sys 0.00
real 93.09
user 0.00
sys 0.01
summary 1 93.09 38.67225265871737028681 3237.80
rvms 2 nvms 1 1

real 75.88
user 0.00
sys 0.00
real 75.89
user 0.00
sys 0.00
summary 1 75.89 47.43707998418764000527 3313.69
rvms 1 nvms 1 1

real 74.07
user 0.01
sys 0.00
real 74.08
user 0.01
sys 0.00
summary 1 74.08 48.59611231101511879049 3387.77
total_summary #40 3387.77 42.50583717312568444729
real 3389.13
user 0.64
sys 0.38

Thu May 17 15:11:27 2012
----------------
