Log of time -p ./none 2 
Thu May 17 17:07:27 2012

rvms 40 nvms 2 2

real 31.89
user 0.00
sys 0.00

real 51.95
user 0.00
sys 0.01
real 51.99
user 0.01
sys 0.02
summary 2 51.99 138.48817080207732256203 51.99
rvms 38 nvms 2 2

real 33.48
user 0.00
sys 0.00

real 54.39
user 0.00
sys 0.00
real 54.42
user 0.01
sys 0.02
summary 2 54.42 132.30429988974641675854 106.41
rvms 36 nvms 2 2

real 57.23
user 0.01
sys 0.00

real 71.22
user 0.00
sys 0.00
real 71.26
user 0.02
sys 0.02
summary 2 71.26 101.03845074375526241930 177.67
rvms 34 nvms 2 2

real 56.87
user 0.00
sys 0.00

real 70.16
user 0.00
sys 0.01
real 70.19
user 0.02
sys 0.01
summary 2 70.19 102.57871491665479413021 247.86
rvms 32 nvms 2 2

real 34.30
user 0.00
sys 0.00

real 43.19
user 0.01
sys 0.00
real 43.21
user 0.02
sys 0.00
summary 2 43.21 166.62809534829900485998 291.07
rvms 30 nvms 2 2

real 32.99
user 0.00
sys 0.00

real 52.71
user 0.00
sys 0.00
real 52.74
user 0.01
sys 0.01
summary 2 52.74 136.51877133105802047781 343.81
rvms 28 nvms 2 2

real 68.39
user 0.01
sys 0.00

real 72.97
user 0.00
sys 0.00
real 73.00
user 0.02
sys 0.01
summary 2 73.00 98.63013698630136986301 416.81
rvms 26 nvms 2 2

real 60.63
user 0.01
sys 0.00

real 73.17
user 0.00
sys 0.00
real 73.19
user 0.03
sys 0.00
summary 2 73.19 98.37409482169695313567 490.00
rvms 24 nvms 2 2

real 78.62
user 0.01
sys 0.00

real 87.30
user 0.00
sys 0.00
real 87.33
user 0.02
sys 0.00
summary 2 87.33 82.44589488148402610786 577.33
rvms 22 nvms 2 2

real 78.68
user 0.00
sys 0.00

real 85.49
user 0.01
sys 0.00
real 85.51
user 0.02
sys 0.00
summary 2 85.51 84.20067828324172611390 662.84
rvms 20 nvms 2 2

real 47.06
user 0.00
sys 0.00

real 70.73
user 0.00
sys 0.00
real 70.75
user 0.01
sys 0.01
summary 2 70.75 101.76678445229681978798 733.59
rvms 18 nvms 2 2

real 40.73
user 0.00
sys 0.00

real 56.84
user 0.00
sys 0.00
real 56.86
user 0.02
sys 0.01
summary 2 56.86 126.62680267323250087935 790.45
rvms 16 nvms 2 2

real 37.44
user 0.01
sys 0.00

real 63.02
user 0.00
sys 0.00
real 63.03
user 0.01
sys 0.01
summary 2 63.03 114.23131841980009519276 853.48
rvms 14 nvms 2 2

real 37.17
user 0.01
sys 0.00

real 47.58
user 0.00
sys 0.00
real 47.60
user 0.02
sys 0.00
summary 2 47.60 151.26050420168067226890 901.08
rvms 12 nvms 2 2

real 62.13
user 0.01
sys 0.00

real 68.85
user 0.00
sys 0.00
real 68.87
user 0.02
sys 0.00
summary 2 68.87 104.54479454043850733265 969.95
rvms 10 nvms 2 2

real 46.30
user 0.01
sys 0.00

real 68.93
user 0.00
sys 0.00
real 68.95
user 0.02
sys 0.00
summary 2 68.95 104.42349528643944887599 1038.90
rvms 8 nvms 2 2

real 49.98
user 0.00
sys 0.01

real 72.96
user 0.00
sys 0.00
real 72.97
user 0.01
sys 0.01
summary 2 72.97 98.67068658352747704536 1111.87
rvms 6 nvms 2 2

real 137.05
user 0.00
sys 0.00

real 143.12
user 0.00
sys 0.00
real 143.13
user 0.01
sys 0.02
summary 2 143.13 50.30391951372877803395 1255.00
rvms 4 nvms 2 2

real 51.65
user 0.00
sys 0.01

real 75.15
user 0.00
sys 0.00
real 75.15
user 0.00
sys 0.02
summary 2 75.15 95.80838323353293413173 1330.15
rvms 2 nvms 2 2

real 52.88
user 0.00
sys 0.01

real 82.41
user 0.01
sys 0.00
real 82.42
user 0.01
sys 0.01
summary 2 82.42 87.35743751516622179082 1412.57
total_summary #40 1412.57 101.94185066934735977686
real 1413.22
user 0.45
sys 0.30

Thu May 17 17:31:00 2012
----------------
