Log of time -p ./none 2 
Thu May 17 18:49:46 2012

rvms 40 nvms 2 2

real 34.51
user 0.01
sys 0.00

real 40.14
user 0.00
sys 0.00
real 40.18
user 0.02
sys 0.02
summary 2 40.18 179.19362867098058735689 40.18
rvms 38 nvms 2 2

real 41.43
user 0.01
sys 0.00

real 52.06
user 0.01
sys 0.00
real 52.11
user 0.04
sys 0.00
summary 2 52.11 138.16925734024179620034 92.29
rvms 36 nvms 2 2

real 45.78
user 0.01
sys 0.00

real 78.34
user 0.00
sys 0.00
real 78.37
user 0.02
sys 0.01
summary 2 78.37 91.87188975373229552124 170.66
rvms 34 nvms 2 2

real 37.33
user 0.01
sys 0.00

real 64.48
user 0.00
sys 0.00
real 64.52
user 0.03
sys 0.00
summary 2 64.52 111.59330440173589584624 235.18
rvms 32 nvms 2 2

real 56.93
user 0.00
sys 0.00

real 61.96
user 0.00
sys 0.00
real 61.99
user 0.02
sys 0.01
summary 2 61.99 116.14776576867236651072 297.17
rvms 30 nvms 2 2

real 82.67
user 0.01
sys 0.00

real 102.89
user 0.01
sys 0.00
real 102.92
user 0.03
sys 0.00
summary 2 102.92 69.95724834823163622230 400.09
rvms 28 nvms 2 2

real 95.81
user 0.00
sys 0.01

real 99.12
user 0.00
sys 0.00
real 99.14
user 0.01
sys 0.02
summary 2 99.14 72.62457131329433124873 499.23
rvms 26 nvms 2 2

real 66.61
user 0.00
sys 0.01

real 86.50
user 0.00
sys 0.00
real 86.52
user 0.01
sys 0.02
summary 2 86.52 83.21775312066574202496 585.75
rvms 24 nvms 2 2

real 63.27
user 0.00
sys 0.00

real 68.51
user 0.00
sys 0.00
real 68.54
user 0.02
sys 0.00
summary 2 68.54 105.04814706740589436825 654.29
rvms 22 nvms 2 2

real 80.98
user 0.00
sys 0.01

real 111.11
user 0.00
sys 0.00
real 111.14
user 0.01
sys 0.02
summary 2 111.14 64.78315637934137124347 765.43
rvms 20 nvms 2 2

real 73.17
user 0.00
sys 0.01

real 75.15
user 0.00
sys 0.00
real 75.18
user 0.00
sys 0.02
summary 2 75.18 95.77015163607342378292 840.61
rvms 18 nvms 2 2

real 43.71
user 0.00
sys 0.00

real 47.60
user 0.00
sys 0.00
real 47.62
user 0.01
sys 0.01
summary 2 47.62 151.19697606047879042419 888.23
rvms 16 nvms 2 2

real 32.96
user 0.01
sys 0.00

real 47.61
user 0.00
sys 0.00
real 47.62
user 0.02
sys 0.00
summary 2 47.62 151.19697606047879042419 935.85
rvms 14 nvms 2 2

real 47.68
user 0.01
sys 0.00

real 53.27
user 0.00
sys 0.00
real 53.29
user 0.02
sys 0.00
summary 2 53.29 135.10977669356352036029 989.14
rvms 12 nvms 2 2

real 49.06
user 0.00
sys 0.00

real 59.36
user 0.00
sys 0.00
real 59.38
user 0.02
sys 0.00
summary 2 59.38 121.25294712024250589424 1048.52
rvms 10 nvms 2 2

real 66.11
user 0.00
sys 0.00

real 70.92
user 0.01
sys 0.00
real 70.93
user 0.02
sys 0.00
summary 2 70.93 101.50852953616241364725 1119.45
rvms 8 nvms 2 2

real 63.47
user 0.00
sys 0.00

real 73.42
user 0.00
sys 0.00
real 73.43
user 0.00
sys 0.01
summary 2 73.43 98.05256707067955876344 1192.88
rvms 6 nvms 2 2

real 69.60
user 0.01
sys 0.00

real 76.29
user 0.00
sys 0.00
real 76.30
user 0.02
sys 0.00
summary 2 76.30 94.36435124508519003931 1269.18
rvms 4 nvms 2 2

real 45.09
user 0.00
sys 0.00

real 48.72
user 0.01
sys 0.00
real 48.73
user 0.02
sys 0.00
summary 2 48.73 147.75292427662630822901 1317.91
rvms 2 nvms 2 2

real 36.09
user 0.00
sys 0.00

real 45.54
user 0.00
sys 0.00
real 45.55
user 0.01
sys 0.01
summary 2 45.55 158.06805708013172338090 1363.46
total_summary #40 1363.46 105.61365936661141507634
real 1364.43
user 0.49
sys 0.29

Thu May 17 19:12:30 2012
----------------
