Log of time -p ./none 2 
Thu May 17 07:05:32 2012

rvms 40 nvms 2 2

real 33.23
user 0.00
sys 0.00

real 47.08
user 0.00
sys 0.00
real 47.13
user 0.02
sys 0.02
summary 2 47.13 152.76893698281349458943 47.13
rvms 38 nvms 2 2

real 38.05
user 0.00
sys 0.01

real 45.48
user 0.00
sys 0.00
real 45.52
user 0.02
sys 0.02
summary 2 45.52 158.17223198594024604569 92.65
rvms 36 nvms 2 2

real 40.23
user 0.01
sys 0.00

real 46.91
user 0.00
sys 0.01
real 46.95
user 0.02
sys 0.02
summary 2 46.95 153.35463258785942492012 139.60
rvms 34 nvms 2 2

real 45.37
user 0.01
sys 0.00

real 49.49
user 0.00
sys 0.00
real 49.53
user 0.02
sys 0.01
summary 2 49.53 145.36644457904300423985 189.13
rvms 32 nvms 2 2

real 50.68
user 0.00
sys 0.00

real 61.96
user 0.01
sys 0.00
real 61.99
user 0.02
sys 0.01
summary 2 61.99 116.14776576867236651072 251.12
rvms 30 nvms 2 2

real 54.23
user 0.01
sys 0.00

real 56.06
user 0.01
sys 0.00
real 56.09
user 0.03
sys 0.00
summary 2 56.09 128.36512747370297735781 307.21
rvms 28 nvms 2 2

real 70.83
user 0.01
sys 0.00

real 78.25
user 0.00
sys 0.01
real 78.27
user 0.01
sys 0.02
summary 2 78.27 91.98926791874281333844 385.48
rvms 26 nvms 2 2

real 45.62
user 0.00
sys 0.01

real 58.81
user 0.01
sys 0.00
real 58.84
user 0.01
sys 0.01
summary 2 58.84 122.36573759347382732834 444.32
rvms 24 nvms 2 2

real 49.28
user 0.00
sys 0.00

real 71.31
user 0.00
sys 0.00
real 71.33
user 0.02
sys 0.01
summary 2 71.33 100.93929622879573811860 515.65
rvms 22 nvms 2 2

real 45.51
user 0.00
sys 0.01

real 50.82
user 0.00
sys 0.00
real 50.84
user 0.01
sys 0.02
summary 2 50.84 141.62077104642014162077 566.49
rvms 20 nvms 2 2

real 49.18
user 0.00
sys 0.00

real 68.16
user 0.00
sys 0.00
real 68.18
user 0.02
sys 0.00
summary 2 68.18 105.60281607509533587562 634.67
rvms 18 nvms 2 2

real 49.85
user 0.01
sys 0.00

real 50.59
user 0.00
sys 0.00
real 50.60
user 0.01
sys 0.01
summary 2 50.60 142.29249011857707509881 685.27
rvms 16 nvms 2 2

real 49.84
user 0.00
sys 0.00

real 62.67
user 0.00
sys 0.00
real 62.69
user 0.02
sys 0.00
summary 2 62.69 114.85085340564683362577 747.96
rvms 14 nvms 2 2

real 32.95
user 0.00
sys 0.00

real 53.83
user 0.00
sys 0.00
real 53.84
user 0.02
sys 0.00
summary 2 53.84 133.72956909361069836552 801.80
rvms 12 nvms 2 2

real 47.65
user 0.00
sys 0.00

real 60.48
user 0.00
sys 0.00
real 60.50
user 0.01
sys 0.01
summary 2 60.50 119.00826446280991735537 862.30
rvms 10 nvms 2 2

real 83.48
user 0.00
sys 0.00

real 86.69
user 0.00
sys 0.00
real 86.71
user 0.01
sys 0.01
summary 2 86.71 83.03540537423595894360 949.01
rvms 8 nvms 2 2

real 73.00
user 0.00
sys 0.00

real 95.59
user 0.01
sys 0.00
real 95.60
user 0.02
sys 0.00
summary 2 95.60 75.31380753138075313807 1044.61
rvms 6 nvms 2 2

real 110.81
user 0.00
sys 0.00

real 112.48
user 0.00
sys 0.00
real 112.49
user 0.01
sys 0.01
summary 2 112.49 64.00568939461285447595 1157.10
rvms 4 nvms 2 2

real 42.05
user 0.01
sys 0.00

real 78.21
user 0.00
sys 0.00
real 78.22
user 0.02
sys 0.00
summary 2 78.22 92.04806954743032472513 1235.32
rvms 2 nvms 2 2

real 82.68
user 0.00
sys 0.00

real 115.61
user 0.00
sys 0.00
real 115.62
user 0.01
sys 0.01
summary 2 115.62 62.27296315516346652828 1350.94
total_summary #40 1350.94 106.59244674078789583549
real 1351.71
user 0.47
sys 0.32

Thu May 17 07:28:04 2012
----------------
