Log of time -p ./none 6 
Sat May 12 05:19:49 2012

rvms 40 nvms 6 6

real 44.57
user 0.00
sys 0.00

real 61.51
user 0.01
sys 0.00

real 69.54
user 0.00
sys 0.00

real 71.43
user 0.00
sys 0.00

real 76.03
user 0.00
sys 0.01

real 90.00
user 0.00
sys 0.00
real 90.04
user 0.05
sys 0.04
summary 6 90.04 239.89338071968014215904 90.04
rvms 34 nvms 6 6

real 52.19
user 0.00
sys 0.01

real 63.41
user 0.01
sys 0.00

real 79.18
user 0.01
sys 0.00

real 81.31
user 0.01
sys 0.00

real 82.22
user 0.01
sys 0.00

real 84.81
user 0.01
sys 0.00
real 84.86
user 0.08
sys 0.02
summary 6 84.86 254.53688427999057270798 174.90
rvms 28 nvms 6 6

real 39.60
user 0.00
sys 0.00

real 51.56
user 0.01
sys 0.00

real 55.30
user 0.00
sys 0.00

real 71.01
user 0.01
sys 0.00

real 72.66
user 0.00
sys 0.01

real 79.37
user 0.00
sys 0.00
real 79.40
user 0.06
sys 0.03
summary 6 79.40 272.04030226700251889168 254.30
rvms 22 nvms 6 6

real 72.03
user 0.00
sys 0.00

real 79.74
user 0.01
sys 0.00

real 85.96
user 0.00
sys 0.01

real 86.62
user 0.00
sys 0.00

real 89.19
user 0.01
sys 0.00

real 128.41
user 0.01
sys 0.00
real 128.44
user 0.05
sys 0.03
summary 6 128.44 168.17190906259732170663 382.74
rvms 16 nvms 6 6

real 42.18
user 0.00
sys 0.00

real 52.12
user 0.01
sys 0.00

real 52.19
user 0.00
sys 0.00

real 53.70
user 0.01
sys 0.00

real 63.44
user 0.00
sys 0.00

real 72.37
user 0.01
sys 0.00
real 72.39
user 0.06
sys 0.02
summary 6 72.39 298.38375466224616659759 455.13
rvms 10 nvms 6 6

real 61.79
user 0.00
sys 0.01

real 81.92
user 0.00
sys 0.01

real 84.54
user 0.00
sys 0.01

real 85.57
user 0.00
sys 0.00

real 93.23
user 0.00
sys 0.00

real 94.29
user 0.01
sys 0.00
real 94.31
user 0.03
sys 0.04
summary 6 94.31 229.03191602163079206870 549.44
rvms 4 nvms 4 4

real 55.33
user 0.01
sys 0.00

real 61.45
user 0.00
sys 0.00

real 64.07
user 0.00
sys 0.00

real 72.99
user 0.00
sys 0.00
real 73.00
user 0.03
sys 0.02
summary 4 73.00 197.26027397260273972602 622.44
total_summary #40 622.44 231.34759976865240023134
real 622.99
user 0.40
sys 0.24

Sat May 12 05:30:12 2012
----------------
