Log of time -p ./none 6 
Fri May 11 15:22:22 2012

rvms 40 nvms 6 6

real 42.48
user 0.00
sys 0.00

real 45.37
user 0.00
sys 0.00

real 45.60
user 0.01
sys 0.00

real 50.44
user 0.00
sys 0.00

real 55.18
user 0.00
sys 0.00

real 57.39
user 0.00
sys 0.01
real 57.43
user 0.05
sys 0.04
summary 6 57.43 376.11004701375587671948 57.43
rvms 34 nvms 6 6

real 43.90
user 0.00
sys 0.01

real 47.37
user 0.00
sys 0.01

real 47.61
user 0.00
sys 0.00

real 55.54
user 0.00
sys 0.01

real 56.76
user 0.00
sys 0.01

real 64.86
user 0.01
sys 0.00
real 64.91
user 0.04
sys 0.06
summary 6 64.91 332.76844862116777075951 122.34
rvms 28 nvms 6 6

real 37.44
user 0.00
sys 0.00

real 48.95
user 0.00
sys 0.00

real 51.63
user 0.01
sys 0.00

real 52.02
user 0.00
sys 0.01

real 58.28
user 0.00
sys 0.00

real 59.74
user 0.00
sys 0.01
real 59.76
user 0.03
sys 0.04
summary 6 59.76 361.44578313253012048192 182.10
rvms 22 nvms 6 6

real 50.90
user 0.00
sys 0.00

real 54.01
user 0.00
sys 0.01

real 57.35
user 0.00
sys 0.00

real 67.06
user 0.00
sys 0.00

real 68.19
user 0.00
sys 0.00

real 69.37
user 0.00
sys 0.01
real 69.40
user 0.03
sys 0.05
summary 6 69.40 311.23919308357348703170 251.50
rvms 16 nvms 6 6

real 38.89
user 0.01
sys 0.00

real 44.46
user 0.00
sys 0.01

real 47.08
user 0.01
sys 0.00

real 47.52
user 0.00
sys 0.00

real 52.19
user 0.00
sys 0.00

real 63.40
user 0.01
sys 0.00
real 63.42
user 0.06
sys 0.03
summary 6 63.42 340.58656575212866603595 314.92
rvms 10 nvms 6 6

real 40.39
user 0.00
sys 0.00

real 46.07
user 0.00
sys 0.01

real 48.60
user 0.00
sys 0.00

real 52.31
user 0.01
sys 0.00

real 53.17
user 0.00
sys 0.00

real 60.92
user 0.01
sys 0.00
real 60.93
user 0.04
sys 0.03
summary 6 60.93 354.50516986706056129985 375.85
rvms 4 nvms 4 4

real 39.98
user 0.00
sys 0.00

real 47.17
user 0.00
sys 0.00

real 48.62
user 0.01
sys 0.00

real 52.67
user 0.00
sys 0.00
real 52.67
user 0.03
sys 0.02
summary 4 52.67 273.40041769508258970951 428.52
total_summary #40 428.52 336.04032483898067768132
real 429.06
user 0.34
sys 0.30

Fri May 11 15:29:31 2012
----------------
