Log of time -p ./none 6 
Fri May 11 21:15:06 2012

rvms 40 nvms 6 6

real 41.18
user 0.01
sys 0.00

real 44.67
user 0.00
sys 0.00

real 46.74
user 0.00
sys 0.01

real 46.78
user 0.00
sys 0.00

real 57.14
user 0.00
sys 0.00

real 67.03
user 0.00
sys 0.00
real 67.07
user 0.04
sys 0.04
summary 6 67.07 322.05158789324586253168 67.07
rvms 34 nvms 6 6

real 43.13
user 0.01
sys 0.00

real 45.67
user 0.00
sys 0.00

real 48.48
user 0.01
sys 0.00

real 51.40
user 0.00
sys 0.00

real 59.91
user 0.00
sys 0.00

real 62.37
user 0.01
sys 0.00
real 62.40
user 0.06
sys 0.03
summary 6 62.40 346.15384615384615384615 129.47
rvms 28 nvms 6 6

real 35.15
user 0.00
sys 0.00

real 52.80
user 0.00
sys 0.00

real 52.90
user 0.00
sys 0.00

real 53.00
user 0.01
sys 0.00

real 63.20
user 0.00
sys 0.01

real 69.00
user 0.00
sys 0.00
real 69.03
user 0.04
sys 0.04
summary 6 69.03 312.90743155149934810951 198.50
rvms 22 nvms 6 6

real 40.15
user 0.01
sys 0.00

real 43.99
user 0.01
sys 0.00

real 48.06
user 0.00
sys 0.00

real 48.09
user 0.00
sys 0.00

real 55.32
user 0.00
sys 0.00

real 59.97
user 0.00
sys 0.00
real 60.00
user 0.05
sys 0.04
summary 6 60.00 360.00000000000000000000 258.50
rvms 16 nvms 6 6

real 41.85
user 0.00
sys 0.01

real 42.80
user 0.00
sys 0.00

real 45.37
user 0.00
sys 0.00

real 45.50
user 0.01
sys 0.00

real 58.45
user 0.01
sys 0.00

real 61.47
user 0.00
sys 0.00
real 61.49
user 0.05
sys 0.03
summary 6 61.49 351.27663034639778825825 319.99
rvms 10 nvms 6 6

real 41.54
user 0.01
sys 0.00

real 49.40
user 0.00
sys 0.00

real 52.42
user 0.01
sys 0.00

real 58.09
user 0.01
sys 0.00

real 58.77
user 0.00
sys 0.00

real 60.86
user 0.01
sys 0.00
real 60.88
user 0.06
sys 0.02
summary 6 60.88 354.79632063074901445466 380.87
rvms 4 nvms 4 4

real 37.12
user 0.00
sys 0.01

real 41.75
user 0.00
sys 0.00

real 54.01
user 0.00
sys 0.00

real 56.26
user 0.00
sys 0.01
real 56.27
user 0.01
sys 0.04
summary 4 56.27 255.90901012973165096854 437.14
total_summary #40 437.14 329.41391773802443153223
real 437.37
user 0.35
sys 0.28

Fri May 11 21:22:23 2012
----------------
