Log of time -p ./none 
Fri May 11 12:32:57 2012

rvms 40 nvms 7 7

real 47.47
user 0.00
sys 0.00

real 50.76
user 0.00
sys 0.01

real 53.70
user 0.00
sys 0.01

real 54.64
user 0.00
sys 0.00

real 60.33
user 0.01
sys 0.00

real 63.06
user 0.00
sys 0.01

real 67.21
user 0.00
sys 0.00
real 67.25
user 0.06
sys 0.05
summary 7 67.25 374.72118959107806691449 67.25
rvms 33 nvms 7 7

real 48.69
user 0.00
sys 0.00

real 49.10
user 0.00
sys 0.00

real 51.47
user 0.00
sys 0.00

real 55.94
user 0.00
sys 0.00

real 64.45
user 0.00
sys 0.00

real 66.87
user 0.01
sys 0.00

real 76.76
user 0.01
sys 0.00
real 76.80
user 0.06
sys 0.04
summary 7 76.80 328.12500000000000000000 144.05
rvms 26 nvms 7 7

real 45.09
user 0.00
sys 0.00

real 56.26
user 0.00
sys 0.00

real 58.71
user 0.00
sys 0.00

real 68.60
user 0.00
sys 0.01

real 72.70
user 0.00
sys 0.00

real 78.83
user 0.01
sys 0.00

real 80.87
user 0.01
sys 0.00
real 80.90
user 0.06
sys 0.03
summary 7 80.90 311.49567367119901112484 224.95
rvms 19 nvms 7 7

real 33.55
user 0.00
sys 0.00

real 49.04
user 0.01
sys 0.00

real 52.33
user 0.00
sys 0.00

real 70.39
user 0.00
sys 0.01

real 73.22
user 0.00
sys 0.00

real 74.48
user 0.00
sys 0.00

real 93.43
user 0.00
sys 0.01
real 93.45
user 0.05
sys 0.05
summary 7 93.45 269.66292134831460674157 318.40
rvms 12 nvms 7 7

real 60.18
user 0.01
sys 0.00

real 63.53
user 0.00
sys 0.00

real 71.63
user 0.00
sys 0.00

real 71.74
user 0.01
sys 0.00

real 72.48
user 0.00
sys 0.01

real 91.23
user 0.01
sys 0.00

real 93.16
user 0.00
sys 0.00
real 93.18
user 0.06
sys 0.03
summary 7 93.18 270.44430135222150676110 411.58
rvms 5 nvms 5 5

real 43.00
user 0.00
sys 0.00

real 47.49
user 0.01
sys 0.00

real 51.63
user 0.01
sys 0.00

real 54.42
user 0.00
sys 0.00

real 63.24
user 0.00
sys 0.00
real 63.25
user 0.04
sys 0.02
summary 5 63.25 284.58498023715415019762 474.83
total_summary #40 474.83 303.26643219678621822547
real 475.04
user 0.38
sys 0.26

Fri May 11 12:40:52 2012
----------------
