Log of time -p ./none 7 
Fri May 11 21:48:50 2012

rvms 40 nvms 7 7

real 33.60
user 0.00
sys 0.00

real 57.53
user 0.01
sys 0.00

real 65.82
user 0.00
sys 0.01

real 68.39
user 0.00
sys 0.00

real 75.58
user 0.00
sys 0.00

real 77.98
user 0.00
sys 0.00

real 81.50
user 0.00
sys 0.00
real 81.53
user 0.05
sys 0.05
summary 7 81.53 309.08867901385992886054 81.53
rvms 33 nvms 7 7

real 43.04
user 0.00
sys 0.00

real 46.82
user 0.00
sys 0.00

real 53.13
user 0.00
sys 0.00

real 59.73
user 0.00
sys 0.00

real 68.35
user 0.01
sys 0.00

real 69.44
user 0.00
sys 0.01

real 69.97
user 0.01
sys 0.00
real 70.02
user 0.06
sys 0.05
summary 7 70.02 359.89717223650385604113 151.55
rvms 26 nvms 7 7

real 45.01
user 0.00
sys 0.01

real 47.77
user 0.00
sys 0.00

real 64.63
user 0.01
sys 0.00

real 72.39
user 0.01
sys 0.00

real 73.11
user 0.00
sys 0.00

real 73.66
user 0.00
sys 0.00

real 83.82
user 0.00
sys 0.01
real 83.85
user 0.06
sys 0.04
summary 7 83.85 300.53667262969588550983 235.40
rvms 19 nvms 7 7

real 43.58
user 0.00
sys 0.00

real 52.57
user 0.00
sys 0.00

real 69.49
user 0.00
sys 0.00

real 78.40
user 0.00
sys 0.00

real 91.81
user 0.01
sys 0.00

real 97.72
user 0.01
sys 0.00

real 98.28
user 0.01
sys 0.00
real 98.30
user 0.06
sys 0.04
summary 7 98.30 256.35808748728382502543 333.70
rvms 12 nvms 7 7

real 63.45
user 0.00
sys 0.00

real 77.35
user 0.01
sys 0.00

real 77.76
user 0.00
sys 0.00

real 94.24
user 0.01
sys 0.00

real 101.36
user 0.00
sys 0.00

real 101.85
user 0.01
sys 0.00

real 104.03
user 0.00
sys 0.00
real 104.05
user 0.07
sys 0.02
summary 7 104.05 242.19125420470927438731 437.75
rvms 5 nvms 5 5

real 33.10
user 0.01
sys 0.00

real 56.16
user 0.01
sys 0.00

real 67.66
user 0.00
sys 0.00

real 73.97
user 0.00
sys 0.00

real 75.12
user 0.00
sys 0.00
real 75.13
user 0.05
sys 0.02
summary 5 75.13 239.58471981898043391454 512.88
total_summary #40 512.88 280.76743097800655124005
real 513.38
user 0.39
sys 0.25

Fri May 11 21:57:23 2012
----------------
