Log of time -p ./none 7 
Sat May 12 01:41:32 2012

rvms 40 nvms 7 7

real 45.86
user 0.01
sys 0.00

real 55.24
user 0.00
sys 0.01

real 60.88
user 0.00
sys 0.00

real 65.59
user 0.01
sys 0.00

real 66.63
user 0.00
sys 0.01

real 69.21
user 0.00
sys 0.01

real 80.97
user 0.00
sys 0.00
real 81.01
user 0.05
sys 0.06
summary 7 81.01 311.07270707320083940254 81.01
rvms 33 nvms 7 7

real 34.79
user 0.00
sys 0.00

real 50.73
user 0.00
sys 0.00

real 61.89
user 0.00
sys 0.01

real 64.33
user 0.00
sys 0.00

real 65.62
user 0.00
sys 0.01

real 66.81
user 0.01
sys 0.00

real 79.19
user 0.01
sys 0.00
real 79.24
user 0.06
sys 0.05
summary 7 79.24 318.02120141342756183745 160.25
rvms 26 nvms 7 7

real 46.26
user 0.00
sys 0.01

real 48.75
user 0.00
sys 0.00

real 48.85
user 0.00
sys 0.00

real 54.41
user 0.00
sys 0.00

real 59.99
user 0.00
sys 0.01

real 61.14
user 0.01
sys 0.00

real 69.55
user 0.00
sys 0.00
real 69.57
user 0.04
sys 0.06
summary 7 69.57 362.22509702457956015523 229.82
rvms 19 nvms 7 7

real 46.07
user 0.01
sys 0.00

real 47.98
user 0.00
sys 0.00

real 48.64
user 0.00
sys 0.00

real 58.34
user 0.00
sys 0.00

real 58.49
user 0.01
sys 0.00

real 60.04
user 0.00
sys 0.01

real 60.27
user 0.00
sys 0.01
real 60.29
user 0.05
sys 0.06
summary 7 60.29 417.97976447172001990379 290.11
rvms 12 nvms 7 7

real 38.31
user 0.00
sys 0.00

real 49.16
user 0.00
sys 0.00

real 53.79
user 0.00
sys 0.00

real 60.15
user 0.00
sys 0.00

real 61.10
user 0.00
sys 0.00

real 62.37
user 0.00
sys 0.00

real 64.94
user 0.00
sys 0.00
real 64.96
user 0.04
sys 0.05
summary 7 64.96 387.93103448275862068965 355.07
rvms 5 nvms 5 5

real 40.20
user 0.00
sys 0.00

real 40.93
user 0.00
sys 0.00

real 48.35
user 0.01
sys 0.00

real 58.09
user 0.00
sys 0.00

real 66.80
user 0.00
sys 0.00
real 66.81
user 0.04
sys 0.02
summary 5 66.81 269.42074539739559946115 421.88
total_summary #40 421.88 341.32928794917986157201
real 422.39
user 0.32
sys 0.33

Sat May 12 01:48:34 2012
----------------
