Log of time -p ./none 7 
Sat May 12 05:56:11 2012

rvms 40 nvms 7 7

real 45.02
user 0.00
sys 0.00

real 51.87
user 0.00
sys 0.00

real 52.14
user 0.01
sys 0.00

real 53.12
user 0.00
sys 0.00

real 57.47
user 0.00
sys 0.00

real 64.69
user 0.00
sys 0.00

real 72.43
user 0.00
sys 0.00
real 72.48
user 0.06
sys 0.04
summary 7 72.48 347.68211920529801324503 72.48
rvms 33 nvms 7 7

real 61.48
user 0.01
sys 0.00

real 65.24
user 0.00
sys 0.01

real 66.72
user 0.00
sys 0.01

real 68.05
user 0.00
sys 0.01

real 70.52
user 0.00
sys 0.01

real 75.38
user 0.00
sys 0.00

real 89.53
user 0.01
sys 0.00
real 89.58
user 0.05
sys 0.06
summary 7 89.58 281.31279303415941058271 162.06
rvms 26 nvms 7 7

real 33.51
user 0.00
sys 0.00

real 61.13
user 0.00
sys 0.01

real 64.09
user 0.01
sys 0.00

real 64.38
user 0.01
sys 0.00

real 76.08
user 0.00
sys 0.00

real 103.24
user 0.00
sys 0.01

real 128.55
user 0.00
sys 0.00
real 128.58
user 0.05
sys 0.05
summary 7 128.58 195.98693420438637424171 290.64
rvms 19 nvms 7 7

real 50.34
user 0.00
sys 0.00

real 58.86
user 0.00
sys 0.00

real 60.03
user 0.00
sys 0.00

real 63.49
user 0.00
sys 0.00

real 70.31
user 0.00
sys 0.01

real 70.61
user 0.01
sys 0.00

real 72.15
user 0.00
sys 0.01
real 72.17
user 0.04
sys 0.05
summary 7 72.17 349.17555771096023278370 362.81
rvms 12 nvms 7 7

real 63.95
user 0.00
sys 0.00

real 68.25
user 0.00
sys 0.00

real 75.15
user 0.00
sys 0.01

real 76.91
user 0.00
sys 0.01

real 81.21
user 0.00
sys 0.00

real 91.13
user 0.00
sys 0.00

real 100.69
user 0.00
sys 0.00
real 100.70
user 0.04
sys 0.05
summary 7 100.70 250.24826216484607745779 463.51
rvms 5 nvms 5 5

real 36.47
user 0.00
sys 0.00

real 45.19
user 0.00
sys 0.01

real 54.18
user 0.00
sys 0.00

real 65.41
user 0.00
sys 0.00

real 66.44
user 0.01
sys 0.00
real 66.46
user 0.03
sys 0.02
summary 5 66.46 270.83960276858260607884 529.97
total_summary #40 529.97 271.71349321659716587731
real 530.49
user 0.34
sys 0.32

Sat May 12 06:05:02 2012
----------------
