Log of time -p ./none 8 
Sat May 12 06:38:29 2012

rvms 40 nvms 8 8

real 48.04
user 0.00
sys 0.00

real 52.93
user 0.01
sys 0.00

real 53.18
user 0.00
sys 0.00

real 60.64
user 0.00
sys 0.00

real 63.56
user 0.00
sys 0.00

real 68.99
user 0.00
sys 0.00

real 73.82
user 0.00
sys 0.01

real 76.64
user 0.00
sys 0.00
real 76.68
user 0.06
sys 0.06
summary 8 76.68 375.58685446009389671361 76.68
rvms 32 nvms 8 8

real 36.32
user 0.00
sys 0.00

real 51.87
user 0.00
sys 0.01

real 57.63
user 0.00
sys 0.00

real 58.16
user 0.01
sys 0.00

real 58.50
user 0.00
sys 0.01

real 60.82
user 0.00
sys 0.01

real 63.72
user 0.00
sys 0.00

real 74.05
user 0.00
sys 0.01
real 74.10
user 0.05
sys 0.07
summary 8 74.10 388.66396761133603238866 150.78
rvms 24 nvms 8 8

real 51.26
user 0.00
sys 0.01

real 53.87
user 0.00
sys 0.00

real 55.92
user 0.01
sys 0.00

real 56.27
user 0.00
sys 0.00

real 61.47
user 0.01
sys 0.00

real 62.15
user 0.00
sys 0.00

real 64.96
user 0.00
sys 0.00

real 67.45
user 0.00
sys 0.00
real 67.48
user 0.06
sys 0.06
summary 8 67.48 426.79312388855957320687 218.26
rvms 16 nvms 8 8

real 50.12
user 0.00
sys 0.00

real 50.99
user 0.00
sys 0.00

real 59.08
user 0.00
sys 0.00

real 69.41
user 0.00
sys 0.00

real 70.27
user 0.00
sys 0.00

real 84.21
user 0.00
sys 0.00

real 93.68
user 0.00
sys 0.00

real 112.40
user 0.00
sys 0.00
real 112.41
user 0.06
sys 0.05
summary 8 112.41 256.20496397117694155324 330.67
rvms 8 nvms 8 8

real 55.69
user 0.00
sys 0.00

real 59.87
user 0.00
sys 0.00

real 64.72
user 0.01
sys 0.00

real 68.59
user 0.00
sys 0.00

real 73.89
user 0.00
sys 0.00

real 76.83
user 0.00
sys 0.00

real 78.89
user 0.00
sys 0.00

real 84.39
user 0.00
sys 0.00
real 84.40
user 0.06
sys 0.05
summary 8 84.40 341.23222748815165876777 415.07
total_summary #40 415.07 346.92943358951502156262
real 415.56
user 0.32
sys 0.30

Sat May 12 06:45:24 2012
----------------
