Log of time -p ./none 8 
Sat May 12 22:58:21 2012

rvms 40 nvms 8 8

real 48.19
user 0.01
sys 0.00

real 56.49
user 0.01
sys 0.00

real 58.58
user 0.01
sys 0.00

real 63.33
user 0.01
sys 0.00

real 63.86
user 0.01
sys 0.00

real 65.75
user 0.00
sys 0.00

real 71.69
user 0.00
sys 0.00

real 72.16
user 0.01
sys 0.00
real 72.20
user 0.09
sys 0.03
summary 8 72.20 398.89196675900277008310 72.20
rvms 32 nvms 8 8

real 55.55
user 0.00
sys 0.00

real 58.42
user 0.00
sys 0.01

real 69.53
user 0.00
sys 0.00

real 73.54
user 0.00
sys 0.00

real 75.68
user 0.01
sys 0.00

real 75.79
user 0.01
sys 0.00

real 77.22
user 0.00
sys 0.01

real 78.19
user 0.01
sys 0.00
real 78.24
user 0.07
sys 0.06
summary 8 78.24 368.09815950920245398773 150.44
rvms 24 nvms 8 8

real 38.87
user 0.01
sys 0.00

real 51.12
user 0.00
sys 0.00

real 66.35
user 0.00
sys 0.00

real 69.57
user 0.00
sys 0.01

real 69.58
user 0.00
sys 0.00

real 72.02
user 0.00
sys 0.00

real 77.03
user 0.00
sys 0.00

real 80.26
user 0.00
sys 0.01
real 80.28
user 0.05
sys 0.06
summary 8 80.28 358.74439461883408071748 230.72
rvms 16 nvms 8 8

real 48.07
user 0.00
sys 0.00

real 55.40
user 0.01
sys 0.00

real 58.34
user 0.00
sys 0.00

real 65.49
user 0.00
sys 0.00

real 65.97
user 0.00
sys 0.00

real 66.29
user 0.00
sys 0.00

real 70.22
user 0.00
sys 0.00

real 92.37
user 0.01
sys 0.00
real 92.39
user 0.07
sys 0.04
summary 8 92.39 311.72204784067539777032 323.11
rvms 8 nvms 8 8

real 56.18
user 0.00
sys 0.00

real 60.90
user 0.00
sys 0.00

real 62.69
user 0.00
sys 0.00

real 63.05
user 0.01
sys 0.00

real 63.52
user 0.01
sys 0.00

real 68.26
user 0.00
sys 0.00

real 74.59
user 0.00
sys 0.00

real 80.24
user 0.00
sys 0.01
real 80.25
user 0.06
sys 0.05
summary 8 80.25 358.87850467289719626168 403.36
total_summary #40 403.36 357.00119000396667988893
real 403.84
user 0.38
sys 0.27

Sat May 12 23:05:04 2012
----------------
