Log of time -p ./none 
Fri May 11 13:11:15 2012

rvms 40 nvms 8 8

real 42.23
user 0.00
sys 0.00

real 43.63
user 0.00
sys 0.00

real 53.35
user 0.00
sys 0.01

real 57.27
user 0.00
sys 0.00

real 59.20
user 0.00
sys 0.00

real 69.38
user 0.01
sys 0.00

real 69.50
user 0.00
sys 0.00

real 91.75
user 0.00
sys 0.00
real 91.79
user 0.06
sys 0.06
summary 8 91.79 313.75966880923847913716 91.79
rvms 32 nvms 8 8

real 45.14
user 0.01
sys 0.00

real 46.41
user 0.00
sys 0.01

real 58.28
user 0.01
sys 0.00

real 62.03
user 0.00
sys 0.00

real 64.19
user 0.00
sys 0.00

real 69.62
user 0.00
sys 0.01

real 72.10
user 0.00
sys 0.01

real 73.83
user 0.00
sys 0.00
real 73.86
user 0.06
sys 0.06
summary 8 73.86 389.92688870836718115353 165.65
rvms 24 nvms 8 8

real 37.82
user 0.00
sys 0.00

real 49.05
user 0.00
sys 0.00

real 49.58
user 0.01
sys 0.00

real 73.45
user 0.00
sys 0.00

real 73.92
user 0.00
sys 0.00

real 78.22
user 0.00
sys 0.01

real 78.62
user 0.00
sys 0.00

real 84.45
user 0.01
sys 0.00
real 84.47
user 0.06
sys 0.06
summary 8 84.47 340.94944950870131407600 250.12
rvms 16 nvms 8 8

real 46.78
user 0.00
sys 0.00

real 50.80
user 0.01
sys 0.00

real 55.91
user 0.00
sys 0.01

real 56.85
user 0.00
sys 0.00

real 60.65
user 0.00
sys 0.00

real 64.75
user 0.00
sys 0.00

real 71.79
user 0.00
sys 0.00

real 72.51
user 0.00
sys 0.00
real 72.53
user 0.05
sys 0.06
summary 8 72.53 397.07707155659727009513 322.65
rvms 8 nvms 8 8

real 45.32
user 0.00
sys 0.00

real 56.05
user 0.00
sys 0.00

real 56.51
user 0.01
sys 0.00

real 63.66
user 0.00
sys 0.00

real 67.19
user 0.01
sys 0.00

real 68.11
user 0.00
sys 0.00

real 70.74
user 0.00
sys 0.01

real 75.60
user 0.00
sys 0.00
real 75.61
user 0.05
sys 0.05
summary 8 75.61 380.90199709033196667107 398.26
total_summary #40 398.26 361.57284186210013558981
real 398.55
user 0.32
sys 0.31

Fri May 11 13:17:53 2012
----------------
