Log of time -p ./none 8 
Sat May 12 02:17:10 2012

rvms 40 nvms 8 8

real 37.15
user 0.00
sys 0.01

real 48.04
user 0.01
sys 0.00

real 52.33
user 0.00
sys 0.00

real 56.80
user 0.00
sys 0.00

real 57.12
user 0.00
sys 0.00

real 66.73
user 0.01
sys 0.00

real 69.60
user 0.00
sys 0.01

real 72.02
user 0.00
sys 0.00
real 72.05
user 0.07
sys 0.06
summary 8 72.05 399.72241498959056210964 72.05
rvms 32 nvms 8 8

real 50.84
user 0.00
sys 0.01

real 55.14
user 0.00
sys 0.01

real 55.17
user 0.00
sys 0.00

real 60.09
user 0.01
sys 0.00

real 64.25
user 0.00
sys 0.01

real 64.97
user 0.00
sys 0.01

real 72.50
user 0.01
sys 0.00

real 74.29
user 0.00
sys 0.00
real 74.34
user 0.06
sys 0.06
summary 8 74.34 387.40920096852300242130 146.39
rvms 24 nvms 8 8

real 42.54
user 0.00
sys 0.00

real 47.58
user 0.00
sys 0.00

real 57.86
user 0.01
sys 0.00

real 58.36
user 0.01
sys 0.00

real 63.86
user 0.01
sys 0.00

real 72.88
user 0.00
sys 0.00

real 74.38
user 0.00
sys 0.00

real 77.06
user 0.00
sys 0.00
real 77.09
user 0.07
sys 0.04
summary 8 77.09 373.58931119470748475807 223.48
rvms 16 nvms 8 8

real 44.82
user 0.00
sys 0.00

real 50.67
user 0.00
sys 0.00

real 51.63
user 0.00
sys 0.00

real 53.26
user 0.00
sys 0.00

real 57.60
user 0.00
sys 0.00

real 60.38
user 0.01
sys 0.00

real 61.65
user 0.00
sys 0.00

real 75.26
user 0.00
sys 0.00
real 75.28
user 0.06
sys 0.05
summary 8 75.28 382.57173219978746014877 298.76
rvms 8 nvms 8 8

real 52.86
user 0.00
sys 0.01

real 65.92
user 0.00
sys 0.00

real 66.92
user 0.00
sys 0.00

real 67.36
user 0.00
sys 0.00

real 70.93
user 0.01
sys 0.00

real 73.56
user 0.01
sys 0.00

real 74.77
user 0.00
sys 0.00

real 77.71
user 0.00
sys 0.00
real 77.72
user 0.06
sys 0.05
summary 8 77.72 370.56098816263510036026 376.48
total_summary #40 376.48 382.49043773905652358691
real 376.94
user 0.35
sys 0.29

Sat May 12 02:23:27 2012
----------------
