Log of time -p ./none 9 
Fri May 11 17:09:53 2012

rvms 40 nvms 9 9

real 53.41
user 0.01
sys 0.00

real 55.08
user 0.00
sys 0.00

real 56.43
user 0.00
sys 0.00

real 58.65
user 0.00
sys 0.00

real 64.21
user 0.00
sys 0.00

real 66.62
user 0.01
sys 0.00

real 73.43
user 0.00
sys 0.00

real 74.16
user 0.01
sys 0.00

real 78.03
user 0.01
sys 0.00
real 78.07
user 0.09
sys 0.04
summary 9 78.07 415.01216856667093633918 78.07
rvms 31 nvms 9 9

real 40.84
user 0.01
sys 0.00

real 56.97
user 0.00
sys 0.00

real 64.95
user 0.00
sys 0.01

real 71.10
user 0.00
sys 0.00

real 72.08
user 0.01
sys 0.00

real 72.44
user 0.00
sys 0.00

real 78.87
user 0.01
sys 0.00

real 78.96
user 0.00
sys 0.00

real 83.19
user 0.01
sys 0.00
real 83.24
user 0.08
sys 0.05
summary 9 83.24 389.23594425756847669389 161.31
rvms 22 nvms 9 9

real 36.33
user 0.01
sys 0.00

real 59.56
user 0.00
sys 0.00

real 68.11
user 0.00
sys 0.00

real 68.13
user 0.00
sys 0.00

real 69.05
user 0.00
sys 0.01

real 72.68
user 0.00
sys 0.01

real 72.92
user 0.00
sys 0.00

real 74.89
user 0.00
sys 0.01

real 77.70
user 0.00
sys 0.00
real 77.72
user 0.06
sys 0.06
summary 9 77.72 416.88111168296448790530 239.03
rvms 13 nvms 9 9

real 46.51
user 0.00
sys 0.00

real 55.79
user 0.01
sys 0.00

real 61.91
user 0.00
sys 0.00

real 70.64
user 0.00
sys 0.01

real 71.39
user 0.00
sys 0.00

real 78.43
user 0.01
sys 0.00

real 79.62
user 0.00
sys 0.01

real 81.39
user 0.00
sys 0.01

real 83.01
user 0.00
sys 0.01
real 83.03
user 0.05
sys 0.07
summary 9 83.03 390.22040226424184029868 322.06
rvms 4 nvms 4 4

real 54.70
user 0.00
sys 0.00

real 54.76
user 0.00
sys 0.00

real 65.67
user 0.00
sys 0.01

real 79.39
user 0.01
sys 0.00
real 79.40
user 0.02
sys 0.02
summary 4 79.40 181.36020151133501259445 401.46
total_summary #40 401.46 358.69077865789866985502
real 401.81
user 0.34
sys 0.28

Fri May 11 17:16:35 2012
----------------
