Log of time -p ./none 9 
Fri May 11 23:29:06 2012

rvms 40 nvms 9 9

real 41.13
user 0.00
sys 0.01

real 56.75
user 0.00
sys 0.00

real 66.67
user 0.00
sys 0.00

real 73.94
user 0.00
sys 0.01

real 75.47
user 0.00
sys 0.00

real 76.25
user 0.01
sys 0.00

real 77.13
user 0.00
sys 0.00

real 77.32
user 0.00
sys 0.00

real 83.90
user 0.01
sys 0.00
real 83.94
user 0.07
sys 0.07
summary 9 83.94 385.98999285203716940671 83.94
rvms 31 nvms 9 9

real 47.49
user 0.01
sys 0.00

real 53.10
user 0.00
sys 0.00

real 65.64
user 0.00
sys 0.00

real 78.58
user 0.00
sys 0.01

real 79.98
user 0.00
sys 0.01

real 82.64
user 0.00
sys 0.00

real 86.79
user 0.00
sys 0.00

real 89.56
user 0.01
sys 0.00

real 103.31
user 0.00
sys 0.01
real 103.35
user 0.06
sys 0.07
summary 9 103.35 313.49782293178519593613 187.29
rvms 22 nvms 9 9

real 59.47
user 0.01
sys 0.00

real 62.00
user 0.00
sys 0.01

real 64.80
user 0.00
sys 0.01

real 65.60
user 0.00
sys 0.00

real 66.04
user 0.00
sys 0.00

real 68.30
user 0.01
sys 0.00

real 74.91
user 0.00
sys 0.00

real 89.99
user 0.00
sys 0.01

real 90.23
user 0.01
sys 0.00
real 90.25
user 0.07
sys 0.06
summary 9 90.25 359.00277008310249307479 277.54
rvms 13 nvms 9 9

real 45.35
user 0.01
sys 0.00

real 61.35
user 0.00
sys 0.00

real 71.69
user 0.01
sys 0.00

real 78.41
user 0.00
sys 0.00

real 90.67
user 0.01
sys 0.00

real 92.08
user 0.01
sys 0.00

real 95.37
user 0.00
sys 0.01

real 96.46
user 0.01
sys 0.00

real 99.24
user 0.00
sys 0.00
real 99.25
user 0.08
sys 0.04
summary 9 99.25 326.44836272040302267002 376.79
rvms 4 nvms 4 4

real 39.38
user 0.00
sys 0.01

real 44.87
user 0.00
sys 0.00

real 50.90
user 0.00
sys 0.00

real 60.36
user 0.01
sys 0.00
real 60.37
user 0.03
sys 0.02
summary 4 60.37 238.52907073049527911214 437.16
total_summary #40 437.16 329.39884710403513587702
real 437.65
user 0.36
sys 0.28

Fri May 11 23:36:23 2012
----------------
