Log of time -p ./none 9 
Sat May 12 02:49:41 2012

rvms 40 nvms 9 9

real 38.12
user 0.00
sys 0.00

real 42.24
user 0.00
sys 0.01

real 54.46
user 0.00
sys 0.01

real 66.95
user 0.00
sys 0.00

real 72.85
user 0.00
sys 0.01

real 75.09
user 0.01
sys 0.00

real 78.73
user 0.01
sys 0.00

real 79.52
user 0.00
sys 0.00

real 80.02
user 0.00
sys 0.00
real 80.06
user 0.06
sys 0.08
summary 9 80.06 404.69647764176867349487 80.06
rvms 31 nvms 9 9

real 53.21
user 0.00
sys 0.00

real 58.17
user 0.00
sys 0.01

real 63.49
user 0.01
sys 0.00

real 63.72
user 0.00
sys 0.00

real 65.63
user 0.00
sys 0.00

real 66.40
user 0.00
sys 0.01

real 67.36
user 0.01
sys 0.00

real 68.18
user 0.00
sys 0.01

real 70.05
user 0.01
sys 0.00
real 70.10
user 0.08
sys 0.06
summary 9 70.10 462.19686162624821683309 150.16
rvms 22 nvms 9 9

real 57.70
user 0.01
sys 0.00

real 58.91
user 0.00
sys 0.00

real 62.45
user 0.00
sys 0.00

real 62.87
user 0.00
sys 0.00

real 66.97
user 0.01
sys 0.00

real 67.77
user 0.00
sys 0.00

real 67.79
user 0.01
sys 0.00

real 68.86
user 0.01
sys 0.00

real 74.27
user 0.00
sys 0.00
real 74.30
user 0.09
sys 0.04
summary 9 74.30 436.06998654104979811574 224.46
rvms 13 nvms 9 9

real 46.60
user 0.01
sys 0.00

real 56.92
user 0.00
sys 0.00

real 60.53
user 0.00
sys 0.00

real 60.76
user 0.00
sys 0.00

real 65.77
user 0.00
sys 0.00

real 67.31
user 0.00
sys 0.01

real 70.13
user 0.00
sys 0.00

real 72.11
user 0.01
sys 0.00

real 87.66
user 0.00
sys 0.00
real 87.68
user 0.06
sys 0.06
summary 9 87.68 369.52554744525547445255 312.14
rvms 4 nvms 4 4

real 44.34
user 0.00
sys 0.00

real 51.62
user 0.00
sys 0.00

real 66.19
user 0.00
sys 0.00

real 67.70
user 0.00
sys 0.00
real 67.71
user 0.02
sys 0.02
summary 4 67.71 212.67168808152414709791 379.85
total_summary #40 379.85 379.09701197841253126234
real 380.32
user 0.35
sys 0.30

Sat May 12 02:56:01 2012
----------------
