Log of time -p ./aimd 
Mon May  7 11:42:05 2012

rvms 40 cwnd 8 8

real 83.96
user 0.00
sys 0.00

real 88.82
user 0.01
sys 0.00

real 92.44
user 0.00
sys 0.00

real 99.81
user 0.00
sys 0.00

real 118.15
user 0.01
sys 0.00

real 119.88
user 0.00
sys 0.00

real 124.54
user 0.00
sys 0.00

real 137.31
user 0.01
sys 0.00
real 137.35
user 0.07
sys 0.04
summary 8 137.35 209.68329086275937386239 137.35
rvms 32 cwnd 9 9

real 108.50
user 0.01
sys 0.00

real 113.78
user 0.01
sys 0.00

real 119.13
user 0.01
sys 0.00

real 120.80
user 0.00
sys 0.01

real 123.93
user 0.00
sys 0.00

real 125.43
user 0.00
sys 0.00

real 126.44
user 0.00
sys 0.01

real 130.78
user 0.01
sys 0.00

real 141.01
user 0.00
sys 0.00
real 141.04
user 0.09
sys 0.06
summary 9 141.04 229.72206466250709018718 278.39
rvms 23 cwnd 10 10

real 57.13
user 0.00
sys 0.00

real 78.53
user 0.00
sys 0.01

real 92.51
user 0.00
sys 0.00

real 98.51
user 0.01
sys 0.00

real 101.91
user 0.00
sys 0.01

real 103.07
user 0.00
sys 0.00

real 103.79
user 0.00
sys 0.00

real 108.21
user 0.01
sys 0.00

real 111.48
user 0.00
sys 0.00

real 117.62
user 0.00
sys 0.01
real 117.66
user 0.08
sys 0.08
summary 10 117.66 305.96634370219275879653 396.05
rvms 13 cwnd 11 11

real 78.45
user 0.00
sys 0.00

real 79.77
user 0.00
sys 0.00

real 91.22
user 0.01
sys 0.00

real 92.51
user 0.00
sys 0.00

real 119.18
user 0.00
sys 0.00

real 124.42
user 0.01
sys 0.00

real 127.65
user 0.00
sys 0.01

real 130.14
user 0.00
sys 0.00

real 135.33
user 0.01
sys 0.00

real 139.02
user 0.01
sys 0.00

real 139.28
user 0.00
sys 0.00
real 139.30
user 0.10
sys 0.06
summary 11 139.30 284.27853553481694185211 535.35
rvms 2 cwnd 2 2

real 39.20
user 0.01
sys 0.00

real 58.97
user 0.00
sys 0.00
real 58.98
user 0.02
sys 0.00
summary 2 58.98 122.07527975584944048830 594.33
total_summary 40 594.33 242.28963707031447175811
real 594.81
user 0.40
sys 0.26

Mon May  7 11:52:00 2012
----------------
