Log of time -p ./aimd 
Wed May  9 10:34:05 2012

rvms 50 cwnd 1 1

real 30.10
user 0.00
sys 0.01
real 30.15
user 0.01
sys 0.01
summary 1 30.15 119.40298507462686567164 30.15
rvms 49 cwnd 2 2

real 32.29
user 0.01
sys 0.00

real 33.53
user 0.01
sys 0.00
real 33.58
user 0.03
sys 0.00
summary 2 33.58 214.41334127456819535437 63.73
rvms 47 cwnd 4 4

real 44.98
user 0.00
sys 0.00

real 47.87
user 0.00
sys 0.01

real 75.02
user 0.00
sys 0.01

real 87.51
user 0.01
sys 0.00
real 87.55
user 0.03
sys 0.03
summary 4 87.55 164.47744146202170188463 151.28
rvms 43 cwnd 2 2

real 53.37
user 0.00
sys 0.00

real 77.12
user 0.01
sys 0.00
real 77.16
user 0.02
sys 0.01
summary 2 77.16 93.31259720062208398133 228.44
rvms 41 cwnd 3 3

real 36.74
user 0.01
sys 0.00

real 47.47
user 0.00
sys 0.01

real 77.44
user 0.01
sys 0.00
real 77.48
user 0.03
sys 0.01
summary 3 77.48 139.39081053175012906556 305.92
rvms 38 cwnd 4 4

real 72.00
user 0.00
sys 0.00

real 80.28
user 0.01
sys 0.00

real 89.08
user 0.01
sys 0.00

real 91.16
user 0.00
sys 0.00
real 91.19
user 0.04
sys 0.02
summary 4 91.19 157.91205176006141024235 397.11
rvms 34 cwnd 5 5

real 74.24
user 0.00
sys 0.00

real 77.65
user 0.01
sys 0.00

real 78.16
user 0.00
sys 0.00

real 80.92
user 0.01
sys 0.00

real 81.41
user 0.00
sys 0.00
real 81.45
user 0.05
sys 0.03
summary 5 81.45 220.99447513812154696132 478.56
rvms 29 cwnd 6 6

real 64.77
user 0.01
sys 0.00

real 70.93
user 0.00
sys 0.00

real 77.58
user 0.00
sys 0.00

real 87.22
user 0.01
sys 0.00

real 95.93
user 0.01
sys 0.00

real 95.98
user 0.00
sys 0.00
real 96.01
user 0.07
sys 0.02
summary 6 96.01 224.97656494115196333715 574.57
rvms 23 cwnd 7 7

real 60.79
user 0.01
sys 0.00

real 65.96
user 0.01
sys 0.00

real 72.37
user 0.01
sys 0.00

real 72.56
user 0.00
sys 0.01

real 73.26
user 0.00
sys 0.00

real 75.19
user 0.00
sys 0.00

real 88.11
user 0.01
sys 0.00
real 88.13
user 0.07
sys 0.02
summary 7 88.13 285.94122319301032565528 662.70
rvms 16 cwnd 8 8

real 50.57
user 0.00
sys 0.00

real 54.16
user 0.00
sys 0.00

real 57.94
user 0.00
sys 0.00

real 59.11
user 0.01
sys 0.00

real 61.21
user 0.00
sys 0.01

real 63.04
user 0.00
sys 0.00

real 66.19
user 0.01
sys 0.00

real 81.36
user 0.00
sys 0.00
real 81.38
user 0.07
sys 0.05
summary 8 81.38 353.89530597198328827721 744.08
rvms 8 cwnd 8 8

real 73.69
user 0.00
sys 0.01

real 75.27
user 0.01
sys 0.00

real 77.01
user 0.01
sys 0.00

real 86.75
user 0.00
sys 0.01

real 87.56
user 0.00
sys 0.00

real 91.51
user 0.01
sys 0.00

real 95.24
user 0.00
sys 0.00

real 105.62
user 0.00
sys 0.00
real 105.63
user 0.06
sys 0.05
summary 8 105.63 272.64981539335416074978 849.71
total_summary #50 849.71 211.83697967541867225288
real 850.32
user 0.58
sys 0.34

Wed May  9 10:48:16 2012
----------------
