Log of time -p ./aimd 
Wed May  9 21:46:28 2012

rvms 45 cwnd 1 1

real 128.16
user 0.00
sys 0.00
real 128.21
user 0.01
sys 0.01
summary 1 128.21 28.07893300054597925278 128.21
rvms 44 cwnd 2 2

real 113.14
user 0.01
sys 0.00

real 145.33
user 0.01
sys 0.00
real 145.37
user 0.02
sys 0.01
summary 2 145.37 49.52878860837862007291 273.58
rvms 42 cwnd 4 4

real 102.08
user 0.00
sys 0.00

real 172.60
user 0.00
sys 0.01

real 177.01
user 0.01
sys 0.00

real 193.47
user 0.01
sys 0.00
real 193.51
user 0.04
sys 0.03
summary 4 193.51 74.41475892718722546638 467.09
rvms 38 cwnd 8 8

real 75.66
user 0.00
sys 0.01

real 82.48
user 0.00
sys 0.00

real 96.42
user 0.00
sys 0.01

real 113.89
user 0.00
sys 0.00

real 122.26
user 0.00
sys 0.00

real 122.68
user 0.01
sys 0.00

real 125.27
user 0.00
sys 0.00

real 136.22
user 0.00
sys 0.00
real 136.26
user 0.06
sys 0.07
summary 8 136.26 211.36063408190224570673 603.35
rvms 30 cwnd 9 9

real 78.72
user 0.01
sys 0.00

real 99.33
user 0.00
sys 0.01

real 106.64
user 0.02
sys 0.00

real 108.04
user 0.01
sys 0.00

real 108.74
user 0.00
sys 0.00

real 109.19
user 0.01
sys 0.00

real 121.55
user 0.00
sys 0.00

real 137.42
user 0.01
sys 0.00

real 138.53
user 0.00
sys 0.00
real 138.57
user 0.10
sys 0.04
summary 9 138.57 233.81684347261311972288 741.92
rvms 21 cwnd 10 10

real 107.87
user 0.00
sys 0.00

real 121.76
user 0.02
sys 0.00

real 123.77
user 0.01
sys 0.00

real 128.75
user 0.01
sys 0.00

real 129.52
user 0.00
sys 0.00

real 133.39
user 0.01
sys 0.00

real 139.15
user 0.00
sys 0.00

real 140.63
user 0.00
sys 0.00

real 145.89
user 0.00
sys 0.00

real 152.70
user 0.00
sys 0.01
real 152.72
user 0.10
sys 0.04
summary 10 152.72 235.72551073860660031430 894.64
rvms 11 cwnd 11 11

real 76.80
user 0.01
sys 0.00

real 122.30
user 0.00
sys 0.00

real 144.07
user 0.00
sys 0.00

real 154.25
user 0.00
sys 0.01

real 155.64
user 0.00
sys 0.00

real 158.73
user 0.01
sys 0.00

real 161.27
user 0.00
sys 0.00

real 168.83
user 0.01
sys 0.00

real 174.24
user 0.00
sys 0.01

real 178.39
user 0.01
sys 0.00

real 180.45
user 0.01
sys 0.00
real 180.46
user 0.11
sys 0.05
summary 11 180.46 219.43921090546381469577 1075.10
total_summary #45 1075.10 150.68365733420146963073
real 1075.51
user 0.49
sys 0.30

Wed May  9 22:04:24 2012
----------------
