Log of time -p ./aimd 
Wed May  9 23:25:28 2012

rvms 40 cwnd 1 1

real 108.74
user 0.01
sys 0.00
real 108.78
user 0.02
sys 0.00
summary 1 108.78 33.09431880860452289023 108.78
rvms 39 cwnd 2 2

real 57.40
user 0.00
sys 0.00

real 93.02
user 0.01
sys 0.00
real 93.06
user 0.02
sys 0.01
summary 2 93.06 77.36943907156673114119 201.84
rvms 37 cwnd 4 4

real 110.48
user 0.00
sys 0.01

real 112.46
user 0.01
sys 0.00

real 116.41
user 0.01
sys 0.00

real 122.69
user 0.00
sys 0.01
real 122.73
user 0.04
sys 0.03
summary 4 122.73 117.33072598386702517721 324.57
rvms 33 cwnd 8 8

real 78.88
user 0.00
sys 0.00

real 131.51
user 0.00
sys 0.00

real 144.70
user 0.00
sys 0.01

real 148.96
user 0.01
sys 0.00

real 165.21
user 0.01
sys 0.00

real 169.36
user 0.01
sys 0.00

real 179.06
user 0.01
sys 0.00

real 181.50
user 0.00
sys 0.00
real 181.53
user 0.07
sys 0.04
summary 8 181.53 158.65146256817055032226 506.10
rvms 25 cwnd 9 9

real 121.01
user 0.01
sys 0.00

real 139.43
user 0.00
sys 0.01

real 146.44
user 0.00
sys 0.00

real 147.75
user 0.01
sys 0.00

real 157.25
user 0.00
sys 0.01

real 160.02
user 0.00
sys 0.01

real 162.55
user 0.00
sys 0.00

real 163.07
user 0.01
sys 0.00

real 173.41
user 0.00
sys 0.00
real 173.44
user 0.06
sys 0.08
summary 9 173.44 186.80811808118081180811 679.54
rvms 16 cwnd 10 10

real 93.26
user 0.00
sys 0.01

real 106.68
user 0.00
sys 0.00

real 132.14
user 0.01
sys 0.00

real 143.80
user 0.00
sys 0.00

real 149.22
user 0.00
sys 0.00

real 152.31
user 0.02
sys 0.00

real 154.22
user 0.00
sys 0.01

real 154.40
user 0.00
sys 0.00

real 157.99
user 0.00
sys 0.00

real 181.55
user 0.00
sys 0.00
real 181.58
user 0.08
sys 0.06
summary 10 181.58 198.25972023350589271946 861.12
rvms 6 cwnd 6 6

real 72.80
user 0.00
sys 0.00

real 87.22
user 0.01
sys 0.00

real 90.97
user 0.00
sys 0.00

real 92.73
user 0.01
sys 0.00

real 97.18
user 0.00
sys 0.00

real 112.28
user 0.00
sys 0.01
real 112.29
user 0.06
sys 0.03
summary 6 112.29 192.35907026449372161367 973.41
total_summary #40 973.41 147.93355317903041883687
real 973.77
user 0.39
sys 0.31

Wed May  9 23:41:41 2012
----------------
