144KB 287KB
1.42MB 3.12MB
7.41MB 17.9MB
9.92MB 37.8MB
11.5MB 60.8MB
12.0MB 84.9MB
12.4MB 110MB
12.1MB 134MB
12.5MB 159MB
13.4MB 186MB
14.6MB 215MB
13.2MB 241MB
14.4MB 270MB
15.9MB 302MB
13.6MB 329MB
12.7MB 354MB
12.9MB 380MB
10.4MB 401MB
11.4MB 424MB
11.4MB 447MB
11.5MB 470MB
11.4MB 492MB
12.4MB 517MB
13.6MB 544MB
15.8MB 576MB
19.8MB 615MB
17.1MB 650MB
19.7MB 689MB
21.2MB 732MB
21.9MB 775MB
17.6MB 810MB
17.7MB 846MB
18.4MB 883MB
18.5MB 920MB
18.5MB 957MB
17.6MB 992MB
15.4MB 1.00GB
14.8MB 1.03GB
13.7MB 1.05GB
12.5MB 1.08GB
8.14MB 1.09GB
0B 1.09GB
0B 1.09GB
0B 1.09GB
0B 1.09GB
