316KB 631KB
316KB 631KB
2.70MB 6.02MB
7.04MB 20.1MB
8.18MB 36.5MB
9.30MB 55.1MB
9.12MB 73.3MB
9.37MB 92.0MB
9.30MB 111MB
10.1MB 131MB
11.6MB 154MB
14.2MB 182MB
16.7MB 216MB
15.6MB 247MB
15.1MB 277MB
14.0MB 305MB
13.6MB 333MB
11.4MB 355MB
12.2MB 380MB
12.3MB 404MB
12.3MB 429MB
12.7MB 454MB
13.3MB 481MB
13.3MB 507MB
9.35MB 526MB
9.18MB 545MB
9.89MB 564MB
9.97MB 584MB
9.88MB 604MB
8.25MB 621MB
8.96MB 638MB
9.89MB 658MB
10.1MB 678MB
9.83MB 698MB
10.0MB 718MB
10.9MB 740MB
12.3MB 765MB
15.0MB 795MB
18.8MB 832MB
24.7MB 882MB
18.8MB 919MB
12.0MB 943MB
13.3MB 970MB
13.0MB 996MB
13.0MB 1.00GB
13.5MB 1.02GB
14.0MB 1.05GB
15.1MB 1.08GB
6.21MB 1.09GB
0B 1.09GB
0B 1.09GB
0B 1.09GB
0B 1.09GB
