0KB 0KB
481KB 963KB
2.99MB 6.91MB
19.8MB 46.6MB
30.2MB 107MB
30.4MB 168MB
31.6MB 231MB
25.9MB 283MB
28.3MB 339MB
28.3MB 396MB
25.3MB 446MB
22.5MB 491MB
22.8MB 537MB
18.4MB 574MB
16.7MB 607MB
15.8MB 639MB
16.4MB 672MB
14.5MB 701MB
11.5MB 724MB
9.44MB 743MB
8.34MB 759MB
8.87MB 777MB
9.19MB 795MB
9.16MB 814MB
7.61MB 829MB
8.14MB 845MB
6.53MB 858MB
6.87MB 872MB
7.59MB 887MB
7.69MB 903MB
7.72MB 918MB
8.21MB 935MB
9.89MB 954MB
12.8MB 980MB
16.9MB 0.99GB
20.7MB 1.03GB
19.7MB 1.07GB
15.1MB 1.10GB
0B 1.10GB
0B 1.10GB
0B 1.10GB
0B 1.10GB
