96.0KB 192KB
1.26MB 2.71MB
11.9MB 26.5MB
19.7MB 65.8MB
11.4MB 88.7MB
12.6MB 114MB
12.9MB 140MB
13.1MB 166MB
12.9MB 192MB
12.5MB 217MB
9.77MB 236MB
6.71MB 250MB
6.81MB 263MB
6.97MB 277MB
6.87MB 291MB
7.44MB 306MB
6.72MB 319MB
6.97MB 333MB
7.78MB 349MB
7.65MB 364MB
7.62MB 379MB
8.15MB 396MB
8.74MB 413MB
10.4MB 434MB
12.9MB 460MB
12.3MB 484MB
9.68MB 504MB
10.5MB 525MB
10.9MB 546MB
10.6MB 568MB
8.91MB 585MB
9.77MB 605MB
10.7MB 626MB
10.7MB 648MB
10.8MB 669MB
10.7MB 691MB
11.7MB 714MB
12.8MB 740MB
15.3MB 771MB
18.9MB 809MB
22.3MB 853MB
21.1MB 895MB
23.3MB 942MB
24.8MB 992MB
26.1MB 1.02GB
21.1MB 1.06GB
17.9MB 1.10GB
0B 1.10GB
0B 1.10GB
0B 1.10GB
0B 1.10GB
