32.8KB 65.6KB
767KB 1.56MB
4.23MB 10.0MB
5.83MB 21.7MB
5.07MB 31.8MB
5.35MB 42.5MB
5.35MB 53.2MB
5.45MB 64.1MB
6.15MB 76.4MB
7.22MB 90.9MB
8.87MB 109MB
8.76MB 126MB
9.55MB 145MB
10.8MB 167MB
10.8MB 188MB
10.6MB 210MB
10.9MB 231MB
11.4MB 254MB
11.1MB 276MB
10.8MB 298MB
12.4MB 323MB
12.9MB 349MB
9.54MB 368MB
10.7MB 389MB
8.41MB 406MB
8.90MB 424MB
9.12MB 442MB
9.14MB 460MB
7.33MB 475MB
8.40MB 492MB
9.27MB 510MB
9.18MB 529MB
9.15MB 547MB
9.50MB 566MB
10.3MB 587MB
12.0MB 611MB
15.3MB 641MB
19.3MB 680MB
26.4MB 733MB
26.4MB 786MB
21.0MB 828MB
21.1MB 870MB
22.4MB 915MB
22.7MB 960MB
23.0MB 0.98GB
23.1MB 1.03GB
23.1MB 1.07GB
11.6MB 1.10GB
0B 1.10GB
0B 1.10GB
0B 1.10GB
0B 1.10GB
