0KB 0KB
637KB 1.26MB
4.42MB 10.1MB
11.4MB 33.0MB
13.3MB 59.6MB
14.5MB 88.5MB
14.4MB 117MB
11.3MB 140MB
12.3MB 165MB
12.8MB 190MB
13.0MB 216MB
13.0MB 242MB
12.1MB 266MB
11.1MB 289MB
12.4MB 314MB
13.1MB 340MB
11.2MB 362MB
11.7MB 385MB
12.8MB 411MB
13.0MB 437MB
13.1MB 463MB
13.3MB 490MB
13.8MB 517MB
14.7MB 547MB
16.5MB 580MB
14.7MB 609MB
16.1MB 642MB
17.4MB 676MB
18.4MB 713MB
18.3MB 750MB
18.6MB 787MB
18.4MB 824MB
19.4MB 863MB
21.1MB 905MB
23.8MB 952MB
22.2MB 997MB
15.2MB 1.00GB
14.3MB 1.03GB
12.7MB 1.06GB
13.9MB 1.08GB
8.24MB 1.10GB
0B 1.10GB
0B 1.10GB
0B 1.10GB
0B 1.10GB
