Log of time -p /home/tsugawa/vmanage/parallel 10 
Sun Jun  3 02:58:40 2012

rvms 40 nvms 0 pm11-1
rvms 40 nvms 1 pm11-10
rvms 40 nvms 2 pm11-11
rvms 40 nvms 3 pm11-12
rvms 40 nvms 4 pm11-13
rvms 40 nvms 5 pm11-14
rvms 40 nvms 6 pm11-15
rvms 40 nvms 7 pm11-16
rvms 40 nvms 8 pm11-17
rvms 40 nvms 9 pm11-18

real 47.12
user 0.01
sys 0.00
rvms 40 nvms 9 pm11-19

real 49.02
user 0.01
sys 0.00
rvms 39 nvms 9 pm11-2

real 57.12
user 0.00
sys 0.00
rvms 38 nvms 9 pm11-20

real 60.98
user 0.00
sys 0.00
rvms 37 nvms 9 pm11-21

real 63.91
user 0.01
sys 0.00
rvms 36 nvms 9 pm11-22

real 63.95
user 0.01
sys 0.00
rvms 34 nvms 9 pm11-23

real 74.09
user 0.01
sys 0.00
rvms 34 nvms 9 pm11-24

real 80.33
user 0.01
sys 0.00
rvms 33 nvms 9 pm11-25

real 81.87
user 0.01
sys 0.00
rvms 32 nvms 9 pm11-26

real 100.11
user 0.01
sys 0.00
rvms 31 nvms 9 pm11-27

real 63.90
user 0.00
sys 0.01
rvms 30 nvms 9 pm11-28

real 56.60
user 0.01
sys 0.00
rvms 28 nvms 9 pm11-29

real 75.79
user 0.00
sys 0.00
rvms 28 nvms 9 pm11-3

real 63.27
user 0.01
sys 0.00
rvms 26 nvms 9 pm11-30

real 64.41
user 0.01
sys 0.00
rvms 26 nvms 9 pm11-31

real 60.92
user 0.00
sys 0.00
rvms 25 nvms 9 pm11-32

real 61.49
user 0.00
sys 0.00
rvms 24 nvms 9 pm11-33

real 74.99
user 0.00
sys 0.00
rvms 23 nvms 9 pm11-34

real 53.81
user 0.00
sys 0.01
rvms 22 nvms 9 pm11-35

real 103.80
user 0.01
sys 0.00
rvms 21 nvms 9 pm11-36

real 57.37
user 0.01
sys 0.00
rvms 20 nvms 9 pm11-37

real 44.27
user 0.00
sys 0.01
rvms 19 nvms 9 pm11-38

real 59.82
user 0.01
sys 0.00
rvms 18 nvms 9 pm11-39

real 42.28
user 0.01
sys 0.00
rvms 17 nvms 9 pm11-4

real 95.98
user 0.00
sys 0.00
rvms 16 nvms 9 pm11-40

real 46.08
user 0.01
sys 0.00
rvms 14 nvms 9 pm11-41

real 94.94
user 0.00
sys 0.01
rvms 14 nvms 9 pm11-42

real 77.00
user 0.01
sys 0.00
rvms 12 nvms 9 pm11-43

real 92.89
user 0.00
sys 0.00
rvms 11 nvms 9 pm11-44

real 54.69
user 0.00
sys 0.01
rvms 11 nvms 9 pm11-45

real 57.39
user 0.00
sys 0.01

real 99.08
user 0.00
sys 0.01

real 63.17
user 0.00
sys 0.01

real 90.72
user 0.00
sys 0.00

real 54.03
user 0.00
sys 0.01

real 53.50
user 0.00
sys 0.00

real 66.76
user 0.00
sys 0.00

real 57.80
user 0.01
sys 0.00

real 62.49
user 0.01
sys 0.00

real 54.62
user 0.00
sys 0.01
real 296.89
user 8.75
sys 21.14

Sun Jun  3 03:03:37 2012
----------------
