Log of time -p /home/tsugawa/vmanage/parallel 10 
Sat Jun  2 03:05:03 2012

rvms 40 nvms 0 pm11-1
rvms 40 nvms 1 pm11-10
rvms 40 nvms 2 pm11-11
rvms 40 nvms 3 pm11-12
rvms 40 nvms 4 pm11-13
rvms 40 nvms 5 pm11-14
rvms 40 nvms 6 pm11-15
rvms 40 nvms 7 pm11-16
rvms 40 nvms 8 pm11-17
rvms 40 nvms 9 pm11-18

real 165.54
user 0.00
sys 0.01
rvms 40 nvms 9 pm11-19

real 166.65
user 0.00
sys 0.01
rvms 38 nvms 9 pm11-2

real 171.03
user 0.00
sys 0.00
rvms 38 nvms 9 pm11-20

real 173.21
user 0.01
sys 0.00
rvms 37 nvms 9 pm11-21

real 181.15
user 0.00
sys 0.00
rvms 36 nvms 9 pm11-22

real 186.01
user 0.01
sys 0.00
rvms 35 nvms 9 pm11-23

real 186.52
user 0.01
sys 0.00
rvms 33 nvms 9 pm11-24

real 196.71
user 0.00
sys 0.00
rvms 33 nvms 9 pm11-25

real 198.40
user 0.01
sys 0.00
rvms 31 nvms 9 pm11-26

real 109.58
user 0.01
sys 0.00
rvms 31 nvms 9 pm11-27

real 277.70
user 0.00
sys 0.00
rvms 29 nvms 9 pm11-28

real 123.49
user 0.02
sys 0.00
rvms 29 nvms 9 pm11-29

real 153.31
user 0.01
sys 0.00
rvms 28 nvms 9 pm11-3

real 147.49
user 0.01
sys 0.00
rvms 27 nvms 9 pm11-30

real 193.07
user 0.00
sys 0.03
rvms 26 nvms 9 pm11-31

real 181.69
user 0.02
sys 0.00
rvms 25 nvms 9 pm11-32

real 180.71
user 0.01
sys 0.00
rvms 24 nvms 9 pm11-33

real 184.86
user 0.00
sys 0.00
rvms 23 nvms 9 pm11-34

real 209.75
user 0.01
sys 0.01
rvms 22 nvms 9 pm11-35

real 160.84
user 0.00
sys 0.01
rvms 21 nvms 9 pm11-36

real 162.33
user 0.00
sys 0.01
rvms 20 nvms 9 pm11-37

real 181.77
user 0.00
sys 0.00
rvms 18 nvms 9 pm11-38

real 108.66
user 0.01
sys 0.00
rvms 18 nvms 9 pm11-39

real 146.51
user 0.01
sys 0.00
rvms 17 nvms 9 pm11-4

real 188.65
user 0.00
sys 0.01
rvms 16 nvms 9 pm11-40

real 192.76
user 0.01
sys 0.00
rvms 15 nvms 9 pm11-41

real 159.56
user 0.01
sys 0.00
rvms 13 nvms 9 pm11-42

real 178.30
user 0.00
sys 0.01
rvms 13 nvms 9 pm11-43

real 188.32
user 0.01
sys 0.00
rvms 11 nvms 9 pm11-44

real 147.53
user 0.01
sys 0.00
rvms 11 nvms 9 pm11-45

real 158.03
user 0.01
sys 0.00

real 124.15
user 0.01
sys 0.00

real 202.69
user 0.01
sys 0.00

real 143.29
user 0.00
sys 0.01

real 172.15
user 0.01
sys 0.00

real 131.86
user 0.00
sys 0.00

real 99.22
user 0.01
sys 0.00

real 155.75
user 0.00
sys 0.01

real 127.04
user 0.00
sys 0.00

real 127.98
user 0.00
sys 0.01
real 735.11
user 21.48
sys 51.97

Sat Jun  2 03:17:18 2012
----------------
