Log of time -p /home/tsugawa/vmanage/parallel 10 
Tue May 29 11:17:26 2012

rvms 40 nvms 0 pm11-1
rvms 40 nvms 1 pm11-10
rvms 40 nvms 2 pm11-11
rvms 40 nvms 3 pm11-12
rvms 40 nvms 4 pm11-13
rvms 40 nvms 5 pm11-14
rvms 40 nvms 6 pm11-15
rvms 40 nvms 7 pm11-16
rvms 40 nvms 8 pm11-17
rvms 40 nvms 9 pm11-18

real 62.65
user 0.00
sys 0.00
rvms 40 nvms 9 pm11-19

real 65.77
user 0.01
sys 0.00
rvms 39 nvms 9 pm11-2

real 70.97
user 0.01
sys 0.00
rvms 38 nvms 9 pm11-20

real 74.76
user 0.01
sys 0.00
rvms 37 nvms 9 pm11-21

real 76.56
user 0.00
sys 0.01
rvms 36 nvms 9 pm11-22

real 102.57
user 0.00
sys 0.00
rvms 35 nvms 9 pm11-23

real 104.28
user 0.00
sys 0.01
rvms 34 nvms 9 pm11-24

real 105.21
user 0.01
sys 0.00
rvms 31 nvms 9 pm11-25

real 105.28
user 0.00
sys 0.01
rvms 31 nvms 9 pm11-26

real 108.46
user 0.00
sys 0.00
rvms 31 nvms 9 pm11-27

real 54.78
user 0.01
sys 0.00
rvms 30 nvms 9 pm11-28

real 75.87
user 0.00
sys 0.01
rvms 29 nvms 9 pm11-29

real 74.21
user 0.00
sys 0.01
rvms 28 nvms 9 pm11-3

real 56.57
user 0.01
sys 0.01
rvms 27 nvms 9 pm11-30

real 89.38
user 0.00
sys 0.01
rvms 26 nvms 9 pm11-31

real 97.97
user 0.01
sys 0.00
rvms 25 nvms 9 pm11-32

real 66.06
user 0.01
sys 0.00
rvms 23 nvms 9 pm11-33

real 58.40
user 0.01
sys 0.00
rvms 23 nvms 9 pm11-34

real 74.62
user 0.00
sys 0.01
rvms 22 nvms 9 pm11-35

real 74.28
user 0.00
sys 0.01
rvms 20 nvms 9 pm11-36

real 80.10
user 0.00
sys 0.00
rvms 20 nvms 9 pm11-37

real 63.59
user 0.00
sys 0.01
rvms 19 nvms 9 pm11-38

real 74.73
user 0.01
sys 0.00
rvms 18 nvms 9 pm11-39

real 67.35
user 0.01
sys 0.00
rvms 17 nvms 9 pm11-4

real 79.06
user 0.01
sys 0.01
rvms 16 nvms 9 pm11-40

real 73.15
user 0.00
sys 0.01
rvms 15 nvms 9 pm11-41

real 66.27
user 0.00
sys 0.00
rvms 14 nvms 9 pm11-42

real 82.37
user 0.01
sys 0.01
rvms 13 nvms 9 pm11-43

real 81.94
user 0.00
sys 0.01
rvms 12 nvms 9 pm11-44

real 86.45
user 0.00
sys 0.01
rvms 11 nvms 9 pm11-45

real 84.92
user 0.01
sys 0.00

real 70.94
user 0.01
sys 0.00

real 69.00
user 0.01
sys 0.00

real 40.98
user 0.01
sys 0.00

real 90.71
user 0.01
sys 0.00

real 70.66
user 0.01
sys 0.00

real 62.53
user 0.02
sys 0.00

real 74.86
user 0.00
sys 0.00

real 67.40
user 0.00
sys 0.01

real 80.47
user 0.00
sys 0.01
real 342.11
user 9.73
sys 23.60

Tue May 29 11:23:08 2012
----------------
