Log of time -p /home/tsugawa/vmanage/parallel 10 
Wed May 30 07:37:50 2012

rvms 40 nvms 0 pm11-1
rvms 40 nvms 1 pm11-10
rvms 40 nvms 2 pm11-11
rvms 40 nvms 3 pm11-12
rvms 40 nvms 4 pm11-13
rvms 40 nvms 5 pm11-14
rvms 40 nvms 6 pm11-15
rvms 40 nvms 7 pm11-16
rvms 40 nvms 8 pm11-17
rvms 40 nvms 9 pm11-18

real 135.56
user 0.00
sys 0.01
rvms 40 nvms 9 pm11-19

real 145.92
user 0.00
sys 0.01
rvms 39 nvms 9 pm11-2

real 147.05
user 0.00
sys 0.01
rvms 37 nvms 9 pm11-20

real 149.08
user 0.01
sys 0.00
rvms 36 nvms 9 pm11-21

real 153.80
user 0.00
sys 0.00
rvms 36 nvms 9 pm11-22

real 173.66
user 0.01
sys 0.00
rvms 35 nvms 9 pm11-23

real 174.25
user 0.01
sys 0.00
rvms 32 nvms 9 pm11-24

real 174.87
user 0.00
sys 0.00
rvms 32 nvms 9 pm11-25

real 181.41
user 0.00
sys 0.00
rvms 32 nvms 9 pm11-26

real 194.43
user 0.00
sys 0.01
rvms 31 nvms 9 pm11-27

real 113.50
user 0.00
sys 0.01
rvms 30 nvms 9 pm11-28

real 94.47
user 0.00
sys 0.00
rvms 29 nvms 9 pm11-29

real 102.20
user 0.00
sys 0.00
rvms 28 nvms 9 pm11-3

real 139.00
user 0.01
sys 0.00
rvms 26 nvms 9 pm11-30

real 138.65
user 0.01
sys 0.00
rvms 25 nvms 9 pm11-31

real 134.12
user 0.00
sys 0.00
rvms 25 nvms 9 pm11-32

real 166.95
user 0.01
sys 0.00
rvms 24 nvms 9 pm11-33

real 122.79
user 0.00
sys 0.00
rvms 23 nvms 9 pm11-34

real 145.37
user 0.00
sys 0.01
rvms 21 nvms 9 pm11-35

real 187.11
user 0.00
sys 0.01
rvms 21 nvms 9 pm11-36

real 125.97
user 0.00
sys 0.01
rvms 20 nvms 9 pm11-37

real 125.35
user 0.01
sys 0.00
rvms 18 nvms 9 pm11-38

real 152.01
user 0.01
sys 0.00
rvms 18 nvms 9 pm11-39

real 147.99
user 0.01
sys 0.00
rvms 16 nvms 9 pm11-4

real 130.23
user 0.01
sys 0.00
rvms 16 nvms 9 pm11-40

real 154.51
user 0.00
sys 0.01
rvms 15 nvms 9 pm11-41

real 143.79
user 0.00
sys 0.01
rvms 14 nvms 9 pm11-42

real 127.87
user 0.00
sys 0.00
rvms 12 nvms 9 pm11-43

real 141.99
user 0.01
sys 0.00
rvms 12 nvms 9 pm11-44

real 154.04
user 0.00
sys 0.00
rvms 11 nvms 9 pm11-45

real 100.93
user 0.01
sys 0.00

real 121.88
user 0.00
sys 0.00

real 150.50
user 0.00
sys 0.01

real 155.37
user 0.02
sys 0.00

real 177.43
user 0.01
sys 0.01

real 136.13
user 0.00
sys 0.00

real 154.15
user 0.00
sys 0.01

real 158.47
user 0.00
sys 0.00

real 182.11
user 0.01
sys 0.00

real 119.32
user 0.01
sys 0.00
real 635.66
user 18.15
sys 44.56

Wed May 30 07:48:26 2012
----------------
