Log of time -p /home/tsugawa/vmanage/parallel 10 
Thu May 31 09:58:05 2012

rvms 40 nvms 0 pm11-1
rvms 40 nvms 1 pm11-10
rvms 40 nvms 2 pm11-11
rvms 40 nvms 3 pm11-12
rvms 40 nvms 4 pm11-13
rvms 40 nvms 5 pm11-14
rvms 40 nvms 6 pm11-15
rvms 40 nvms 7 pm11-16
rvms 40 nvms 8 pm11-17
rvms 40 nvms 9 pm11-18

real 101.91
user 0.00
sys 0.01
rvms 40 nvms 9 pm11-19

real 102.72
user 0.01
sys 0.00
rvms 38 nvms 9 pm11-2

real 116.97
user 0.00
sys 0.00
rvms 38 nvms 9 pm11-20

real 124.46
user 0.00
sys 0.00
rvms 37 nvms 9 pm11-21

real 125.90
user 0.00
sys 0.00
rvms 36 nvms 9 pm11-22

real 136.62
user 0.01
sys 0.00
rvms 35 nvms 9 pm11-23

real 148.13
user 0.00
sys 0.01
rvms 34 nvms 9 pm11-24

real 148.44
user 0.01
sys 0.00
rvms 32 nvms 9 pm11-25

real 165.20
user 0.00
sys 0.01
rvms 32 nvms 9 pm11-26

real 177.50
user 0.01
sys 0.00
rvms 31 nvms 9 pm11-27

real 99.72
user 0.00
sys 0.00
rvms 30 nvms 9 pm11-28

real 137.94
user 0.01
sys 0.00
rvms 29 nvms 9 pm11-29

real 167.73
user 0.01
sys 0.00
rvms 28 nvms 9 pm11-3

real 174.13
user 0.01
sys 0.00
rvms 27 nvms 9 pm11-30

real 202.17
user 0.01
sys 0.00
rvms 26 nvms 9 pm11-31

real 175.99
user 0.00
sys 0.01
rvms 25 nvms 9 pm11-32

real 198.07
user 0.01
sys 0.00
rvms 24 nvms 9 pm11-33

real 169.67
user 0.00
sys 0.01
rvms 22 nvms 9 pm11-34

real 222.94
user 0.01
sys 0.00
rvms 22 nvms 9 pm11-35

real 209.67
user 0.01
sys 0.00
rvms 21 nvms 9 pm11-36

real 187.57
user 0.00
sys 0.00
rvms 20 nvms 9 pm11-37

real 175.19
user 0.00
sys 0.00
rvms 19 nvms 9 pm11-38

real 133.88
user 0.01
sys 0.00
rvms 18 nvms 9 pm11-39

real 126.64
user 0.00
sys 0.01
rvms 17 nvms 9 pm11-4

real 131.97
user 0.00
sys 0.01
rvms 15 nvms 9 pm11-40

real 154.94
user 0.00
sys 0.00
rvms 15 nvms 9 pm11-41

real 105.20
user 0.01
sys 0.00
rvms 14 nvms 9 pm11-42

real 141.45
user 0.00
sys 0.01
rvms 13 nvms 9 pm11-43

real 84.07
user 0.00
sys 0.01
rvms 12 nvms 9 pm11-44

real 152.40
user 0.00
sys 0.00
rvms 10 nvms 9 pm11-45

real 130.68
user 0.01
sys 0.00

real 105.35
user 0.01
sys 0.00

real 112.23
user 0.00
sys 0.01

real 118.86
user 0.00
sys 0.01

real 134.86
user 0.00
sys 0.01

real 68.42
user 0.00
sys 0.01

real 71.07
user 0.00
sys 0.01

real 72.97
user 0.01
sys 0.00

real 112.28
user 0.00
sys 0.01

real 126.72
user 0.00
sys 0.01
real 594.82
user 18.14
sys 43.03

Thu May 31 10:08:00 2012
----------------
