Log of time -p /home/tsugawa/vmanage/parallel 10 
Sat Jun  2 18:00:42 2012

rvms 40 nvms 0 pm11-1
rvms 40 nvms 1 pm11-10
rvms 40 nvms 2 pm11-11
rvms 40 nvms 3 pm11-12
rvms 40 nvms 4 pm11-13
rvms 40 nvms 5 pm11-14
rvms 40 nvms 6 pm11-15
rvms 40 nvms 7 pm11-16
rvms 40 nvms 8 pm11-17
rvms 40 nvms 9 pm11-18

real 133.68
user 0.00
sys 0.00
rvms 40 nvms 9 pm11-19

real 153.67
user 0.00
sys 0.01
rvms 39 nvms 9 pm11-2

real 172.24
user 0.00
sys 0.00
rvms 38 nvms 9 pm11-20

real 196.72
user 0.00
sys 0.00
rvms 37 nvms 9 pm11-21

real 197.40
user 0.00
sys 0.00
rvms 34 nvms 9 pm11-22

real 198.54
user 0.01
sys 0.00
rvms 33 nvms 9 pm11-23

real 198.73
user 0.00
sys 0.00
rvms 33 nvms 9 pm11-24

real 203.49
user 0.00
sys 0.00
rvms 33 nvms 9 pm11-25

real 223.59
user 0.01
sys 0.00
rvms 32 nvms 9 pm11-26

real 257.00
user 0.00
sys 0.01
rvms 31 nvms 9 pm11-27

real 133.01
user 0.00
sys 0.00
rvms 30 nvms 9 pm11-28

real 161.22
user 0.00
sys 0.01
rvms 29 nvms 9 pm11-29

real 122.92
user 0.01
sys 0.00
rvms 28 nvms 9 pm11-3

real 131.16
user 0.00
sys 0.01
rvms 27 nvms 9 pm11-30

real 140.96
user 0.01
sys 0.00
rvms 26 nvms 9 pm11-31

real 169.00
user 0.01
sys 0.00
rvms 25 nvms 9 pm11-32

real 119.37
user 0.00
sys 0.01
rvms 24 nvms 9 pm11-33

real 150.16
user 0.00
sys 0.00
rvms 23 nvms 9 pm11-34

real 170.95
user 0.00
sys 0.01
rvms 22 nvms 9 pm11-35

real 157.32
user 0.00
sys 0.00
rvms 21 nvms 9 pm11-36

real 146.88
user 0.00
sys 0.00
rvms 20 nvms 9 pm11-37

real 103.17
user 0.00
sys 0.01
rvms 19 nvms 9 pm11-38

real 161.38
user 0.00
sys 0.00
rvms 18 nvms 9 pm11-39

real 139.51
user 0.00
sys 0.01
rvms 17 nvms 9 pm11-4

real 132.99
user 0.01
sys 0.00
rvms 16 nvms 9 pm11-40

real 137.67
user 0.00
sys 0.01
rvms 15 nvms 9 pm11-41

real 128.69
user 0.00
sys 0.01
rvms 13 nvms 9 pm11-42

real 156.50
user 0.01
sys 0.00
rvms 13 nvms 9 pm11-43

real 128.67
user 0.01
sys 0.00
rvms 12 nvms 9 pm11-44

real 128.21
user 0.01
sys 0.00
rvms 11 nvms 9 pm11-45

real 115.68
user 0.01
sys 0.00

real 112.36
user 0.00
sys 0.00

real 130.21
user 0.00
sys 0.00

real 122.54
user 0.01
sys 0.00

real 105.30
user 0.00
sys 0.00

real 95.33
user 0.01
sys 0.00

real 130.61
user 0.00
sys 0.00

real 129.69
user 0.01
sys 0.00

real 140.10
user 0.01
sys 0.00

real 83.29
user 0.00
sys 0.01
real 626.21
user 19.34
sys 47.24

Sat Jun  2 18:11:08 2012
----------------
