Log of time -p /home/tsugawa/vmanage/parallel 10 
Tue May 29 20:19:04 2012

rvms 40 nvms 0 pm11-1
rvms 40 nvms 1 pm11-10
rvms 40 nvms 2 pm11-11
rvms 40 nvms 3 pm11-12
rvms 40 nvms 4 pm11-13
rvms 40 nvms 5 pm11-14
rvms 40 nvms 6 pm11-15
rvms 40 nvms 7 pm11-16
rvms 40 nvms 8 pm11-17
rvms 40 nvms 9 pm11-18

real 106.09
user 0.00
sys 0.01
rvms 40 nvms 9 pm11-19

real 111.20
user 0.00
sys 0.00
rvms 39 nvms 9 pm11-2

real 121.87
user 0.01
sys 0.00
rvms 38 nvms 9 pm11-20

real 124.10
user 0.01
sys 0.00
rvms 37 nvms 9 pm11-21

real 129.37
user 0.01
sys 0.00
rvms 36 nvms 9 pm11-22

real 134.72
user 0.01
sys 0.00
rvms 35 nvms 9 pm11-23

real 151.36
user 0.00
sys 0.00
rvms 34 nvms 9 pm11-24

real 151.41
user 0.01
sys 0.00
rvms 32 nvms 9 pm11-25

real 167.06
user 0.00
sys 0.00
rvms 32 nvms 9 pm11-26

real 172.24
user 0.00
sys 0.01
rvms 31 nvms 9 pm11-27

real 88.95
user 0.00
sys 0.00
rvms 30 nvms 9 pm11-28

real 102.75
user 0.00
sys 0.01
rvms 29 nvms 9 pm11-29

real 106.83
user 0.01
sys 0.00
rvms 28 nvms 9 pm11-3

real 130.30
user 0.01
sys 0.00
rvms 27 nvms 9 pm11-30

real 89.02
user 0.00
sys 0.01
rvms 26 nvms 9 pm11-31

real 142.63
user 0.01
sys 0.00
rvms 25 nvms 9 pm11-32

real 102.97
user 0.00
sys 0.00
rvms 24 nvms 9 pm11-33

real 140.28
user 0.01
sys 0.00
rvms 23 nvms 9 pm11-34

real 101.50
user 0.00
sys 0.00
rvms 22 nvms 9 pm11-35

real 158.74
user 0.01
sys 0.00
rvms 21 nvms 9 pm11-36

real 124.67
user 0.01
sys 0.00
rvms 20 nvms 9 pm11-37

real 188.65
user 0.00
sys 0.01
rvms 19 nvms 9 pm11-38

real 106.03
user 0.01
sys 0.00
rvms 18 nvms 9 pm11-39

real 101.66
user 0.01
sys 0.01
rvms 17 nvms 9 pm11-4

real 102.47
user 0.00
sys 0.01
rvms 16 nvms 9 pm11-40

real 99.43
user 0.01
sys 0.00
rvms 15 nvms 9 pm11-41

real 113.63
user 0.01
sys 0.00
rvms 14 nvms 9 pm11-42

real 159.35
user 0.00
sys 0.01
rvms 13 nvms 9 pm11-43

real 190.60
user 0.01
sys 0.00
rvms 12 nvms 9 pm11-44

real 160.04
user 0.01
sys 0.00
rvms 11 nvms 9 pm11-45

real 126.84
user 0.01
sys 0.01

real 125.68
user 0.01
sys 0.00

real 97.40
user 0.01
sys 0.00

real 105.02
user 0.01
sys 0.00

real 131.89
user 0.00
sys 0.01

real 79.16
user 0.00
sys 0.01

real 83.95
user 0.01
sys 0.00

real 101.23
user 0.01
sys 0.00

real 112.76
user 0.00
sys 0.01

real 103.08
user 0.01
sys 0.00
real 530.29
user 15.66
sys 38.66

Tue May 29 20:27:54 2012
----------------
