Log of time -p /home/tsugawa/vmanage/parallel 10 
Fri Jun  1 14:59:43 2012

rvms 40 nvms 0 pm11-1
rvms 40 nvms 1 pm11-10
rvms 40 nvms 2 pm11-11
rvms 40 nvms 3 pm11-12
rvms 40 nvms 4 pm11-13
rvms 40 nvms 5 pm11-14
rvms 40 nvms 6 pm11-15
rvms 40 nvms 7 pm11-16
rvms 40 nvms 8 pm11-17
rvms 40 nvms 9 pm11-18

real 235.09
user 0.01
sys 0.00
rvms 40 nvms 9 pm11-19

real 248.67
user 0.00
sys 0.00
rvms 39 nvms 9 pm11-2

real 257.58
user 0.00
sys 0.00
rvms 38 nvms 9 pm11-20

real 279.18
user 0.00
sys 0.00
rvms 37 nvms 9 pm11-21

real 279.08
user 0.00
sys 0.00
rvms 35 nvms 9 pm11-22

real 296.71
user 0.00
sys 0.01
rvms 35 nvms 9 pm11-23

real 314.48
user 0.01
sys 0.00
rvms 34 nvms 9 pm11-24

real 320.76
user 0.00
sys 0.01

real 320.89
user 0.01
sys 0.00
rvms 33 nvms 8 pm11-25
rvms 31 nvms 9 pm11-26

real 347.07
user 0.00
sys 0.01
rvms 31 nvms 9 pm11-27

real 238.48
user 0.00
sys 0.00
rvms 30 nvms 9 pm11-28

real 301.27
user 0.00
sys 0.02
rvms 29 nvms 9 pm11-29

real 345.53
user 0.01
sys 0.00
rvms 28 nvms 9 pm11-3

real 299.89
user 0.00
sys 0.01
rvms 26 nvms 9 pm11-30

real 329.47
user 0.00
sys 0.01
rvms 26 nvms 9 pm11-31

real 294.95
user 0.00
sys 0.01
rvms 24 nvms 9 pm11-32

real 338.60
user 0.01
sys 0.00
rvms 23 nvms 9 pm11-33

real 343.83
user 0.00
sys 0.00
rvms 23 nvms 9 pm11-34

real 379.62
user 0.00
sys 0.01
rvms 22 nvms 9 pm11-35

real 366.13
user 0.01
sys 0.00
rvms 21 nvms 9 pm11-36

real 436.13
user 0.00
sys 0.01
rvms 20 nvms 9 pm11-37

real 372.43
user 0.00
sys 0.01
rvms 19 nvms 9 pm11-38

real 361.22
user 0.01
sys 0.00
rvms 18 nvms 9 pm11-39

real 279.71
user 0.00
sys 0.00
rvms 17 nvms 9 pm11-4

real 304.12
user 0.01
sys 0.00
rvms 16 nvms 9 pm11-40

real 342.28
user 0.01
sys 0.00
rvms 15 nvms 9 pm11-41

real 391.75
user 0.00
sys 0.01
rvms 13 nvms 9 pm11-42

real 422.16
user 0.02
sys 0.00
rvms 13 nvms 9 pm11-43

real 431.70
user 0.00
sys 0.00
rvms 12 nvms 9 pm11-44

real 482.36
user 0.00
sys 0.01
rvms 11 nvms 9 pm11-45

real 286.93
user 0.01
sys 0.00

real 395.74
user 0.00
sys 0.00

real 371.64
user 0.01
sys 0.01

real 438.27
user 0.01
sys 0.00

real 416.97
user 0.02
sys 0.00

real 406.78
user 0.02
sys 0.00

real 376.43
user 0.01
sys 0.01

real 437.42
user 0.01
sys 0.00

real 452.91
user 0.00
sys 0.01

real 509.39
user 0.00
sys 0.00
real 1586.29
user 38.25
sys 92.28

Fri Jun  1 15:26:09 2012
----------------
