Log of time -p /home/tsugawa/vmanage/parallel 10 
Fri Jun  1 03:50:42 2012

rvms 40 nvms 0 pm11-1
rvms 40 nvms 1 pm11-10
rvms 40 nvms 2 pm11-11
rvms 40 nvms 3 pm11-12
rvms 40 nvms 4 pm11-13
rvms 40 nvms 5 pm11-14
rvms 40 nvms 6 pm11-15
rvms 40 nvms 7 pm11-16
rvms 40 nvms 8 pm11-17
rvms 40 nvms 9 pm11-18

real 67.46
user 0.01
sys 0.00
rvms 40 nvms 9 pm11-19

real 74.02
user 0.00
sys 0.00
rvms 39 nvms 9 pm11-2

real 74.02
user 0.00
sys 0.00
rvms 36 nvms 9 pm11-20

real 74.48
user 0.01
sys 0.00
rvms 36 nvms 9 pm11-21

real 84.49
user 0.01
sys 0.00
rvms 36 nvms 9 pm11-22

real 85.13
user 0.00
sys 0.01
rvms 34 nvms 9 pm11-23

real 90.53
user 0.01
sys 0.00
rvms 33 nvms 9 pm11-24

real 97.82
user 0.01
sys 0.00
rvms 32 nvms 9 pm11-25

real 102.15
user 0.00
sys 0.01
rvms 32 nvms 9 pm11-26

real 121.75
user 0.00
sys 0.00
rvms 31 nvms 9 pm11-27

real 75.26
user 0.00
sys 0.01
rvms 30 nvms 9 pm11-28

real 81.81
user 0.01
sys 0.00
rvms 28 nvms 9 pm11-29

real 83.88
user 0.00
sys 0.01
rvms 28 nvms 9 pm11-3

real 106.49
user 0.00
sys 0.00
rvms 27 nvms 9 pm11-30

real 107.32
user 0.01
sys 0.00
rvms 25 nvms 9 pm11-31

real 90.57
user 0.00
sys 0.01
rvms 25 nvms 9 pm11-32

real 121.15
user 0.01
sys 0.00
rvms 24 nvms 9 pm11-33

real 132.25
user 0.01
sys 0.00
rvms 23 nvms 9 pm11-34

real 101.72
user 0.01
sys 0.00
rvms 22 nvms 9 pm11-35

real 127.05
user 0.00
sys 0.01
rvms 21 nvms 9 pm11-36

real 98.14
user 0.00
sys 0.01
rvms 20 nvms 9 pm11-37

real 117.28
user 0.01
sys 0.00
rvms 19 nvms 9 pm11-38

real 134.89
user 0.00
sys 0.00
rvms 18 nvms 9 pm11-39

real 113.56
user 0.00
sys 0.01
rvms 16 nvms 9 pm11-4

real 123.27
user 0.00
sys 0.01
rvms 16 nvms 9 pm11-40

real 143.21
user 0.00
sys 0.01
rvms 15 nvms 9 pm11-41

real 129.28
user 0.00
sys 0.01
rvms 14 nvms 9 pm11-42

real 158.71
user 0.01
sys 0.00
rvms 13 nvms 9 pm11-43

real 170.21
user 0.00
sys 0.00
rvms 12 nvms 9 pm11-44

real 149.76
user 0.01
sys 0.00
rvms 11 nvms 9 pm11-45

real 147.20
user 0.01
sys 0.00

real 151.25
user 0.00
sys 0.01

real 157.21
user 0.00
sys 0.00

real 153.21
user 0.01
sys 0.00

real 181.10
user 0.00
sys 0.00

real 217.83
user 0.00
sys 0.00

real 193.37
user 0.00
sys 0.01

real 158.50
user 0.00
sys 0.01

real 192.19
user 0.00
sys 0.00

real 226.49
user 0.01
sys 0.00
real 580.79
user 13.49
sys 34.40

Fri Jun  1 04:00:23 2012
----------------
