Log of time -p /home/tsugawa/vmanage/parallel 12 
Fri Jun  1 04:50:05 2012

rvms 40 nvms 0 pm11-1
rvms 40 nvms 1 pm11-10
rvms 40 nvms 2 pm11-11
rvms 40 nvms 3 pm11-12
rvms 40 nvms 4 pm11-13
rvms 40 nvms 5 pm11-14
rvms 40 nvms 6 pm11-15
rvms 40 nvms 7 pm11-16
rvms 40 nvms 8 pm11-17
rvms 40 nvms 9 pm11-18
rvms 40 nvms 10 pm11-19
rvms 40 nvms 11 pm11-2

real 63.97
user 0.01
sys 0.00
rvms 40 nvms 11 pm11-20

real 72.21
user 0.00
sys 0.01
rvms 39 nvms 11 pm11-21

real 77.87
user 0.00
sys 0.00
rvms 38 nvms 11 pm11-22

real 89.56
user 0.01
sys 0.00
rvms 37 nvms 11 pm11-23

real 90.16
user 0.01
sys 0.00
rvms 35 nvms 11 pm11-24

real 97.04
user 0.00
sys 0.00
rvms 35 nvms 11 pm11-25

real 101.77
user 0.00
sys 0.00
rvms 34 nvms 11 pm11-26

real 115.09
user 0.01
sys 0.00
rvms 33 nvms 11 pm11-27

real 117.26
user 0.01
sys 0.00
rvms 32 nvms 11 pm11-28

real 120.87
user 0.01
sys 0.00
rvms 31 nvms 11 pm11-29

real 122.91
user 0.01
sys 0.00
rvms 30 nvms 11 pm11-3

real 124.07
user 0.00
sys 0.00
rvms 29 nvms 11 pm11-30

real 67.97
user 0.00
sys 0.01
rvms 28 nvms 11 pm11-31

real 55.21
user 0.01
sys 0.00
rvms 27 nvms 11 pm11-32

real 59.19
user 0.01
sys 0.00
rvms 26 nvms 11 pm11-33

real 74.56
user 0.01
sys 0.00
rvms 25 nvms 11 pm11-34

real 54.23
user 0.01
sys 0.00
rvms 24 nvms 11 pm11-35

real 106.31
user 0.01
sys 0.00
rvms 22 nvms 11 pm11-36

real 109.46
user 0.00
sys 0.01
rvms 22 nvms 11 pm11-37

real 93.96
user 0.01
sys 0.01
rvms 21 nvms 11 pm11-38

real 63.14
user 0.01
sys 0.00
rvms 19 nvms 11 pm11-39

real 87.12
user 0.00
sys 0.01
rvms 19 nvms 11 pm11-4

real 80.64
user 0.00
sys 0.00
rvms 17 nvms 11 pm11-40

real 105.34
user 0.01
sys 0.01
rvms 17 nvms 11 pm11-41

real 75.69
user 0.00
sys 0.01
rvms 16 nvms 11 pm11-42

real 76.59
user 0.00
sys 0.01
rvms 15 nvms 11 pm11-43

real 64.36
user 0.00
sys 0.00
rvms 14 nvms 11 pm11-44

real 85.10
user 0.01
sys 0.00
rvms 13 nvms 11 pm11-45

real 76.34
user 0.01
sys 0.00

real 112.37
user 0.00
sys 0.01

real 98.00
user 0.01
sys 0.00

real 79.35
user 0.01
sys 0.00

real 71.97
user 0.00
sys 0.00

real 115.57
user 0.01
sys 0.00

real 83.28
user 0.00
sys 0.00

real 61.86
user 0.00
sys 0.00

real 51.01
user 0.01
sys 0.00

real 50.90
user 0.00
sys 0.01

real 75.42
user 0.00
sys 0.00

real 48.56
user 0.02
sys 0.00
real 304.41
user 9.85
sys 24.11

Fri Jun  1 04:55:09 2012
----------------
