Log of time -p /home/tsugawa/vmanage/parallel 12 
Fri Jun  1 16:03:26 2012

rvms 40 nvms 0 pm11-1
rvms 40 nvms 1 pm11-10
rvms 40 nvms 2 pm11-11
rvms 40 nvms 3 pm11-12
rvms 40 nvms 4 pm11-13
rvms 40 nvms 5 pm11-14
rvms 40 nvms 6 pm11-15
rvms 40 nvms 7 pm11-16
rvms 40 nvms 8 pm11-17
rvms 40 nvms 9 pm11-18
rvms 40 nvms 10 pm11-19
rvms 40 nvms 11 pm11-2

real 162.10
user 0.00
sys 0.00
rvms 40 nvms 11 pm11-20

real 191.71
user 0.01
sys 0.00
rvms 39 nvms 11 pm11-21

real 200.53
user 0.01
sys 0.00
rvms 38 nvms 11 pm11-22

real 218.65
user 0.00
sys 0.00
rvms 37 nvms 11 pm11-23

real 228.45
user 0.01
sys 0.00
rvms 36 nvms 11 pm11-24

real 231.31
user 0.01
sys 0.00
rvms 35 nvms 11 pm11-25

real 243.37
user 0.00
sys 0.00
rvms 34 nvms 11 pm11-26

real 249.12
user 0.00
sys 0.01
rvms 33 nvms 11 pm11-27

real 253.39
user 0.00
sys 0.00
rvms 32 nvms 11 pm11-28

real 267.33
user 0.00
sys 0.01
rvms 31 nvms 11 pm11-29

real 272.17
user 0.01
sys 0.00
rvms 29 nvms 11 pm11-3

real 295.74
user 0.01
sys 0.00
rvms 29 nvms 11 pm11-30

real 240.90
user 0.00
sys 0.01
rvms 28 nvms 11 pm11-31

real 227.84
user 0.00
sys 0.00
rvms 27 nvms 11 pm11-32

real 238.73
user 0.00
sys 0.00
rvms 26 nvms 11 pm11-33

real 224.45
user 0.01
sys 0.00
rvms 24 nvms 11 pm11-34

real 215.74
user 0.00
sys 0.01
rvms 23 nvms 11 pm11-35

real 221.99
user 0.01
sys 0.00
rvms 23 nvms 11 pm11-36

real 253.77
user 0.01
sys 0.00
rvms 22 nvms 11 pm11-37

real 283.24
user 0.01
sys 0.00
rvms 21 nvms 11 pm11-38

real 257.43
user 0.00
sys 0.02
rvms 20 nvms 11 pm11-39

real 299.32
user 0.02
sys 0.00
rvms 19 nvms 11 pm11-4

real 269.25
user 0.00
sys 0.00
rvms 18 nvms 11 pm11-40

real 315.29
user 0.00
sys 0.01
rvms 17 nvms 11 pm11-41

real 277.44
user 0.00
sys 0.00
rvms 16 nvms 11 pm11-42

real 258.02
user 0.01
sys 0.00
rvms 15 nvms 11 pm11-43

real 288.67
user 0.01
sys 0.00
rvms 14 nvms 11 pm11-44

real 277.77
user 0.01
sys 0.00
rvms 13 nvms 11 pm11-45

real 337.02
user 0.00
sys 0.01

real 247.94
user 0.00
sys 0.01

real 324.32
user 0.00
sys 0.00

real 262.26
user 0.00
sys 0.00

real 309.25
user 0.00
sys 0.01

real 275.37
user 0.00
sys 0.00

real 289.45
user 0.01
sys 0.01

real 285.05
user 0.01
sys 0.00

real 220.33
user 0.01
sys 0.00

real 193.09
user 0.01
sys 0.00

real 280.13
user 0.00
sys 0.00

real 261.12
user 0.00
sys 0.00
real 994.64
user 25.60
sys 67.26

Fri Jun  1 16:20:00 2012
----------------
