Log of time -p /home/tsugawa/vmanage/parallel 12 
Wed May 30 20:10:10 2012

rvms 40 nvms 0 pm11-1
rvms 40 nvms 1 pm11-10
rvms 40 nvms 2 pm11-11
rvms 40 nvms 3 pm11-12
rvms 40 nvms 4 pm11-13
rvms 40 nvms 5 pm11-14
rvms 40 nvms 6 pm11-15
rvms 40 nvms 7 pm11-16
rvms 40 nvms 8 pm11-17
rvms 40 nvms 9 pm11-18
rvms 40 nvms 10 pm11-19
rvms 40 nvms 11 pm11-2

real 343.17
user 0.00
sys 0.01
rvms 40 nvms 11 pm11-20

real 420.27
user 0.00
sys 0.01
rvms 39 nvms 11 pm11-21

real 432.53
user 0.00
sys 0.01
rvms 38 nvms 11 pm11-22

real 488.70
user 0.01
sys 0.00
rvms 37 nvms 11 pm11-23

real 491.95
user 0.01
sys 0.00
rvms 35 nvms 11 pm11-24

real 497.98
user 0.01
sys 0.00
rvms 35 nvms 11 pm11-25

real 507.22
user 0.01
sys 0.00
rvms 33 nvms 11 pm11-26

real 508.67
user 0.00
sys 0.00
rvms 31 nvms 11 pm11-27

real 513.93
user 0.01
sys 0.00
rvms 31 nvms 11 pm11-28

real 547.25
user 0.00
sys 0.01
rvms 31 nvms 11 pm11-29

real 548.87
user 0.00
sys 0.00
rvms 29 nvms 11 pm11-3

real 560.61
user 0.00
sys 0.01
rvms 29 nvms 11 pm11-30

real 480.17
user 0.00
sys 0.01
rvms 28 nvms 11 pm11-31

real 416.55
user 0.01
sys 0.00
rvms 27 nvms 11 pm11-32

real 509.19
user 0.00
sys 0.02
rvms 26 nvms 11 pm11-33

real 424.91
user 0.01
sys 0.01
rvms 24 nvms 11 pm11-34

real 429.22
user 0.01
sys 0.00
rvms 24 nvms 11 pm11-35

real 428.83
user 0.00
sys 0.01
rvms 22 nvms 11 pm11-36

real 446.45
user 0.00
sys 0.00
rvms 20 nvms 11 pm11-37

real 456.66
user 0.01
sys 0.01
rvms 20 nvms 11 pm11-38

real 416.64
user 0.01
sys 0.00
rvms 20 nvms 11 pm11-39

real 420.43
user 0.01
sys 0.00
rvms 18 nvms 11 pm11-4

real 514.22
user 0.00
sys 0.01
rvms 18 nvms 11 pm11-40

real 493.32
user 0.00
sys 0.00
rvms 17 nvms 11 pm11-41

real 370.95
user 0.01
sys 0.00
rvms 16 nvms 11 pm11-42

real 398.43
user 0.01
sys 0.00
rvms 15 nvms 11 pm11-43

real 411.66
user 0.01
sys 0.01
rvms 14 nvms 11 pm11-44

real 437.00
user 0.02
sys 0.00
rvms 13 nvms 11 pm11-45

real 479.68
user 0.01
sys 0.00

real 479.09
user 0.02
sys 0.00

real 459.14
user 0.00
sys 0.01

real 496.89
user 0.01
sys 0.01

real 504.89
user 0.00
sys 0.01

real 478.98
user 0.00
sys 0.01

real 460.25
user 0.01
sys 0.00

real 466.21
user 0.01
sys 0.00

real 330.34
user 0.00
sys 0.00

real 351.54
user 0.00
sys 0.00

real 313.71
user 0.00
sys 0.00

real 314.22
user 0.00
sys 0.01
real 1696.04
user 49.48
sys 121.74

Wed May 30 20:38:26 2012
----------------
