Log of time -p /home/tsugawa/vmanage/parallel 12 
Tue May 29 12:19:31 2012

rvms 40 nvms 0 pm11-1
rvms 40 nvms 1 pm11-10
rvms 40 nvms 2 pm11-11
rvms 40 nvms 3 pm11-12
rvms 40 nvms 4 pm11-13
rvms 40 nvms 5 pm11-14
rvms 40 nvms 6 pm11-15
rvms 40 nvms 7 pm11-16
rvms 40 nvms 8 pm11-17
rvms 40 nvms 9 pm11-18
rvms 40 nvms 10 pm11-19
rvms 40 nvms 11 pm11-2

real 74.17
user 0.01
sys 0.00
rvms 40 nvms 11 pm11-20

real 78.35
user 0.00
sys 0.00
rvms 39 nvms 11 pm11-21

real 81.52
user 0.01
sys 0.00
rvms 38 nvms 11 pm11-22

real 83.84
user 0.01
sys 0.00
rvms 37 nvms 11 pm11-23

real 84.18
user 0.01
sys 0.00
rvms 35 nvms 11 pm11-24

real 85.25
user 0.01
sys 0.00
rvms 34 nvms 11 pm11-25

real 86.32
user 0.00
sys 0.00
rvms 33 nvms 11 pm11-26

real 88.21
user 0.00
sys 0.00
rvms 33 nvms 11 pm11-27

real 90.20
user 0.01
sys 0.00
rvms 32 nvms 11 pm11-28

real 92.45
user 0.00
sys 0.01
rvms 31 nvms 11 pm11-29

real 99.44
user 0.00
sys 0.00
rvms 30 nvms 11 pm11-3

real 114.01
user 0.00
sys 0.00
rvms 29 nvms 11 pm11-30

real 59.97
user 0.01
sys 0.00
rvms 28 nvms 11 pm11-31

real 54.59
user 0.00
sys 0.02
rvms 27 nvms 11 pm11-32

real 55.37
user 0.00
sys 0.01
rvms 26 nvms 11 pm11-33

real 67.87
user 0.01
sys 0.00
rvms 25 nvms 11 pm11-34

real 84.28
user 0.01
sys 0.00
rvms 24 nvms 11 pm11-35

real 80.25
user 0.01
sys 0.00
rvms 23 nvms 11 pm11-36

real 84.06
user 0.02
sys 0.00
rvms 22 nvms 11 pm11-37

real 92.51
user 0.00
sys 0.01
rvms 21 nvms 11 pm11-38

real 89.09
user 0.02
sys 0.00
rvms 20 nvms 11 pm11-39

real 97.28
user 0.01
sys 0.00
rvms 19 nvms 11 pm11-4

real 51.92
user 0.00
sys 0.00
rvms 18 nvms 11 pm11-40

real 105.00
user 0.01
sys 0.00
rvms 17 nvms 11 pm11-41

real 43.74
user 0.00
sys 0.01
rvms 16 nvms 11 pm11-42

real 100.27
user 0.00
sys 0.00
rvms 15 nvms 11 pm11-43

real 80.82
user 0.01
sys 0.00
rvms 13 nvms 11 pm11-44

real 66.94
user 0.01
sys 0.00
rvms 13 nvms 11 pm11-45

real 72.59
user 0.01
sys 0.00

real 87.93
user 0.00
sys 0.00

real 77.42
user 0.01
sys 0.00

real 67.39
user 0.01
sys 0.00

real 78.40
user 0.01
sys 0.00

real 70.07
user 0.00
sys 0.00

real 51.57
user 0.00
sys 0.00

real 93.80
user 0.00
sys 0.00

real 66.35
user 0.01
sys 0.01

real 62.51
user 0.00
sys 0.01

real 82.09
user 0.00
sys 0.01

real 50.39
user 0.01
sys 0.00
real 280.33
user 8.59
sys 21.67

Tue May 29 12:24:11 2012
----------------
