Log of time -p /home/tsugawa/vmanage/parallel 12 
Sat Jun  2 18:46:35 2012

rvms 40 nvms 0 pm11-1
rvms 40 nvms 1 pm11-10
rvms 40 nvms 2 pm11-11
rvms 40 nvms 3 pm11-12
rvms 40 nvms 4 pm11-13
rvms 40 nvms 5 pm11-14
rvms 40 nvms 6 pm11-15
rvms 40 nvms 7 pm11-16
rvms 40 nvms 8 pm11-17
rvms 40 nvms 9 pm11-18
rvms 40 nvms 10 pm11-19
rvms 40 nvms 11 pm11-2

real 175.22
user 0.00
sys 0.01
rvms 40 nvms 11 pm11-20

real 184.01
user 0.00
sys 0.01
rvms 39 nvms 11 pm11-21

real 194.00
user 0.00
sys 0.00
rvms 38 nvms 11 pm11-22

real 196.50
user 0.01
sys 0.00
rvms 37 nvms 11 pm11-23

real 197.08
user 0.01
sys 0.00
rvms 35 nvms 11 pm11-24

real 207.26
user 0.01
sys 0.00
rvms 35 nvms 11 pm11-25

real 208.74
user 0.00
sys 0.00
rvms 33 nvms 11 pm11-26

real 212.18
user 0.01
sys 0.00
rvms 32 nvms 11 pm11-27

real 215.31
user 0.00
sys 0.00
rvms 32 nvms 11 pm11-28

real 220.46
user 0.00
sys 0.01
rvms 31 nvms 11 pm11-29

real 254.79
user 0.01
sys 0.00
rvms 30 nvms 11 pm11-3

real 257.93
user 0.01
sys 0.00
rvms 28 nvms 11 pm11-30

real 134.44
user 0.01
sys 0.00
rvms 28 nvms 11 pm11-31

real 161.29
user 0.01
sys 0.00
rvms 27 nvms 11 pm11-32

real 136.59
user 0.01
sys 0.00
rvms 26 nvms 11 pm11-33

real 143.15
user 0.01
sys 0.00
rvms 25 nvms 11 pm11-34

real 152.09
user 0.01
sys 0.01
rvms 24 nvms 11 pm11-35

real 158.61
user 0.00
sys 0.00
rvms 23 nvms 11 pm11-36

real 198.40
user 0.00
sys 0.01
rvms 22 nvms 11 pm11-37

real 205.76
user 0.01
sys 0.01
rvms 21 nvms 11 pm11-38

real 202.46
user 0.01
sys 0.00
rvms 20 nvms 11 pm11-39

real 240.21
user 0.01
sys 0.01
rvms 19 nvms 11 pm11-4

real 191.99
user 0.00
sys 0.00
rvms 18 nvms 11 pm11-40

real 200.16
user 0.00
sys 0.01
rvms 17 nvms 11 pm11-41

real 184.86
user 0.02
sys 0.00
rvms 16 nvms 11 pm11-42

real 165.51
user 0.02
sys 0.00
rvms 15 nvms 11 pm11-43

real 212.67
user 0.00
sys 0.00
rvms 14 nvms 11 pm11-44

real 229.43
user 0.00
sys 0.01
rvms 13 nvms 11 pm11-45

real 224.88
user 0.01
sys 0.00

real 218.21
user 0.00
sys 0.01

real 216.87
user 0.00
sys 0.01

real 181.72
user 0.00
sys 0.01

real 301.03
user 0.00
sys 0.00

real 216.39
user 0.00
sys 0.01

real 215.37
user 0.00
sys 0.00

real 206.38
user 0.00
sys 0.00

real 180.46
user 0.01
sys 0.00

real 203.67
user 0.01
sys 0.00

real 201.42
user 0.00
sys 0.01

real 220.46
user 0.01
sys 0.00
real 768.95
user 21.12
sys 49.55

Sat Jun  2 18:59:24 2012
----------------
