Log of time -p /home/tsugawa/vmanage/parallel 12 
Sun Jun  3 03:39:24 2012

rvms 40 nvms 0 pm11-1
rvms 40 nvms 1 pm11-10
rvms 40 nvms 2 pm11-11
rvms 40 nvms 3 pm11-12
rvms 40 nvms 4 pm11-13
rvms 40 nvms 5 pm11-14
rvms 40 nvms 6 pm11-15
rvms 40 nvms 7 pm11-16
rvms 40 nvms 8 pm11-17
rvms 40 nvms 9 pm11-18
rvms 40 nvms 10 pm11-19
rvms 40 nvms 11 pm11-2

real 71.74
user 0.01
sys 0.00
rvms 40 nvms 11 pm11-20

real 73.29
user 0.01
sys 0.00
rvms 39 nvms 11 pm11-21

real 74.67
user 0.00
sys 0.01
rvms 38 nvms 11 pm11-22

real 76.40
user 0.00
sys 0.00
rvms 37 nvms 11 pm11-23


real 78.17
user 0.00
sys 0.00
real 78.26
user 0.00
sys 0.00
rvms 36 nvms 10 pm11-24
rvms 34 nvms 11 pm11-25

real 79.85
user 0.01
sys 0.00
rvms 34 nvms 11 pm11-26

real 81.00
user 0.01
sys 0.00

real 80.71
user 0.01
sys 0.00
rvms 30 nvms 10 pm11-27
rvms 30 nvms 11 pm11-28

real 81.81
user 0.00
sys 0.00
rvms 30 nvms 11 pm11-29

real 82.25
user 0.01
sys 0.00
rvms 29 nvms 11 pm11-3

real 95.51
user 0.01
sys 0.00
rvms 29 nvms 11 pm11-30

real 53.80
user 0.00
sys 0.01
rvms 28 nvms 11 pm11-31

real 57.27
user 0.01
sys 0.01
rvms 26 nvms 11 pm11-32

real 62.29
user 0.02
sys 0.00
rvms 26 nvms 11 pm11-33

real 63.33
user 0.01
sys 0.01
rvms 25 nvms 11 pm11-34

real 67.18
user 0.01
sys 0.01
rvms 24 nvms 11 pm11-35

real 74.07
user 0.00
sys 0.01
rvms 23 nvms 11 pm11-36

real 58.99
user 0.01
sys 0.00
rvms 21 nvms 11 pm11-37

real 76.44
user 0.01
sys 0.00
rvms 21 nvms 11 pm11-38

real 80.63
user 0.00
sys 0.01
rvms 20 nvms 11 pm11-39

real 93.71
user 0.00
sys 0.01
rvms 19 nvms 11 pm11-4

real 44.66
user 0.01
sys 0.00
rvms 18 nvms 11 pm11-40

real 93.76
user 0.01
sys 0.00
rvms 17 nvms 11 pm11-41

real 106.62
user 0.00
sys 0.00
rvms 16 nvms 11 pm11-42

real 62.98
user 0.00
sys 0.00
rvms 15 nvms 11 pm11-43

real 61.36
user 0.00
sys 0.01
rvms 14 nvms 11 pm11-44

real 69.20
user 0.01
sys 0.00
rvms 13 nvms 11 pm11-45

real 62.29
user 0.00
sys 0.01

real 73.10
user 0.01
sys 0.00

real 92.94
user 0.01
sys 0.01

real 57.49
user 0.00
sys 0.00

real 86.69
user 0.01
sys 0.00

real 85.59
user 0.01
sys 0.01

real 55.40
user 0.00
sys 0.00

real 73.07
user 0.00
sys 0.01

real 79.96
user 0.00
sys 0.01

real 46.84
user 0.01
sys 0.00

real 66.50
user 0.01
sys 0.00

real 48.45
user 0.00
sys 0.01
real 264.06
user 7.78
sys 19.80

Sun Jun  3 03:43:48 2012
----------------
