Log of time -p /home/tsugawa/vmanage/parallel 12 
Tue May 29 21:07:40 2012

rvms 40 nvms 0 pm11-1
rvms 40 nvms 1 pm11-10
rvms 40 nvms 2 pm11-11
rvms 40 nvms 3 pm11-12
rvms 40 nvms 4 pm11-13
rvms 40 nvms 5 pm11-14
rvms 40 nvms 6 pm11-15
rvms 40 nvms 7 pm11-16
rvms 40 nvms 8 pm11-17
rvms 40 nvms 9 pm11-18
rvms 40 nvms 10 pm11-19
rvms 40 nvms 11 pm11-2

real 145.85
user 0.00
sys 0.00
rvms 40 nvms 11 pm11-20

real 158.01
user 0.01
sys 0.00
rvms 39 nvms 11 pm11-21

real 171.00
user 0.01
sys 0.00
rvms 38 nvms 11 pm11-22

real 175.43
user 0.00
sys 0.00
rvms 37 nvms 11 pm11-23

real 176.08
user 0.00
sys 0.00
rvms 35 nvms 11 pm11-24

real 177.03
user 0.00
sys 0.01
rvms 34 nvms 11 pm11-25

real 180.09
user 0.00
sys 0.01
rvms 34 nvms 11 pm11-26

real 187.24
user 0.00
sys 0.01
rvms 33 nvms 11 pm11-27

real 191.75
user 0.00
sys 0.01
rvms 32 nvms 11 pm11-28

real 194.90
user 0.00
sys 0.01
rvms 31 nvms 11 pm11-29

real 203.20
user 0.01
sys 0.00
rvms 30 nvms 11 pm11-3

real 231.04
user 0.00
sys 0.01
rvms 29 nvms 11 pm11-30

real 76.69
user 0.01
sys 0.00
rvms 28 nvms 11 pm11-31

real 164.18
user 0.01
sys 0.00
rvms 26 nvms 11 pm11-32

real 149.56
user 0.02
sys 0.00
rvms 26 nvms 11 pm11-33

real 130.96
user 0.00
sys 0.01
rvms 25 nvms 11 pm11-34

real 164.39
user 0.01
sys 0.01
rvms 23 nvms 11 pm11-35

real 149.45
user 0.02
sys 0.00
rvms 23 nvms 11 pm11-36

real 168.63
user 0.01
sys 0.01
rvms 22 nvms 11 pm11-37

real 192.53
user 0.01
sys 0.00
rvms 21 nvms 11 pm11-38

real 165.51
user 0.01
sys 0.00
rvms 20 nvms 11 pm11-39

real 212.32
user 0.01
sys 0.01
rvms 19 nvms 11 pm11-4

real 218.93
user 0.00
sys 0.01
rvms 18 nvms 11 pm11-40

real 213.71
user 0.00
sys 0.01
rvms 17 nvms 11 pm11-41

real 156.70
user 0.01
sys 0.01
rvms 16 nvms 11 pm11-42

real 156.32
user 0.00
sys 0.01
rvms 15 nvms 11 pm11-43

real 188.17
user 0.00
sys 0.01
rvms 14 nvms 11 pm11-44

real 175.97
user 0.01
sys 0.00
rvms 13 nvms 11 pm11-45

real 191.17
user 0.00
sys 0.02

real 208.74
user 0.01
sys 0.00

real 240.17
user 0.01
sys 0.00

real 274.77
user 0.00
sys 0.00

real 294.17
user 0.00
sys 0.01

real 233.31
user 0.00
sys 0.01

real 246.57
user 0.01
sys 0.00

real 260.18
user 0.00
sys 0.01

real 137.65
user 0.01
sys 0.01

real 180.70
user 0.00
sys 0.00

real 152.89
user 0.01
sys 0.00

real 219.44
user 0.01
sys 0.00
real 684.51
user 18.70
sys 47.63

Tue May 29 21:19:05 2012
----------------
