Log of time -p /home/tsugawa/vmanage/parallel 12 
Thu May 31 10:44:23 2012

rvms 40 nvms 0 pm11-1
rvms 40 nvms 1 pm11-10
rvms 40 nvms 2 pm11-11
rvms 40 nvms 3 pm11-12
rvms 40 nvms 4 pm11-13
rvms 40 nvms 5 pm11-14
rvms 40 nvms 6 pm11-15
rvms 40 nvms 7 pm11-16
rvms 40 nvms 8 pm11-17
rvms 40 nvms 9 pm11-18
rvms 40 nvms 10 pm11-19
rvms 40 nvms 11 pm11-2

real 130.58
user 0.00
sys 0.00
rvms 40 nvms 11 pm11-20

real 134.01
user 0.00
sys 0.01
rvms 39 nvms 11 pm11-21

real 142.17
user 0.00
sys 0.01
rvms 38 nvms 11 pm11-22

real 143.77
user 0.00
sys 0.00
rvms 36 nvms 11 pm11-23

real 144.19
user 0.01
sys 0.00
rvms 35 nvms 11 pm11-24

real 156.65
user 0.00
sys 0.01
rvms 35 nvms 11 pm11-25

real 159.31
user 0.00
sys 0.00
rvms 34 nvms 11 pm11-26

real 160.62
user 0.00
sys 0.00
rvms 32 nvms 11 pm11-27

real 165.62
user 0.00
sys 0.00
rvms 31 nvms 11 pm11-28

real 166.17
user 0.01
sys 0.00
rvms 30 nvms 11 pm11-29

real 173.03
user 0.00
sys 0.00
rvms 30 nvms 11 pm11-3

real 180.27
user 0.00
sys 0.01
rvms 29 nvms 11 pm11-30

real 160.06
user 0.00
sys 0.00
rvms 28 nvms 11 pm11-31

real 162.68
user 0.02
sys 0.00
rvms 27 nvms 11 pm11-32

real 173.09
user 0.00
sys 0.01
rvms 25 nvms 11 pm11-33

real 153.04
user 0.02
sys 0.01
rvms 25 nvms 11 pm11-34

real 186.81
user 0.00
sys 0.00
rvms 24 nvms 11 pm11-35

real 162.10
user 0.00
sys 0.01
rvms 23 nvms 11 pm11-36

real 147.97
user 0.00
sys 0.01
rvms 22 nvms 11 pm11-37

real 176.76
user 0.02
sys 0.00
rvms 21 nvms 11 pm11-38

real 192.73
user 0.00
sys 0.01
rvms 19 nvms 11 pm11-39

real 185.32
user 0.00
sys 0.01
rvms 19 nvms 11 pm11-4

real 193.10
user 0.01
sys 0.00
rvms 18 nvms 11 pm11-40

real 201.37
user 0.00
sys 0.00
rvms 17 nvms 11 pm11-41

real 146.13
user 0.01
sys 0.00
rvms 16 nvms 11 pm11-42

real 172.96
user 0.02
sys 0.00
rvms 15 nvms 11 pm11-43

real 180.78
user 0.01
sys 0.00
rvms 14 nvms 11 pm11-44

real 181.05
user 0.01
sys 0.01
rvms 13 nvms 11 pm11-45

real 187.29
user 0.02
sys 0.00

real 150.38
user 0.01
sys 0.00

real 173.41
user 0.00
sys 0.00

real 159.41
user 0.01
sys 0.00

real 199.79
user 0.00
sys 0.00

real 207.44
user 0.02
sys 0.00

real 200.24
user 0.00
sys 0.00

real 75.71
user 0.00
sys 0.01

real 183.87
user 0.00
sys 0.00

real 73.47
user 0.01
sys 0.00

real 84.76
user 0.01
sys 0.00

real 123.31
user 0.00
sys 0.01
real 587.68
user 17.56
sys 44.71

Thu May 31 10:54:11 2012
----------------
