Log of time -p /home/tsugawa/vmanage/parallel 12 
Sat Jun  2 04:18:37 2012

rvms 40 nvms 0 pm11-1
rvms 40 nvms 1 pm11-10
rvms 40 nvms 2 pm11-11
rvms 40 nvms 3 pm11-12
rvms 40 nvms 4 pm11-13
rvms 40 nvms 5 pm11-14
rvms 40 nvms 6 pm11-15
rvms 40 nvms 7 pm11-16
rvms 40 nvms 8 pm11-17
rvms 40 nvms 9 pm11-18
rvms 40 nvms 10 pm11-19
rvms 40 nvms 11 pm11-2

real 96.56
user 0.00
sys 0.00
rvms 40 nvms 11 pm11-20

real 98.57
user 0.01
sys 0.00
rvms 38 nvms 11 pm11-21

real 99.49
user 0.01
sys 0.00
rvms 37 nvms 11 pm11-22

real 104.47
user 0.00
sys 0.00
rvms 37 nvms 11 pm11-23

real 114.29
user 0.00
sys 0.00
rvms 36 nvms 11 pm11-24

real 119.26
user 0.01
sys 0.00
rvms 35 nvms 11 pm11-25

real 119.67
user 0.01
sys 0.00
rvms 33 nvms 11 pm11-26

real 124.40
user 0.00
sys 0.00
rvms 33 nvms 11 pm11-27

real 127.56
user 0.00
sys 0.00
rvms 32 nvms 11 pm11-28

real 134.24
user 0.01
sys 0.00
rvms 31 nvms 11 pm11-29

real 141.07
user 0.00
sys 0.00
rvms 30 nvms 11 pm11-3

real 146.51
user 0.01
sys 0.00
rvms 29 nvms 11 pm11-30

real 77.01
user 0.01
sys 0.00
rvms 28 nvms 11 pm11-31

real 102.51
user 0.02
sys 0.00
rvms 27 nvms 11 pm11-32

real 103.27
user 0.00
sys 0.00
rvms 26 nvms 11 pm11-33

real 105.18
user 0.01
sys 0.00
rvms 24 nvms 11 pm11-34

real 103.95
user 0.00
sys 0.00
rvms 24 nvms 11 pm11-35

real 112.70
user 0.00
sys 0.02
rvms 23 nvms 11 pm11-36

real 113.45
user 0.00
sys 0.01
rvms 22 nvms 11 pm11-37

real 87.42
user 0.00
sys 0.01
rvms 20 nvms 11 pm11-38

real 94.29
user 0.00
sys 0.00
rvms 19 nvms 11 pm11-39

real 126.03
user 0.02
sys 0.00
rvms 19 nvms 11 pm11-4

real 125.99
user 0.01
sys 0.00
rvms 18 nvms 11 pm11-40

real 145.03
user 0.01
sys 0.01
rvms 17 nvms 11 pm11-41

real 93.19
user 0.01
sys 0.00
rvms 16 nvms 11 pm11-42

real 78.16
user 0.01
sys 0.01
rvms 15 nvms 11 pm11-43

real 113.02
user 0.01
sys 0.00
rvms 14 nvms 11 pm11-44

real 106.28
user 0.01
sys 0.00
rvms 12 nvms 11 pm11-45

real 74.46
user 0.01
sys 0.00

real 123.26
user 0.00
sys 0.00

real 141.92
user 0.02
sys 0.00

real 116.12
user 0.00
sys 0.01

real 119.78
user 0.01
sys 0.00

real 127.03
user 0.01
sys 0.00

real 89.73
user 0.00
sys 0.00

real 126.81
user 0.01
sys 0.00

real 82.59
user 0.01
sys 0.00

real 88.98
user 0.01
sys 0.00

real 95.00
user 0.01
sys 0.00

real 114.39
user 0.01
sys 0.00
real 411.06
user 11.64
sys 28.59

Sat Jun  2 04:25:28 2012
----------------
