Log of time -p /home/tsugawa/vmanage/parallel 12 
Wed May 30 08:52:17 2012

rvms 40 nvms 0 pm11-1
rvms 40 nvms 1 pm11-10
rvms 40 nvms 2 pm11-11
rvms 40 nvms 3 pm11-12
rvms 40 nvms 4 pm11-13
rvms 40 nvms 5 pm11-14
rvms 40 nvms 6 pm11-15
rvms 40 nvms 7 pm11-16
rvms 40 nvms 8 pm11-17
rvms 40 nvms 9 pm11-18
rvms 40 nvms 10 pm11-19
rvms 40 nvms 11 pm11-2

real 90.55
user 0.00
sys 0.00
rvms 40 nvms 11 pm11-20

real 108.66
user 0.00
sys 0.00
rvms 39 nvms 11 pm11-21

real 121.08
user 0.01
sys 0.00
rvms 38 nvms 11 pm11-22

real 132.17
user 0.00
sys 0.00
rvms 37 nvms 11 pm11-23

real 140.51
user 0.00
sys 0.00
rvms 36 nvms 11 pm11-24

real 142.45
user 0.00
sys 0.00
rvms 34 nvms 11 pm11-25

real 149.02
user 0.00
sys 0.00
rvms 34 nvms 11 pm11-26

real 152.56
user 0.00
sys 0.01
rvms 33 nvms 11 pm11-27

real 154.94
user 0.00
sys 0.01
rvms 32 nvms 11 pm11-28

real 167.75
user 0.00
sys 0.00
rvms 31 nvms 11 pm11-29

real 179.66
user 0.01
sys 0.00
rvms 30 nvms 11 pm11-3

real 182.55
user 0.01
sys 0.00
rvms 29 nvms 11 pm11-30

real 129.01
user 0.01
sys 0.00
rvms 28 nvms 11 pm11-31

real 110.97
user 0.00
sys 0.01
rvms 27 nvms 11 pm11-32

real 92.81
user 0.00
sys 0.01
rvms 26 nvms 11 pm11-33

real 144.50
user 0.01
sys 0.00
rvms 25 nvms 11 pm11-34

real 125.72
user 0.00
sys 0.00
rvms 24 nvms 11 pm11-35

real 84.78
user 0.01
sys 0.00
rvms 23 nvms 11 pm11-36

real 129.20
user 0.01
sys 0.00
rvms 22 nvms 11 pm11-37

real 141.80
user 0.00
sys 0.00
rvms 19 nvms 11 pm11-38

real 133.56
user 0.00
sys 0.01
rvms 19 nvms 11 pm11-39

real 119.54
user 0.01
sys 0.00
rvms 19 nvms 11 pm11-4

real 158.70
user 0.01
sys 0.00
rvms 18 nvms 11 pm11-40

real 134.19
user 0.00
sys 0.00
rvms 17 nvms 11 pm11-41

real 101.48
user 0.01
sys 0.00
rvms 16 nvms 11 pm11-42

real 119.19
user 0.00
sys 0.01
rvms 15 nvms 11 pm11-43

real 109.94
user 0.00
sys 0.01
rvms 14 nvms 11 pm11-44

real 97.23
user 0.00
sys 0.00
rvms 12 nvms 11 pm11-45

real 171.38
user 0.01
sys 0.00

real 143.56
user 0.01
sys 0.00

real 127.18
user 0.01
sys 0.00

real 188.62
user 0.00
sys 0.01

real 133.62
user 0.01
sys 0.00

real 119.97
user 0.00
sys 0.00

real 145.15
user 0.01
sys 0.00

real 69.27
user 0.00
sys 0.01

real 71.97
user 0.01
sys 0.01

real 143.49
user 0.00
sys 0.00

real 100.57
user 0.00
sys 0.01

real 136.54
user 0.00
sys 0.01
real 509.58
user 14.21
sys 35.09

Wed May 30 09:00:46 2012
----------------
