Log of time -p /home/tsugawa/vmanage/parallel 14 
Tue May 29 21:55:38 2012

rvms 40 nvms 0 pm11-1
rvms 40 nvms 1 pm11-10
rvms 40 nvms 2 pm11-11
rvms 40 nvms 3 pm11-12
rvms 40 nvms 4 pm11-13
rvms 40 nvms 5 pm11-14
rvms 40 nvms 6 pm11-15
rvms 40 nvms 7 pm11-16
rvms 40 nvms 8 pm11-17
rvms 40 nvms 9 pm11-18
rvms 40 nvms 10 pm11-19
rvms 40 nvms 11 pm11-2
rvms 40 nvms 12 pm11-20
rvms 40 nvms 13 pm11-21

real 252.04
user 0.01
sys 0.00
rvms 40 nvms 13 pm11-22

real 362.09
user 0.00
sys 0.00
rvms 39 nvms 13 pm11-23

real 391.13
user 0.01
sys 0.00
rvms 38 nvms 13 pm11-24

real 393.48
user 0.01
sys 0.00
rvms 35 nvms 13 pm11-25

real 393.44
user 0.01
sys 0.00
rvms 35 nvms 13 pm11-26

real 397.64
user 0.00
sys 0.00
rvms 35 nvms 13 pm11-27

real 399.41
user 0.00
sys 0.00
rvms 33 nvms 13 pm11-28

real 407.73
user 0.00
sys 0.00
rvms 33 nvms 13 pm11-29

real 421.10
user 0.00
sys 0.00
rvms 32 nvms 13 pm11-3

real 420.93
user 0.00
sys 0.00
rvms 29 nvms 13 pm11-30

real 425.89
user 0.01
sys 0.00
rvms 29 nvms 13 pm11-31

real 433.17
user 0.00
sys 0.00
rvms 29 nvms 13 pm11-32

real 451.52
user 0.01
sys 0.00
rvms 28 nvms 13 pm11-33

real 459.69
user 0.01
sys 0.00
rvms 27 nvms 13 pm11-34

real 219.46
user 0.00
sys 0.01
rvms 26 nvms 13 pm11-35

real 229.80
user 0.01
sys 0.01
rvms 25 nvms 13 pm11-36

real 264.98
user 0.01
sys 0.00
rvms 23 nvms 13 pm11-37

real 229.71
user 0.00
sys 0.01
rvms 21 nvms 13 pm11-38

real 239.12
user 0.01
sys 0.00
rvms 21 nvms 13 pm11-39

real 383.27
user 0.00
sys 0.01
rvms 20 nvms 13 pm11-4

real 263.08
user 0.01
sys 0.01
rvms 20 nvms 13 pm11-40

real 238.90
user 0.01
sys 0.01
rvms 19 nvms 13 pm11-41

real 262.07
user 0.01
sys 0.01
rvms 18 nvms 13 pm11-42

real 237.94
user 0.00
sys 0.00
rvms 17 nvms 13 pm11-43

real 272.37
user 0.00
sys 0.01
rvms 15 nvms 13 pm11-44

real 280.16
user 0.00
sys 0.01
rvms 15 nvms 13 pm11-45

real 308.79
user 0.01
sys 0.01

real 304.97
user 0.01
sys 0.00

real 180.46
user 0.01
sys 0.00

real 206.27
user 0.00
sys 0.01

real 217.02
user 0.01
sys 0.00

real 207.28
user 0.01
sys 0.00

real 208.83
user 0.00
sys 0.01

real 212.16
user 0.00
sys 0.00

real 180.00
user 0.00
sys 0.01

real 261.69
user 0.00
sys 0.00

real 208.23
user 0.00
sys 0.00

real 220.33
user 0.00
sys 0.00

real 271.42
user 0.01
sys 0.00

real 318.46
user 0.00
sys 0.00
real 946.42
user 27.33
sys 66.09

Tue May 29 22:11:24 2012
----------------
