Log of time -p /home/tsugawa/vmanage/parallel 14 
Thu May 31 12:02:43 2012

rvms 40 nvms 0 pm11-1
rvms 40 nvms 1 pm11-10
rvms 40 nvms 2 pm11-11
rvms 40 nvms 3 pm11-12
rvms 40 nvms 4 pm11-13
rvms 40 nvms 5 pm11-14
rvms 40 nvms 6 pm11-15
rvms 40 nvms 7 pm11-16
rvms 40 nvms 8 pm11-17
rvms 40 nvms 9 pm11-18
rvms 40 nvms 10 pm11-19
rvms 40 nvms 11 pm11-2
rvms 40 nvms 12 pm11-20
rvms 40 nvms 13 pm11-21

real 175.11
user 0.01
sys 0.00
rvms 40 nvms 13 pm11-22

real 177.48
user 0.01
sys 0.00
rvms 38 nvms 13 pm11-23

real 180.75
user 0.01
sys 0.00
rvms 38 nvms 13 pm11-24

real 193.17
user 0.00
sys 0.00
rvms 37 nvms 13 pm11-25

real 198.02
user 0.00
sys 0.01
rvms 36 nvms 13 pm11-26

real 200.87
user 0.00
sys 0.00
rvms 34 nvms 13 pm11-27

real 202.96
user 0.00
sys 0.01
rvms 33 nvms 13 pm11-28

real 203.73
user 0.00
sys 0.00
rvms 32 nvms 13 pm11-29

real 209.95
user 0.00
sys 0.00
rvms 32 nvms 13 pm11-3

real 210.92
user 0.00
sys 0.00
rvms 30 nvms 13 pm11-30

real 216.83
user 0.01
sys 0.00
rvms 30 nvms 13 pm11-31

real 223.79
user 0.01
sys 0.00
rvms 29 nvms 13 pm11-32

real 227.96
user 0.00
sys 0.00
rvms 28 nvms 13 pm11-33

real 234.69
user 0.01
sys 0.00
rvms 27 nvms 13 pm11-34

real 120.33
user 0.00
sys 0.01
rvms 26 nvms 13 pm11-35

real 144.59
user 0.00
sys 0.01
rvms 25 nvms 13 pm11-36

real 147.66
user 0.00
sys 0.01
rvms 24 nvms 13 pm11-37

real 165.30
user 0.01
sys 0.01
rvms 22 nvms 13 pm11-38

real 166.61
user 0.01
sys 0.01
rvms 22 nvms 13 pm11-39

real 154.95
user 0.00
sys 0.00
rvms 20 nvms 13 pm11-4

real 179.90
user 0.01
sys 0.01
rvms 20 nvms 13 pm11-40

real 161.74
user 0.00
sys 0.01
rvms 19 nvms 13 pm11-41

real 167.34
user 0.00
sys 0.00
rvms 16 nvms 13 pm11-42

real 210.82
user 0.00
sys 0.00
rvms 16 nvms 13 pm11-43

real 191.38
user 0.02
sys 0.00
rvms 15 nvms 13 pm11-44

real 190.00
user 0.00
sys 0.01
rvms 15 nvms 13 pm11-45

real 206.95
user 0.01
sys 0.00

real 194.00
user 0.00
sys 0.01

real 113.04
user 0.01
sys 0.00

real 134.61
user 0.01
sys 0.00

real 208.64
user 0.00
sys 0.01

real 148.85
user 0.01
sys 0.00

real 186.10
user 0.00
sys 0.00

real 155.89
user 0.01
sys 0.01

real 141.28
user 0.00
sys 0.01

real 135.72
user 0.00
sys 0.01

real 158.19
user 0.00
sys 0.02

real 142.71
user 0.00
sys 0.01

real 150.61
user 0.01
sys 0.00

real 149.13
user 0.01
sys 0.00
real 541.59
user 15.50
sys 38.73

Thu May 31 12:11:45 2012
----------------
