Log of time -p /home/tsugawa/vmanage/parallel 14 
Fri Jun  1 05:46:14 2012

rvms 40 nvms 0 pm11-1
rvms 40 nvms 1 pm11-10
rvms 40 nvms 2 pm11-11
rvms 40 nvms 3 pm11-12
rvms 40 nvms 4 pm11-13
rvms 40 nvms 5 pm11-14
rvms 40 nvms 6 pm11-15
rvms 40 nvms 7 pm11-16
rvms 40 nvms 8 pm11-17
rvms 40 nvms 9 pm11-18
rvms 40 nvms 10 pm11-19
rvms 40 nvms 11 pm11-2
rvms 40 nvms 12 pm11-20
rvms 40 nvms 13 pm11-21

real 185.39
user 0.01
sys 0.00
rvms 40 nvms 13 pm11-22

real 195.34
user 0.00
sys 0.00
rvms 39 nvms 13 pm11-23

real 198.88
user 0.00
sys 0.00
rvms 38 nvms 13 pm11-24

real 202.30
user 0.01
sys 0.00
rvms 36 nvms 13 pm11-25

real 204.90
user 0.00
sys 0.00
rvms 36 nvms 13 pm11-26

real 222.66
user 0.01
sys 0.00
rvms 35 nvms 13 pm11-27

real 229.40
user 0.01
sys 0.00
rvms 34 nvms 13 pm11-28

real 233.53
user 0.01
sys 0.00
rvms 33 nvms 13 pm11-29

real 235.55
user 0.01
sys 0.00
rvms 32 nvms 13 pm11-3

real 245.24
user 0.01
sys 0.00
rvms 31 nvms 13 pm11-30

real 253.28
user 0.00
sys 0.00
rvms 30 nvms 13 pm11-31

real 262.89
user 0.00
sys 0.01
rvms 29 nvms 13 pm11-32

real 283.57
user 0.01
sys 0.00
rvms 28 nvms 13 pm11-33

real 287.45
user 0.01
sys 0.00
rvms 27 nvms 13 pm11-34

real 146.85
user 0.00
sys 0.01
rvms 26 nvms 13 pm11-35

real 182.91
user 0.00
sys 0.00
rvms 25 nvms 13 pm11-36

real 188.13
user 0.00
sys 0.01
rvms 22 nvms 13 pm11-37

real 152.15
user 0.01
sys 0.00
rvms 22 nvms 13 pm11-38

real 162.30
user 0.01
sys 0.00
rvms 22 nvms 13 pm11-39

real 146.90
user 0.01
sys 0.00
rvms 21 nvms 13 pm11-4

real 178.63
user 0.01
sys 0.00
rvms 19 nvms 13 pm11-40

real 235.52
user 0.01
sys 0.01
rvms 19 nvms 13 pm11-41

real 168.45
user 0.00
sys 0.00
rvms 18 nvms 13 pm11-42

real 264.91
user 0.01
sys 0.00
rvms 17 nvms 13 pm11-43

real 232.28
user 0.01
sys 0.00
rvms 15 nvms 13 pm11-44

real 209.83
user 0.01
sys 0.00
rvms 15 nvms 13 pm11-45

real 200.04
user 0.01
sys 0.00

real 285.84
user 0.01
sys 0.01

real 144.24
user 0.01
sys 0.00

real 193.43
user 0.01
sys 0.00

real 162.00
user 0.01
sys 0.00

real 174.78
user 0.00
sys 0.01

real 178.51
user 0.00
sys 0.00

real 192.27
user 0.00
sys 0.00

real 187.43
user 0.01
sys 0.00

real 148.63
user 0.01
sys 0.00

real 192.46
user 0.00
sys 0.01

real 162.25
user 0.00
sys 0.00

real 165.34
user 0.00
sys 0.01

real 189.19
user 0.01
sys 0.00
real 662.33
user 18.69
sys 44.33

Fri Jun  1 05:57:16 2012
----------------
