Log of time -p /home/tsugawa/vmanage/parallel 14 
Tue May 29 13:01:33 2012

rvms 40 nvms 0 pm11-1
rvms 40 nvms 1 pm11-10
rvms 40 nvms 2 pm11-11
rvms 40 nvms 3 pm11-12
rvms 40 nvms 4 pm11-13
rvms 40 nvms 5 pm11-14
rvms 40 nvms 6 pm11-15
rvms 40 nvms 7 pm11-16
rvms 40 nvms 8 pm11-17
rvms 40 nvms 9 pm11-18
rvms 40 nvms 10 pm11-19
rvms 40 nvms 11 pm11-2
rvms 40 nvms 12 pm11-20
rvms 40 nvms 13 pm11-21

real 67.88
user 0.01
sys 0.00
rvms 40 nvms 13 pm11-22

real 80.26
user 0.01
sys 0.00
rvms 39 nvms 13 pm11-23

real 82.62
user 0.00
sys 0.01
rvms 38 nvms 13 pm11-24

real 84.07
user 0.00
sys 0.01
rvms 36 nvms 13 pm11-25

real 100.87
user 0.01
sys 0.00
rvms 36 nvms 13 pm11-26

real 104.10
user 0.00
sys 0.01
rvms 35 nvms 13 pm11-27

real 104.65
user 0.00
sys 0.00
rvms 32 nvms 13 pm11-28

real 104.94
user 0.00
sys 0.00
rvms 32 nvms 13 pm11-29

real 106.27
user 0.01
sys 0.00
rvms 32 nvms 13 pm11-3

real 107.25
user 0.01
sys 0.00
rvms 29 nvms 13 pm11-30

real 108.26
user 0.00
sys 0.00
rvms 29 nvms 13 pm11-31

real 114.74
user 0.01
sys 0.00
rvms 29 nvms 13 pm11-32

real 122.82
user 0.00
sys 0.01
rvms 28 nvms 13 pm11-33

real 144.22
user 0.00
sys 0.00
rvms 27 nvms 13 pm11-34

real 81.96
user 0.01
sys 0.00
rvms 26 nvms 13 pm11-35

real 63.22
user 0.01
sys 0.01
rvms 25 nvms 13 pm11-36

real 69.50
user 0.00
sys 0.01
rvms 24 nvms 13 pm11-37

real 93.93
user 0.00
sys 0.00
rvms 22 nvms 13 pm11-38

real 67.92
user 0.00
sys 0.00
rvms 22 nvms 13 pm11-39

real 98.88
user 0.01
sys 0.00
rvms 20 nvms 13 pm11-4

real 119.74
user 0.00
sys 0.01
rvms 20 nvms 13 pm11-40

real 86.61
user 0.00
sys 0.00
rvms 19 nvms 13 pm11-41

real 89.08
user 0.00
sys 0.01
rvms 18 nvms 13 pm11-42

real 100.72
user 0.00
sys 0.01
rvms 17 nvms 13 pm11-43

real 109.10
user 0.00
sys 0.01
rvms 16 nvms 13 pm11-44

real 107.18
user 0.00
sys 0.01
rvms 15 nvms 13 pm11-45

real 133.44
user 0.01
sys 0.00

real 97.15
user 0.01
sys 0.00

real 75.45
user 0.00
sys 0.01

real 69.57
user 0.02
sys 0.00

real 75.65
user 0.00
sys 0.00

real 81.57
user 0.01
sys 0.01

real 49.65
user 0.01
sys 0.00

real 101.63
user 0.01
sys 0.00

real 103.12
user 0.01
sys 0.00

real 84.97
user 0.02
sys 0.00

real 84.61
user 0.00
sys 0.01

real 77.86
user 0.00
sys 0.00

real 68.36
user 0.00
sys 0.00

real 59.26
user 0.00
sys 0.01
real 290.08
user 9.53
sys 22.28

Tue May 29 13:06:23 2012
----------------
