Log of time -p /home/tsugawa/vmanage/parallel 14 
Fri Jun  1 16:55:52 2012

rvms 40 nvms 0 pm11-1
rvms 40 nvms 1 pm11-10
rvms 40 nvms 2 pm11-11
rvms 40 nvms 3 pm11-12
rvms 40 nvms 4 pm11-13
rvms 40 nvms 5 pm11-14
rvms 40 nvms 6 pm11-15
rvms 40 nvms 7 pm11-16
rvms 40 nvms 8 pm11-17
rvms 40 nvms 9 pm11-18
rvms 40 nvms 10 pm11-19
rvms 40 nvms 11 pm11-2
rvms 40 nvms 12 pm11-20
rvms 40 nvms 13 pm11-21

real 270.32
user 0.00
sys 0.01
rvms 40 nvms 13 pm11-22

real 273.89
user 0.01
sys 0.00
rvms 38 nvms 13 pm11-23

real 279.71
user 0.00
sys 0.01
rvms 37 nvms 13 pm11-24

real 284.81
user 0.00
sys 0.00

real 285.36
user 0.00
sys 0.00
rvms 36 nvms 12 pm11-25
rvms 35 nvms 13 pm11-26

real 293.06
user 0.01
sys 0.00
rvms 35 nvms 13 pm11-27

real 298.96
user 0.01
sys 0.00
rvms 34 nvms 13 pm11-28

real 313.15
user 0.00
sys 0.00
rvms 33 nvms 13 pm11-29

real 321.54
user 0.00
sys 0.00
rvms 32 nvms 13 pm11-3

real 323.22
user 0.00
sys 0.01
rvms 30 nvms 13 pm11-30

real 337.09
user 0.01
sys 0.00
rvms 30 nvms 13 pm11-31

real 351.46
user 0.00
sys 0.00
rvms 29 nvms 13 pm11-32

real 384.20
user 0.00
sys 0.00
rvms 28 nvms 13 pm11-33

real 403.92
user 0.00
sys 0.01
rvms 27 nvms 13 pm11-34

real 216.19
user 0.00
sys 0.00
rvms 26 nvms 13 pm11-35

real 259.62
user 0.01
sys 0.01
rvms 25 nvms 13 pm11-36

real 271.83
user 0.01
sys 0.00
rvms 24 nvms 13 pm11-37

real 260.63
user 0.02
sys 0.00
rvms 23 nvms 13 pm11-38

real 278.40
user 0.01
sys 0.00
rvms 21 nvms 13 pm11-39

real 270.17
user 0.02
sys 0.00
rvms 21 nvms 13 pm11-4

real 311.24
user 0.00
sys 0.01
rvms 20 nvms 13 pm11-40

real 249.18
user 0.02
sys 0.00
rvms 18 nvms 13 pm11-41

real 335.69
user 0.02
sys 0.00
rvms 18 nvms 13 pm11-42

real 299.49
user 0.00
sys 0.01
rvms 17 nvms 13 pm11-43

real 296.21
user 0.00
sys 0.01
rvms 16 nvms 13 pm11-44

real 315.65
user 0.00
sys 0.00
rvms 15 nvms 13 pm11-45

real 239.08
user 0.00
sys 0.00

real 305.50
user 0.01
sys 0.00

real 230.95
user 0.00
sys 0.00

real 225.24
user 0.00
sys 0.01

real 219.37
user 0.01
sys 0.00

real 224.42
user 0.00
sys 0.00

real 263.63
user 0.00
sys 0.01

real 252.42
user 0.00
sys 0.01

real 257.45
user 0.00
sys 0.01

real 283.21
user 0.01
sys 0.01

real 251.51
user 0.01
sys 0.00

real 289.18
user 0.01
sys 0.00

real 280.85
user 0.01
sys 0.00

real 345.62
user 0.00
sys 0.00
real 952.28
user 24.34
sys 61.66

Fri Jun  1 17:11:45 2012
----------------
