Log of time -p /home/tsugawa/vmanage/parallel 14 
Sat Jun  2 19:36:27 2012

rvms 40 nvms 0 pm11-1
rvms 40 nvms 1 pm11-10
rvms 40 nvms 2 pm11-11
rvms 40 nvms 3 pm11-12
rvms 40 nvms 4 pm11-13
rvms 40 nvms 5 pm11-14
rvms 40 nvms 6 pm11-15
rvms 40 nvms 7 pm11-16
rvms 40 nvms 8 pm11-17
rvms 40 nvms 9 pm11-18
rvms 40 nvms 10 pm11-19
rvms 40 nvms 11 pm11-2
rvms 40 nvms 12 pm11-20
rvms 40 nvms 13 pm11-21

real 180.82
user 0.00
sys 0.01
rvms 40 nvms 13 pm11-22

real 203.86
user 0.01
sys 0.00
rvms 39 nvms 13 pm11-23

real 221.97
user 0.01
sys 0.00
rvms 38 nvms 13 pm11-24

real 225.10
user 0.01
sys 0.00
rvms 37 nvms 13 pm11-25

real 228.71
user 0.01
sys 0.00
rvms 36 nvms 13 pm11-26

real 233.54
user 0.00
sys 0.01
rvms 35 nvms 13 pm11-27

real 237.38
user 0.00
sys 0.00
rvms 34 nvms 13 pm11-28

real 249.45
user 0.01
sys 0.00
rvms 33 nvms 13 pm11-29

real 254.73
user 0.01
sys 0.00
rvms 32 nvms 13 pm11-3

real 261.69
user 0.00
sys 0.00
rvms 31 nvms 13 pm11-30

real 263.96
user 0.00
sys 0.00
rvms 28 nvms 13 pm11-31

real 264.02
user 0.01
sys 0.00
rvms 28 nvms 13 pm11-32

real 276.98
user 0.00
sys 0.01
rvms 28 nvms 13 pm11-33

real 306.79
user 0.00
sys 0.00
rvms 27 nvms 13 pm11-34

real 161.27
user 0.00
sys 0.01
rvms 26 nvms 13 pm11-35

real 237.59
user 0.00
sys 0.01
rvms 25 nvms 13 pm11-36

real 200.13
user 0.02
sys 0.00
rvms 24 nvms 13 pm11-37

real 221.72
user 0.00
sys 0.01
rvms 23 nvms 13 pm11-38

real 211.19
user 0.01
sys 0.00
rvms 22 nvms 13 pm11-39

real 218.35
user 0.01
sys 0.00
rvms 20 nvms 13 pm11-4

real 187.79
user 0.01
sys 0.00
rvms 20 nvms 13 pm11-40

real 240.30
user 0.00
sys 0.01
rvms 18 nvms 13 pm11-41

real 227.01
user 0.01
sys 0.01
rvms 18 nvms 13 pm11-42

real 224.92
user 0.01
sys 0.00
rvms 17 nvms 13 pm11-43

real 237.60
user 0.00
sys 0.00
rvms 16 nvms 13 pm11-44

real 238.60
user 0.00
sys 0.01
rvms 14 nvms 13 pm11-45

real 293.10
user 0.00
sys 0.02

real 254.38
user 0.00
sys 0.01

real 146.51
user 0.01
sys 0.00

real 200.04
user 0.00
sys 0.00

real 190.68
user 0.00
sys 0.00

real 151.71
user 0.01
sys 0.00

real 193.38
user 0.00
sys 0.01

real 217.03
user 0.01
sys 0.00

real 210.73
user 0.00
sys 0.01

real 187.77
user 0.01
sys 0.01

real 179.79
user 0.01
sys 0.00

real 181.91
user 0.01
sys 0.00

real 240.32
user 0.00
sys 0.01

real 245.76
user 0.00
sys 0.00
real 711.51
user 19.08
sys 47.14

Sat Jun  2 19:48:19 2012
----------------
