Log of time -p /home/tsugawa/vmanage/parallel 14 
Sat Jun  2 05:02:58 2012

rvms 40 nvms 0 pm11-1
rvms 40 nvms 1 pm11-10
rvms 40 nvms 2 pm11-11
rvms 40 nvms 3 pm11-12
rvms 40 nvms 4 pm11-13
rvms 40 nvms 5 pm11-14
rvms 40 nvms 6 pm11-15
rvms 40 nvms 7 pm11-16
rvms 40 nvms 8 pm11-17
rvms 40 nvms 9 pm11-18
rvms 40 nvms 10 pm11-19
rvms 40 nvms 11 pm11-2
rvms 40 nvms 12 pm11-20
rvms 40 nvms 13 pm11-21

real 169.59
user 0.01
sys 0.00
rvms 40 nvms 13 pm11-22

real 174.68
user 0.00
sys 0.00
rvms 39 nvms 13 pm11-23

real 177.92
user 0.00
sys 0.00
rvms 38 nvms 13 pm11-24

real 190.73
user 0.01
sys 0.00
rvms 37 nvms 13 pm11-25

real 200.39
user 0.01
sys 0.00
rvms 36 nvms 13 pm11-26

real 203.83
user 0.00
sys 0.01
rvms 35 nvms 13 pm11-27

real 207.86
user 0.00
sys 0.01
rvms 34 nvms 13 pm11-28

real 210.18
user 0.00
sys 0.01
rvms 32 nvms 13 pm11-29

real 215.09
user 0.01
sys 0.00
rvms 31 nvms 13 pm11-3

real 215.94
user 0.01
sys 0.00
rvms 30 nvms 13 pm11-30

real 225.31
user 0.00
sys 0.01
rvms 30 nvms 13 pm11-31

real 241.95
user 0.01
sys 0.00
rvms 29 nvms 13 pm11-32

real 249.59
user 0.01
sys 0.00
rvms 28 nvms 13 pm11-33

real 253.64
user 0.00
sys 0.00
rvms 27 nvms 13 pm11-34

real 101.81
user 0.00
sys 0.00
rvms 26 nvms 13 pm11-35

real 148.76
user 0.01
sys 0.00
rvms 25 nvms 13 pm11-36

real 145.54
user 0.00
sys 0.01
rvms 24 nvms 13 pm11-37

real 141.93
user 0.02
sys 0.00
rvms 23 nvms 13 pm11-38

real 185.46
user 0.01
sys 0.00
rvms 22 nvms 13 pm11-39

real 160.31
user 0.00
sys 0.01
rvms 20 nvms 13 pm11-4

real 214.17
user 0.01
sys 0.00
rvms 20 nvms 13 pm11-40

real 130.78
user 0.01
sys 0.00
rvms 17 nvms 13 pm11-41

real 176.71
user 0.01
sys 0.01
rvms 17 nvms 13 pm11-42

real 173.54
user 0.01
sys 0.00
rvms 17 nvms 13 pm11-43

real 187.09
user 0.01
sys 0.00
rvms 15 nvms 13 pm11-44

real 173.47
user 0.00
sys 0.01
rvms 15 nvms 13 pm11-45

real 229.69
user 0.00
sys 0.01

real 219.57
user 0.00
sys 0.00

real 153.02
user 0.01
sys 0.00

real 117.13
user 0.01
sys 0.00

real 147.29
user 0.01
sys 0.00

real 141.68
user 0.01
sys 0.00

real 142.02
user 0.02
sys 0.00

real 146.83
user 0.01
sys 0.00

real 204.13
user 0.01
sys 0.01

real 195.08
user 0.00
sys 0.00

real 203.20
user 0.00
sys 0.01

real 170.66
user 0.01
sys 0.00

real 166.80
user 0.01
sys 0.00

real 196.43
user 0.01
sys 0.00
real 598.93
user 16.19
sys 39.72

Sat Jun  2 05:12:57 2012
----------------
