Log of time -p /home/tsugawa/vmanage/parallel 14 
Wed May 30 21:14:41 2012

rvms 40 nvms 0 pm11-1
rvms 40 nvms 1 pm11-10
rvms 40 nvms 2 pm11-11
rvms 40 nvms 3 pm11-12
rvms 40 nvms 4 pm11-13
rvms 40 nvms 5 pm11-14
rvms 40 nvms 6 pm11-15
rvms 40 nvms 7 pm11-16
rvms 40 nvms 8 pm11-17
rvms 40 nvms 9 pm11-18
rvms 40 nvms 10 pm11-19
rvms 40 nvms 11 pm11-2
rvms 40 nvms 12 pm11-20
rvms 40 nvms 13 pm11-21

real 286.21
user 0.01
sys 0.00
rvms 40 nvms 13 pm11-22

real 320.31
user 0.00
sys 0.00
rvms 39 nvms 13 pm11-23

real 323.57
user 0.00
sys 0.01
rvms 37 nvms 13 pm11-24

real 344.52
user 0.01
sys 0.00
rvms 37 nvms 13 pm11-25

real 350.32
user 0.00
sys 0.00
rvms 35 nvms 13 pm11-26

real 350.83
user 0.01
sys 0.00
rvms 33 nvms 13 pm11-27

real 356.69
user 0.01
sys 0.00
rvms 33 nvms 13 pm11-28

real 378.11
user 0.00
sys 0.00
rvms 33 nvms 13 pm11-29

real 379.06
user 0.00
sys 0.01
rvms 31 nvms 13 pm11-3

real 386.39
user 0.01
sys 0.00
rvms 31 nvms 13 pm11-30

real 391.75
user 0.00
sys 0.00
rvms 30 nvms 13 pm11-31

real 408.66
user 0.00
sys 0.01
rvms 29 nvms 13 pm11-32

real 415.70
user 0.01
sys 0.00
rvms 28 nvms 13 pm11-33

real 435.06
user 0.00
sys 0.01
rvms 27 nvms 13 pm11-34

real 369.44
user 0.00
sys 0.02
rvms 26 nvms 13 pm11-35

real 337.70
user 0.01
sys 0.01
rvms 25 nvms 13 pm11-36

real 365.54
user 0.01
sys 0.00
rvms 23 nvms 13 pm11-37

real 330.74
user 0.02
sys 0.00
rvms 22 nvms 13 pm11-38

real 305.70
user 0.00
sys 0.00
rvms 20 nvms 13 pm11-39

real 315.01
user 0.00
sys 0.01
rvms 19 nvms 13 pm11-4

real 371.40
user 0.01
sys 0.00
rvms 19 nvms 13 pm11-40

real 290.95
user 0.00
sys 0.01
rvms 19 nvms 13 pm11-41

real 342.65
user 0.01
sys 0.01
rvms 18 nvms 13 pm11-42

real 375.37
user 0.01
sys 0.00
rvms 16 nvms 13 pm11-43

real 380.63
user 0.02
sys 0.00
rvms 16 nvms 13 pm11-44

real 363.13
user 0.00
sys 0.00
rvms 15 nvms 13 pm11-45

real 333.95
user 0.01
sys 0.00

real 388.84
user 0.01
sys 0.00

real 275.39
user 0.01
sys 0.00

real 323.58
user 0.01
sys 0.00

real 350.61
user 0.01
sys 0.01

real 341.65
user 0.02
sys 0.00

real 361.27
user 0.01
sys 0.00

real 355.79
user 0.00
sys 0.01

real 358.34
user 0.01
sys 0.00

real 357.00
user 0.01
sys 0.00

real 355.74
user 0.00
sys 0.01

real 431.95
user 0.01
sys 0.00

real 332.89
user 0.01
sys 0.00

real 406.63
user 0.00
sys 0.01
real 1100.37
user 26.85
sys 70.88

Wed May 30 21:33:01 2012
----------------
