Log of time -p /home/tsugawa/vmanage/parallel 16 
Fri Jun  1 06:45:30 2012

rvms 40 nvms 0 pm11-1
rvms 40 nvms 1 pm11-10
rvms 40 nvms 2 pm11-11
rvms 40 nvms 3 pm11-12
rvms 40 nvms 4 pm11-13
rvms 40 nvms 5 pm11-14
rvms 40 nvms 6 pm11-15
rvms 40 nvms 7 pm11-16
rvms 40 nvms 8 pm11-17
rvms 40 nvms 9 pm11-18
rvms 40 nvms 10 pm11-19
rvms 40 nvms 11 pm11-2
rvms 40 nvms 12 pm11-20
rvms 40 nvms 13 pm11-21
rvms 40 nvms 14 pm11-22
rvms 40 nvms 15 pm11-23

real 212.22
user 0.00
sys 0.00
rvms 40 nvms 15 pm11-24

real 220.26
user 0.00
sys 0.00
rvms 38 nvms 15 pm11-25

real 237.86
user 0.01
sys 0.00
rvms 38 nvms 15 pm11-26

real 240.95
user 0.01
sys 0.00
rvms 37 nvms 15 pm11-27

real 247.47
user 0.01
sys 0.00
rvms 36 nvms 15 pm11-28

real 248.47
user 0.01
sys 0.00
rvms 34 nvms 15 pm11-29

real 271.16
user 0.01
sys 0.00
rvms 34 nvms 15 pm11-3

real 280.33
user 0.01
sys 0.00
rvms 32 nvms 15 pm11-30

real 281.87
user 0.00
sys 0.00
rvms 31 nvms 15 pm11-31

real 293.12
user 0.01
sys 0.00
rvms 31 nvms 15 pm11-32

real 295.50
user 0.00
sys 0.01
rvms 28 nvms 15 pm11-33

real 296.46
user 0.01
sys 0.00
rvms 28 nvms 15 pm11-34

real 305.64
user 0.01
sys 0.00
rvms 28 nvms 15 pm11-35

real 320.06
user 0.01
sys 0.00
rvms 27 nvms 15 pm11-36

real 344.99
user 0.00
sys 0.01
rvms 26 nvms 15 pm11-37

real 349.51
user 0.00
sys 0.00
rvms 25 nvms 15 pm11-38

real 230.07
user 0.01
sys 0.01
rvms 24 nvms 15 pm11-39

real 273.78
user 0.00
sys 0.02
rvms 23 nvms 15 pm11-4

real 259.70
user 0.02
sys 0.00
rvms 22 nvms 15 pm11-40

real 259.91
user 0.00
sys 0.01
rvms 19 nvms 15 pm11-41

real 159.47
user 0.00
sys 0.00
rvms 19 nvms 15 pm11-42

real 278.36
user 0.02
sys 0.00
rvms 19 nvms 15 pm11-43

real 238.04
user 0.00
sys 0.01
rvms 18 nvms 15 pm11-44

real 327.20
user 0.00
sys 0.01
rvms 17 nvms 15 pm11-45

real 256.75
user 0.01
sys 0.00

real 235.22
user 0.01
sys 0.00

real 284.95
user 0.00
sys 0.00

real 310.05
user 0.01
sys 0.00

real 305.80
user 0.02
sys 0.00

real 292.54
user 0.00
sys 0.01

real 306.77
user 0.01
sys 0.01

real 289.20
user 0.01
sys 0.00

real 183.03
user 0.00
sys 0.01

real 171.65
user 0.01
sys 0.00

real 157.21
user 0.01
sys 0.00

real 217.05
user 0.00
sys 0.01

real 240.31
user 0.00
sys 0.00

real 220.39
user 0.00
sys 0.01

real 197.93
user 0.01
sys 0.01

real 265.15
user 0.01
sys 0.00
real 774.55
user 20.30
sys 54.45

Fri Jun  1 06:58:25 2012
----------------
