Log of time -p /home/tsugawa/vmanage/parallel 16 
Wed May 30 10:28:38 2012

rvms 40 nvms 0 pm11-1
rvms 40 nvms 1 pm11-10
rvms 40 nvms 2 pm11-11
rvms 40 nvms 3 pm11-12
rvms 40 nvms 4 pm11-13
rvms 40 nvms 5 pm11-14
rvms 40 nvms 6 pm11-15
rvms 40 nvms 7 pm11-16
rvms 40 nvms 8 pm11-17
rvms 40 nvms 9 pm11-18
rvms 40 nvms 10 pm11-19
rvms 40 nvms 11 pm11-2
rvms 40 nvms 12 pm11-20
rvms 40 nvms 13 pm11-21
rvms 40 nvms 14 pm11-22
rvms 40 nvms 15 pm11-23

real 116.62
user 0.01
sys 0.00
rvms 40 nvms 15 pm11-24

real 140.13
user 0.01
sys 0.00
rvms 39 nvms 15 pm11-25

real 146.82
user 0.01
sys 0.00
rvms 38 nvms 15 pm11-26

real 163.15
user 0.00
sys 0.01
rvms 37 nvms 15 pm11-27

real 166.58
user 0.01
sys 0.00
rvms 36 nvms 15 pm11-28

real 182.54
user 0.01
sys 0.00
rvms 35 nvms 15 pm11-29

real 188.01
user 0.01
sys 0.00
rvms 34 nvms 15 pm11-3

real 187.94
user 0.01
sys 0.00
rvms 32 nvms 15 pm11-30

real 189.80
user 0.01
sys 0.00
rvms 32 nvms 15 pm11-31

real 196.82
user 0.00
sys 0.01
rvms 31 nvms 15 pm11-32

real 197.90
user 0.01
sys 0.00
rvms 28 nvms 15 pm11-33

real 200.68
user 0.00
sys 0.01
rvms 28 nvms 15 pm11-34

real 205.71
user 0.01
sys 0.00
rvms 28 nvms 15 pm11-35

real 217.94
user 0.00
sys 0.01
rvms 27 nvms 15 pm11-36

real 105.84
user 0.00
sys 0.00
rvms 26 nvms 15 pm11-37

real 253.75
user 0.01
sys 0.00
rvms 25 nvms 15 pm11-38

real 255.26
user 0.01
sys 0.00
rvms 22 nvms 15 pm11-39

real 139.32
user 0.00
sys 0.00
rvms 22 nvms 15 pm11-4

real 158.63
user 0.00
sys 0.00
rvms 22 nvms 15 pm11-40

real 143.13
user 0.01
sys 0.01
rvms 21 nvms 15 pm11-41

real 131.04
user 0.00
sys 0.01
rvms 20 nvms 15 pm11-42

real 125.50
user 0.00
sys 0.00
rvms 19 nvms 15 pm11-43

real 135.72
user 0.01
sys 0.00
rvms 18 nvms 15 pm11-44

real 94.02
user 0.01
sys 0.00
rvms 17 nvms 15 pm11-45

real 151.67
user 0.00
sys 0.02

real 178.35
user 0.01
sys 0.00

real 149.73
user 0.01
sys 0.00

real 207.26
user 0.00
sys 0.01

real 117.27
user 0.01
sys 0.00

real 175.92
user 0.01
sys 0.00

real 125.67
user 0.00
sys 0.00

real 193.22
user 0.02
sys 0.01

real 200.22
user 0.01
sys 0.01

real 102.01
user 0.00
sys 0.00

real 92.30
user 0.01
sys 0.00

real 109.79
user 0.01
sys 0.01

real 176.44
user 0.00
sys 0.02

real 89.77
user 0.01
sys 0.00

real 85.51
user 0.00
sys 0.01

real 113.74
user 0.00
sys 0.02
real 436.40
user 13.23
sys 35.49

Wed May 30 10:35:54 2012
----------------
