Log of time -p /home/tsugawa/vmanage/parallel 16 
Fri Jun  1 17:47:44 2012

rvms 40 nvms 0 pm11-1
rvms 40 nvms 1 pm11-10
rvms 40 nvms 2 pm11-11
rvms 40 nvms 3 pm11-12
rvms 40 nvms 4 pm11-13
rvms 40 nvms 5 pm11-14
rvms 40 nvms 6 pm11-15
rvms 40 nvms 7 pm11-16
rvms 40 nvms 8 pm11-17
rvms 40 nvms 9 pm11-18
rvms 40 nvms 10 pm11-19
rvms 40 nvms 11 pm11-2
rvms 40 nvms 12 pm11-20
rvms 40 nvms 13 pm11-21
rvms 40 nvms 14 pm11-22
rvms 40 nvms 15 pm11-23

real 262.30
user 0.00
sys 0.00
rvms 40 nvms 15 pm11-24

real 275.35
user 0.01
sys 0.00
rvms 39 nvms 15 pm11-25

real 275.76
user 0.00
sys 0.01
rvms 36 nvms 15 pm11-26

real 280.94
user 0.01
sys 0.00
rvms 36 nvms 15 pm11-27

real 288.11
user 0.01
sys 0.00
rvms 36 nvms 15 pm11-28

real 295.94
user 0.00
sys 0.00
rvms 35 nvms 15 pm11-29

real 303.73
user 0.01
sys 0.00
rvms 34 nvms 15 pm11-3

real 310.51
user 0.01
sys 0.00
rvms 33 nvms 15 pm11-30

real 318.37
user 0.00
sys 0.00
rvms 32 nvms 15 pm11-31

real 323.19
user 0.00
sys 0.00
rvms 30 nvms 15 pm11-32

real 332.62
user 0.00
sys 0.01
rvms 29 nvms 15 pm11-33

real 333.34
user 0.01
sys 0.00
rvms 27 nvms 15 pm11-34

real 340.32
user 0.00
sys 0.01
rvms 27 nvms 15 pm11-35

real 342.83
user 0.00
sys 0.00
rvms 25 nvms 15 pm11-36

real 342.98
user 0.00
sys 0.01
rvms 24 nvms 15 pm11-37

real 344.44
user 0.00
sys 0.00
rvms 24 nvms 15 pm11-38

real 223.24
user 0.00
sys 0.02
rvms 24 nvms 15 pm11-39

real 274.21
user 0.01
sys 0.01
rvms 23 nvms 15 pm11-4

real 327.99
user 0.00
sys 0.02
rvms 22 nvms 15 pm11-40

real 341.82
user 0.00
sys 0.00
rvms 21 nvms 15 pm11-41

real 276.88
user 0.00
sys 0.00
rvms 19 nvms 15 pm11-42

real 316.92
user 0.01
sys 0.01
rvms 19 nvms 15 pm11-43

real 322.94
user 0.00
sys 0.02
rvms 18 nvms 15 pm11-44

real 383.76
user 0.00
sys 0.00
rvms 17 nvms 15 pm11-45

real 319.21
user 0.01
sys 0.00

real 346.61
user 0.01
sys 0.01

real 389.90
user 0.00
sys 0.02

real 362.74
user 0.01
sys 0.02

real 353.75
user 0.01
sys 0.00

real 408.67
user 0.00
sys 0.01

real 397.70
user 0.00
sys 0.02

real 369.13
user 0.00
sys 0.00

real 325.90
user 0.01
sys 0.00

real 200.73
user 0.01
sys 0.00

real 253.23
user 0.00
sys 0.01

real 262.78
user 0.01
sys 0.01

real 298.18
user 0.01
sys 0.00

real 244.60
user 0.01
sys 0.00

real 347.52
user 0.01
sys 0.00

real 302.15
user 0.01
sys 0.00
real 937.88
user 24.52
sys 65.64

Fri Jun  1 18:03:22 2012
----------------
