Log of time -p /home/tsugawa/vmanage/parallel 16 
Sat Jun  2 05:50:55 2012

rvms 40 nvms 0 pm11-1
rvms 40 nvms 1 pm11-10
rvms 40 nvms 2 pm11-11
rvms 40 nvms 3 pm11-12
rvms 40 nvms 4 pm11-13
rvms 40 nvms 5 pm11-14
rvms 40 nvms 6 pm11-15
rvms 40 nvms 7 pm11-16
rvms 40 nvms 8 pm11-17
rvms 40 nvms 9 pm11-18
rvms 40 nvms 10 pm11-19
rvms 40 nvms 11 pm11-2
rvms 40 nvms 12 pm11-20
rvms 40 nvms 13 pm11-21
rvms 40 nvms 14 pm11-22
rvms 40 nvms 15 pm11-23

real 177.85
user 0.01
sys 0.00
rvms 40 nvms 15 pm11-24

real 179.58
user 0.00
sys 0.01
rvms 39 nvms 15 pm11-25

real 191.03
user 0.00
sys 0.01
rvms 38 nvms 15 pm11-26

real 214.55
user 0.00
sys 0.01
rvms 37 nvms 15 pm11-27

real 217.74
user 0.00
sys 0.00
rvms 35 nvms 15 pm11-28

real 219.85
user 0.00
sys 0.00
rvms 34 nvms 15 pm11-29

real 223.56
user 0.01
sys 0.00
rvms 34 nvms 15 pm11-3

real 225.27
user 0.00
sys 0.00
rvms 32 nvms 15 pm11-30

real 241.42
user 0.01
sys 0.00
rvms 32 nvms 15 pm11-31

real 246.89
user 0.01
sys 0.00
rvms 30 nvms 15 pm11-32

real 251.93
user 0.01
sys 0.00
rvms 30 nvms 15 pm11-33

real 255.95
user 0.01
sys 0.00
rvms 29 nvms 15 pm11-34

real 271.98
user 0.00
sys 0.01
rvms 28 nvms 15 pm11-35

real 278.77
user 0.00
sys 0.00
rvms 27 nvms 15 pm11-36

real 290.81
user 0.00
sys 0.01
rvms 26 nvms 15 pm11-37

real 357.65
user 0.00
sys 0.00
rvms 25 nvms 15 pm11-38

real 209.88
user 0.01
sys 0.00
rvms 24 nvms 15 pm11-39

real 189.81
user 0.01
sys 0.00
rvms 23 nvms 15 pm11-4

real 170.15
user 0.00
sys 0.00
rvms 22 nvms 15 pm11-40

real 257.38
user 0.01
sys 0.01
rvms 21 nvms 15 pm11-41

real 221.80
user 0.00
sys 0.01
rvms 20 nvms 15 pm11-42

real 228.19
user 0.01
sys 0.01
rvms 19 nvms 15 pm11-43

real 196.85
user 0.00
sys 0.00
rvms 18 nvms 15 pm11-44

real 254.12
user 0.00
sys 0.01
rvms 16 nvms 15 pm11-45

real 292.26
user 0.01
sys 0.00

real 212.78
user 0.00
sys 0.01

real 234.31
user 0.01
sys 0.00

real 256.95
user 0.00
sys 0.01

real 230.56
user 0.00
sys 0.01

real 291.98
user 0.00
sys 0.01

real 327.78
user 0.01
sys 0.00

real 206.38
user 0.01
sys 0.00

real 153.39
user 0.00
sys 0.01

real 149.80
user 0.00
sys 0.01

real 200.52
user 0.00
sys 0.00

real 240.44
user 0.01
sys 0.00

real 155.50
user 0.00
sys 0.01

real 207.78
user 0.00
sys 0.01

real 174.52
user 0.00
sys 0.01

real 246.96
user 0.01
sys 0.01
real 684.38
user 17.82
sys 47.86

Sat Jun  2 06:02:20 2012
----------------
