Log of time -p /home/tsugawa/vmanage/parallel 16 
Sat Jun  2 20:27:54 2012

rvms 40 nvms 0 pm11-1
rvms 40 nvms 1 pm11-10
rvms 40 nvms 2 pm11-11
rvms 40 nvms 3 pm11-12
rvms 40 nvms 4 pm11-13
rvms 40 nvms 5 pm11-14
rvms 40 nvms 6 pm11-15
rvms 40 nvms 7 pm11-16
rvms 40 nvms 8 pm11-17
rvms 40 nvms 9 pm11-18
rvms 40 nvms 10 pm11-19
rvms 40 nvms 11 pm11-2
rvms 40 nvms 12 pm11-20
rvms 40 nvms 13 pm11-21
rvms 40 nvms 14 pm11-22
rvms 40 nvms 15 pm11-23

real 103.31
user 0.00
sys 0.01
rvms 40 nvms 15 pm11-24

real 111.16
user 0.00
sys 0.00
rvms 39 nvms 15 pm11-25

real 126.42
user 0.01
sys 0.00
rvms 38 nvms 15 pm11-26

real 128.45
user 0.01
sys 0.00
rvms 34 nvms 15 pm11-27

real 130.19
user 0.00
sys 0.01
rvms 34 nvms 15 pm11-28

real 130.20
user 0.00
sys 0.00
rvms 32 nvms 15 pm11-29

real 130.46
user 0.00
sys 0.01
rvms 32 nvms 15 pm11-3

real 131.09
user 0.00
sys 0.01
rvms 31 nvms 15 pm11-30

real 132.80
user 0.00
sys 0.00
rvms 30 nvms 15 pm11-31

real 133.37
user 0.01
sys 0.00
rvms 29 nvms 15 pm11-32

real 134.68
user 0.01
sys 0.00
rvms 29 nvms 15 pm11-33

real 135.45
user 0.01
sys 0.00
rvms 28 nvms 15 pm11-34

real 146.77
user 0.01
sys 0.00
rvms 28 nvms 15 pm11-35

real 146.85
user 0.00
sys 0.00
rvms 26 nvms 15 pm11-36

real 160.90
user 0.00
sys 0.00
rvms 26 nvms 15 pm11-37

real 172.01
user 0.00
sys 0.00
rvms 25 nvms 15 pm11-38

real 96.09
user 0.01
sys 0.01
rvms 24 nvms 15 pm11-39

real 99.77
user 0.00
sys 0.01
rvms 23 nvms 15 pm11-4

real 129.69
user 0.01
sys 0.01
rvms 21 nvms 15 pm11-40

real 98.53
user 0.00
sys 0.01
rvms 21 nvms 15 pm11-41

real 129.94
user 0.00
sys 0.00
rvms 20 nvms 15 pm11-42

real 111.24
user 0.00
sys 0.01
rvms 19 nvms 15 pm11-43

real 127.57
user 0.01
sys 0.00
rvms 18 nvms 15 pm11-44

real 132.96
user 0.01
sys 0.00
rvms 17 nvms 15 pm11-45

real 135.13
user 0.01
sys 0.00

real 132.41
user 0.00
sys 0.01

real 151.05
user 0.00
sys 0.01

real 155.15
user 0.00
sys 0.01

real 136.37
user 0.00
sys 0.01

real 140.73
user 0.00
sys 0.02

real 126.95
user 0.00
sys 0.00

real 143.04
user 0.01
sys 0.00

real 97.77
user 0.00
sys 0.01

real 110.17
user 0.01
sys 0.01

real 102.65
user 0.01
sys 0.01

real 121.18
user 0.01
sys 0.00

real 111.03
user 0.01
sys 0.00

real 126.43
user 0.00
sys 0.00

real 114.06
user 0.00
sys 0.00

real 127.68
user 0.00
sys 0.02
real 386.14
user 10.50
sys 27.48

Sat Jun  2 20:34:20 2012
----------------
