Log of time -p /home/tsugawa/vmanage/parallel 16 
Tue May 29 13:41:40 2012

rvms 40 nvms 0 pm11-1
rvms 40 nvms 1 pm11-10
rvms 40 nvms 2 pm11-11
rvms 40 nvms 3 pm11-12
rvms 40 nvms 4 pm11-13
rvms 40 nvms 5 pm11-14
rvms 40 nvms 6 pm11-15
rvms 40 nvms 7 pm11-16
rvms 40 nvms 8 pm11-17
rvms 40 nvms 9 pm11-18
rvms 40 nvms 10 pm11-19
rvms 40 nvms 11 pm11-2
rvms 40 nvms 12 pm11-20
rvms 40 nvms 13 pm11-21
rvms 40 nvms 14 pm11-22
rvms 40 nvms 15 pm11-23

real 78.53
user 0.01
sys 0.00
rvms 40 nvms 15 pm11-24

real 83.42
user 0.01
sys 0.00
rvms 39 nvms 15 pm11-25

real 87.57
user 0.01
sys 0.00
rvms 38 nvms 15 pm11-26

real 88.80
user 0.00
sys 0.00

real 88.57
user 0.01
sys 0.00
rvms 35 nvms 14 pm11-27
rvms 35 nvms 15 pm11-28

real 92.11
user 0.01
sys 0.00
rvms 35 nvms 15 pm11-29

real 98.19
user 0.01
sys 0.00
rvms 34 nvms 15 pm11-3

real 99.64
user 0.01
sys 0.00
rvms 32 nvms 15 pm11-30

real 100.56
user 0.00
sys 0.00
rvms 31 nvms 15 pm11-31

real 105.81
user 0.00
sys 0.00
rvms 31 nvms 15 pm11-32

real 108.11
user 0.00
sys 0.01
rvms 30 nvms 15 pm11-33

real 112.03
user 0.00
sys 0.00
rvms 29 nvms 15 pm11-34

real 122.90
user 0.01
sys 0.00
rvms 28 nvms 15 pm11-35

real 135.89
user 0.00
sys 0.00
rvms 27 nvms 15 pm11-36

real 142.48
user 0.01
sys 0.00
rvms 26 nvms 15 pm11-37

real 70.20
user 0.01
sys 0.00
rvms 25 nvms 15 pm11-38

real 80.50
user 0.02
sys 0.00
rvms 24 nvms 15 pm11-39

real 70.01
user 0.01
sys 0.01
rvms 23 nvms 15 pm11-4

real 169.10
user 0.00
sys 0.01
rvms 21 nvms 15 pm11-40

real 80.41
user 0.01
sys 0.00
rvms 21 nvms 15 pm11-41

real 77.32
user 0.00
sys 0.01
rvms 20 nvms 15 pm11-42

real 100.12
user 0.01
sys 0.00
rvms 19 nvms 15 pm11-43

real 111.60
user 0.01
sys 0.00
rvms 17 nvms 15 pm11-44

real 100.65
user 0.01
sys 0.00
rvms 16 nvms 15 pm11-45

real 91.05
user 0.00
sys 0.00

real 102.95
user 0.02
sys 0.00

real 124.86
user 0.01
sys 0.00

real 82.17
user 0.01
sys 0.00

real 135.33
user 0.00
sys 0.00

real 86.75
user 0.01
sys 0.00

real 71.86
user 0.00
sys 0.01

real 121.94
user 0.01
sys 0.00

real 74.42
user 0.00
sys 0.01

real 106.29
user 0.02
sys 0.00

real 66.62
user 0.01
sys 0.01

real 50.81
user 0.01
sys 0.00

real 88.84
user 0.01
sys 0.00

real 66.28
user 0.00
sys 0.01

real 104.02
user 0.00
sys 0.01

real 76.84
user 0.01
sys 0.00
real 275.90
user 8.37
sys 20.78

Tue May 29 13:46:15 2012
----------------
