Log of time -p /home/tsugawa/vmanage/parallel 16 
Thu May 31 12:50:28 2012

rvms 40 nvms 0 pm11-1
rvms 40 nvms 1 pm11-10
rvms 40 nvms 2 pm11-11
rvms 40 nvms 3 pm11-12
rvms 40 nvms 4 pm11-13
rvms 40 nvms 5 pm11-14
rvms 40 nvms 6 pm11-15
rvms 40 nvms 7 pm11-16
rvms 40 nvms 8 pm11-17
rvms 40 nvms 9 pm11-18
rvms 40 nvms 10 pm11-19
rvms 40 nvms 11 pm11-2
rvms 40 nvms 12 pm11-20
rvms 40 nvms 13 pm11-21
rvms 40 nvms 14 pm11-22
rvms 40 nvms 15 pm11-23

real 323.99
user 0.00
sys 0.00
rvms 40 nvms 15 pm11-24

real 334.34
user 0.00
sys 0.00
rvms 39 nvms 15 pm11-25

real 337.10
user 0.01
sys 0.00
rvms 38 nvms 15 pm11-26

real 337.80
user 0.01
sys 0.00
rvms 36 nvms 15 pm11-27

real 341.35
user 0.01
sys 0.00
rvms 36 nvms 15 pm11-28

real 344.99
user 0.01
sys 0.00
rvms 35 nvms 15 pm11-29

real 354.13
user 0.01
sys 0.00
rvms 34 nvms 15 pm11-3

real 358.01
user 0.00
sys 0.00
rvms 33 nvms 15 pm11-30

real 365.22
user 0.01
sys 0.00
rvms 32 nvms 15 pm11-31

real 370.46
user 0.01
sys 0.00
rvms 31 nvms 15 pm11-32

real 376.66
user 0.01
sys 0.00
rvms 30 nvms 15 pm11-33

real 379.76
user 0.01
sys 0.00
rvms 28 nvms 15 pm11-34

real 382.05
user 0.00
sys 0.00
rvms 27 nvms 15 pm11-35

real 383.87
user 0.00
sys 0.00
rvms 26 nvms 15 pm11-36

real 388.26
user 0.00
sys 0.01
rvms 25 nvms 15 pm11-37

real 394.02
user 0.01
sys 0.00
rvms 25 nvms 15 pm11-38

real 142.57
user 0.01
sys 0.00
rvms 24 nvms 15 pm11-39

real 118.37
user 0.02
sys 0.00
rvms 23 nvms 15 pm11-4

real 134.86
user 0.01
sys 0.00
rvms 22 nvms 15 pm11-40

real 154.91
user 0.01
sys 0.01
rvms 21 nvms 15 pm11-41

real 171.31
user 0.01
sys 0.00
rvms 20 nvms 15 pm11-42

real 133.74
user 0.01
sys 0.00
rvms 19 nvms 15 pm11-43

real 143.15
user 0.01
sys 0.01
rvms 17 nvms 15 pm11-44

real 166.51
user 0.01
sys 0.01
rvms 17 nvms 15 pm11-45

real 147.57
user 0.01
sys 0.00

real 214.37
user 0.02
sys 0.00

real 167.62
user 0.01
sys 0.00

real 177.40
user 0.01
sys 0.00

real 173.32
user 0.01
sys 0.00

real 96.80
user 0.00
sys 0.01

real 176.22
user 0.00
sys 0.01

real 226.95
user 0.01
sys 0.01

real 114.32
user 0.01
sys 0.00

real 252.37
user 0.01
sys 0.01

real 93.67
user 0.00
sys 0.02

real 76.22
user 0.00
sys 0.01

real 116.63
user 0.01
sys 0.00

real 110.01
user 0.01
sys 0.00

real 111.52
user 0.01
sys 0.00

real 137.12
user 0.00
sys 0.00
real 630.44
user 21.00
sys 52.63

Thu May 31 13:00:59 2012
----------------
