Log of time -p /home/tsugawa/vmanage/parallel 16 
Wed May 30 22:09:46 2012

rvms 40 nvms 0 pm11-1
rvms 40 nvms 1 pm11-10
rvms 40 nvms 2 pm11-11
rvms 40 nvms 3 pm11-12
rvms 40 nvms 4 pm11-13
rvms 40 nvms 5 pm11-14
rvms 40 nvms 6 pm11-15
rvms 40 nvms 7 pm11-16
rvms 40 nvms 8 pm11-17
rvms 40 nvms 9 pm11-18
rvms 40 nvms 10 pm11-19
rvms 40 nvms 11 pm11-2
rvms 40 nvms 12 pm11-20
rvms 40 nvms 13 pm11-21
rvms 40 nvms 14 pm11-22
rvms 40 nvms 15 pm11-23

real 831.59
user 0.00
sys 0.00
rvms 40 nvms 15 pm11-24

real 892.98
user 0.00
sys 0.00
rvms 39 nvms 15 pm11-25

real 893.70
user 0.01
sys 0.00
rvms 35 nvms 15 pm11-26

real 903.35
user 0.01
sys 0.00
rvms 35 nvms 15 pm11-27

real 909.07
user 0.00
sys 0.00
rvms 34 nvms 15 pm11-28

real 917.01
user 0.01
sys 0.00
rvms 34 nvms 15 pm11-29

real 931.27
user 0.01
sys 0.00
rvms 34 nvms 15 pm11-3

real 947.03
user 0.01
sys 0.00
rvms 33 nvms 15 pm11-30

real 946.81
user 0.01
sys 0.00
rvms 30 nvms 15 pm11-31

real 958.00
user 0.01
sys 0.00
rvms 30 nvms 15 pm11-32

real 983.22
user 0.01
sys 0.00
rvms 30 nvms 15 pm11-33

real 999.27
user 0.00
sys 0.00
rvms 29 nvms 15 pm11-34

real 1033.85
user 0.00
sys 0.01
rvms 28 nvms 15 pm11-35

real 1037.18
user 0.00
sys 0.00
rvms 26 nvms 15 pm11-36

real 1078.04
user 0.00
sys 0.00
rvms 26 nvms 15 pm11-37

real 1081.63
user 0.00
sys 0.00
rvms 24 nvms 15 pm11-38

real 754.03
user 0.00
sys 0.02
rvms 24 nvms 15 pm11-39

real 696.09
user 0.01
sys 0.01
rvms 23 nvms 15 pm11-4

real 694.13
user 0.02
sys 0.00
rvms 22 nvms 15 pm11-40

real 731.81
user 0.01
sys 0.00
rvms 21 nvms 15 pm11-41

real 709.52
user 0.00
sys 0.01
rvms 20 nvms 15 pm11-42

real 720.36
user 0.00
sys 0.00
rvms 19 nvms 15 pm11-43

real 722.76
user 0.01
sys 0.00
rvms 16 nvms 15 pm11-44

real 765.90
user 0.00
sys 0.01
rvms 16 nvms 15 pm11-45

real 596.46
user 0.01
sys 0.00

real 766.64
user 0.02
sys 0.00

real 744.44
user 0.00
sys 0.01

real 835.31
user 0.00
sys 0.02

real 725.69
user 0.01
sys 0.00

real 686.91
user 0.00
sys 0.00

real 784.84
user 0.00
sys 0.01

real 774.90
user 0.01
sys 0.01

real 345.18
user 0.00
sys 0.00

real 423.49
user 0.00
sys 0.01

real 421.32
user 0.00
sys 0.02

real 458.70
user 0.02
sys 0.00

real 380.16
user 0.01
sys 0.00

real 377.99
user 0.01
sys 0.00

real 410.85
user 0.01
sys 0.00

real 475.55
user 0.02
sys 0.00
real 2100.87
user 62.97
sys 157.22

Wed May 30 22:44:47 2012
----------------
