Log of time -p /home/tsugawa/vmanage/parallel 16 
Tue May 29 22:47:20 2012

rvms 40 nvms 0 pm11-1
rvms 40 nvms 1 pm11-10
rvms 40 nvms 2 pm11-11
rvms 40 nvms 3 pm11-12
rvms 40 nvms 4 pm11-13
rvms 40 nvms 5 pm11-14
rvms 40 nvms 6 pm11-15
rvms 40 nvms 7 pm11-16
rvms 40 nvms 8 pm11-17
rvms 40 nvms 9 pm11-18
rvms 40 nvms 10 pm11-19
rvms 40 nvms 11 pm11-2
rvms 40 nvms 12 pm11-20
rvms 40 nvms 13 pm11-21
rvms 40 nvms 14 pm11-22
rvms 40 nvms 15 pm11-23

real 397.36
user 0.01
sys 0.00
rvms 40 nvms 15 pm11-24

real 405.41
user 0.01
sys 0.00
rvms 39 nvms 15 pm11-25

real 415.16
user 0.00
sys 0.00
rvms 38 nvms 15 pm11-26

real 429.92
user 0.00
sys 0.00
rvms 37 nvms 15 pm11-27

real 431.00
user 0.00
sys 0.00
rvms 33 nvms 15 pm11-28

real 436.48
user 0.00
sys 0.01

real 436.33
user 0.00
sys 0.01
rvms 33 nvms 14 pm11-29
rvms 33 nvms 15 pm11-3

real 442.58
user 0.00
sys 0.00
rvms 33 nvms 15 pm11-30

real 448.02
user 0.00
sys 0.00
rvms 31 nvms 15 pm11-31

real 460.13
user 0.01
sys 0.00
rvms 31 nvms 15 pm11-32

real 477.60
user 0.01
sys 0.00
rvms 30 nvms 15 pm11-33

real 482.05
user 0.00
sys 0.00
rvms 29 nvms 15 pm11-34

real 509.59
user 0.00
sys 0.01
rvms 28 nvms 15 pm11-35

real 517.07
user 0.00
sys 0.01
rvms 26 nvms 15 pm11-36

real 552.34
user 0.00
sys 0.00
rvms 26 nvms 15 pm11-37

real 569.52
user 0.00
sys 0.00
rvms 25 nvms 15 pm11-38

real 564.18
user 0.01
sys 0.01
rvms 24 nvms 15 pm11-39

real 550.55
user 0.01
sys 0.01
rvms 23 nvms 15 pm11-4

real 570.74
user 0.01
sys 0.01
rvms 22 nvms 15 pm11-40

real 612.99
user 0.01
sys 0.02
rvms 20 nvms 15 pm11-41

real 576.16
user 0.01
sys 0.00
rvms 19 nvms 15 pm11-42

real 588.54
user 0.01
sys 0.01
rvms 18 nvms 15 pm11-43

real 673.28
user 0.00
sys 0.02
rvms 18 nvms 15 pm11-44

real 693.47
user 0.00
sys 0.01
rvms 17 nvms 15 pm11-45

real 710.19
user 0.01
sys 0.02

real 634.12
user 0.01
sys 0.01

real 680.05
user 0.01
sys 0.00

real 690.79
user 0.01
sys 0.01

real 736.06
user 0.02
sys 0.00

real 685.90
user 0.00
sys 0.01

real 644.14
user 0.01
sys 0.00

real 734.58
user 0.00
sys 0.01

real 644.00
user 0.00
sys 0.02

real 759.13
user 0.00
sys 0.01

real 734.75
user 0.01
sys 0.01

real 890.68
user 0.01
sys 0.00

real 930.06
user 0.00
sys 0.01

real 925.68
user 0.02
sys 0.00

real 928.95
user 0.01
sys 0.00

real 924.21
user 0.00
sys 0.01
real 2060.86
user 39.57
sys 108.69

Tue May 29 23:21:41 2012
----------------
