Log of time -p /home/tsugawa/vmanage/parallel 18 
Wed May 30 11:14:52 2012

rvms 40 nvms 0 pm11-1
rvms 40 nvms 1 pm11-10
rvms 40 nvms 2 pm11-11
rvms 40 nvms 3 pm11-12
rvms 40 nvms 4 pm11-13
rvms 40 nvms 5 pm11-14
rvms 40 nvms 6 pm11-15
rvms 40 nvms 7 pm11-16
rvms 40 nvms 8 pm11-17
rvms 40 nvms 9 pm11-18
rvms 40 nvms 10 pm11-19
rvms 40 nvms 11 pm11-2
rvms 40 nvms 12 pm11-20
rvms 40 nvms 13 pm11-21
rvms 40 nvms 14 pm11-22
rvms 40 nvms 15 pm11-23
rvms 40 nvms 16 pm11-24
rvms 40 nvms 17 pm11-25

real 168.97
user 0.00
sys 0.00
rvms 40 nvms 17 pm11-26

real 183.32
user 0.01
sys 0.00
rvms 39 nvms 17 pm11-27

real 198.90
user 0.01
sys 0.00
rvms 38 nvms 17 pm11-28

real 205.95
user 0.00
sys 0.00
rvms 37 nvms 17 pm11-29

real 206.70
user 0.01
sys 0.00
rvms 35 nvms 17 pm11-3

real 225.60
user 0.00
sys 0.00
rvms 35 nvms 17 pm11-30

real 228.21
user 0.01
sys 0.00
rvms 32 nvms 17 pm11-31

real 229.39
user 0.00
sys 0.00
rvms 32 nvms 17 pm11-32

real 233.89
user 0.01
sys 0.00
rvms 32 nvms 17 pm11-33

real 245.68
user 0.00
sys 0.00
rvms 31 nvms 17 pm11-34

real 254.38
user 0.01
sys 0.00
rvms 30 nvms 17 pm11-35

real 256.27
user 0.00
sys 0.01
rvms 28 nvms 17 pm11-36

real 262.32
user 0.00
sys 0.00
rvms 27 nvms 17 pm11-37

real 269.93
user 0.01
sys 0.00
rvms 26 nvms 17 pm11-38

real 270.11
user 0.01
sys 0.00
rvms 25 nvms 17 pm11-39

real 275.89
user 0.00
sys 0.00
rvms 25 nvms 17 pm11-4

real 292.71
user 0.01
sys 0.00
rvms 24 nvms 17 pm11-40

real 306.57
user 0.01
sys 0.00
rvms 23 nvms 17 pm11-41

real 227.61
user 0.00
sys 0.00
rvms 22 nvms 17 pm11-42

real 213.98
user 0.01
sys 0.00
rvms 21 nvms 17 pm11-43

real 210.55
user 0.01
sys 0.01
rvms 20 nvms 17 pm11-44

real 210.46
user 0.01
sys 0.01
rvms 18 nvms 17 pm11-45

real 226.30
user 0.02
sys 0.00

real 273.68
user 0.01
sys 0.00

real 230.15
user 0.02
sys 0.01

real 220.02
user 0.01
sys 0.00

real 229.18
user 0.01
sys 0.01

real 186.39
user 0.01
sys 0.00

real 240.45
user 0.01
sys 0.00

real 293.35
user 0.01
sys 0.00

real 232.51
user 0.00
sys 0.01

real 256.54
user 0.01
sys 0.00

real 286.51
user 0.01
sys 0.01

real 244.03
user 0.01
sys 0.01

real 231.85
user 0.00
sys 0.01

real 318.09
user 0.00
sys 0.01

real 147.27
user 0.00
sys 0.01

real 103.92
user 0.01
sys 0.00

real 138.33
user 0.00
sys 0.01

real 119.47
user 0.01
sys 0.01
real 560.15
user 18.03
sys 46.33

Wed May 30 11:24:12 2012
----------------
