Log of time -p /home/tsugawa/vmanage/parallel 18 
Wed May 30 23:21:00 2012

rvms 40 nvms 0 pm11-1
rvms 40 nvms 1 pm11-10
rvms 40 nvms 2 pm11-11
rvms 40 nvms 3 pm11-12
rvms 40 nvms 4 pm11-13
rvms 40 nvms 5 pm11-14
rvms 40 nvms 6 pm11-15
rvms 40 nvms 7 pm11-16
rvms 40 nvms 8 pm11-17
rvms 40 nvms 9 pm11-18
rvms 40 nvms 10 pm11-19
rvms 40 nvms 11 pm11-2
rvms 40 nvms 12 pm11-20
rvms 40 nvms 13 pm11-21
rvms 40 nvms 14 pm11-22
rvms 40 nvms 15 pm11-23
rvms 40 nvms 16 pm11-24
rvms 40 nvms 17 pm11-25

real 566.26
user 0.01
sys 0.00
rvms 40 nvms 17 pm11-26

real 583.81
user 0.00
sys 0.00
rvms 39 nvms 17 pm11-27

real 595.34
user 0.00
sys 0.01
rvms 37 nvms 17 pm11-28

real 603.06
user 0.00
sys 0.00
rvms 36 nvms 17 pm11-29

real 610.97
user 0.01
sys 0.00
rvms 35 nvms 17 pm11-3

real 617.90
user 0.01
sys 0.00
rvms 34 nvms 17 pm11-30

real 632.11
user 0.01
sys 0.00
rvms 34 nvms 17 pm11-31

real 651.29
user 0.01
sys 0.00
rvms 33 nvms 17 pm11-32

real 652.89
user 0.01
sys 0.00
rvms 30 nvms 17 pm11-33

real 656.10
user 0.01
sys 0.00
rvms 30 nvms 17 pm11-34

real 658.03
user 0.00
sys 0.00
rvms 29 nvms 17 pm11-35

real 670.86
user 0.00
sys 0.00
rvms 29 nvms 17 pm11-36

real 706.87
user 0.01
sys 0.00
rvms 28 nvms 17 pm11-37

real 733.30
user 0.01
sys 0.00
rvms 27 nvms 17 pm11-38

real 759.38
user 0.01
sys 0.00
rvms 26 nvms 17 pm11-39

real 760.70
user 0.01
sys 0.00
rvms 23 nvms 17 pm11-4

real 762.96
user 0.00
sys 0.01
rvms 23 nvms 17 pm11-40

real 800.27
user 0.01
sys 0.00
rvms 23 nvms 17 pm11-41

real 482.04
user 0.02
sys 0.00
rvms 22 nvms 17 pm11-42

real 630.98
user 0.01
sys 0.02
rvms 21 nvms 17 pm11-43

real 625.50
user 0.01
sys 0.01
rvms 19 nvms 17 pm11-44

real 633.96
user 0.01
sys 0.01
rvms 19 nvms 17 pm11-45

real 617.47
user 0.01
sys 0.00

real 680.66
user 0.00
sys 0.02

real 700.82
user 0.00
sys 0.02

real 725.67
user 0.00
sys 0.02

real 655.39
user 0.01
sys 0.00

real 722.90
user 0.01
sys 0.01

real 663.45
user 0.01
sys 0.00

real 583.49
user 0.00
sys 0.01

real 588.17
user 0.01
sys 0.01

real 589.73
user 0.01
sys 0.00

real 718.59
user 0.01
sys 0.01

real 644.96
user 0.01
sys 0.01

real 688.55
user 0.01
sys 0.01

real 675.13
user 0.00
sys 0.01

real 542.97
user 0.00
sys 0.00

real 459.50
user 0.01
sys 0.00

real 497.95
user 0.01
sys 0.00

real 479.00
user 0.01
sys 0.01
real 1745.81
user 48.10
sys 127.96

Wed May 30 23:50:06 2012
----------------
