Log of time -p /home/tsugawa/vmanage/parallel 18 
Fri Jun  1 07:37:02 2012

rvms 40 nvms 0 pm11-1
rvms 40 nvms 1 pm11-10
rvms 40 nvms 2 pm11-11
rvms 40 nvms 3 pm11-12
rvms 40 nvms 4 pm11-13
rvms 40 nvms 5 pm11-14
rvms 40 nvms 6 pm11-15
rvms 40 nvms 7 pm11-16
rvms 40 nvms 8 pm11-17
rvms 40 nvms 9 pm11-18
rvms 40 nvms 10 pm11-19
rvms 40 nvms 11 pm11-2
rvms 40 nvms 12 pm11-20
rvms 40 nvms 13 pm11-21
rvms 40 nvms 14 pm11-22
rvms 40 nvms 15 pm11-23
rvms 40 nvms 16 pm11-24
rvms 40 nvms 17 pm11-25

real 167.12
user 0.00
sys 0.01
rvms 40 nvms 17 pm11-26

real 209.09
user 0.00
sys 0.00
rvms 39 nvms 17 pm11-27

real 215.73
user 0.01
sys 0.00
rvms 38 nvms 17 pm11-28

real 228.98
user 0.01
sys 0.00
rvms 37 nvms 17 pm11-29

real 245.42
user 0.01
sys 0.00
rvms 36 nvms 17 pm11-3

real 245.38
user 0.01
sys 0.00
rvms 33 nvms 17 pm11-30

real 248.62
user 0.00
sys 0.00
rvms 33 nvms 17 pm11-31

real 254.31
user 0.00
sys 0.00
rvms 33 nvms 17 pm11-32

real 260.29
user 0.00
sys 0.00
rvms 32 nvms 17 pm11-33

real 267.96
user 0.00
sys 0.01
rvms 31 nvms 17 pm11-34

real 273.87
user 0.00
sys 0.01
rvms 29 nvms 17 pm11-35

real 278.21
user 0.00
sys 0.00
rvms 28 nvms 17 pm11-36

real 278.64
user 0.01
sys 0.00
rvms 24 nvms 17 pm11-37

real 280.91
user 0.01
sys 0.00
rvms 24 nvms 17 pm11-38

real 281.84
user 0.00
sys 0.01
rvms 24 nvms 17 pm11-39

real 283.81
user 0.01
sys 0.00
rvms 24 nvms 17 pm11-4

real 325.56
user 0.00
sys 0.00
rvms 24 nvms 17 pm11-40

real 327.77
user 0.00
sys 0.00
rvms 22 nvms 17 pm11-41

real 170.32
user 0.00
sys 0.02
rvms 22 nvms 17 pm11-42

real 176.02
user 0.00
sys 0.02
rvms 21 nvms 17 pm11-43

real 286.15
user 0.01
sys 0.00

real 174.32
user 0.00
sys 0.00
rvms 20 nvms 16 pm11-44
rvms 18 nvms 17 pm11-45

real 230.21
user 0.00
sys 0.01

real 250.43
user 0.01
sys 0.00

real 188.19
user 0.01
sys 0.01

real 195.00
user 0.00
sys 0.01

real 237.03
user 0.00
sys 0.02

real 206.20
user 0.00
sys 0.00

real 248.68
user 0.02
sys 0.00

real 211.04
user 0.00
sys 0.00

real 237.35
user 0.01
sys 0.01

real 252.20
user 0.01
sys 0.01

real 222.53
user 0.00
sys 0.00

real 205.34
user 0.00
sys 0.00

real 258.01
user 0.01
sys 0.00

real 213.10
user 0.00
sys 0.01

real 152.02
user 0.00
sys 0.01

real 198.85
user 0.01
sys 0.00

real 173.20
user 0.01
sys 0.01

real 179.42
user 0.01
sys 0.01
real 632.98
user 18.24
sys 45.95

Fri Jun  1 07:47:35 2012
----------------
