Log of time -p /home/tsugawa/vmanage/parallel 18 
Tue May 29 14:22:35 2012

rvms 40 nvms 0 pm11-1
rvms 40 nvms 1 pm11-10
rvms 40 nvms 2 pm11-11
rvms 40 nvms 3 pm11-12
rvms 40 nvms 4 pm11-13
rvms 40 nvms 5 pm11-14
rvms 40 nvms 6 pm11-15
rvms 40 nvms 7 pm11-16
rvms 40 nvms 8 pm11-17
rvms 40 nvms 9 pm11-18
rvms 40 nvms 10 pm11-19
rvms 40 nvms 11 pm11-2
rvms 40 nvms 12 pm11-20
rvms 40 nvms 13 pm11-21
rvms 40 nvms 14 pm11-22
rvms 40 nvms 15 pm11-23
rvms 40 nvms 16 pm11-24
rvms 40 nvms 17 pm11-25

real 73.45
user 0.01
sys 0.00
rvms 40 nvms 17 pm11-26

real 103.64
user 0.00
sys 0.01
rvms 39 nvms 17 pm11-27

real 112.02
user 0.01
sys 0.00
rvms 38 nvms 17 pm11-28

real 129.62
user 0.00
sys 0.01
rvms 37 nvms 17 pm11-29

real 131.81
user 0.00
sys 0.01
rvms 35 nvms 17 pm11-3

real 143.56
user 0.00
sys 0.01
rvms 35 nvms 17 pm11-30

real 148.81
user 0.01
sys 0.00
rvms 34 nvms 17 pm11-31

real 158.57
user 0.01
sys 0.00
rvms 33 nvms 17 pm11-32

real 160.60
user 0.01
sys 0.00

real 160.47
user 0.00
sys 0.00
rvms 31 nvms 16 pm11-33
rvms 30 nvms 17 pm11-34

real 162.55
user 0.01
sys 0.00
rvms 30 nvms 17 pm11-35

real 169.81
user 0.01
sys 0.00
rvms 29 nvms 17 pm11-36

real 174.11
user 0.00
sys 0.00
rvms 27 nvms 17 pm11-37

real 179.96
user 0.00
sys 0.00
rvms 27 nvms 17 pm11-38

real 182.80
user 0.00
sys 0.01
rvms 26 nvms 17 pm11-39

real 184.25
user 0.00
sys 0.00
rvms 24 nvms 17 pm11-4

real 199.63
user 0.00
sys 0.00
rvms 24 nvms 17 pm11-40

real 127.39
user 0.01
sys 0.00
rvms 22 nvms 17 pm11-41

real 205.02
user 0.01
sys 0.00
rvms 22 nvms 17 pm11-42

real 175.28
user 0.00
sys 0.01
rvms 21 nvms 17 pm11-43

real 157.03
user 0.00
sys 0.01
rvms 20 nvms 17 pm11-44

real 207.02
user 0.01
sys 0.00
rvms 17 nvms 17 pm11-45

real 235.20
user 0.00
sys 0.01

real 203.21
user 0.02
sys 0.00

real 164.68
user 0.01
sys 0.00

real 205.96
user 0.01
sys 0.01

real 197.59
user 0.00
sys 0.01

real 250.55
user 0.01
sys 0.00

real 240.46
user 0.01
sys 0.00

real 235.78
user 0.00
sys 0.02

real 199.08
user 0.00
sys 0.01

real 253.03
user 0.01
sys 0.01

real 215.95
user 0.02
sys 0.00

real 245.64
user 0.00
sys 0.02

real 261.41
user 0.00
sys 0.01

real 245.95
user 0.00
sys 0.02

real 160.59
user 0.00
sys 0.00

real 305.15
user 0.00
sys 0.01

real 132.55
user 0.00
sys 0.00

real 151.26
user 0.00
sys 0.00
real 489.01
user 13.44
sys 34.95

Tue May 29 14:30:44 2012
----------------
