Log of time -p /home/tsugawa/vmanage/parallel 18 
Sat Jun  2 07:15:58 2012

rvms 40 nvms 0 pm11-1
rvms 40 nvms 1 pm11-10
rvms 40 nvms 2 pm11-11
rvms 40 nvms 3 pm11-12
rvms 40 nvms 4 pm11-13
rvms 40 nvms 5 pm11-14
rvms 40 nvms 6 pm11-15
rvms 40 nvms 7 pm11-16
rvms 40 nvms 8 pm11-17
rvms 40 nvms 9 pm11-18
rvms 40 nvms 10 pm11-19
rvms 40 nvms 11 pm11-2
rvms 40 nvms 12 pm11-20
rvms 40 nvms 13 pm11-21
rvms 40 nvms 14 pm11-22
rvms 40 nvms 15 pm11-23
rvms 40 nvms 16 pm11-24
rvms 40 nvms 17 pm11-25

real 126.01
user 0.00
sys 0.00
rvms 40 nvms 17 pm11-26

real 128.44
user 0.00
sys 0.00
rvms 39 nvms 17 pm11-27

real 147.43
user 0.01
sys 0.00
rvms 38 nvms 17 pm11-28

real 169.60
user 0.01
sys 0.00
rvms 37 nvms 17 pm11-29

real 173.41
user 0.01
sys 0.00
rvms 36 nvms 17 pm11-3

real 174.91
user 0.00
sys 0.00
rvms 34 nvms 17 pm11-30

real 177.26
user 0.00
sys 0.01
rvms 34 nvms 17 pm11-31

real 181.40
user 0.01
sys 0.00
rvms 33 nvms 17 pm11-32

real 186.35
user 0.00
sys 0.00
rvms 32 nvms 17 pm11-33

real 195.80
user 0.00
sys 0.00
rvms 31 nvms 17 pm11-34

real 199.25
user 0.00
sys 0.01
rvms 29 nvms 17 pm11-35

real 199.89
user 0.01
sys 0.00

real 200.33
user 0.01
sys 0.00
rvms 27 nvms 16 pm11-36
rvms 27 nvms 17 pm11-37

real 204.60
user 0.00
sys 0.00
rvms 27 nvms 17 pm11-38

real 209.24
user 0.01
sys 0.00
rvms 26 nvms 17 pm11-39

real 210.37
user 0.01
sys 0.00
rvms 24 nvms 17 pm11-4

real 213.63
user 0.01
sys 0.00
rvms 24 nvms 17 pm11-40

real 223.39
user 0.00
sys 0.01
rvms 23 nvms 17 pm11-41

real 142.68
user 0.00
sys 0.01
rvms 22 nvms 17 pm11-42

real 105.85
user 0.01
sys 0.00
rvms 21 nvms 17 pm11-43

real 184.20
user 0.00
sys 0.00
rvms 20 nvms 17 pm11-44

real 167.74
user 0.01
sys 0.00
rvms 19 nvms 17 pm11-45

real 141.94
user 0.00
sys 0.01

real 164.42
user 0.01
sys 0.01

real 174.29
user 0.01
sys 0.01

real 140.23
user 0.00
sys 0.01

real 177.43
user 0.00
sys 0.02

real 198.57
user 0.00
sys 0.02

real 163.00
user 0.00
sys 0.02

real 165.09
user 0.02
sys 0.00

real 173.69
user 0.00
sys 0.01

real 182.32
user 0.01
sys 0.01

real 177.78
user 0.00
sys 0.01

real 154.64
user 0.01
sys 0.00

real 184.78
user 0.01
sys 0.00

real 159.25
user 0.00
sys 0.01

real 155.59
user 0.00
sys 0.01

real 238.81
user 0.02
sys 0.00

real 162.96
user 0.00
sys 0.01

real 174.61
user 0.00
sys 0.00
real 490.80
user 13.01
sys 32.64

Sat Jun  2 07:24:09 2012
----------------
