Log of time -p /home/tsugawa/vmanage/parallel 18 
Fri Jun  1 18:53:17 2012

rvms 40 nvms 0 pm11-1
rvms 40 nvms 1 pm11-10
rvms 40 nvms 2 pm11-11
rvms 40 nvms 3 pm11-12
rvms 40 nvms 4 pm11-13
rvms 40 nvms 5 pm11-14
rvms 40 nvms 6 pm11-15
rvms 40 nvms 7 pm11-16
rvms 40 nvms 8 pm11-17
rvms 40 nvms 9 pm11-18
rvms 40 nvms 10 pm11-19
rvms 40 nvms 11 pm11-2
rvms 40 nvms 12 pm11-20
rvms 40 nvms 13 pm11-21
rvms 40 nvms 14 pm11-22
rvms 40 nvms 15 pm11-23
rvms 40 nvms 16 pm11-24
rvms 40 nvms 17 pm11-25

real 180.77
user 0.00
sys 0.01
rvms 40 nvms 17 pm11-26

real 202.82
user 0.00
sys 0.00
rvms 39 nvms 17 pm11-27

real 221.74
user 0.00
sys 0.01
rvms 38 nvms 17 pm11-28

real 235.84
user 0.01
sys 0.00
rvms 37 nvms 17 pm11-29

real 239.82
user 0.00
sys 0.01
rvms 36 nvms 17 pm11-3

real 242.04
user 0.01
sys 0.00
rvms 34 nvms 17 pm11-30

real 245.37
user 0.00
sys 0.00
rvms 34 nvms 17 pm11-31

real 249.03
user 0.00
sys 0.01
rvms 33 nvms 17 pm11-32

real 258.38
user 0.01
sys 0.00
rvms 32 nvms 17 pm11-33

real 268.44
user 0.00
sys 0.00
rvms 31 nvms 17 pm11-34

real 268.57
user 0.01
sys 0.00
rvms 29 nvms 17 pm11-35

real 275.42
user 0.01
sys 0.00
rvms 29 nvms 17 pm11-36

real 285.48
user 0.00
sys 0.01
rvms 28 nvms 17 pm11-37

real 287.61
user 0.01
sys 0.00
rvms 25 nvms 17 pm11-38

real 291.09
user 0.01
sys 0.00
rvms 25 nvms 17 pm11-39

real 313.53
user 0.00
sys 0.00
rvms 25 nvms 17 pm11-4

real 329.17
user 0.00
sys 0.00
rvms 24 nvms 17 pm11-40

real 347.74
user 0.01
sys 0.00
rvms 23 nvms 17 pm11-41

real 125.38
user 0.01
sys 0.01
rvms 22 nvms 17 pm11-42

real 195.86
user 0.01
sys 0.00
rvms 20 nvms 17 pm11-43

real 149.36
user 0.01
sys 0.00
rvms 20 nvms 17 pm11-44

real 178.40
user 0.00
sys 0.01
rvms 19 nvms 17 pm11-45

real 156.82
user 0.02
sys 0.00

real 232.97
user 0.01
sys 0.00

real 168.58
user 0.00
sys 0.01

real 204.63
user 0.01
sys 0.00

real 186.75
user 0.00
sys 0.02

real 238.85
user 0.00
sys 0.01

real 153.46
user 0.00
sys 0.01

real 209.93
user 0.01
sys 0.00

real 189.95
user 0.00
sys 0.00

real 259.02
user 0.01
sys 0.01

real 167.68
user 0.00
sys 0.01

real 210.35
user 0.00
sys 0.02

real 223.93
user 0.01
sys 0.00

real 182.83
user 0.00
sys 0.00

real 162.26
user 0.01
sys 0.00

real 131.49
user 0.00
sys 0.00

real 175.70
user 0.00
sys 0.01

real 170.32
user 0.00
sys 0.00
real 560.10
user 18.04
sys 45.32

Fri Jun  1 19:02:37 2012
----------------
