Log of time -p /home/tsugawa/vmanage/parallel 1 
Sat Jun  2 22:45:07 2012

rvms 40 nvms 0 pm11-1

real 113.65
user 0.00
sys 0.01
rvms 40 nvms 0 pm11-10

real 95.36
user 0.01
sys 0.00
rvms 39 nvms 0 pm11-11

real 72.70
user 0.01
sys 0.00
rvms 38 nvms 0 pm11-12

real 96.76
user 0.00
sys 0.00
rvms 37 nvms 0 pm11-13

real 49.00
user 0.00
sys 0.00
rvms 36 nvms 0 pm11-14

real 48.70
user 0.00
sys 0.01
rvms 35 nvms 0 pm11-15

real 62.16
user 0.01
sys 0.00
rvms 34 nvms 0 pm11-16

real 73.85
user 0.00
sys 0.00
rvms 33 nvms 0 pm11-17

real 51.90
user 0.00
sys 0.01
rvms 32 nvms 0 pm11-18

real 55.17
user 0.00
sys 0.00
rvms 31 nvms 0 pm11-19

real 41.21
user 0.01
sys 0.00
rvms 30 nvms 0 pm11-2

real 40.96
user 0.00
sys 0.00
rvms 29 nvms 0 pm11-20

real 40.72
user 0.01
sys 0.00
rvms 28 nvms 0 pm11-21

real 40.73
user 0.00
sys 0.01
rvms 27 nvms 0 pm11-22

real 41.45
user 0.00
sys 0.00
rvms 26 nvms 0 pm11-23

real 40.58
user 0.00
sys 0.00
rvms 25 nvms 0 pm11-24

real 40.57
user 0.00
sys 0.01
rvms 24 nvms 0 pm11-25

real 40.41
user 0.01
sys 0.00
rvms 23 nvms 0 pm11-26

real 40.85
user 0.00
sys 0.01
rvms 22 nvms 0 pm11-27

real 40.50
user 0.00
sys 0.00
rvms 21 nvms 0 pm11-28

real 40.50
user 0.00
sys 0.00
rvms 20 nvms 0 pm11-29

real 41.24
user 0.00
sys 0.00
rvms 19 nvms 0 pm11-3

real 41.11
user 0.01
sys 0.00
rvms 18 nvms 0 pm11-30

real 40.78
user 0.00
sys 0.01
rvms 17 nvms 0 pm11-31

real 40.75
user 0.00
sys 0.01
rvms 16 nvms 0 pm11-32

real 40.75
user 0.00
sys 0.00
rvms 15 nvms 0 pm11-33

real 40.55
user 0.00
sys 0.00
rvms 14 nvms 0 pm11-34

real 40.75
user 0.00
sys 0.01
rvms 13 nvms 0 pm11-35

real 40.90
user 0.00
sys 0.00
rvms 12 nvms 0 pm11-36

real 65.23
user 0.01
sys 0.00
rvms 11 nvms 0 pm11-37

real 40.77
user 0.00
sys 0.01
rvms 10 nvms 0 pm11-38

real 40.73
user 0.01
sys 0.00
rvms 9 nvms 0 pm11-39

real 52.06
user 0.00
sys 0.01
rvms 8 nvms 0 pm11-4

real 59.76
user 0.00
sys 0.00
rvms 7 nvms 0 pm11-40

real 40.73
user 0.00
sys 0.00
rvms 6 nvms 0 pm11-41

real 40.89
user 0.00
sys 0.01
rvms 5 nvms 0 pm11-42

real 40.74
user 0.01
sys 0.00
rvms 4 nvms 0 pm11-43

real 41.64
user 0.00
sys 0.00
rvms 3 nvms 0 pm11-44

real 40.91
user 0.00
sys 0.01
rvms 2 nvms 0 pm11-45

real 40.76
user 0.00
sys 0.00
real 2001.52
user 52.25
sys 118.48

Sat Jun  2 23:18:29 2012
----------------
