Log of time -p /home/tsugawa/vmanage/parallel 1 
Thu May 31 21:44:14 2012

rvms 40 nvms 0 pm11-1

real 268.70
user 0.00
sys 0.01
rvms 40 nvms 0 pm11-10

real 395.63
user 0.01
sys 0.00
rvms 39 nvms 0 pm11-11

real 283.47
user 0.01
sys 0.00
rvms 38 nvms 0 pm11-12

real 405.01
user 0.00
sys 0.00
rvms 37 nvms 0 pm11-13

real 547.98
user 0.00
sys 0.00
rvms 36 nvms 0 pm11-14

real 512.43
user 0.00
sys 0.00
rvms 35 nvms 0 pm11-15

real 218.65
user 0.00
sys 0.00
rvms 34 nvms 0 pm11-16

real 194.59
user 0.01
sys 0.00
rvms 33 nvms 0 pm11-17

real 225.67
user 0.00
sys 0.01
rvms 32 nvms 0 pm11-18

real 202.82
user 0.01
sys 0.00
rvms 31 nvms 0 pm11-19

real 130.22
user 0.00
sys 0.00
rvms 30 nvms 0 pm11-2

real 89.46
user 0.00
sys 0.00
rvms 29 nvms 0 pm11-20

real 130.31
user 0.01
sys 0.00
rvms 28 nvms 0 pm11-21

real 188.24
user 0.00
sys 0.00
rvms 27 nvms 0 pm11-22

real 157.15
user 0.00
sys 0.01
rvms 26 nvms 0 pm11-23

real 205.41
user 0.01
sys 0.00
rvms 25 nvms 0 pm11-24

real 176.29
user 0.01
sys 0.00
rvms 24 nvms 0 pm11-25

real 205.10
user 0.00
sys 0.00
rvms 23 nvms 0 pm11-26

real 163.95
user 0.00
sys 0.00
rvms 22 nvms 0 pm11-27

real 147.08
user 0.00
sys 0.01
rvms 21 nvms 0 pm11-28

real 107.75
user 0.00
sys 0.00
rvms 20 nvms 0 pm11-29

real 85.21
user 0.01
sys 0.00
rvms 19 nvms 0 pm11-3

real 92.44
user 0.01
sys 0.00
rvms 18 nvms 0 pm11-30

real 76.45
user 0.00
sys 0.00
rvms 17 nvms 0 pm11-31

real 83.37
user 0.01
sys 0.00
rvms 16 nvms 0 pm11-32

real 116.53
user 0.01
sys 0.00
rvms 15 nvms 0 pm11-33

real 76.48
user 0.00
sys 0.00
rvms 14 nvms 0 pm11-34

real 91.29
user 0.01
sys 0.00
rvms 13 nvms 0 pm11-35

real 101.14
user 0.01
sys 0.00
rvms 12 nvms 0 pm11-36

real 96.45
user 0.00
sys 0.01
rvms 11 nvms 0 pm11-37

real 109.07
user 0.01
sys 0.00
rvms 10 nvms 0 pm11-38

real 89.46
user 0.01
sys 0.00
rvms 9 nvms 0 pm11-39

real 81.65
user 0.01
sys 0.00
rvms 8 nvms 0 pm11-4

real 94.07
user 0.00
sys 0.01
rvms 7 nvms 0 pm11-40

real 102.55
user 0.01
sys 0.00
rvms 6 nvms 0 pm11-41

real 82.93
user 0.01
sys 0.00
rvms 5 nvms 0 pm11-42

real 84.49
user 0.00
sys 0.00
rvms 4 nvms 0 pm11-43

real 94.84
user 0.00
sys 0.01
rvms 3 nvms 0 pm11-44

real 99.04
user 0.00
sys 0.00
rvms 2 nvms 0 pm11-45

real 117.64
user 0.00
sys 0.00
real 6733.14
user 189.39
sys 406.65

Thu May 31 23:36:27 2012
----------------
