Log of time -p /home/tsugawa/vmanage/parallel 1 
Wed May 30 02:00:38 2012

rvms 40 nvms 0 pm11-1

real 137.22
user 0.00
sys 0.00
rvms 40 nvms 0 pm11-10

real 168.95
user 0.01
sys 0.00
rvms 39 nvms 0 pm11-11

real 266.38
user 0.00
sys 0.00
rvms 38 nvms 0 pm11-12

real 271.31
user 0.01
sys 0.00
rvms 37 nvms 0 pm11-13

real 168.45
user 0.01
sys 0.00
rvms 36 nvms 0 pm11-14

real 152.59
user 0.00
sys 0.00
rvms 35 nvms 0 pm11-15

real 134.60
user 0.01
sys 0.00
rvms 34 nvms 0 pm11-16

real 131.70
user 0.01
sys 0.00
rvms 33 nvms 0 pm11-17

real 131.71
user 0.00
sys 0.01
rvms 32 nvms 0 pm11-18

real 127.97
user 0.01
sys 0.00
rvms 31 nvms 0 pm11-19

real 151.51
user 0.01
sys 0.00
rvms 30 nvms 0 pm11-2

real 156.38
user 0.00
sys 0.00
rvms 29 nvms 0 pm11-20

real 169.14
user 0.01
sys 0.00
rvms 28 nvms 0 pm11-21

real 132.41
user 0.01
sys 0.00
rvms 27 nvms 0 pm11-22

real 152.50
user 0.01
sys 0.00
rvms 26 nvms 0 pm11-23

real 174.16
user 0.00
sys 0.00
rvms 25 nvms 0 pm11-24

real 232.82
user 0.00
sys 0.00
rvms 24 nvms 0 pm11-25

real 106.11
user 0.00
sys 0.01
rvms 23 nvms 0 pm11-26

real 146.07
user 0.00
sys 0.01
rvms 22 nvms 0 pm11-27

real 111.54
user 0.00
sys 0.00
rvms 21 nvms 0 pm11-28

real 140.39
user 0.00
sys 0.00
rvms 20 nvms 0 pm11-29

real 105.65
user 0.01
sys 0.00
rvms 19 nvms 0 pm11-3

real 131.84
user 0.01
sys 0.00
rvms 18 nvms 0 pm11-30

real 162.53
user 0.00
sys 0.00
rvms 17 nvms 0 pm11-31

real 126.32
user 0.01
sys 0.00
rvms 16 nvms 0 pm11-32

real 125.25
user 0.01
sys 0.00
rvms 15 nvms 0 pm11-33

real 90.60
user 0.01
sys 0.00
rvms 14 nvms 0 pm11-34

real 88.37
user 0.00
sys 0.00
rvms 13 nvms 0 pm11-35

real 104.89
user 0.01
sys 0.00
rvms 12 nvms 0 pm11-36

real 126.91
user 0.01
sys 0.00
rvms 11 nvms 0 pm11-37

real 101.03
user 0.00
sys 0.00
rvms 10 nvms 0 pm11-38

real 113.13
user 0.00
sys 0.00
rvms 9 nvms 0 pm11-39

real 88.15
user 0.01
sys 0.00
rvms 8 nvms 0 pm11-4

real 112.00
user 0.01
sys 0.00
rvms 7 nvms 0 pm11-40

real 96.10
user 0.01
sys 0.00
rvms 6 nvms 0 pm11-41

real 108.32
user 0.00
sys 0.00
rvms 5 nvms 0 pm11-42

real 93.09
user 0.00
sys 0.00
rvms 4 nvms 0 pm11-43

real 78.83
user 0.01
sys 0.00
rvms 3 nvms 0 pm11-44

real 83.86
user 0.01
sys 0.00
rvms 2 nvms 0 pm11-45

real 101.90
user 0.00
sys 0.00
real 5405.65
user 140.52
sys 314.93

Wed May 30 03:30:44 2012
----------------
