Log of time -p /home/tsugawa/vmanage/parallel 1 
Wed May 30 13:01:09 2012

rvms 40 nvms 0 pm11-1

real 148.01
user 0.00
sys 0.01
rvms 40 nvms 0 pm11-10

real 98.52
user 0.00
sys 0.01
rvms 39 nvms 0 pm11-11

real 93.64
user 0.00
sys 0.00
rvms 38 nvms 0 pm11-12

real 99.54
user 0.00
sys 0.01
rvms 37 nvms 0 pm11-13

real 95.77
user 0.00
sys 0.00
rvms 36 nvms 0 pm11-14

real 114.71
user 0.01
sys 0.00
rvms 35 nvms 0 pm11-15

real 91.48
user 0.01
sys 0.00
rvms 34 nvms 0 pm11-16

real 86.68
user 0.01
sys 0.00
rvms 33 nvms 0 pm11-17

real 100.91
user 0.00
sys 0.00
rvms 32 nvms 0 pm11-18

real 98.89
user 0.00
sys 0.01
rvms 31 nvms 0 pm11-19

real 99.24
user 0.00
sys 0.00
rvms 30 nvms 0 pm11-2

real 108.29
user 0.00
sys 0.00
rvms 29 nvms 0 pm11-20

real 112.99
user 0.00
sys 0.00
rvms 28 nvms 0 pm11-21

real 69.43
user 0.01
sys 0.00
rvms 27 nvms 0 pm11-22

real 83.01
user 0.01
sys 0.00
rvms 26 nvms 0 pm11-23

real 79.61
user 0.01
sys 0.00
rvms 25 nvms 0 pm11-24

real 68.42
user 0.01
sys 0.00
rvms 24 nvms 0 pm11-25

real 96.11
user 0.01
sys 0.00
rvms 23 nvms 0 pm11-26

real 96.06
user 0.01
sys 0.00
rvms 22 nvms 0 pm11-27

real 64.24
user 0.00
sys 0.01
rvms 21 nvms 0 pm11-28

real 76.10
user 0.01
sys 0.00
rvms 20 nvms 0 pm11-29

real 100.18
user 0.01
sys 0.00
rvms 19 nvms 0 pm11-3

real 93.30
user 0.00
sys 0.01
rvms 18 nvms 0 pm11-30

real 75.43
user 0.01
sys 0.00
rvms 17 nvms 0 pm11-31

real 70.97
user 0.01
sys 0.00
rvms 16 nvms 0 pm11-32

real 71.08
user 0.00
sys 0.00
rvms 15 nvms 0 pm11-33

real 84.34
user 0.01
sys 0.00
rvms 14 nvms 0 pm11-34

real 92.29
user 0.01
sys 0.00
rvms 13 nvms 0 pm11-35

real 81.76
user 0.00
sys 0.01
rvms 12 nvms 0 pm11-36

real 90.75
user 0.00
sys 0.00
rvms 11 nvms 0 pm11-37

real 107.00
user 0.01
sys 0.00
rvms 10 nvms 0 pm11-38

real 86.59
user 0.00
sys 0.01
rvms 9 nvms 0 pm11-39

real 82.69
user 0.01
sys 0.00
rvms 8 nvms 0 pm11-4

real 81.98
user 0.00
sys 0.00
rvms 7 nvms 0 pm11-40

real 83.71
user 0.01
sys 0.00
rvms 6 nvms 0 pm11-41

real 78.85
user 0.01
sys 0.00
rvms 5 nvms 0 pm11-42

real 71.38
user 0.01
sys 0.00
rvms 4 nvms 0 pm11-43

real 88.33
user 0.01
sys 0.00
rvms 3 nvms 0 pm11-44

real 121.14
user 0.01
sys 0.00
rvms 2 nvms 0 pm11-45

real 120.25
user 0.01
sys 0.00
real 3666.41
user 90.93
sys 212.10

Wed May 30 14:02:15 2012
----------------
