Log of time -p /home/tsugawa/vmanage/parallel 1 
Sat Jun  2 12:09:03 2012

rvms 40 nvms 0 pm11-1

real 149.20
user 0.00
sys 0.01
rvms 40 nvms 0 pm11-10

real 258.59
user 0.01
sys 0.00
rvms 39 nvms 0 pm11-11

real 153.01
user 0.01
sys 0.00
rvms 38 nvms 0 pm11-12

real 199.75
user 0.01
sys 0.00
rvms 37 nvms 0 pm11-13

real 131.40
user 0.00
sys 0.00
rvms 36 nvms 0 pm11-14

real 145.99
user 0.00
sys 0.00
rvms 35 nvms 0 pm11-15

real 142.98
user 0.00
sys 0.01
rvms 34 nvms 0 pm11-16

real 133.08
user 0.01
sys 0.00
rvms 33 nvms 0 pm11-17

real 129.90
user 0.00
sys 0.00
rvms 32 nvms 0 pm11-18

real 120.04
user 0.01
sys 0.00
rvms 31 nvms 0 pm11-19

real 109.03
user 0.01
sys 0.00
rvms 30 nvms 0 pm11-2

real 110.35
user 0.00
sys 0.00
rvms 29 nvms 0 pm11-20

real 105.40
user 0.00
sys 0.01
rvms 28 nvms 0 pm11-21

real 94.08
user 0.00
sys 0.00
rvms 27 nvms 0 pm11-22

real 97.05
user 0.00
sys 0.00
rvms 26 nvms 0 pm11-23

real 147.94
user 0.00
sys 0.00
rvms 25 nvms 0 pm11-24

real 101.15
user 0.00
sys 0.00
rvms 24 nvms 0 pm11-25

real 80.02
user 0.01
sys 0.00
rvms 23 nvms 0 pm11-26

real 98.45
user 0.00
sys 0.01
rvms 22 nvms 0 pm11-27

real 114.05
user 0.00
sys 0.00
rvms 21 nvms 0 pm11-28

real 122.21
user 0.00
sys 0.00
rvms 20 nvms 0 pm11-29

real 78.31
user 0.00
sys 0.01
rvms 19 nvms 0 pm11-3

real 91.54
user 0.00
sys 0.00
rvms 18 nvms 0 pm11-30

real 107.80
user 0.00
sys 0.00
rvms 17 nvms 0 pm11-31

real 86.49
user 0.00
sys 0.00
rvms 16 nvms 0 pm11-32

real 97.44
user 0.00
sys 0.01
rvms 15 nvms 0 pm11-33

real 81.71
user 0.01
sys 0.00
rvms 14 nvms 0 pm11-34

real 96.27
user 0.01
sys 0.00
rvms 13 nvms 0 pm11-35

real 91.22
user 0.00
sys 0.01
rvms 12 nvms 0 pm11-36

real 89.55
user 0.01
sys 0.00
rvms 11 nvms 0 pm11-37

real 157.77
user 0.01
sys 0.00
rvms 10 nvms 0 pm11-38

real 167.87
user 0.01
sys 0.00
rvms 9 nvms 0 pm11-39

real 149.11
user 0.00
sys 0.00
rvms 8 nvms 0 pm11-4

real 156.64
user 0.01
sys 0.00
rvms 7 nvms 0 pm11-40

real 161.58
user 0.00
sys 0.00
rvms 6 nvms 0 pm11-41

real 176.63
user 0.00
sys 0.00
rvms 5 nvms 0 pm11-42

real 129.16
user 0.00
sys 0.01
rvms 4 nvms 0 pm11-43

real 154.96
user 0.00
sys 0.01
rvms 3 nvms 0 pm11-44

real 98.54
user 0.01
sys 0.00
rvms 2 nvms 0 pm11-45

real 79.51
user 0.00
sys 0.00
real 4998.17
user 122.39
sys 285.22

Sat Jun  2 13:32:21 2012
----------------
