Log of time -p /home/tsugawa/vmanage/parallel 1 
Tue May 29 15:50:44 2012

rvms 40 nvms 0 pm11-1

real 104.80
user 0.01
sys 0.00
rvms 40 nvms 0 pm11-10

real 40.67
user 0.00
sys 0.01
rvms 39 nvms 0 pm11-11

real 40.65
user 0.01
sys 0.00
rvms 38 nvms 0 pm11-12

real 48.26
user 0.00
sys 0.00
rvms 37 nvms 0 pm11-13

real 50.33
user 0.00
sys 0.00
rvms 36 nvms 0 pm11-14

real 40.66
user 0.00
sys 0.00
rvms 35 nvms 0 pm11-15

real 40.70
user 0.00
sys 0.00
rvms 34 nvms 0 pm11-16

real 40.64
user 0.01
sys 0.00
rvms 33 nvms 0 pm11-17

real 57.27
user 0.01
sys 0.00
rvms 32 nvms 0 pm11-18

real 57.31
user 0.00
sys 0.00
rvms 31 nvms 0 pm11-19

real 48.09
user 0.00
sys 0.01
rvms 30 nvms 0 pm11-2

real 41.05
user 0.01
sys 0.00
rvms 29 nvms 0 pm11-20

real 47.44
user 0.00
sys 0.00
rvms 28 nvms 0 pm11-21

real 59.48
user 0.01
sys 0.00
rvms 27 nvms 0 pm11-22

real 40.55
user 0.01
sys 0.00
rvms 26 nvms 0 pm11-23

real 54.59
user 0.01
sys 0.00
rvms 25 nvms 0 pm11-24

real 40.37
user 0.00
sys 0.01
rvms 24 nvms 0 pm11-25

real 40.57
user 0.01
sys 0.00
rvms 23 nvms 0 pm11-26

real 40.53
user 0.00
sys 0.00
rvms 22 nvms 0 pm11-27

real 40.55
user 0.01
sys 0.00
rvms 21 nvms 0 pm11-28

real 57.79
user 0.00
sys 0.00
rvms 20 nvms 0 pm11-29

real 50.83
user 0.01
sys 0.00
rvms 19 nvms 0 pm11-3

real 48.23
user 0.01
sys 0.00
rvms 18 nvms 0 pm11-30

real 54.16
user 0.01
sys 0.00
rvms 17 nvms 0 pm11-31

real 40.55
user 0.00
sys 0.01
rvms 16 nvms 0 pm11-32

real 40.73
user 0.01
sys 0.00
rvms 15 nvms 0 pm11-33

real 47.80
user 0.01
sys 0.00
rvms 14 nvms 0 pm11-34

real 40.72
user 0.00
sys 0.01
rvms 13 nvms 0 pm11-35

real 40.72
user 0.00
sys 0.00
rvms 12 nvms 0 pm11-36

real 47.58
user 0.00
sys 0.00
rvms 11 nvms 0 pm11-37

real 40.70
user 0.01
sys 0.00
rvms 10 nvms 0 pm11-38

real 40.79
user 0.01
sys 0.00
rvms 9 nvms 0 pm11-39

real 41.21
user 0.00
sys 0.01
rvms 8 nvms 0 pm11-4

real 48.15
user 0.00
sys 0.00
rvms 7 nvms 0 pm11-40

real 47.94
user 0.01
sys 0.00
rvms 6 nvms 0 pm11-41

real 57.37
user 0.01
sys 0.00
rvms 5 nvms 0 pm11-42

real 40.58
user 0.01
sys 0.00
rvms 4 nvms 0 pm11-43

real 60.26
user 0.00
sys 0.00
rvms 3 nvms 0 pm11-44

real 53.97
user 0.01
sys 0.00
rvms 2 nvms 0 pm11-45

real 61.12
user 0.00
sys 0.00
real 1938.25
user 45.14
sys 110.13

Tue May 29 16:23:02 2012
----------------
