Log of time -p /home/tsugawa/vmanage/parallel 1 
Fri Jun  1 09:32:21 2012

rvms 40 nvms 0 pm11-1

real 88.46
user 0.00
sys 0.00
rvms 40 nvms 0 pm11-10

real 61.06
user 0.00
sys 0.01
rvms 39 nvms 0 pm11-11

real 80.48
user 0.01
sys 0.00
rvms 38 nvms 0 pm11-12

real 83.36
user 0.00
sys 0.00
rvms 37 nvms 0 pm11-13

real 117.97
user 0.00
sys 0.00
rvms 36 nvms 0 pm11-14

real 105.14
user 0.00
sys 0.00
rvms 35 nvms 0 pm11-15

real 72.73
user 0.00
sys 0.00
rvms 34 nvms 0 pm11-16

real 103.54
user 0.00
sys 0.01
rvms 33 nvms 0 pm11-17

real 59.40
user 0.01
sys 0.00
rvms 32 nvms 0 pm11-18

real 59.44
user 0.00
sys 0.00
rvms 31 nvms 0 pm11-19

real 81.36
user 0.01
sys 0.00
rvms 30 nvms 0 pm11-2

real 64.69
user 0.00
sys 0.01
rvms 29 nvms 0 pm11-20

real 93.94
user 0.01
sys 0.00
rvms 28 nvms 0 pm11-21

real 94.80
user 0.00
sys 0.01
rvms 27 nvms 0 pm11-22

real 81.82
user 0.01
sys 0.00
rvms 26 nvms 0 pm11-23

real 81.98
user 0.00
sys 0.00
rvms 25 nvms 0 pm11-24

real 104.42
user 0.01
sys 0.00
rvms 24 nvms 0 pm11-25

real 105.53
user 0.01
sys 0.00
rvms 23 nvms 0 pm11-26

real 103.11
user 0.00
sys 0.00
rvms 22 nvms 0 pm11-27

real 122.06
user 0.00
sys 0.00
rvms 21 nvms 0 pm11-28

real 123.63
user 0.00
sys 0.00
rvms 20 nvms 0 pm11-29

real 104.37
user 0.00
sys 0.00
rvms 19 nvms 0 pm11-3

real 82.84
user 0.00
sys 0.01
rvms 18 nvms 0 pm11-30

real 114.82
user 0.01
sys 0.00
rvms 17 nvms 0 pm11-31

real 76.06
user 0.00
sys 0.01
rvms 16 nvms 0 pm11-32

real 89.96
user 0.00
sys 0.01
rvms 15 nvms 0 pm11-33

real 85.36
user 0.00
sys 0.01
rvms 14 nvms 0 pm11-34

real 79.66
user 0.00
sys 0.00
rvms 13 nvms 0 pm11-35

real 75.11
user 0.01
sys 0.00
rvms 12 nvms 0 pm11-36

real 64.30
user 0.00
sys 0.00
rvms 11 nvms 0 pm11-37

real 49.08
user 0.01
sys 0.00
rvms 10 nvms 0 pm11-38

real 71.11
user 0.00
sys 0.00
rvms 9 nvms 0 pm11-39

real 72.83
user 0.00
sys 0.01
rvms 8 nvms 0 pm11-4

real 60.19
user 0.00
sys 0.01
rvms 7 nvms 0 pm11-40

real 66.04
user 0.01
sys 0.00
rvms 6 nvms 0 pm11-41

real 89.42
user 0.00
sys 0.01
rvms 5 nvms 0 pm11-42

real 122.56
user 0.01
sys 0.00
rvms 4 nvms 0 pm11-43

real 110.89
user 0.00
sys 0.01
rvms 3 nvms 0 pm11-44

real 57.12
user 0.01
sys 0.00
rvms 2 nvms 0 pm11-45

real 67.19
user 0.00
sys 0.00
real 3430.60
user 79.42
sys 196.42

Fri Jun  1 10:29:31 2012
----------------
