Log of time -p /home/tsugawa/vmanage/parallel 1 
Thu May 31 02:02:34 2012

rvms 40 nvms 0 pm11-1

real 176.98
user 0.01
sys 0.00
rvms 40 nvms 0 pm11-10

real 173.94
user 0.01
sys 0.00
rvms 39 nvms 0 pm11-11

real 230.13
user 0.00
sys 0.00
rvms 38 nvms 0 pm11-12

real 218.67
user 0.00
sys 0.00
rvms 37 nvms 0 pm11-13

real 125.06
user 0.00
sys 0.01
rvms 36 nvms 0 pm11-14

real 99.34
user 0.01
sys 0.00
rvms 35 nvms 0 pm11-15

real 97.49
user 0.01
sys 0.00
rvms 34 nvms 0 pm11-16

real 133.51
user 0.01
sys 0.00
rvms 33 nvms 0 pm11-17

real 67.71
user 0.01
sys 0.00
rvms 32 nvms 0 pm11-18

real 47.60
user 0.00
sys 0.00
rvms 31 nvms 0 pm11-19

real 115.29
user 0.01
sys 0.00
rvms 30 nvms 0 pm11-2

real 112.73
user 0.01
sys 0.00
rvms 29 nvms 0 pm11-20

real 95.53
user 0.00
sys 0.00
rvms 28 nvms 0 pm11-21

real 72.89
user 0.00
sys 0.00
rvms 27 nvms 0 pm11-22

real 40.93
user 0.00
sys 0.01
rvms 26 nvms 0 pm11-23

real 68.32
user 0.01
sys 0.00
rvms 25 nvms 0 pm11-24

real 84.11
user 0.01
sys 0.00
rvms 24 nvms 0 pm11-25

real 108.90
user 0.01
sys 0.00
rvms 23 nvms 0 pm11-26

real 68.91
user 0.01
sys 0.00
rvms 22 nvms 0 pm11-27

real 80.47
user 0.00
sys 0.01
rvms 21 nvms 0 pm11-28

real 122.75
user 0.01
sys 0.00
rvms 20 nvms 0 pm11-29

real 67.17
user 0.00
sys 0.00
rvms 19 nvms 0 pm11-3

real 90.97
user 0.01
sys 0.00
rvms 18 nvms 0 pm11-30

real 110.98
user 0.01
sys 0.00
rvms 17 nvms 0 pm11-31

real 70.94
user 0.01
sys 0.00
rvms 16 nvms 0 pm11-32

real 55.37
user 0.00
sys 0.01
rvms 15 nvms 0 pm11-33

real 55.82
user 0.00
sys 0.00
rvms 14 nvms 0 pm11-34

real 78.03
user 0.00
sys 0.01
rvms 13 nvms 0 pm11-35

real 130.36
user 0.01
sys 0.00
rvms 12 nvms 0 pm11-36

real 69.85
user 0.01
sys 0.00
rvms 11 nvms 0 pm11-37

real 95.71
user 0.01
sys 0.00
rvms 10 nvms 0 pm11-38

real 125.45
user 0.01
sys 0.00
rvms 9 nvms 0 pm11-39

real 240.47
user 0.01
sys 0.00
rvms 8 nvms 0 pm11-4

real 230.96
user 0.00
sys 0.01
rvms 7 nvms 0 pm11-40

real 177.24
user 0.00
sys 0.00
rvms 6 nvms 0 pm11-41

real 208.88
user 0.01
sys 0.00
rvms 5 nvms 0 pm11-42

real 90.42
user 0.01
sys 0.00
rvms 4 nvms 0 pm11-43

real 175.47
user 0.00
sys 0.01
rvms 3 nvms 0 pm11-44

real 251.98
user 0.01
sys 0.00
rvms 2 nvms 0 pm11-45

real 225.21
user 0.00
sys 0.00
real 4895.14
user 118.74
sys 265.62

Thu May 31 03:24:09 2012
----------------
