Log of time -p /home/tsugawa/vmanage/parallel 1 
Fri Jun  1 20:52:34 2012

rvms 40 nvms 0 pm11-1

real 118.11
user 0.00
sys 0.01
rvms 40 nvms 0 pm11-10

real 102.00
user 0.01
sys 0.00
rvms 39 nvms 0 pm11-11

real 70.02
user 0.00
sys 0.01
rvms 38 nvms 0 pm11-12

real 117.55
user 0.01
sys 0.00
rvms 37 nvms 0 pm11-13

real 91.03
user 0.01
sys 0.00
rvms 36 nvms 0 pm11-14

real 96.84
user 0.01
sys 0.00
rvms 35 nvms 0 pm11-15

real 57.50
user 0.00
sys 0.00
rvms 34 nvms 0 pm11-16

real 40.78
user 0.01
sys 0.00
rvms 33 nvms 0 pm11-17

real 40.76
user 0.00
sys 0.01
rvms 32 nvms 0 pm11-18

real 40.69
user 0.00
sys 0.01
rvms 31 nvms 0 pm11-19

real 48.68
user 0.00
sys 0.01
rvms 30 nvms 0 pm11-2

real 70.75
user 0.01
sys 0.00
rvms 29 nvms 0 pm11-20

real 48.92
user 0.00
sys 0.01
rvms 28 nvms 0 pm11-21

real 40.77
user 0.01
sys 0.00
rvms 27 nvms 0 pm11-22

real 40.75
user 0.00
sys 0.00
rvms 26 nvms 0 pm11-23

real 40.82
user 0.00
sys 0.01
rvms 25 nvms 0 pm11-24

real 59.89
user 0.00
sys 0.00
rvms 24 nvms 0 pm11-25

real 59.66
user 0.00
sys 0.01
rvms 23 nvms 0 pm11-26

real 63.23
user 0.00
sys 0.00
rvms 22 nvms 0 pm11-27

real 48.00
user 0.00
sys 0.00
rvms 21 nvms 0 pm11-28

real 65.15
user 0.00
sys 0.00
rvms 20 nvms 0 pm11-29

real 71.49
user 0.00
sys 0.01
rvms 19 nvms 0 pm11-3

real 64.69
user 0.00
sys 0.01
rvms 18 nvms 0 pm11-30

real 74.00
user 0.00
sys 0.00
rvms 17 nvms 0 pm11-31

real 67.22
user 0.00
sys 0.00
rvms 16 nvms 0 pm11-32

real 185.42
user 0.00
sys 0.01
rvms 15 nvms 0 pm11-33

real 156.78
user 0.01
sys 0.00
rvms 14 nvms 0 pm11-34

real 79.07
user 0.01
sys 0.00
rvms 13 nvms 0 pm11-35

real 87.15
user 0.00
sys 0.00
rvms 12 nvms 0 pm11-36

real 143.98
user 0.00
sys 0.00
rvms 11 nvms 0 pm11-37

real 93.48
user 0.00
sys 0.00
rvms 10 nvms 0 pm11-38

real 136.27
user 0.00
sys 0.01
rvms 9 nvms 0 pm11-39

real 180.89
user 0.00
sys 0.01
rvms 8 nvms 0 pm11-4

real 130.19
user 0.01
sys 0.00
rvms 7 nvms 0 pm11-40

real 184.79
user 0.01
sys 0.00
rvms 6 nvms 0 pm11-41

real 120.53
user 0.00
sys 0.00
rvms 5 nvms 0 pm11-42

real 164.32
user 0.01
sys 0.00
rvms 4 nvms 0 pm11-43

real 138.20
user 0.00
sys 0.00
rvms 3 nvms 0 pm11-44

real 115.70
user 0.01
sys 0.00
rvms 2 nvms 0 pm11-45

real 172.40
user 0.00
sys 0.00
real 3730.72
user 86.17
sys 199.69

Fri Jun  1 21:54:45 2012
----------------
