Log of time -p /home/tsugawa/vmanage/parallel 20 
Wed May 30 12:01:46 2012

rvms 40 nvms 0 pm11-1
rvms 40 nvms 1 pm11-10
rvms 40 nvms 2 pm11-11
rvms 40 nvms 3 pm11-12
rvms 40 nvms 4 pm11-13
rvms 40 nvms 5 pm11-14
rvms 40 nvms 6 pm11-15
rvms 40 nvms 7 pm11-16
rvms 40 nvms 8 pm11-17
rvms 40 nvms 9 pm11-18
rvms 40 nvms 10 pm11-19
rvms 40 nvms 11 pm11-2
rvms 40 nvms 12 pm11-20
rvms 40 nvms 13 pm11-21
rvms 40 nvms 14 pm11-22
rvms 40 nvms 15 pm11-23
rvms 40 nvms 16 pm11-24
rvms 40 nvms 17 pm11-25
rvms 40 nvms 18 pm11-26
rvms 40 nvms 19 pm11-27

real 179.92
user 0.01
sys 0.00
rvms 40 nvms 19 pm11-28

real 185.51
user 0.01
sys 0.00
rvms 39 nvms 19 pm11-29

real 188.97
user 0.01
sys 0.00
rvms 36 nvms 19 pm11-3

real 189.29
user 0.00
sys 0.00
rvms 36 nvms 19 pm11-30

real 197.59
user 0.01
sys 0.00
rvms 36 nvms 19 pm11-31

real 207.71
user 0.00
sys 0.01
rvms 35 nvms 19 pm11-32

real 207.87
user 0.00
sys 0.00
rvms 32 nvms 19 pm11-33

real 209.79
user 0.00
sys 0.01
rvms 32 nvms 19 pm11-34

real 215.27
user 0.00
sys 0.00
rvms 32 nvms 19 pm11-35

real 220.70
user 0.00
sys 0.01
rvms 31 nvms 19 pm11-36

real 221.36
user 0.00
sys 0.00
rvms 29 nvms 19 pm11-37

real 228.23
user 0.01
sys 0.00
rvms 29 nvms 19 pm11-38

real 236.33
user 0.01
sys 0.00
rvms 28 nvms 19 pm11-39

real 248.82
user 0.01
sys 0.00
rvms 27 nvms 19 pm11-4

real 255.27
user 0.00
sys 0.01
rvms 26 nvms 19 pm11-40

real 258.86
user 0.00
sys 0.00
rvms 24 nvms 19 pm11-41

real 261.40
user 0.01
sys 0.00
rvms 23 nvms 19 pm11-42

real 263.75
user 0.01
sys 0.00
rvms 23 nvms 19 pm11-43

real 278.26
user 0.01
sys 0.00
rvms 22 nvms 19 pm11-44

real 284.40
user 0.01
sys 0.00
rvms 21 nvms 19 pm11-45

real 195.32
user 0.00
sys 0.02

real 168.81
user 0.00
sys 0.02

real 203.36
user 0.02
sys 0.00

real 169.97
user 0.00
sys 0.02

real 171.05
user 0.01
sys 0.01

real 165.92
user 0.01
sys 0.01

real 187.56
user 0.02
sys 0.00

real 190.61
user 0.01
sys 0.01

real 214.53
user 0.01
sys 0.00

real 171.73
user 0.01
sys 0.01

real 195.17
user 0.02
sys 0.00

real 227.66
user 0.02
sys 0.00

real 180.11
user 0.02
sys 0.00

real 240.09
user 0.01
sys 0.00

real 178.61
user 0.00
sys 0.01

real 190.58
user 0.01
sys 0.01

real 165.84
user 0.00
sys 0.00

real 181.76
user 0.00
sys 0.01

real 194.77
user 0.01
sys 0.00

real 178.67
user 0.00
sys 0.01
real 464.18
user 12.69
sys 31.68

Wed May 30 12:09:30 2012
----------------
