Log of time -p /home/tsugawa/vmanage/parallel 20 
Thu May 31 00:54:15 2012

rvms 40 nvms 0 pm11-1
rvms 40 nvms 1 pm11-10
rvms 40 nvms 2 pm11-11
rvms 40 nvms 3 pm11-12
rvms 40 nvms 4 pm11-13
rvms 40 nvms 5 pm11-14
rvms 40 nvms 6 pm11-15
rvms 40 nvms 7 pm11-16
rvms 40 nvms 8 pm11-17
rvms 40 nvms 9 pm11-18
rvms 40 nvms 10 pm11-19
rvms 40 nvms 11 pm11-2
rvms 40 nvms 12 pm11-20
rvms 40 nvms 13 pm11-21
rvms 40 nvms 14 pm11-22
rvms 40 nvms 15 pm11-23
rvms 40 nvms 16 pm11-24
rvms 40 nvms 17 pm11-25
rvms 40 nvms 18 pm11-26
rvms 40 nvms 19 pm11-27

real 284.23
user 0.01
sys 0.00
rvms 40 nvms 19 pm11-28

real 294.05
user 0.01
sys 0.00
rvms 38 nvms 19 pm11-29

real 295.88
user 0.00
sys 0.00
rvms 37 nvms 19 pm11-3

real 301.24
user 0.00
sys 0.00
rvms 37 nvms 19 pm11-30

real 302.14
user 0.00
sys 0.01
rvms 34 nvms 19 pm11-31

real 306.47
user 0.01
sys 0.00
rvms 34 nvms 19 pm11-32

real 310.18
user 0.01
sys 0.00
rvms 33 nvms 19 pm11-33

real 312.14
user 0.00
sys 0.01
rvms 33 nvms 19 pm11-34

real 328.09
user 0.00
sys 0.01
rvms 32 nvms 19 pm11-35

real 328.02
user 0.01
sys 0.00
rvms 29 nvms 19 pm11-36

real 330.79
user 0.01
sys 0.00
rvms 29 nvms 19 pm11-37

real 334.20
user 0.01
sys 0.00
rvms 29 nvms 19 pm11-38

real 339.34
user 0.00
sys 0.00
rvms 28 nvms 19 pm11-39

real 342.86
user 0.01
sys 0.00
rvms 27 nvms 19 pm11-4

real 343.12
user 0.01
sys 0.00
rvms 25 nvms 19 pm11-40

real 348.39
user 0.01
sys 0.00
rvms 25 nvms 19 pm11-41

real 348.65
user 0.01
sys 0.00
rvms 22 nvms 19 pm11-42

real 349.65
user 0.01
sys 0.00
rvms 22 nvms 19 pm11-43

real 376.87
user 0.00
sys 0.00
rvms 22 nvms 19 pm11-44

real 384.11
user 0.00
sys 0.00
rvms 21 nvms 19 pm11-45

real 301.93
user 0.02
sys 0.01

real 299.39
user 0.01
sys 0.01

real 279.98
user 0.00
sys 0.01

real 334.95
user 0.02
sys 0.00

real 303.92
user 0.02
sys 0.00

real 334.12
user 0.01
sys 0.01

real 353.41
user 0.00
sys 0.02

real 323.04
user 0.02
sys 0.01

real 329.20
user 0.01
sys 0.01

real 321.74
user 0.01
sys 0.01

real 359.90
user 0.00
sys 0.01

real 351.14
user 0.02
sys 0.00

real 318.32
user 0.00
sys 0.01

real 291.39
user 0.00
sys 0.00

real 326.29
user 0.00
sys 0.00

real 369.50
user 0.01
sys 0.01

real 346.46
user 0.01
sys 0.01

real 368.25
user 0.02
sys 0.00

real 354.76
user 0.00
sys 0.01

real 331.60
user 0.01
sys 0.00
real 709.11
user 15.75
sys 40.97

Thu May 31 01:06:04 2012
----------------
