Log of time -p /home/tsugawa/vmanage/parallel 20 
Sun Jun  3 06:18:54 2012

rvms 40 nvms 0 pm11-1
rvms 40 nvms 1 pm11-10
rvms 40 nvms 2 pm11-11
rvms 40 nvms 3 pm11-12
rvms 40 nvms 4 pm11-13
rvms 40 nvms 5 pm11-14
rvms 40 nvms 6 pm11-15
rvms 40 nvms 7 pm11-16
rvms 40 nvms 8 pm11-17
rvms 40 nvms 9 pm11-18
rvms 40 nvms 10 pm11-19
rvms 40 nvms 11 pm11-2
rvms 40 nvms 12 pm11-20
rvms 40 nvms 13 pm11-21
rvms 40 nvms 14 pm11-22
rvms 40 nvms 15 pm11-23
rvms 40 nvms 16 pm11-24
rvms 40 nvms 17 pm11-25
rvms 40 nvms 18 pm11-26
rvms 40 nvms 19 pm11-27

real 71.45
user 0.00
sys 0.01
rvms 40 nvms 19 pm11-28

real 74.49
user 0.01
sys 0.00
rvms 39 nvms 19 pm11-29

real 105.48
user 0.01
sys 0.00
rvms 38 nvms 19 pm11-3

real 112.65
user 0.01
sys 0.00
rvms 37 nvms 19 pm11-30

real 119.28
user 0.00
sys 0.01
rvms 36 nvms 19 pm11-31

real 120.06
user 0.00
sys 0.00
rvms 34 nvms 19 pm11-32

real 120.60
user 0.01
sys 0.00
rvms 33 nvms 19 pm11-33

real 128.97
user 0.01
sys 0.00

real 128.36
user 0.00
sys 0.00
rvms 33 nvms 19 pm11-34
rvms 31 nvms 19 pm11-35

real 131.30
user 0.00
sys 0.00
rvms 31 nvms 19 pm11-36

real 132.37
user 0.01
sys 0.00
rvms 28 nvms 19 pm11-37

real 133.04
user 0.01
sys 0.00
rvms 28 nvms 19 pm11-38

real 134.44
user 0.00
sys 0.00
rvms 27 nvms 19 pm11-39

real 142.91
user 0.00
sys 0.01
rvms 27 nvms 19 pm11-4

real 148.18
user 0.00
sys 0.00
rvms 26 nvms 19 pm11-40

real 156.32
user 0.00
sys 0.00
rvms 25 nvms 19 pm11-41

real 157.45
user 0.00
sys 0.00
rvms 23 nvms 19 pm11-42

real 172.35
user 0.01
sys 0.00
rvms 23 nvms 19 pm11-43

real 60.80
user 0.02
sys 0.00
rvms 19 nvms 19 pm11-44

real 103.36
user 0.00
sys 0.00
rvms 19 nvms 19 pm11-45

real 176.42
user 0.01
sys 0.00

real 111.53
user 0.01
sys 0.00

real 203.14
user 0.01
sys 0.00

real 55.13
user 0.01
sys 0.01

real 92.31
user 0.02
sys 0.00

real 49.20
user 0.01
sys 0.00

real 67.34
user 0.00
sys 0.01

real 83.50
user 0.01
sys 0.00

real 95.62
user 0.01
sys 0.00

real 121.58
user 0.00
sys 0.01

real 101.28
user 0.00
sys 0.02

real 60.62
user 0.01
sys 0.00

real 109.06
user 0.01
sys 0.00

real 112.63
user 0.01
sys 0.01

real 89.08
user 0.00
sys 0.02

real 126.55
user 0.01
sys 0.01

real 113.78
user 0.01
sys 0.01

real 129.83
user 0.01
sys 0.00

real 130.23
user 0.01
sys 0.00

real 93.75
user 0.00
sys 0.01
real 268.26
user 8.10
sys 19.68

Sun Jun  3 06:23:22 2012
----------------
