Log of time -p /home/tsugawa/vmanage/parallel 20 
Fri Jun  1 19:38:56 2012

rvms 40 nvms 0 pm11-1
rvms 40 nvms 1 pm11-10
rvms 40 nvms 2 pm11-11
rvms 40 nvms 3 pm11-12
rvms 40 nvms 4 pm11-13
rvms 40 nvms 5 pm11-14
rvms 40 nvms 6 pm11-15
rvms 40 nvms 7 pm11-16
rvms 40 nvms 8 pm11-17
rvms 40 nvms 9 pm11-18
rvms 40 nvms 10 pm11-19
rvms 40 nvms 11 pm11-2
rvms 40 nvms 12 pm11-20
rvms 40 nvms 13 pm11-21
rvms 40 nvms 14 pm11-22
rvms 40 nvms 15 pm11-23
rvms 40 nvms 16 pm11-24
rvms 40 nvms 17 pm11-25
rvms 40 nvms 18 pm11-26
rvms 40 nvms 19 pm11-27

real 97.56
user 0.00
sys 0.01
rvms 40 nvms 19 pm11-28

real 102.20
user 0.00
sys 0.00
rvms 39 nvms 19 pm11-29

real 115.57
user 0.00
sys 0.01
rvms 38 nvms 19 pm11-3

real 134.80
user 0.00
sys 0.00
rvms 37 nvms 19 pm11-30

real 137.35
user 0.00
sys 0.00
rvms 36 nvms 19 pm11-31

real 141.13
user 0.01
sys 0.00
rvms 35 nvms 19 pm11-32

real 142.84
user 0.00
sys 0.00
rvms 34 nvms 19 pm11-33

real 145.24
user 0.00
sys 0.00
rvms 32 nvms 19 pm11-34

real 148.58
user 0.01
sys 0.00
rvms 32 nvms 19 pm11-35

real 152.37
user 0.00
sys 0.01
rvms 31 nvms 19 pm11-36

real 155.30
user 0.00
sys 0.00
rvms 30 nvms 19 pm11-37

real 158.54
user 0.00
sys 0.00
rvms 29 nvms 19 pm11-38

real 161.87
user 0.00
sys 0.00
rvms 28 nvms 19 pm11-39

real 163.30
user 0.00
sys 0.00
rvms 26 nvms 19 pm11-4

real 170.31
user 0.01
sys 0.00
rvms 26 nvms 19 pm11-40

real 68.47
user 0.01
sys 0.00
rvms 24 nvms 19 pm11-41

real 182.14
user 0.01
sys 0.00
rvms 24 nvms 19 pm11-42

real 183.94
user 0.00
sys 0.00
rvms 23 nvms 19 pm11-43

real 194.12
user 0.01
sys 0.00
rvms 22 nvms 19 pm11-44

real 206.46
user 0.00
sys 0.00
rvms 21 nvms 19 pm11-45

real 242.59
user 0.00
sys 0.01

real 99.96
user 0.02
sys 0.00

real 154.55
user 0.01
sys 0.00

real 103.66
user 0.00
sys 0.01

real 94.17
user 0.00
sys 0.00

real 101.08
user 0.01
sys 0.00

real 119.57
user 0.02
sys 0.00

real 129.92
user 0.00
sys 0.02

real 112.61
user 0.01
sys 0.00

real 161.11
user 0.00
sys 0.01

real 143.56
user 0.01
sys 0.01

real 112.99
user 0.01
sys 0.00

real 113.96
user 0.01
sys 0.00

real 95.75
user 0.01
sys 0.00

real 110.64
user 0.01
sys 0.00

real 140.69
user 0.01
sys 0.01

real 136.12
user 0.01
sys 0.00

real 161.26
user 0.01
sys 0.01

real 94.92
user 0.00
sys 0.00

real 120.50
user 0.02
sys 0.00
real 305.28
user 9.84
sys 23.46

Fri Jun  1 19:44:01 2012
----------------
