Log of time -p /home/tsugawa/vmanage/parallel 20 
Fri Jun  1 08:22:48 2012

rvms 40 nvms 0 pm11-1
rvms 40 nvms 1 pm11-10
rvms 40 nvms 2 pm11-11
rvms 40 nvms 3 pm11-12
rvms 40 nvms 4 pm11-13
rvms 40 nvms 5 pm11-14
rvms 40 nvms 6 pm11-15
rvms 40 nvms 7 pm11-16
rvms 40 nvms 8 pm11-17
rvms 40 nvms 9 pm11-18
rvms 40 nvms 10 pm11-19
rvms 40 nvms 11 pm11-2
rvms 40 nvms 12 pm11-20
rvms 40 nvms 13 pm11-21
rvms 40 nvms 14 pm11-22
rvms 40 nvms 15 pm11-23
rvms 40 nvms 16 pm11-24
rvms 40 nvms 17 pm11-25
rvms 40 nvms 18 pm11-26
rvms 40 nvms 19 pm11-27

real 155.83
user 0.01
sys 0.00
rvms 40 nvms 19 pm11-28

real 158.30
user 0.00
sys 0.01
rvms 38 nvms 19 pm11-29

real 171.03
user 0.01
sys 0.00
rvms 38 nvms 19 pm11-3



real 189.58
user 0.00
sys 0.00
real 189.68
user 0.00
sys 0.00
real 189.07
user 0.00
sys 0.01

real 197.60
user 0.01
sys 0.00
rvms 33 nvms 16 pm11-30

real 198.23
user 0.01
sys 0.00




real 201.35
user 0.01
sys 0.00
real 200.56
user 0.01
sys 0.00
real 201.50
user 0.01
sys 0.00
real 200.85
user 0.01
sys 0.00
rvms 24 nvms 12 pm11-31
rvms 24 nvms 13 pm11-32
rvms 24 nvms 14 pm11-33
rvms 24 nvms 15 pm11-34
rvms 24 nvms 16 pm11-35
rvms 24 nvms 17 pm11-36

real 201.66
user 0.00
sys 0.00
rvms 24 nvms 17 pm11-37
rvms 24 nvms 18 pm11-38
rvms 24 nvms 19 pm11-39


real 201.49
user 0.00
sys 0.00
real 201.55
user 0.00
sys 0.00
rvms 24 nvms 18 pm11-4
rvms 24 nvms 19 pm11-40

real 202.83
user 0.00
sys 0.00
rvms 24 nvms 19 pm11-41

real 211.41
user 0.00
sys 0.00
rvms 24 nvms 19 pm11-42

real 238.28
user 0.00
sys 0.00
rvms 23 nvms 19 pm11-43

real 244.84
user 0.01
sys 0.00
rvms 21 nvms 19 pm11-44

real 252.68
user 0.00
sys 0.00
rvms 21 nvms 19 pm11-45

real 103.82
user 0.00
sys 0.00

real 184.38
user 0.02
sys 0.00

real 163.82
user 0.01
sys 0.00

real 178.60
user 0.00
sys 0.01


real 221.98
user 0.01
sys 0.01

real 179.71
user 0.01
sys 0.00
real 179.43
user 0.01
sys 0.00

real 179.32
user 0.01
sys 0.00

real 180.03
user 0.00
sys 0.01


real 178.72
user 0.01
sys 0.00
real 142.90
user 0.00
sys 0.00

real 230.90
user 0.02
sys 0.00

real 198.42
user 0.00
sys 0.01



real 198.64
user 0.00
sys 0.00

real 188.46
user 0.00
sys 0.01
real 198.59
user 0.00
sys 0.01
real 202.46
user 0.01
sys 0.00

real 207.24
user 0.00
sys 0.00

real 156.32
user 0.00
sys 0.00

real 165.63
user 0.01
sys 0.00
real 411.21
user 9.90
sys 23.11

Fri Jun  1 08:29:39 2012
----------------
