Log of time -p /home/tsugawa/vmanage/parallel 20 
Sat Jun  2 21:57:44 2012

rvms 40 nvms 0 pm11-1
rvms 40 nvms 1 pm11-10
rvms 40 nvms 2 pm11-11
rvms 40 nvms 3 pm11-12
rvms 40 nvms 4 pm11-13
rvms 40 nvms 5 pm11-14
rvms 40 nvms 6 pm11-15
rvms 40 nvms 7 pm11-16
rvms 40 nvms 8 pm11-17
rvms 40 nvms 9 pm11-18
rvms 40 nvms 10 pm11-19
rvms 40 nvms 11 pm11-2
rvms 40 nvms 12 pm11-20
rvms 40 nvms 13 pm11-21
rvms 40 nvms 14 pm11-22
rvms 40 nvms 15 pm11-23
rvms 40 nvms 16 pm11-24
rvms 40 nvms 17 pm11-25
rvms 40 nvms 18 pm11-26
rvms 40 nvms 19 pm11-27

real 92.97
user 0.00
sys 0.00
rvms 40 nvms 19 pm11-28

real 95.83
user 0.00
sys 0.01
rvms 39 nvms 19 pm11-29

real 99.57
user 0.00
sys 0.00
rvms 38 nvms 19 pm11-3

real 105.80
user 0.01
sys 0.00
rvms 37 nvms 19 pm11-30

real 111.56
user 0.00
sys 0.01
rvms 36 nvms 19 pm11-31

real 111.70
user 0.00
sys 0.00
rvms 34 nvms 19 pm11-32

real 118.49
user 0.00
sys 0.00
rvms 34 nvms 19 pm11-33

real 119.89
user 0.00
sys 0.00
rvms 33 nvms 19 pm11-34

real 119.93
user 0.00
sys 0.00
rvms 31 nvms 19 pm11-35

real 123.88
user 0.00
sys 0.00
rvms 31 nvms 19 pm11-36

real 125.61
user 0.00
sys 0.00
rvms 29 nvms 19 pm11-37

real 131.04
user 0.00
sys 0.01
rvms 29 nvms 19 pm11-38

real 143.54
user 0.00
sys 0.00
rvms 28 nvms 19 pm11-39

real 144.45
user 0.01
sys 0.00
rvms 26 nvms 19 pm11-4

real 151.88
user 0.00
sys 0.00
rvms 26 nvms 19 pm11-40

real 175.76
user 0.00
sys 0.01
rvms 25 nvms 19 pm11-41

real 177.56
user 0.01
sys 0.00
rvms 23 nvms 19 pm11-42

real 183.00
user 0.01
sys 0.00
rvms 23 nvms 19 pm11-43

real 184.95
user 0.00
sys 0.00
rvms 21 nvms 19 pm11-44

real 106.01
user 0.01
sys 0.01
rvms 21 nvms 19 pm11-45

real 210.88
user 0.00
sys 0.00

real 102.21
user 0.01
sys 0.01

real 128.61
user 0.00
sys 0.01

real 111.92
user 0.01
sys 0.00

real 105.45
user 0.02
sys 0.00

real 126.47
user 0.00
sys 0.00

real 89.87
user 0.01
sys 0.00

real 125.57
user 0.01
sys 0.00

real 110.34
user 0.01
sys 0.00

real 123.24
user 0.01
sys 0.01

real 150.95
user 0.01
sys 0.00

real 131.37
user 0.00
sys 0.02

real 100.79
user 0.01
sys 0.00

real 125.08
user 0.01
sys 0.00

real 90.92
user 0.01
sys 0.00

real 113.68
user 0.00
sys 0.01

real 116.72
user 0.01
sys 0.00

real 110.86
user 0.00
sys 0.00

real 177.28
user 0.01
sys 0.00

real 117.72
user 0.01
sys 0.00
real 317.24
user 9.44
sys 21.92

Sat Jun  2 22:03:01 2012
----------------
