Log of time -p /home/tsugawa/vmanage/parallel 20 
Thu May 31 15:11:40 2012

rvms 40 nvms 0 pm11-1
rvms 40 nvms 1 pm11-10
rvms 40 nvms 2 pm11-11
rvms 40 nvms 3 pm11-12
rvms 40 nvms 4 pm11-13
rvms 40 nvms 5 pm11-14
rvms 40 nvms 6 pm11-15
rvms 40 nvms 7 pm11-16
rvms 40 nvms 8 pm11-17
rvms 40 nvms 9 pm11-18
rvms 40 nvms 10 pm11-19
rvms 40 nvms 11 pm11-2
rvms 40 nvms 12 pm11-20
rvms 40 nvms 13 pm11-21
rvms 40 nvms 14 pm11-22
rvms 40 nvms 15 pm11-23
rvms 40 nvms 16 pm11-24
rvms 40 nvms 17 pm11-25
rvms 40 nvms 18 pm11-26
rvms 40 nvms 19 pm11-27

real 187.51
user 0.00
sys 0.00
rvms 40 nvms 19 pm11-28

real 256.30
user 0.00
sys 0.00
rvms 39 nvms 19 pm11-29



real 313.60
user 0.01
sys 0.00
real 313.54
user 0.01
sys 0.00

real 313.43
user 0.00
sys 0.01

real 313.32
user 0.00
sys 0.00
real 313.15
user 0.00
sys 0.00
rvms 33 nvms 15 pm11-3



real 314.29
user 0.00
sys 0.01
real 314.35
user 0.00
sys 0.00
real 314.14
user 0.00
sys 0.00

real 313.63
user 0.01
sys 0.00


real 314.56
user 0.00
sys 0.00
real 313.74
user 0.01
sys 0.00

real 313.58
user 0.00
sys 0.00
rvms 25 nvms 9 pm11-30
rvms 25 nvms 10 pm11-31

real 314.93
user 0.01
sys 0.00
rvms 24 nvms 10 pm11-32
rvms 24 nvms 11 pm11-33
rvms 24 nvms 12 pm11-34
rvms 24 nvms 13 pm11-35
rvms 24 nvms 14 pm11-36
rvms 24 nvms 15 pm11-37
rvms 24 nvms 16 pm11-38
rvms 24 nvms 17 pm11-39
rvms 24 nvms 18 pm11-4
rvms 24 nvms 19 pm11-40

real 316.12
user 0.01
sys 0.00
rvms 24 nvms 19 pm11-41

real 327.30
user 0.01
sys 0.00
rvms 24 nvms 19 pm11-42

real 333.24
user 0.01
sys 0.00
rvms 22 nvms 19 pm11-43

real 334.86
user 0.01
sys 0.00
rvms 20 nvms 19 pm11-44

real 335.28
user 0.00
sys 0.00
rvms 20 nvms 19 pm11-45

real 303.69
user 0.01
sys 0.00

real 254.62
user 0.01
sys 0.01

real 255.51
user 0.01
sys 0.00

real 255.39
user 0.01
sys 0.01

real 264.81
user 0.01
sys 0.00

real 265.12
user 0.01
sys 0.01

real 268.71
user 0.00
sys 0.01

real 272.00
user 0.01
sys 0.01

real 268.01
user 0.01
sys 0.00

real 285.46
user 0.02
sys 0.00

real 286.28
user 0.01
sys 0.01

real 288.75
user 0.01
sys 0.00

real 269.97
user 0.01
sys 0.00

real 295.13
user 0.02
sys 0.00

real 295.95
user 0.01
sys 0.01

real 280.73
user 0.01
sys 0.00

real 311.32
user 0.02
sys 0.00

real 371.48
user 0.01
sys 0.01

real 322.11
user 0.00
sys 0.02

real 319.62
user 0.01
sys 0.00
real 654.95
user 11.56
sys 29.32

Thu May 31 15:22:35 2012
----------------
