Log of time -p /home/tsugawa/vmanage/parallel 20 
Tue May 29 15:07:50 2012

rvms 40 nvms 0 pm11-1
rvms 40 nvms 1 pm11-10
rvms 40 nvms 2 pm11-11
rvms 40 nvms 3 pm11-12
rvms 40 nvms 4 pm11-13
rvms 40 nvms 5 pm11-14
rvms 40 nvms 6 pm11-15
rvms 40 nvms 7 pm11-16
rvms 40 nvms 8 pm11-17
rvms 40 nvms 9 pm11-18
rvms 40 nvms 10 pm11-19
rvms 40 nvms 11 pm11-2
rvms 40 nvms 12 pm11-20
rvms 40 nvms 13 pm11-21
rvms 40 nvms 14 pm11-22
rvms 40 nvms 15 pm11-23
rvms 40 nvms 16 pm11-24
rvms 40 nvms 17 pm11-25
rvms 40 nvms 18 pm11-26
rvms 40 nvms 19 pm11-27

real 141.48
user 0.00
sys 0.00
rvms 40 nvms 19 pm11-28

real 143.76
user 0.01
sys 0.00
rvms 38 nvms 19 pm11-29

real 151.50
user 0.00
sys 0.00
rvms 38 nvms 19 pm11-3

real 154.69
user 0.00
sys 0.00
rvms 36 nvms 19 pm11-30

real 155.58
user 0.01
sys 0.00
rvms 35 nvms 19 pm11-31

real 160.21
user 0.00
sys 0.00
rvms 35 nvms 19 pm11-32

real 160.10
user 0.00
sys 0.00
rvms 33 nvms 19 pm11-33

real 176.03
user 0.01
sys 0.00
rvms 33 nvms 19 pm11-34

real 181.64
user 0.00
sys 0.00
rvms 32 nvms 19 pm11-35

real 185.86
user 0.00
sys 0.01

real 186.46
user 0.00
sys 0.01
rvms 30 nvms 18 pm11-36
rvms 29 nvms 19 pm11-37

real 190.03
user 0.00
sys 0.00
rvms 29 nvms 19 pm11-38

real 194.65
user 0.00
sys 0.00

real 194.49
user 0.00
sys 0.00
rvms 28 nvms 18 pm11-39
rvms 25 nvms 19 pm11-4

real 195.52
user 0.00
sys 0.01
rvms 25 nvms 19 pm11-40

real 200.51
user 0.01
sys 0.00
rvms 25 nvms 19 pm11-41

real 220.06
user 0.01
sys 0.00
rvms 24 nvms 19 pm11-42

real 223.58
user 0.01
sys 0.00
rvms 23 nvms 19 pm11-43

real 230.08
user 0.00
sys 0.01
rvms 22 nvms 19 pm11-44

real 234.76
user 0.00
sys 0.00
rvms 21 nvms 19 pm11-45

real 108.38
user 0.00
sys 0.00

real 103.44
user 0.02
sys 0.00

real 128.49
user 0.00
sys 0.01

real 122.23
user 0.01
sys 0.00

real 127.45
user 0.01
sys 0.01

real 149.63
user 0.01
sys 0.00

real 133.12
user 0.01
sys 0.01

real 140.13
user 0.00
sys 0.01

real 125.24
user 0.00
sys 0.01

real 161.57
user 0.00
sys 0.00

real 137.90
user 0.02
sys 0.00

real 138.10
user 0.00
sys 0.00

real 138.96
user 0.00
sys 0.01

real 102.38
user 0.00
sys 0.01

real 155.20
user 0.01
sys 0.01

real 145.25
user 0.00
sys 0.01

real 126.06
user 0.00
sys 0.01

real 120.94
user 0.01
sys 0.00

real 137.15
user 0.02
sys 0.00

real 171.61
user 0.00
sys 0.01
real 358.46
user 10.48
sys 25.82

Tue May 29 15:13:48 2012
----------------
