Log of time -p /home/tsugawa/vmanage/parallel 20 
Wed May 30 01:07:13 2012

rvms 40 nvms 0 pm11-1
rvms 40 nvms 1 pm11-10
rvms 40 nvms 2 pm11-11
rvms 40 nvms 3 pm11-12
rvms 40 nvms 4 pm11-13
rvms 40 nvms 5 pm11-14
rvms 40 nvms 6 pm11-15
rvms 40 nvms 7 pm11-16
rvms 40 nvms 8 pm11-17
rvms 40 nvms 9 pm11-18
rvms 40 nvms 10 pm11-19
rvms 40 nvms 11 pm11-2
rvms 40 nvms 12 pm11-20
rvms 40 nvms 13 pm11-21
rvms 40 nvms 14 pm11-22
rvms 40 nvms 15 pm11-23
rvms 40 nvms 16 pm11-24
rvms 40 nvms 17 pm11-25
rvms 40 nvms 18 pm11-26
rvms 40 nvms 19 pm11-27

real 431.32
user 0.01
sys 0.00
rvms 40 nvms 19 pm11-28

real 441.59
user 0.01
sys 0.00
rvms 38 nvms 19 pm11-29

real 462.17
user 0.01
sys 0.00
rvms 38 nvms 19 pm11-3

real 469.77
user 0.00
sys 0.01
rvms 37 nvms 19 pm11-30

real 479.51
user 0.01
sys 0.00
rvms 35 nvms 19 pm11-31

real 481.22
user 0.01
sys 0.00
rvms 34 nvms 19 pm11-32

real 506.98
user 0.01
sys 0.00
rvms 34 nvms 19 pm11-33

real 508.58
user 0.00
sys 0.00
rvms 31 nvms 19 pm11-34

real 509.63
user 0.00
sys 0.00
rvms 29 nvms 19 pm11-35

real 518.91
user 0.01
sys 0.00
rvms 29 nvms 19 pm11-36

real 519.25
user 0.01
sys 0.00
rvms 27 nvms 19 pm11-37

real 523.05
user 0.00
sys 0.01
rvms 27 nvms 19 pm11-38

real 524.93
user 0.00
sys 0.01
rvms 26 nvms 19 pm11-39

real 531.63
user 0.00
sys 0.01
rvms 26 nvms 19 pm11-4

real 538.09
user 0.01
sys 0.00
rvms 26 nvms 19 pm11-40

real 550.85
user 0.01
sys 0.00
rvms 25 nvms 19 pm11-41

real 552.31
user 0.01
sys 0.00
rvms 21 nvms 19 pm11-42

real 553.76
user 0.00
sys 0.01
rvms 21 nvms 19 pm11-43

real 555.85
user 0.00
sys 0.00
rvms 20 nvms 19 pm11-44

real 556.75
user 0.01
sys 0.00
rvms 20 nvms 19 pm11-45

real 408.66
user 0.01
sys 0.01

real 325.04
user 0.00
sys 0.02

real 471.86
user 0.01
sys 0.00

real 446.42
user 0.01
sys 0.01

real 433.22
user 0.00
sys 0.01

real 415.53
user 0.00
sys 0.02

real 371.60
user 0.01
sys 0.00

real 457.38
user 0.01
sys 0.00

real 410.65
user 0.02
sys 0.00

real 463.24
user 0.01
sys 0.01

real 428.98
user 0.02
sys 0.00

real 438.08
user 0.01
sys 0.00

real 450.84
user 0.01
sys 0.01

real 449.25
user 0.01
sys 0.01

real 451.15
user 0.01
sys 0.01

real 442.06
user 0.01
sys 0.00

real 466.08
user 0.01
sys 0.01

real 461.48
user 0.01
sys 0.00

real 457.93
user 0.00
sys 0.00

real 491.40
user 0.00
sys 0.01
real 1048.90
user 22.40
sys 58.05

Wed May 30 01:24:42 2012
----------------
