Log of time -p /home/tsugawa/vmanage/parallel 2 
Fri Jun  1 00:16:34 2012

rvms 40 nvms 0 pm11-1
rvms 40 nvms 1 pm11-10

real 148.85
user 0.01
sys 0.00
rvms 40 nvms 1 pm11-11

real 161.40
user 0.00
sys 0.01
rvms 39 nvms 1 pm11-12

real 122.31
user 0.01
sys 0.00
rvms 38 nvms 1 pm11-13

real 176.53
user 0.01
sys 0.00
rvms 37 nvms 1 pm11-14

real 152.21
user 0.01
sys 0.00
rvms 36 nvms 1 pm11-15

real 134.24
user 0.01
sys 0.00
rvms 35 nvms 1 pm11-16

real 104.89
user 0.00
sys 0.00
rvms 34 nvms 1 pm11-17

real 141.43
user 0.01
sys 0.00
rvms 33 nvms 1 pm11-18

real 124.11
user 0.01
sys 0.00
rvms 32 nvms 1 pm11-19

real 101.48
user 0.01
sys 0.00
rvms 31 nvms 1 pm11-2

real 101.02
user 0.00
sys 0.01
rvms 30 nvms 1 pm11-20

real 108.10
user 0.01
sys 0.00
rvms 29 nvms 1 pm11-21

real 74.57
user 0.00
sys 0.01
rvms 28 nvms 1 pm11-22

real 87.89
user 0.00
sys 0.00
rvms 27 nvms 1 pm11-23

real 108.18
user 0.01
sys 0.00
rvms 26 nvms 1 pm11-24

real 83.39
user 0.01
sys 0.00
rvms 25 nvms 1 pm11-25

real 84.83
user 0.00
sys 0.00
rvms 24 nvms 1 pm11-26

real 80.13
user 0.01
sys 0.00
rvms 23 nvms 1 pm11-27

real 88.18
user 0.00
sys 0.00
rvms 22 nvms 1 pm11-28

real 107.17
user 0.00
sys 0.00
rvms 21 nvms 1 pm11-29

real 97.99
user 0.00
sys 0.01
rvms 20 nvms 1 pm11-3

real 84.69
user 0.01
sys 0.00
rvms 19 nvms 1 pm11-30

real 90.72
user 0.01
sys 0.00
rvms 18 nvms 1 pm11-31

real 90.66
user 0.00
sys 0.00
rvms 17 nvms 1 pm11-32

real 71.81
user 0.00
sys 0.00
rvms 16 nvms 1 pm11-33

real 58.51
user 0.01
sys 0.00
rvms 15 nvms 1 pm11-34

real 40.61
user 0.00
sys 0.00
rvms 14 nvms 1 pm11-35

real 40.77
user 0.01
sys 0.00
rvms 13 nvms 1 pm11-36

real 40.67
user 0.00
sys 0.00
rvms 12 nvms 1 pm11-37

real 48.38
user 0.01
sys 0.00
rvms 11 nvms 1 pm11-38

real 49.13
user 0.00
sys 0.00
rvms 10 nvms 1 pm11-39

real 40.46
user 0.01
sys 0.00
rvms 9 nvms 1 pm11-4

real 46.66
user 0.01
sys 0.00
rvms 8 nvms 1 pm11-40

real 40.39
user 0.00
sys 0.00
rvms 7 nvms 1 pm11-41

real 40.44
user 0.01
sys 0.00
rvms 6 nvms 1 pm11-42

real 46.60
user 0.00
sys 0.00
rvms 5 nvms 1 pm11-43

real 47.49
user 0.00
sys 0.00
rvms 4 nvms 1 pm11-44

real 40.54
user 0.01
sys 0.00
rvms 3 nvms 1 pm11-45

real 40.45
user 0.00
sys 0.00

real 40.99
user 0.00
sys 0.00
real 1702.49
user 47.84
sys 106.51

Fri Jun  1 00:44:57 2012
----------------
