Log of time -p /home/tsugawa/vmanage/parallel 2 
Fri Jun  1 11:07:07 2012

rvms 40 nvms 0 pm11-1
rvms 40 nvms 1 pm11-10

real 57.69
user 0.00
sys 0.00
rvms 40 nvms 1 pm11-11

real 77.77
user 0.00
sys 0.00
rvms 39 nvms 1 pm11-12

real 54.21
user 0.00
sys 0.01
rvms 38 nvms 1 pm11-13

real 79.46
user 0.01
sys 0.00
rvms 37 nvms 1 pm11-14

real 94.42
user 0.00
sys 0.01
rvms 36 nvms 1 pm11-15

real 88.27
user 0.01
sys 0.00
rvms 35 nvms 1 pm11-16

real 94.56
user 0.01
sys 0.00
rvms 34 nvms 1 pm11-17

real 87.05
user 0.01
sys 0.00
rvms 33 nvms 1 pm11-18

real 71.24
user 0.01
sys 0.00
rvms 32 nvms 1 pm11-19

real 96.55
user 0.00
sys 0.01
rvms 31 nvms 1 pm11-2

real 109.98
user 0.01
sys 0.00
rvms 30 nvms 1 pm11-20

real 160.35
user 0.00
sys 0.00
rvms 29 nvms 1 pm11-21

real 138.04
user 0.00
sys 0.00
rvms 28 nvms 1 pm11-22

real 71.98
user 0.01
sys 0.00
rvms 27 nvms 1 pm11-23

real 97.48
user 0.00
sys 0.00
rvms 26 nvms 1 pm11-24

real 131.48
user 0.00
sys 0.01
rvms 25 nvms 1 pm11-25

real 82.60
user 0.00
sys 0.00
rvms 24 nvms 1 pm11-26

real 55.06
user 0.00
sys 0.01
rvms 23 nvms 1 pm11-27

real 90.71
user 0.00
sys 0.01
rvms 22 nvms 1 pm11-28

real 67.22
user 0.01
sys 0.00
rvms 21 nvms 1 pm11-29

real 85.69
user 0.01
sys 0.00
rvms 20 nvms 1 pm11-3

real 78.23
user 0.00
sys 0.01
rvms 19 nvms 1 pm11-30

real 96.80
user 0.00
sys 0.01
rvms 18 nvms 1 pm11-31

real 88.89
user 0.00
sys 0.00
rvms 17 nvms 1 pm11-32

real 71.26
user 0.00
sys 0.01
rvms 16 nvms 1 pm11-33

real 82.65
user 0.00
sys 0.00
rvms 15 nvms 1 pm11-34

real 79.42
user 0.01
sys 0.00
rvms 14 nvms 1 pm11-35

real 85.76
user 0.00
sys 0.00
rvms 13 nvms 1 pm11-36

real 101.82
user 0.00
sys 0.00
rvms 12 nvms 1 pm11-37

real 107.59
user 0.01
sys 0.00
rvms 11 nvms 1 pm11-38

real 98.26
user 0.01
sys 0.00
rvms 10 nvms 1 pm11-39

real 111.07
user 0.00
sys 0.00
rvms 9 nvms 1 pm11-4

real 100.24
user 0.00
sys 0.01
rvms 8 nvms 1 pm11-40

real 70.49
user 0.00
sys 0.01
rvms 7 nvms 1 pm11-41

real 54.63
user 0.01
sys 0.00
rvms 6 nvms 1 pm11-42

real 106.44
user 0.00
sys 0.01
rvms 5 nvms 1 pm11-43

real 90.64
user 0.00
sys 0.00
rvms 4 nvms 1 pm11-44

real 83.59
user 0.00
sys 0.00
rvms 3 nvms 1 pm11-45

real 102.33
user 0.00
sys 0.01

real 132.64
user 0.00
sys 0.00
real 1863.52
user 46.99
sys 106.15

Fri Jun  1 11:38:11 2012
----------------
