Log of time -p /home/tsugawa/vmanage/parallel 2 
Sat Jun  2 14:09:55 2012

rvms 40 nvms 0 pm11-1
rvms 40 nvms 1 pm11-10

real 102.59
user 0.01
sys 0.00
rvms 40 nvms 1 pm11-11

real 110.61
user 0.00
sys 0.00
rvms 39 nvms 1 pm11-12

real 76.54
user 0.01
sys 0.00
rvms 38 nvms 1 pm11-13

real 77.30
user 0.00
sys 0.00
rvms 37 nvms 1 pm11-14

real 80.91
user 0.00
sys 0.01
rvms 36 nvms 1 pm11-15

real 131.39
user 0.00
sys 0.00
rvms 35 nvms 1 pm11-16

real 127.88
user 0.00
sys 0.00
rvms 34 nvms 1 pm11-17

real 148.17
user 0.00
sys 0.00
rvms 33 nvms 1 pm11-18

real 175.61
user 0.01
sys 0.00
rvms 32 nvms 1 pm11-19

real 150.99
user 0.01
sys 0.00
rvms 31 nvms 1 pm11-2

real 95.98
user 0.01
sys 0.00
rvms 30 nvms 1 pm11-20

real 124.51
user 0.01
sys 0.00
rvms 29 nvms 1 pm11-21

real 130.74
user 0.00
sys 0.00
rvms 28 nvms 1 pm11-22

real 95.16
user 0.00
sys 0.01
rvms 27 nvms 1 pm11-23

real 101.92
user 0.00
sys 0.00
rvms 26 nvms 1 pm11-24

real 100.46
user 0.01
sys 0.00
rvms 25 nvms 1 pm11-25

real 119.41
user 0.01
sys 0.00
rvms 24 nvms 1 pm11-26

real 100.16
user 0.00
sys 0.00
rvms 23 nvms 1 pm11-27

real 100.40
user 0.01
sys 0.00
rvms 22 nvms 1 pm11-28

real 124.97
user 0.00
sys 0.01
rvms 21 nvms 1 pm11-29

real 129.85
user 0.00
sys 0.00
rvms 20 nvms 1 pm11-3

real 164.23
user 0.01
sys 0.00
rvms 19 nvms 1 pm11-30

real 156.56
user 0.00
sys 0.00
rvms 18 nvms 1 pm11-31

real 92.49
user 0.00
sys 0.00
rvms 17 nvms 1 pm11-32

real 84.61
user 0.00
sys 0.00
rvms 16 nvms 1 pm11-33

real 81.25
user 0.00
sys 0.01
rvms 15 nvms 1 pm11-34

real 85.68
user 0.00
sys 0.00
rvms 14 nvms 1 pm11-35

real 78.90
user 0.00
sys 0.00
rvms 13 nvms 1 pm11-36

real 57.53
user 0.00
sys 0.01
rvms 12 nvms 1 pm11-37

real 65.87
user 0.01
sys 0.00
rvms 11 nvms 1 pm11-38

real 70.04
user 0.00
sys 0.00
rvms 10 nvms 1 pm11-39

real 72.33
user 0.00
sys 0.00
rvms 9 nvms 1 pm11-4

real 64.97
user 0.00
sys 0.01
rvms 8 nvms 1 pm11-40

real 99.05
user 0.00
sys 0.01
rvms 7 nvms 1 pm11-41

real 76.87
user 0.00
sys 0.01
rvms 6 nvms 1 pm11-42

real 68.10
user 0.00
sys 0.00
rvms 5 nvms 1 pm11-43

real 98.85
user 0.00
sys 0.01
rvms 4 nvms 1 pm11-44

real 111.92
user 0.00
sys 0.01
rvms 3 nvms 1 pm11-45

real 91.35
user 0.00
sys 0.00

real 92.77
user 0.00
sys 0.00
real 2091.67
user 51.17
sys 126.13

Sat Jun  2 14:44:47 2012
----------------
