Log of time -p /home/tsugawa/vmanage/parallel 2 
Fri Jun  1 22:39:40 2012

rvms 40 nvms 0 pm11-1
rvms 40 nvms 1 pm11-10

real 75.50
user 0.00
sys 0.00
rvms 40 nvms 1 pm11-11

real 90.36
user 0.00
sys 0.00
rvms 39 nvms 1 pm11-12

real 92.55
user 0.00
sys 0.01
rvms 38 nvms 1 pm11-13

real 84.10
user 0.00
sys 0.00
rvms 37 nvms 1 pm11-14

real 61.99
user 0.00
sys 0.00
rvms 36 nvms 1 pm11-15

real 66.75
user 0.01
sys 0.00
rvms 35 nvms 1 pm11-16

real 88.58
user 0.01
sys 0.00
rvms 34 nvms 1 pm11-17

real 106.10
user 0.00
sys 0.00
rvms 33 nvms 1 pm11-18

real 84.21
user 0.00
sys 0.01
rvms 32 nvms 1 pm11-19

real 106.01
user 0.01
sys 0.00
rvms 31 nvms 1 pm11-2

real 107.28
user 0.01
sys 0.00
rvms 30 nvms 1 pm11-20

real 126.59
user 0.01
sys 0.00
rvms 29 nvms 1 pm11-21

real 79.06
user 0.00
sys 0.00
rvms 28 nvms 1 pm11-22

real 127.34
user 0.00
sys 0.00
rvms 26 nvms 1 pm11-23

real 84.20
user 0.00
sys 0.00
rvms 26 nvms 1 pm11-24

real 90.95
user 0.01
sys 0.00
rvms 25 nvms 1 pm11-25

real 81.25
user 0.01
sys 0.00
rvms 24 nvms 1 pm11-26

real 107.19
user 0.00
sys 0.01
rvms 23 nvms 1 pm11-27

real 82.60
user 0.01
sys 0.00
rvms 22 nvms 1 pm11-28

real 75.06
user 0.01
sys 0.00
rvms 21 nvms 1 pm11-29

real 73.47
user 0.01
sys 0.00
rvms 20 nvms 1 pm11-3

real 97.85
user 0.01
sys 0.00
rvms 19 nvms 1 pm11-30

real 145.10
user 0.00
sys 0.01
rvms 18 nvms 1 pm11-31

real 152.06
user 0.00
sys 0.01
rvms 17 nvms 1 pm11-32

real 142.65
user 0.01
sys 0.00
rvms 16 nvms 1 pm11-33

real 164.25
user 0.01
sys 0.00
rvms 15 nvms 1 pm11-34

real 193.04
user 0.01
sys 0.00
rvms 14 nvms 1 pm11-35

real 242.16
user 0.00
sys 0.00
rvms 13 nvms 1 pm11-36

real 246.62
user 0.00
sys 0.01
rvms 12 nvms 1 pm11-37

real 183.96
user 0.01
sys 0.00
rvms 11 nvms 1 pm11-38

real 129.47
user 0.00
sys 0.01
rvms 10 nvms 1 pm11-39

real 105.03
user 0.00
sys 0.01
rvms 9 nvms 1 pm11-4

real 95.96
user 0.00
sys 0.00
rvms 8 nvms 1 pm11-40

real 165.45
user 0.01
sys 0.00
rvms 7 nvms 1 pm11-41

real 81.77
user 0.00
sys 0.01
rvms 6 nvms 1 pm11-42

real 97.56
user 0.00
sys 0.00
rvms 5 nvms 1 pm11-43

real 96.46
user 0.01
sys 0.00
rvms 4 nvms 1 pm11-44

real 104.32
user 0.01
sys 0.00
rvms 3 nvms 1 pm11-45

real 84.79
user 0.00
sys 0.00

real 67.70
user 0.01
sys 0.00
real 2270.68
user 55.43
sys 131.72

Fri Jun  1 23:17:31 2012
----------------
