Log of time -p /home/tsugawa/vmanage/parallel 2 
Wed May 30 14:40:18 2012

rvms 40 nvms 0 pm11-1
rvms 40 nvms 1 pm11-10

real 101.26
user 0.01
sys 0.00
rvms 40 nvms 1 pm11-11

real 102.98
user 0.01
sys 0.00
rvms 38 nvms 1 pm11-12

real 89.98
user 0.01
sys 0.00
rvms 38 nvms 1 pm11-13

real 104.65
user 0.00
sys 0.00
rvms 37 nvms 1 pm11-14

real 71.43
user 0.01
sys 0.00
rvms 36 nvms 1 pm11-15

real 65.67
user 0.00
sys 0.01
rvms 35 nvms 1 pm11-16

real 74.05
user 0.00
sys 0.00
rvms 34 nvms 1 pm11-17

real 86.56
user 0.00
sys 0.00
rvms 33 nvms 1 pm11-18

real 88.59
user 0.00
sys 0.00
rvms 32 nvms 1 pm11-19

real 81.72
user 0.01
sys 0.00
rvms 31 nvms 1 pm11-2

real 60.65
user 0.01
sys 0.00
rvms 30 nvms 1 pm11-20

real 74.58
user 0.00
sys 0.01
rvms 29 nvms 1 pm11-21

real 81.14
user 0.00
sys 0.00
rvms 28 nvms 1 pm11-22

real 83.25
user 0.01
sys 0.00
rvms 27 nvms 1 pm11-23

real 55.34
user 0.01
sys 0.00
rvms 26 nvms 1 pm11-24

real 88.70
user 0.00
sys 0.00
rvms 25 nvms 1 pm11-25

real 113.10
user 0.00
sys 0.00
rvms 23 nvms 1 pm11-26

real 73.35
user 0.00
sys 0.01
rvms 23 nvms 1 pm11-27

real 80.59
user 0.01
sys 0.00
rvms 22 nvms 1 pm11-28

real 87.09
user 0.00
sys 0.01
rvms 21 nvms 1 pm11-29

real 82.26
user 0.01
sys 0.00
rvms 19 nvms 1 pm11-3

real 65.62
user 0.01
sys 0.00
rvms 19 nvms 1 pm11-30

real 74.38
user 0.00
sys 0.00
rvms 18 nvms 1 pm11-31

real 66.73
user 0.00
sys 0.00
rvms 17 nvms 1 pm11-32

real 91.49
user 0.01
sys 0.00
rvms 16 nvms 1 pm11-33

real 72.02
user 0.00
sys 0.00
rvms 15 nvms 1 pm11-34

real 84.28
user 0.00
sys 0.00
rvms 14 nvms 1 pm11-35

real 67.34
user 0.00
sys 0.00
rvms 13 nvms 1 pm11-36

real 79.16
user 0.00
sys 0.00
rvms 12 nvms 1 pm11-37

real 130.67
user 0.00
sys 0.01
rvms 11 nvms 1 pm11-38

real 105.28
user 0.00
sys 0.00
rvms 10 nvms 1 pm11-39

real 80.19
user 0.01
sys 0.00
rvms 9 nvms 1 pm11-4

real 80.77
user 0.01
sys 0.00
rvms 8 nvms 1 pm11-40

real 47.32
user 0.00
sys 0.01
rvms 7 nvms 1 pm11-41

real 89.52
user 0.00
sys 0.01
rvms 6 nvms 1 pm11-42

real 81.94
user 0.00
sys 0.01
rvms 5 nvms 1 pm11-43

real 91.55
user 0.01
sys 0.00
rvms 4 nvms 1 pm11-44

real 76.88
user 0.00
sys 0.00
rvms 3 nvms 1 pm11-45

real 85.21
user 0.01
sys 0.00

real 69.76
user 0.01
sys 0.00
real 1657.71
user 42.61
sys 97.25

Wed May 30 15:07:55 2012
----------------
