Log of time -p /home/tsugawa/vmanage/parallel 2 
Sat Jun  2 23:55:17 2012

rvms 40 nvms 0 pm11-1
rvms 40 nvms 1 pm11-10

real 48.81
user 0.00
sys 0.01
rvms 40 nvms 1 pm11-11

real 61.45
user 0.01
sys 0.00
rvms 39 nvms 1 pm11-12

real 40.68
user 0.01
sys 0.00
rvms 38 nvms 1 pm11-13

real 40.70
user 0.00
sys 0.00
rvms 37 nvms 1 pm11-14

real 40.52
user 0.00
sys 0.00
rvms 36 nvms 1 pm11-15

real 66.19
user 0.00
sys 0.01
rvms 35 nvms 1 pm11-16

real 49.92
user 0.00
sys 0.01
rvms 34 nvms 1 pm11-17

real 60.59
user 0.01
sys 0.00
rvms 33 nvms 1 pm11-18

real 87.94
user 0.01
sys 0.00
rvms 32 nvms 1 pm11-19

real 75.56
user 0.01
sys 0.00
rvms 31 nvms 1 pm11-2

real 77.52
user 0.01
sys 0.00
rvms 30 nvms 1 pm11-20

real 92.58
user 0.01
sys 0.00
rvms 29 nvms 1 pm11-21

real 63.88
user 0.00
sys 0.01
rvms 28 nvms 1 pm11-22

real 97.89
user 0.00
sys 0.01
rvms 27 nvms 1 pm11-23

real 65.16
user 0.00
sys 0.00
rvms 26 nvms 1 pm11-24

real 67.23
user 0.01
sys 0.00
rvms 25 nvms 1 pm11-25

real 88.58
user 0.01
sys 0.00
rvms 24 nvms 1 pm11-26

real 64.46
user 0.01
sys 0.00
rvms 23 nvms 1 pm11-27

real 69.49
user 0.01
sys 0.00
rvms 22 nvms 1 pm11-28

real 98.64
user 0.00
sys 0.00
rvms 21 nvms 1 pm11-29

real 118.82
user 0.01
sys 0.00
rvms 20 nvms 1 pm11-3

real 77.43
user 0.00
sys 0.01
rvms 19 nvms 1 pm11-30

real 60.64
user 0.00
sys 0.00
rvms 18 nvms 1 pm11-31

real 65.66
user 0.00
sys 0.01
rvms 17 nvms 1 pm11-32

real 75.97
user 0.00
sys 0.00
rvms 16 nvms 1 pm11-33

real 80.50
user 0.01
sys 0.00
rvms 15 nvms 1 pm11-34

real 88.60
user 0.00
sys 0.00
rvms 14 nvms 1 pm11-35

real 79.65
user 0.00
sys 0.01
rvms 13 nvms 1 pm11-36

real 40.54
user 0.00
sys 0.00
rvms 12 nvms 1 pm11-37

real 48.67
user 0.00
sys 0.01
rvms 11 nvms 1 pm11-38

real 41.39
user 0.00
sys 0.00
rvms 10 nvms 1 pm11-39

real 40.68
user 0.01
sys 0.00
rvms 9 nvms 1 pm11-4

real 40.52
user 0.00
sys 0.00
rvms 8 nvms 1 pm11-40

real 40.93
user 0.00
sys 0.00
rvms 7 nvms 1 pm11-41

real 40.69
user 0.01
sys 0.00
rvms 6 nvms 1 pm11-42

real 56.01
user 0.01
sys 0.00
rvms 5 nvms 1 pm11-43

real 55.37
user 0.01
sys 0.00
rvms 4 nvms 1 pm11-44

real 40.76
user 0.01
sys 0.00
rvms 3 nvms 1 pm11-45

real 40.71
user 0.00
sys 0.00

real 40.78
user 0.00
sys 0.00
real 1285.16
user 32.31
sys 77.94

Sun Jun  3 00:16:43 2012
----------------
