Log of time -p /home/tsugawa/vmanage/parallel 2 
Tue May 29 16:59:20 2012

rvms 40 nvms 0 pm11-1
rvms 40 nvms 1 pm11-10

real 46.99
user 0.01
sys 0.00
rvms 40 nvms 1 pm11-11

real 52.29
user 0.01
sys 0.00
rvms 39 nvms 1 pm11-12

real 48.26
user 0.00
sys 0.00
rvms 38 nvms 1 pm11-13

real 74.71
user 0.01
sys 0.00
rvms 37 nvms 1 pm11-14

real 73.11
user 0.01
sys 0.00
rvms 36 nvms 1 pm11-15

real 59.63
user 0.01
sys 0.00
rvms 35 nvms 1 pm11-16

real 54.34
user 0.00
sys 0.00
rvms 34 nvms 1 pm11-17

real 70.12
user 0.01
sys 0.00
rvms 33 nvms 1 pm11-18

real 68.64
user 0.00
sys 0.01
rvms 32 nvms 1 pm11-19

real 62.95
user 0.01
sys 0.00
rvms 31 nvms 1 pm11-2

real 66.08
user 0.00
sys 0.01
rvms 30 nvms 1 pm11-20

real 66.52
user 0.01
sys 0.00
rvms 29 nvms 1 pm11-21

real 74.52
user 0.00
sys 0.00
rvms 28 nvms 1 pm11-22

real 75.55
user 0.01
sys 0.00
rvms 27 nvms 1 pm11-23

real 69.40
user 0.00
sys 0.00
rvms 26 nvms 1 pm11-24

real 54.43
user 0.01
sys 0.00
rvms 25 nvms 1 pm11-25

real 72.91
user 0.01
sys 0.00
rvms 24 nvms 1 pm11-26

real 69.46
user 0.00
sys 0.00
rvms 22 nvms 1 pm11-27

real 62.75
user 0.00
sys 0.00
rvms 22 nvms 1 pm11-28

real 61.88
user 0.00
sys 0.00
rvms 20 nvms 1 pm11-29

real 52.97
user 0.00
sys 0.00
rvms 20 nvms 1 pm11-3

real 80.70
user 0.01
sys 0.00
rvms 19 nvms 1 pm11-30

real 53.21
user 0.01
sys 0.00
rvms 18 nvms 1 pm11-31

real 81.50
user 0.00
sys 0.00
rvms 16 nvms 1 pm11-32

real 54.01
user 0.01
sys 0.00
rvms 16 nvms 1 pm11-33

real 60.95
user 0.01
sys 0.00
rvms 15 nvms 1 pm11-34

real 69.66
user 0.00
sys 0.01
rvms 14 nvms 1 pm11-35

real 76.60
user 0.00
sys 0.01
rvms 13 nvms 1 pm11-36

real 68.43
user 0.00
sys 0.00
rvms 12 nvms 1 pm11-37

real 92.54
user 0.00
sys 0.00
rvms 11 nvms 1 pm11-38

real 95.66
user 0.00
sys 0.01
rvms 10 nvms 1 pm11-39

real 89.47
user 0.00
sys 0.00
rvms 9 nvms 1 pm11-4

real 73.86
user 0.01
sys 0.00
rvms 8 nvms 1 pm11-40

real 58.14
user 0.01
sys 0.00
rvms 7 nvms 1 pm11-41

real 40.42
user 0.01
sys 0.00
rvms 6 nvms 1 pm11-42

real 48.13
user 0.00
sys 0.00
rvms 5 nvms 1 pm11-43

real 48.41
user 0.00
sys 0.00
rvms 4 nvms 1 pm11-44

real 58.48
user 0.00
sys 0.00
rvms 3 nvms 1 pm11-45

real 54.92
user 0.01
sys 0.00

real 40.64
user 0.00
sys 0.00
real 1302.89
user 30.88
sys 79.85

Tue May 29 17:21:03 2012
----------------
