Log of time -p /home/tsugawa/vmanage/parallel 2 
Thu May 31 04:00:04 2012

rvms 40 nvms 0 pm11-1
rvms 40 nvms 1 pm11-10

real 294.48
user 0.00
sys 0.00
rvms 40 nvms 1 pm11-11

real 329.65
user 0.00
sys 0.01
rvms 39 nvms 1 pm11-12

real 214.84
user 0.00
sys 0.00
rvms 38 nvms 1 pm11-13

real 201.67
user 0.00
sys 0.00
rvms 37 nvms 1 pm11-14

real 190.65
user 0.00
sys 0.00
rvms 36 nvms 1 pm11-15

real 252.79
user 0.00
sys 0.01
rvms 35 nvms 1 pm11-16

real 156.20
user 0.00
sys 0.00
rvms 34 nvms 1 pm11-17

real 190.20
user 0.01
sys 0.00
rvms 33 nvms 1 pm11-18

real 136.31
user 0.01
sys 0.00
rvms 32 nvms 1 pm11-19

real 220.55
user 0.00
sys 0.01
rvms 31 nvms 1 pm11-2

real 137.03
user 0.01
sys 0.00
rvms 30 nvms 1 pm11-20

real 137.79
user 0.01
sys 0.00
rvms 29 nvms 1 pm11-21

real 120.55
user 0.02
sys 0.00
rvms 28 nvms 1 pm11-22

real 128.70
user 0.00
sys 0.00
rvms 27 nvms 1 pm11-23

real 109.93
user 0.00
sys 0.00
rvms 26 nvms 1 pm11-24

real 91.68
user 0.00
sys 0.00
rvms 24 nvms 1 pm11-25

real 89.67
user 0.01
sys 0.00
rvms 24 nvms 1 pm11-26

real 95.74
user 0.01
sys 0.00
rvms 23 nvms 1 pm11-27

real 70.38
user 0.00
sys 0.01
rvms 22 nvms 1 pm11-28

real 80.54
user 0.00
sys 0.00
rvms 21 nvms 1 pm11-29

real 110.87
user 0.00
sys 0.00
rvms 20 nvms 1 pm11-3

real 109.22
user 0.00
sys 0.01
rvms 19 nvms 1 pm11-30

real 107.19
user 0.01
sys 0.00
rvms 18 nvms 1 pm11-31

real 128.09
user 0.00
sys 0.01
rvms 17 nvms 1 pm11-32

real 85.39
user 0.00
sys 0.00
rvms 16 nvms 1 pm11-33

real 125.06
user 0.00
sys 0.00
rvms 15 nvms 1 pm11-34

real 183.16
user 0.00
sys 0.00
rvms 14 nvms 1 pm11-35

real 130.55
user 0.00
sys 0.00
rvms 13 nvms 1 pm11-36

real 143.33
user 0.00
sys 0.00
rvms 12 nvms 1 pm11-37

real 196.61
user 0.00
sys 0.00
rvms 11 nvms 1 pm11-38

real 124.63
user 0.01
sys 0.00
rvms 10 nvms 1 pm11-39

real 124.18
user 0.00
sys 0.01
rvms 9 nvms 1 pm11-4

real 145.54
user 0.00
sys 0.00
rvms 8 nvms 1 pm11-40

real 118.36
user 0.00
sys 0.01
rvms 7 nvms 1 pm11-41

real 98.46
user 0.01
sys 0.00
rvms 6 nvms 1 pm11-42

real 76.69
user 0.01
sys 0.00
rvms 5 nvms 1 pm11-43

real 84.58
user 0.01
sys 0.00
rvms 4 nvms 1 pm11-44

real 87.08
user 0.01
sys 0.00
rvms 3 nvms 1 pm11-45

real 59.51
user 0.00
sys 0.00

real 91.16
user 0.00
sys 0.01
real 2791.69
user 73.68
sys 178.15

Thu May 31 04:46:35 2012
----------------
