Log of time -p /home/tsugawa/vmanage/parallel 2 
Wed May 30 04:07:25 2012

rvms 40 nvms 0 pm11-1
rvms 40 nvms 1 pm11-10

real 107.69
user 0.01
sys 0.00
rvms 40 nvms 1 pm11-11

real 123.51
user 0.01
sys 0.00
rvms 39 nvms 1 pm11-12

real 110.33
user 0.00
sys 0.00
rvms 38 nvms 1 pm11-13

real 98.92
user 0.01
sys 0.00
rvms 37 nvms 1 pm11-14

real 69.89
user 0.01
sys 0.00
rvms 36 nvms 1 pm11-15

real 70.11
user 0.01
sys 0.00
rvms 35 nvms 1 pm11-16

real 77.29
user 0.01
sys 0.00
rvms 34 nvms 1 pm11-17

real 82.14
user 0.01
sys 0.00
rvms 33 nvms 1 pm11-18

real 65.45
user 0.00
sys 0.01
rvms 32 nvms 1 pm11-19

real 73.16
user 0.00
sys 0.00
rvms 31 nvms 1 pm11-2

real 59.37
user 0.01
sys 0.00
rvms 30 nvms 1 pm11-20

real 83.65
user 0.00
sys 0.00
rvms 29 nvms 1 pm11-21

real 77.82
user 0.00
sys 0.00
rvms 28 nvms 1 pm11-22

real 65.38
user 0.00
sys 0.01
rvms 27 nvms 1 pm11-23

real 59.92
user 0.01
sys 0.00
rvms 26 nvms 1 pm11-24

real 65.23
user 0.01
sys 0.00
rvms 25 nvms 1 pm11-25

real 131.84
user 0.01
sys 0.00
rvms 24 nvms 1 pm11-26

real 87.80
user 0.01
sys 0.00
rvms 23 nvms 1 pm11-27

real 88.08
user 0.01
sys 0.00
rvms 22 nvms 1 pm11-28

real 88.73
user 0.00
sys 0.00
rvms 21 nvms 1 pm11-29

real 105.09
user 0.00
sys 0.00
rvms 20 nvms 1 pm11-3

real 151.60
user 0.00
sys 0.00
rvms 19 nvms 1 pm11-30

real 121.64
user 0.00
sys 0.01
rvms 18 nvms 1 pm11-31

real 115.61
user 0.00
sys 0.00
rvms 17 nvms 1 pm11-32

real 100.67
user 0.00
sys 0.00
rvms 16 nvms 1 pm11-33

real 110.10
user 0.00
sys 0.01
rvms 15 nvms 1 pm11-34

real 123.38
user 0.01
sys 0.00
rvms 14 nvms 1 pm11-35

real 99.86
user 0.00
sys 0.00
rvms 13 nvms 1 pm11-36

real 84.00
user 0.00
sys 0.00
rvms 12 nvms 1 pm11-37

real 87.25
user 0.01
sys 0.00
rvms 11 nvms 1 pm11-38

real 88.43
user 0.00
sys 0.00
rvms 10 nvms 1 pm11-39

real 85.73
user 0.00
sys 0.01
rvms 9 nvms 1 pm11-4

real 89.56
user 0.00
sys 0.01
rvms 8 nvms 1 pm11-40

real 79.65
user 0.01
sys 0.00
rvms 7 nvms 1 pm11-41

real 72.91
user 0.00
sys 0.00
rvms 6 nvms 1 pm11-42

real 86.47
user 0.01
sys 0.00
rvms 5 nvms 1 pm11-43

real 97.14
user 0.01
sys 0.00
rvms 4 nvms 1 pm11-44

real 80.36
user 0.01
sys 0.00
rvms 3 nvms 1 pm11-45

real 76.81
user 0.01
sys 0.00

real 79.96
user 0.01
sys 0.00
real 1850.93
user 43.25
sys 111.23

Wed May 30 04:38:16 2012
----------------
