Log of time -p /home/tsugawa/vmanage/parallel 40 
Tue Jun  5 00:49:09 2012

rvms 40 nvms 0 pm11-1
rvms 40 nvms 1 pm11-10
rvms 40 nvms 2 pm11-11
rvms 40 nvms 3 pm11-12
rvms 40 nvms 4 pm11-13
rvms 40 nvms 5 pm11-14
rvms 40 nvms 6 pm11-15
rvms 40 nvms 7 pm11-16
rvms 40 nvms 8 pm11-17
rvms 40 nvms 9 pm11-18
rvms 40 nvms 10 pm11-19
rvms 40 nvms 11 pm11-2
rvms 40 nvms 12 pm11-20
rvms 40 nvms 13 pm11-21
rvms 40 nvms 14 pm11-22
rvms 40 nvms 15 pm11-23
rvms 40 nvms 16 pm11-24
rvms 40 nvms 17 pm11-25
rvms 40 nvms 18 pm11-26
rvms 40 nvms 19 pm11-27
rvms 40 nvms 20 pm11-28
rvms 40 nvms 21 pm11-29
rvms 40 nvms 22 pm11-3
rvms 40 nvms 23 pm11-30
rvms 40 nvms 24 pm11-31
rvms 40 nvms 25 pm11-32
rvms 40 nvms 26 pm11-33
rvms 40 nvms 27 pm11-34
rvms 40 nvms 28 pm11-35
rvms 40 nvms 29 pm11-36
rvms 40 nvms 30 pm11-37
rvms 40 nvms 31 pm11-38
rvms 40 nvms 32 pm11-39
rvms 40 nvms 33 pm11-4
rvms 40 nvms 34 pm11-40
rvms 40 nvms 35 pm11-41
rvms 40 nvms 36 pm11-42
rvms 40 nvms 37 pm11-43
rvms 40 nvms 38 pm11-44
rvms 40 nvms 39 pm11-45

real 186.30
user 0.00
sys 0.01

real 251.92
user 0.01
sys 0.00

real 270.35
user 0.01
sys 0.00

real 272.38
user 0.01
sys 0.00

real 280.22
user 0.01
sys 0.00

real 285.02
user 0.00
sys 0.00

real 287.21
user 0.00
sys 0.00

real 296.64
user 0.01
sys 0.00

real 301.44
user 0.00
sys 0.01

real 305.78
user 0.00
sys 0.00

real 314.27
user 0.00
sys 0.01

real 319.94
user 0.00
sys 0.00

real 324.44
user 0.00
sys 0.00

real 327.74
user 0.00
sys 0.01

real 330.72
user 0.00
sys 0.01

real 332.41
user 0.00
sys 0.00

real 333.72
user 0.01
sys 0.00

real 337.42
user 0.01
sys 0.00

real 337.55
user 0.00
sys 0.01

real 338.46
user 0.00
sys 0.00

real 341.62
user 0.01
sys 0.00

real 341.14
user 0.00
sys 0.01

real 345.10
user 0.00
sys 0.00

real 344.51
user 0.00
sys 0.00

real 351.78
user 0.00
sys 0.01

real 351.42
user 0.01
sys 0.00

real 354.56
user 0.01
sys 0.00

real 357.63
user 0.00
sys 0.01

real 356.39
user 0.00
sys 0.00

real 358.50
user 0.00
sys 0.00

real 359.07
user 0.00
sys 0.01

real 359.31
user 0.01
sys 0.00

real 362.78
user 0.01
sys 0.00

real 363.04
user 0.00
sys 0.00

real 363.68
user 0.01
sys 0.00

real 363.88
user 0.00
sys 0.01

real 366.75
user 0.00
sys 0.01

real 367.85
user 0.01
sys 0.00

real 369.52
user 0.00
sys 0.01

real 369.74
user 0.01
sys 0.00
real 371.46
user 0.78
sys 0.92

Tue Jun  5 00:55:20 2012
----------------
