Log of time -p /home/tsugawa/vmanage/parallel 40 
Tue Jun  5 12:05:51 2012

rvms 40 nvms 0 pm11-1
rvms 40 nvms 1 pm11-10
rvms 40 nvms 2 pm11-11
rvms 40 nvms 3 pm11-12
rvms 40 nvms 4 pm11-13
rvms 40 nvms 5 pm11-14
rvms 40 nvms 6 pm11-15
rvms 40 nvms 7 pm11-16
rvms 40 nvms 8 pm11-17
rvms 40 nvms 9 pm11-18
rvms 40 nvms 10 pm11-19
rvms 40 nvms 11 pm11-2
rvms 40 nvms 12 pm11-20
rvms 40 nvms 13 pm11-21
rvms 40 nvms 14 pm11-22
rvms 40 nvms 15 pm11-23
rvms 40 nvms 16 pm11-24
rvms 40 nvms 17 pm11-25
rvms 40 nvms 18 pm11-26
rvms 40 nvms 19 pm11-27
rvms 40 nvms 20 pm11-28
rvms 40 nvms 21 pm11-29
rvms 40 nvms 22 pm11-3
rvms 40 nvms 23 pm11-30
rvms 40 nvms 24 pm11-31
rvms 40 nvms 25 pm11-32
rvms 40 nvms 26 pm11-33
rvms 40 nvms 27 pm11-34
rvms 40 nvms 28 pm11-35
rvms 40 nvms 29 pm11-36
rvms 40 nvms 30 pm11-37
rvms 40 nvms 31 pm11-38
rvms 40 nvms 32 pm11-39
rvms 40 nvms 33 pm11-4
rvms 40 nvms 34 pm11-40
rvms 40 nvms 35 pm11-41
rvms 40 nvms 36 pm11-42
rvms 40 nvms 37 pm11-43
rvms 40 nvms 38 pm11-44
rvms 40 nvms 39 pm11-45

real 698.32
user 0.01
sys 0.00

real 714.77
user 0.02
sys 0.00

real 716.89
user 0.01
sys 0.00

real 736.51
user 0.00
sys 0.00

real 739.39
user 0.01
sys 0.00

real 745.42
user 0.00
sys 0.01

real 759.24
user 0.00
sys 0.00

real 758.53
user 0.01
sys 0.00

real 762.33
user 0.00
sys 0.01

real 770.36
user 0.00
sys 0.00

real 773.92
user 0.01
sys 0.00

real 786.86
user 0.00
sys 0.00

real 788.37
user 0.00
sys 0.00

real 793.87
user 0.00
sys 0.00

real 793.99
user 0.01
sys 0.00

real 800.14
user 0.01
sys 0.00

real 804.61
user 0.01
sys 0.00

real 809.09
user 0.00
sys 0.00

real 809.80
user 0.00
sys 0.01

real 811.55
user 0.01
sys 0.00

real 814.01
user 0.00
sys 0.00

real 817.77
user 0.01
sys 0.00

real 821.76
user 0.00
sys 0.01

real 822.10
user 0.01
sys 0.00

real 824.93
user 0.01
sys 0.00

real 826.62
user 0.00
sys 0.00

real 828.15
user 0.00
sys 0.01

real 830.72
user 0.00
sys 0.00

real 834.45
user 0.00
sys 0.01

real 840.38
user 0.00
sys 0.00

real 844.44
user 0.00
sys 0.01

real 844.51
user 0.01
sys 0.00

real 851.28
user 0.01
sys 0.00

real 856.55
user 0.00
sys 0.00

real 865.37
user 0.00
sys 0.00

real 866.75
user 0.00
sys 0.01

real 867.50
user 0.00
sys 0.00

real 870.38
user 0.00
sys 0.00

real 876.28
user 0.00
sys 0.01

real 906.20
user 0.01
sys 0.00
real 906.62
user 0.84
sys 0.88

Tue Jun  5 12:20:57 2012
----------------
