Log of time -p /home/tsugawa/vmanage/parallel 40 
Mon Jun  4 11:38:38 2012

rvms 40 nvms 0 pm11-1
rvms 40 nvms 1 pm11-10
rvms 40 nvms 2 pm11-11
rvms 40 nvms 3 pm11-12
rvms 40 nvms 4 pm11-13
rvms 40 nvms 5 pm11-14
rvms 40 nvms 6 pm11-15
rvms 40 nvms 7 pm11-16
rvms 40 nvms 8 pm11-17
rvms 40 nvms 9 pm11-18
rvms 40 nvms 10 pm11-19
rvms 40 nvms 11 pm11-2
rvms 40 nvms 12 pm11-20
rvms 40 nvms 13 pm11-21
rvms 40 nvms 14 pm11-22
rvms 40 nvms 15 pm11-23
rvms 40 nvms 16 pm11-24
rvms 40 nvms 17 pm11-25
rvms 40 nvms 18 pm11-26
rvms 40 nvms 19 pm11-27
rvms 40 nvms 20 pm11-28
rvms 40 nvms 21 pm11-29
rvms 40 nvms 22 pm11-3
rvms 40 nvms 23 pm11-30
rvms 40 nvms 24 pm11-31
rvms 40 nvms 25 pm11-32
rvms 40 nvms 26 pm11-33
rvms 40 nvms 27 pm11-34
rvms 40 nvms 28 pm11-35
rvms 40 nvms 29 pm11-36
rvms 40 nvms 30 pm11-37
rvms 40 nvms 31 pm11-38
rvms 40 nvms 32 pm11-39
rvms 40 nvms 33 pm11-4
rvms 40 nvms 34 pm11-40
rvms 40 nvms 35 pm11-41
rvms 40 nvms 36 pm11-42
rvms 40 nvms 37 pm11-43
rvms 40 nvms 38 pm11-44
rvms 40 nvms 39 pm11-45

real 150.13
user 0.01
sys 0.00

real 185.08
user 0.00
sys 0.00

real 190.28
user 0.00
sys 0.00

real 191.41
user 0.01
sys 0.00

real 196.22
user 0.00
sys 0.01

real 213.57
user 0.01
sys 0.00

real 215.06
user 0.01
sys 0.00

real 219.03
user 0.00
sys 0.01

real 220.30
user 0.00
sys 0.00

real 220.58
user 0.01
sys 0.00

real 224.29
user 0.00
sys 0.01

real 226.54
user 0.01
sys 0.00

real 232.47
user 0.00
sys 0.00

real 234.85
user 0.00
sys 0.01

real 237.34
user 0.00
sys 0.01

real 237.03
user 0.00
sys 0.01

real 238.45
user 0.00
sys 0.01

real 240.25
user 0.01
sys 0.00

real 241.14
user 0.01
sys 0.00

real 243.18
user 0.00
sys 0.00

real 243.66
user 0.00
sys 0.00

real 243.59
user 0.01
sys 0.00

real 243.80
user 0.01
sys 0.00

real 245.79
user 0.00
sys 0.00

real 249.29
user 0.00
sys 0.00

real 248.23
user 0.01
sys 0.00

real 248.97
user 0.01
sys 0.00

real 250.02
user 0.00
sys 0.00

real 250.44
user 0.00
sys 0.00

real 250.54
user 0.01
sys 0.00

real 250.58
user 0.00
sys 0.00

real 253.13
user 0.00
sys 0.00

real 259.76
user 0.02
sys 0.00

real 259.48
user 0.00
sys 0.01

real 261.50
user 0.00
sys 0.01

real 262.41
user 0.00
sys 0.01

real 262.68
user 0.00
sys 0.00

real 267.71
user 0.00
sys 0.00

real 279.25
user 0.01
sys 0.00

real 288.84
user 0.00
sys 0.00
real 290.73
user 0.83
sys 0.90

Mon Jun  4 11:43:28 2012
----------------
