Log of time -p /home/tsugawa/vmanage/parallel 40 
Tue Jun  5 09:02:26 2012

rvms 40 nvms 0 pm11-1
rvms 40 nvms 1 pm11-10
rvms 40 nvms 2 pm11-11
rvms 40 nvms 3 pm11-12
rvms 40 nvms 4 pm11-13
rvms 40 nvms 5 pm11-14
rvms 40 nvms 6 pm11-15
rvms 40 nvms 7 pm11-16
rvms 40 nvms 8 pm11-17
rvms 40 nvms 9 pm11-18
rvms 40 nvms 10 pm11-19
rvms 40 nvms 11 pm11-2
rvms 40 nvms 12 pm11-20
rvms 40 nvms 13 pm11-21
rvms 40 nvms 14 pm11-22
rvms 40 nvms 15 pm11-23
rvms 40 nvms 16 pm11-24
rvms 40 nvms 17 pm11-25
rvms 40 nvms 18 pm11-26
rvms 40 nvms 19 pm11-27
rvms 40 nvms 20 pm11-28
rvms 40 nvms 21 pm11-29
rvms 40 nvms 22 pm11-3
rvms 40 nvms 23 pm11-30
rvms 40 nvms 24 pm11-31
rvms 40 nvms 25 pm11-32
rvms 40 nvms 26 pm11-33
rvms 40 nvms 27 pm11-34
rvms 40 nvms 28 pm11-35
rvms 40 nvms 29 pm11-36
rvms 40 nvms 30 pm11-37
rvms 40 nvms 31 pm11-38
rvms 40 nvms 32 pm11-39
rvms 40 nvms 33 pm11-4
rvms 40 nvms 34 pm11-40
rvms 40 nvms 35 pm11-41
rvms 40 nvms 36 pm11-42
rvms 40 nvms 37 pm11-43
rvms 40 nvms 38 pm11-44
rvms 40 nvms 39 pm11-45

real 459.82
user 0.00
sys 0.01

real 467.75
user 0.00
sys 0.00

real 471.17
user 0.00
sys 0.00

real 480.64
user 0.01
sys 0.00

real 481.11
user 0.01
sys 0.00

real 486.19
user 0.00
sys 0.01

real 494.68
user 0.01
sys 0.00

real 498.78
user 0.01
sys 0.00

real 509.03
user 0.00
sys 0.00

real 509.72
user 0.00
sys 0.01

real 509.99
user 0.00
sys 0.00

real 517.52
user 0.00
sys 0.01

real 516.99
user 0.01
sys 0.00

real 518.24
user 0.00
sys 0.00

real 522.61
user 0.00
sys 0.01

real 528.53
user 0.00
sys 0.01

real 533.44
user 0.01
sys 0.00

real 533.94
user 0.00
sys 0.01

real 537.10
user 0.00
sys 0.00

real 539.52
user 0.01
sys 0.00

real 541.30
user 0.00
sys 0.00

real 542.46
user 0.00
sys 0.00

real 542.61
user 0.00
sys 0.00

real 544.79
user 0.00
sys 0.01

real 545.91
user 0.00
sys 0.01

real 547.19
user 0.00
sys 0.01

real 550.15
user 0.00
sys 0.01

real 551.72
user 0.01
sys 0.00

real 550.58
user 0.00
sys 0.01

real 550.84
user 0.00
sys 0.01

real 553.35
user 0.01
sys 0.00

real 552.97
user 0.00
sys 0.01

real 554.36
user 0.00
sys 0.01

real 557.44
user 0.01
sys 0.00

real 569.52
user 0.01
sys 0.00

real 579.01
user 0.00
sys 0.00

real 579.62
user 0.00
sys 0.01

real 600.19
user 0.00
sys 0.00

real 620.94
user 0.00
sys 0.01

real 629.91
user 0.01
sys 0.00
real 631.86
user 0.81
sys 0.90

Tue Jun  5 09:12:58 2012
----------------
