Log of time -p /home/tsugawa/vmanage/parallel 40 
Mon Jun  4 22:49:10 2012

rvms 40 nvms 0 pm11-1
rvms 40 nvms 1 pm11-10
rvms 40 nvms 2 pm11-11
rvms 40 nvms 3 pm11-12
rvms 40 nvms 4 pm11-13
rvms 40 nvms 5 pm11-14
rvms 40 nvms 6 pm11-15
rvms 40 nvms 7 pm11-16
rvms 40 nvms 8 pm11-17
rvms 40 nvms 9 pm11-18
rvms 40 nvms 10 pm11-19
rvms 40 nvms 11 pm11-2
rvms 40 nvms 12 pm11-20
rvms 40 nvms 13 pm11-21
rvms 40 nvms 14 pm11-22
rvms 40 nvms 15 pm11-23
rvms 40 nvms 16 pm11-24
rvms 40 nvms 17 pm11-25
rvms 40 nvms 18 pm11-26
rvms 40 nvms 19 pm11-27
rvms 40 nvms 20 pm11-28
rvms 40 nvms 21 pm11-29
rvms 40 nvms 22 pm11-3
rvms 40 nvms 23 pm11-30
rvms 40 nvms 24 pm11-31
rvms 40 nvms 25 pm11-32
rvms 40 nvms 26 pm11-33
rvms 40 nvms 27 pm11-34
rvms 40 nvms 28 pm11-35
rvms 40 nvms 29 pm11-36
rvms 40 nvms 30 pm11-37
rvms 40 nvms 31 pm11-38
rvms 40 nvms 32 pm11-39
rvms 40 nvms 33 pm11-4
rvms 40 nvms 34 pm11-40
rvms 40 nvms 35 pm11-41
rvms 40 nvms 36 pm11-42
rvms 40 nvms 37 pm11-43
rvms 40 nvms 38 pm11-44
rvms 40 nvms 39 pm11-45

real 295.08
user 0.00
sys 0.00

real 331.32
user 0.00
sys 0.01

real 338.63
user 0.00
sys 0.01

real 342.73
user 0.00
sys 0.00

real 356.31
user 0.01
sys 0.00

real 367.54
user 0.00
sys 0.01

real 368.39
user 0.00
sys 0.01

real 369.82
user 0.00
sys 0.01

real 370.18
user 0.01
sys 0.00

real 376.99
user 0.01
sys 0.00

real 383.45
user 0.00
sys 0.00

real 384.41
user 0.01
sys 0.00

real 384.86
user 0.00
sys 0.01

real 386.72
user 0.00
sys 0.00

real 387.01
user 0.00
sys 0.01

real 389.38
user 0.00
sys 0.01

real 390.20
user 0.01
sys 0.00

real 390.88
user 0.00
sys 0.01

real 389.90
user 0.01
sys 0.00

real 389.41
user 0.00
sys 0.01

real 397.27
user 0.01
sys 0.00

real 404.87
user 0.00
sys 0.01

real 405.59
user 0.01
sys 0.00

real 405.97
user 0.00
sys 0.01

real 409.72
user 0.00
sys 0.01

real 409.57
user 0.00
sys 0.01

real 414.38
user 0.00
sys 0.01

real 414.38
user 0.00
sys 0.01

real 413.27
user 0.00
sys 0.00

real 419.46
user 0.00
sys 0.00

real 420.71
user 0.00
sys 0.01

real 422.86
user 0.00
sys 0.00

real 422.15
user 0.00
sys 0.00

real 426.38
user 0.00
sys 0.01

real 425.92
user 0.00
sys 0.01

real 427.56
user 0.00
sys 0.01

real 427.43
user 0.00
sys 0.00

real 437.40
user 0.00
sys 0.00

real 444.98
user 0.01
sys 0.00

real 450.23
user 0.00
sys 0.00
real 451.55
user 0.73
sys 0.98

Mon Jun  4 22:56:41 2012
----------------
