Log of time -p /home/tsugawa/vmanage/parallel 40 
Tue Jun  5 11:01:32 2012

rvms 40 nvms 0 pm11-1
rvms 40 nvms 1 pm11-10
rvms 40 nvms 2 pm11-11
rvms 40 nvms 3 pm11-12
rvms 40 nvms 4 pm11-13
rvms 40 nvms 5 pm11-14
rvms 40 nvms 6 pm11-15
rvms 40 nvms 7 pm11-16
rvms 40 nvms 8 pm11-17
rvms 40 nvms 9 pm11-18
rvms 40 nvms 10 pm11-19
rvms 40 nvms 11 pm11-2
rvms 40 nvms 12 pm11-20
rvms 40 nvms 13 pm11-21
rvms 40 nvms 14 pm11-22
rvms 40 nvms 15 pm11-23
rvms 40 nvms 16 pm11-24
rvms 40 nvms 17 pm11-25
rvms 40 nvms 18 pm11-26
rvms 40 nvms 19 pm11-27
rvms 40 nvms 20 pm11-28
rvms 40 nvms 21 pm11-29
rvms 40 nvms 22 pm11-3
rvms 40 nvms 23 pm11-30
rvms 40 nvms 24 pm11-31
rvms 40 nvms 25 pm11-32
rvms 40 nvms 26 pm11-33
rvms 40 nvms 27 pm11-34
rvms 40 nvms 28 pm11-35
rvms 40 nvms 29 pm11-36
rvms 40 nvms 30 pm11-37
rvms 40 nvms 31 pm11-38
rvms 40 nvms 32 pm11-39
rvms 40 nvms 33 pm11-4
rvms 40 nvms 34 pm11-40
rvms 40 nvms 35 pm11-41
rvms 40 nvms 36 pm11-42
rvms 40 nvms 37 pm11-43
rvms 40 nvms 38 pm11-44
rvms 40 nvms 39 pm11-45

real 693.74
user 0.00
sys 0.00

real 721.85
user 0.00
sys 0.01

real 724.18
user 0.00
sys 0.00

real 736.78
user 0.01
sys 0.00

real 743.07
user 0.01
sys 0.00

real 750.46
user 0.00
sys 0.00

real 758.85
user 0.01
sys 0.00

real 759.47
user 0.00
sys 0.00

real 766.10
user 0.01
sys 0.00

real 766.94
user 0.00
sys 0.00

real 768.23
user 0.01
sys 0.00

real 777.56
user 0.01
sys 0.00

real 779.26
user 0.00
sys 0.01

real 788.83
user 0.00
sys 0.01

real 795.00
user 0.00
sys 0.01

real 795.30
user 0.02
sys 0.00

real 796.55
user 0.00
sys 0.01

real 799.22
user 0.01
sys 0.00

real 801.04
user 0.00
sys 0.00

real 800.37
user 0.01
sys 0.00

real 800.00
user 0.00
sys 0.01

real 806.11
user 0.00
sys 0.00

real 811.15
user 0.01
sys 0.00

real 811.96
user 0.00
sys 0.00

real 817.72
user 0.00
sys 0.01

real 820.22
user 0.00
sys 0.01

real 821.61
user 0.00
sys 0.00

real 825.13
user 0.00
sys 0.01

real 826.24
user 0.00
sys 0.00

real 826.64
user 0.01
sys 0.00

real 828.56
user 0.00
sys 0.00

real 831.77
user 0.01
sys 0.00

real 831.94
user 0.00
sys 0.01

real 836.25
user 0.01
sys 0.00

real 835.77
user 0.01
sys 0.00

real 837.12
user 0.00
sys 0.00

real 845.34
user 0.00
sys 0.00

real 848.62
user 0.01
sys 0.00

real 887.14
user 0.00
sys 0.01

real 905.54
user 0.00
sys 0.01
real 906.09
user 0.85
sys 0.88

Tue Jun  5 11:16:38 2012
----------------
