Log of time -p /home/tsugawa/vmanage/parallel 40 
Mon Jun  4 23:48:29 2012

rvms 40 nvms 0 pm11-1
rvms 40 nvms 1 pm11-10
rvms 40 nvms 2 pm11-11
rvms 40 nvms 3 pm11-12
rvms 40 nvms 4 pm11-13
rvms 40 nvms 5 pm11-14
rvms 40 nvms 6 pm11-15
rvms 40 nvms 7 pm11-16
rvms 40 nvms 8 pm11-17
rvms 40 nvms 9 pm11-18
rvms 40 nvms 10 pm11-19
rvms 40 nvms 11 pm11-2
rvms 40 nvms 12 pm11-20
rvms 40 nvms 13 pm11-21
rvms 40 nvms 14 pm11-22
rvms 40 nvms 15 pm11-23
rvms 40 nvms 16 pm11-24
rvms 40 nvms 17 pm11-25
rvms 40 nvms 18 pm11-26
rvms 40 nvms 19 pm11-27
rvms 40 nvms 20 pm11-28
rvms 40 nvms 21 pm11-29
rvms 40 nvms 22 pm11-3
rvms 40 nvms 23 pm11-30
rvms 40 nvms 24 pm11-31
rvms 40 nvms 25 pm11-32
rvms 40 nvms 26 pm11-33
rvms 40 nvms 27 pm11-34
rvms 40 nvms 28 pm11-35
rvms 40 nvms 29 pm11-36
rvms 40 nvms 30 pm11-37
rvms 40 nvms 31 pm11-38
rvms 40 nvms 32 pm11-39
rvms 40 nvms 33 pm11-4
rvms 40 nvms 34 pm11-40
rvms 40 nvms 35 pm11-41
rvms 40 nvms 36 pm11-42
rvms 40 nvms 37 pm11-43
rvms 40 nvms 38 pm11-44
rvms 40 nvms 39 pm11-45

real 241.38
user 0.00
sys 0.00

real 262.45
user 0.00
sys 0.00

real 301.87
user 0.01
sys 0.00

real 317.24
user 0.01
sys 0.00

real 321.51
user 0.00
sys 0.00

real 330.77
user 0.01
sys 0.00

real 335.53
user 0.00
sys 0.01

real 337.76
user 0.00
sys 0.00

real 338.24
user 0.00
sys 0.00

real 340.64
user 0.00
sys 0.01

real 341.95
user 0.01
sys 0.00

real 344.11
user 0.01
sys 0.00

real 355.66
user 0.00
sys 0.00

real 358.00
user 0.01
sys 0.00

real 360.52
user 0.00
sys 0.00

real 361.15
user 0.00
sys 0.01

real 363.48
user 0.01
sys 0.00

real 363.03
user 0.00
sys 0.00

real 367.26
user 0.00
sys 0.00

real 371.93
user 0.00
sys 0.00

real 373.49
user 0.00
sys 0.01

real 375.18
user 0.00
sys 0.00

real 379.10
user 0.00
sys 0.01

real 380.22
user 0.00
sys 0.01

real 383.03
user 0.01
sys 0.00

real 384.22
user 0.01
sys 0.00

real 384.50
user 0.00
sys 0.00

real 385.50
user 0.01
sys 0.00

real 386.16
user 0.01
sys 0.00

real 388.69
user 0.00
sys 0.00

real 389.95
user 0.01
sys 0.00

real 391.64
user 0.01
sys 0.00

real 392.29
user 0.00
sys 0.01

real 393.40
user 0.00
sys 0.01

real 392.80
user 0.00
sys 0.01

real 398.18
user 0.00
sys 0.00

real 401.78
user 0.01
sys 0.00

real 401.31
user 0.01
sys 0.00

real 408.67
user 0.00
sys 0.00

real 412.61
user 0.00
sys 0.00
real 413.22
user 0.81
sys 0.88

Mon Jun  4 23:55:22 2012
----------------
