Log of time -p /home/tsugawa/vmanage/parallel 40 
Tue Jun  5 06:50:32 2012

rvms 40 nvms 0 pm11-1
rvms 40 nvms 1 pm11-10
rvms 40 nvms 2 pm11-11
rvms 40 nvms 3 pm11-12
rvms 40 nvms 4 pm11-13
rvms 40 nvms 5 pm11-14
rvms 40 nvms 6 pm11-15
rvms 40 nvms 7 pm11-16
rvms 40 nvms 8 pm11-17
rvms 40 nvms 9 pm11-18
rvms 40 nvms 10 pm11-19
rvms 40 nvms 11 pm11-2
rvms 40 nvms 12 pm11-20
rvms 40 nvms 13 pm11-21
rvms 40 nvms 14 pm11-22
rvms 40 nvms 15 pm11-23
rvms 40 nvms 16 pm11-24
rvms 40 nvms 17 pm11-25
rvms 40 nvms 18 pm11-26
rvms 40 nvms 19 pm11-27
rvms 40 nvms 20 pm11-28
rvms 40 nvms 21 pm11-29
rvms 40 nvms 22 pm11-3
rvms 40 nvms 23 pm11-30
rvms 40 nvms 24 pm11-31
rvms 40 nvms 25 pm11-32
rvms 40 nvms 26 pm11-33
rvms 40 nvms 27 pm11-34
rvms 40 nvms 28 pm11-35
rvms 40 nvms 29 pm11-36
rvms 40 nvms 30 pm11-37
rvms 40 nvms 31 pm11-38
rvms 40 nvms 32 pm11-39
rvms 40 nvms 33 pm11-4
rvms 40 nvms 34 pm11-40
rvms 40 nvms 35 pm11-41
rvms 40 nvms 36 pm11-42
rvms 40 nvms 37 pm11-43
rvms 40 nvms 38 pm11-44
rvms 40 nvms 39 pm11-45

real 314.55
user 0.01
sys 0.00

real 347.05
user 0.00
sys 0.00

real 360.51
user 0.00
sys 0.00

real 385.30
user 0.00
sys 0.01

real 398.37
user 0.01
sys 0.00

real 408.11
user 0.01
sys 0.00

real 414.34
user 0.00
sys 0.01

real 415.89
user 0.00
sys 0.00

real 422.73
user 0.00
sys 0.00

real 434.19
user 0.00
sys 0.01

real 437.92
user 0.00
sys 0.00

real 438.22
user 0.01
sys 0.00

real 437.35
user 0.00
sys 0.00

real 439.96
user 0.00
sys 0.00

real 441.70
user 0.01
sys 0.00

real 442.15
user 0.00
sys 0.00

real 447.30
user 0.01
sys 0.00

real 450.08
user 0.01
sys 0.00

real 449.22
user 0.00
sys 0.00

real 456.88
user 0.00
sys 0.00

real 458.46
user 0.00
sys 0.01

real 462.14
user 0.01
sys 0.00

real 462.03
user 0.00
sys 0.01

real 465.90
user 0.00
sys 0.00

real 469.21
user 0.01
sys 0.00

real 469.66
user 0.00
sys 0.00

real 469.60
user 0.00
sys 0.01

real 471.03
user 0.01
sys 0.00

real 473.31
user 0.00
sys 0.01

real 478.11
user 0.00
sys 0.00

real 477.52
user 0.01
sys 0.00

real 479.09
user 0.00
sys 0.01

real 483.90
user 0.00
sys 0.00

real 487.25
user 0.01
sys 0.00

real 487.85
user 0.01
sys 0.00

real 489.57
user 0.00
sys 0.00

real 490.57
user 0.01
sys 0.00

real 493.26
user 0.00
sys 0.00

real 507.06
user 0.01
sys 0.00

real 507.09
user 0.00
sys 0.00
real 507.82
user 0.74
sys 0.91

Tue Jun  5 06:58:59 2012
----------------
