Log of time -p /home/tsugawa/vmanage/parallel 4 
Sat Jun  2 15:21:35 2012

rvms 40 nvms 0 pm11-1
rvms 40 nvms 1 pm11-10
rvms 40 nvms 2 pm11-11
rvms 40 nvms 3 pm11-12

real 84.11
user 0.00
sys 0.00
rvms 40 nvms 3 pm11-13

real 86.78
user 0.00
sys 0.00
rvms 39 nvms 3 pm11-14

real 90.13
user 0.00
sys 0.01
rvms 38 nvms 3 pm11-15

real 91.21
user 0.01
sys 0.00
rvms 36 nvms 3 pm11-16

real 72.71
user 0.00
sys 0.00
rvms 36 nvms 3 pm11-17

real 78.41
user 0.01
sys 0.01
rvms 35 nvms 3 pm11-18

real 82.21
user 0.00
sys 0.01
rvms 34 nvms 3 pm11-19

real 81.64
user 0.00
sys 0.00
rvms 33 nvms 3 pm11-2

real 73.31
user 0.00
sys 0.00
rvms 32 nvms 3 pm11-20

real 77.13
user 0.01
sys 0.00
rvms 31 nvms 3 pm11-21

real 86.96
user 0.00
sys 0.01
rvms 30 nvms 3 pm11-22

real 104.38
user 0.00
sys 0.00
rvms 29 nvms 3 pm11-23

real 91.51
user 0.01
sys 0.00
rvms 28 nvms 3 pm11-24

real 89.58
user 0.00
sys 0.00
rvms 27 nvms 3 pm11-25

real 99.89
user 0.00
sys 0.01
rvms 26 nvms 3 pm11-26

real 134.81
user 0.00
sys 0.01
rvms 25 nvms 3 pm11-27

real 75.00
user 0.00
sys 0.00
rvms 24 nvms 3 pm11-28

real 90.81
user 0.01
sys 0.00
rvms 23 nvms 3 pm11-29

real 108.15
user 0.01
sys 0.00
rvms 22 nvms 3 pm11-3

real 117.87
user 0.00
sys 0.00
rvms 21 nvms 3 pm11-30

real 164.13
user 0.01
sys 0.00
rvms 20 nvms 3 pm11-31

real 181.09
user 0.01
sys 0.00
rvms 19 nvms 3 pm11-32

real 156.11
user 0.01
sys 0.00
rvms 18 nvms 3 pm11-33

real 130.06
user 0.00
sys 0.00
rvms 17 nvms 3 pm11-34

real 102.40
user 0.00
sys 0.00
rvms 16 nvms 3 pm11-35

real 93.47
user 0.01
sys 0.00
rvms 15 nvms 3 pm11-36

real 125.70
user 0.01
sys 0.00
rvms 14 nvms 3 pm11-37

real 123.21
user 0.01
sys 0.00
rvms 13 nvms 3 pm11-38

real 106.14
user 0.01
sys 0.00
rvms 12 nvms 3 pm11-39

real 123.16
user 0.01
sys 0.00
rvms 11 nvms 3 pm11-4

real 132.28
user 0.00
sys 0.01
rvms 10 nvms 3 pm11-40

real 121.07
user 0.01
sys 0.00
rvms 9 nvms 3 pm11-41

real 151.20
user 0.01
sys 0.00
rvms 8 nvms 3 pm11-42

real 202.76
user 0.00
sys 0.01
rvms 7 nvms 3 pm11-43

real 189.67
user 0.00
sys 0.00
rvms 6 nvms 3 pm11-44

real 155.46
user 0.01
sys 0.00
rvms 4 nvms 3 pm11-45

real 150.97
user 0.00
sys 0.00

real 106.35
user 0.01
sys 0.00

real 138.66
user 0.00
sys 0.00

real 153.60
user 0.01
sys 0.00
real 1197.57
user 28.40
sys 66.98

Sat Jun  2 15:41:33 2012
----------------
