Log of time -p /home/tsugawa/vmanage/parallel 4 
Sun Jun  3 00:52:22 2012

rvms 40 nvms 0 pm11-1
rvms 40 nvms 1 pm11-10
rvms 40 nvms 2 pm11-11
rvms 40 nvms 3 pm11-12



real 42.63
user 0.00
sys 0.00
real 42.52
user 0.00
sys 0.00
real 42.57
user 0.00
sys 0.01
rvms 40 nvms 1 pm11-13
rvms 36 nvms 2 pm11-14
rvms 36 nvms 3 pm11-15

real 47.81
user 0.00
sys 0.01
rvms 36 nvms 3 pm11-16

real 41.61
user 0.00
sys 0.00
rvms 36 nvms 3 pm11-17


real 41.66
user 0.01
sys 0.00
real 41.71
user 0.00
sys 0.00
rvms 33 nvms 2 pm11-18
rvms 33 nvms 3 pm11-19

real 41.61
user 0.01
sys 0.00
rvms 33 nvms 3 pm11-2


real 41.74
user 0.00
sys 0.00
real 41.90
user 0.01
sys 0.00
rvms 32 nvms 2 pm11-20
rvms 29 nvms 3 pm11-21

real 41.93
user 0.00
sys 0.01
rvms 29 nvms 3 pm11-22

real 42.08
user 0.01
sys 0.00
rvms 29 nvms 3 pm11-23

real 41.48
user 0.01
sys 0.00
rvms 28 nvms 3 pm11-24

real 41.78
user 0.01
sys 0.00
rvms 25 nvms 3 pm11-25

real 41.87
user 0.00
sys 0.01
rvms 25 nvms 3 pm11-26

real 41.24
user 0.01
sys 0.00
rvms 25 nvms 3 pm11-27

real 40.72
user 0.00
sys 0.00
rvms 24 nvms 3 pm11-28

real 40.76
user 0.00
sys 0.01
rvms 23 nvms 3 pm11-29

real 46.69
user 0.00
sys 0.00
rvms 21 nvms 3 pm11-3

real 48.02
user 0.00
sys 0.01
rvms 21 nvms 3 pm11-30

real 40.64
user 0.01
sys 0.00
rvms 20 nvms 3 pm11-31

real 40.60
user 0.01
sys 0.00
rvms 19 nvms 3 pm11-32

real 41.11
user 0.00
sys 0.01
rvms 18 nvms 3 pm11-33

real 40.67
user 0.01
sys 0.00
rvms 17 nvms 3 pm11-34

real 40.94
user 0.01
sys 0.00
rvms 16 nvms 3 pm11-35

real 40.78
user 0.01
sys 0.00
rvms 15 nvms 3 pm11-36

real 40.83
user 0.01
sys 0.00
rvms 14 nvms 3 pm11-37

real 40.86
user 0.00
sys 0.01
rvms 13 nvms 3 pm11-38

real 40.76
user 0.01
sys 0.00
rvms 12 nvms 3 pm11-39

real 40.96
user 0.00
sys 0.00
rvms 11 nvms 3 pm11-4

real 46.20
user 0.01
sys 0.00
rvms 10 nvms 3 pm11-40

real 48.70
user 0.00
sys 0.00
rvms 9 nvms 3 pm11-41

real 40.88
user 0.00
sys 0.01
rvms 8 nvms 3 pm11-42

real 43.68
user 0.01
sys 0.00
rvms 7 nvms 3 pm11-43

real 40.87
user 0.00
sys 0.01
rvms 6 nvms 3 pm11-44

real 40.79
user 0.01
sys 0.00
rvms 5 nvms 3 pm11-45

real 40.72
user 0.01
sys 0.00

real 40.67
user 0.00
sys 0.01

real 40.79
user 0.01
sys 0.00

real 40.82
user 0.01
sys 0.00
real 428.59
user 10.39
sys 27.10

Sun Jun  3 00:59:31 2012
----------------
