Log of time -p /home/tsugawa/vmanage/parallel 4 
Tue May 29 09:04:11 2012

rvms 40 nvms 0 pm11-1
rvms 40 nvms 1 pm11-10
rvms 40 nvms 2 pm11-11
rvms 40 nvms 3 pm11-12

real 48.63
user 0.00
sys 0.00
rvms 40 nvms 3 pm11-13

real 62.98
user 0.01
sys 0.00
rvms 39 nvms 3 pm11-14

real 68.73
user 0.01
sys 0.00
rvms 38 nvms 3 pm11-15

real 72.54
user 0.01
sys 0.00
rvms 37 nvms 3 pm11-16

real 52.22
user 0.00
sys 0.00
rvms 36 nvms 3 pm11-17

real 57.45
user 0.01
sys 0.00
rvms 35 nvms 3 pm11-18

real 66.13
user 0.00
sys 0.00
rvms 34 nvms 3 pm11-19

real 69.24
user 0.00
sys 0.01
rvms 33 nvms 3 pm11-2

real 63.66
user 0.00
sys 0.00
rvms 32 nvms 3 pm11-20

real 68.05
user 0.00
sys 0.00
rvms 31 nvms 3 pm11-21

real 74.87
user 0.00
sys 0.00
rvms 30 nvms 3 pm11-22

real 73.29
user 0.00
sys 0.00
rvms 29 nvms 3 pm11-23

real 56.02
user 0.01
sys 0.00
rvms 28 nvms 3 pm11-24

real 49.37
user 0.00
sys 0.00
rvms 27 nvms 3 pm11-25

real 49.30
user 0.00
sys 0.00
rvms 26 nvms 3 pm11-26

real 54.96
user 0.00
sys 0.00
rvms 23 nvms 3 pm11-27

real 45.40
user 0.01
sys 0.00
rvms 23 nvms 3 pm11-28

real 62.36
user 0.01
sys 0.00
rvms 23 nvms 3 pm11-29

real 48.04
user 0.01
sys 0.00
rvms 22 nvms 3 pm11-3

real 72.27
user 0.00
sys 0.01
rvms 21 nvms 3 pm11-30

real 77.40
user 0.01
sys 0.00
rvms 20 nvms 3 pm11-31

real 56.20
user 0.01
sys 0.00
rvms 19 nvms 3 pm11-32

real 71.39
user 0.01
sys 0.00
rvms 18 nvms 3 pm11-33

real 48.67
user 0.01
sys 0.00
rvms 17 nvms 3 pm11-34

real 64.11
user 0.01
sys 0.00
rvms 16 nvms 3 pm11-35

real 73.28
user 0.00
sys 0.01
rvms 15 nvms 3 pm11-36

real 48.43
user 0.00
sys 0.00
rvms 14 nvms 3 pm11-37

real 48.25
user 0.00
sys 0.00
rvms 13 nvms 3 pm11-38

real 48.59
user 0.01
sys 0.00
rvms 12 nvms 3 pm11-39

real 52.31
user 0.00
sys 0.00
rvms 11 nvms 3 pm11-4

real 59.17
user 0.01
sys 0.00
rvms 10 nvms 3 pm11-40

real 68.58
user 0.00
sys 0.00
rvms 9 nvms 3 pm11-41

real 58.28
user 0.00
sys 0.00
rvms 8 nvms 3 pm11-42

real 60.04
user 0.01
sys 0.00
rvms 7 nvms 3 pm11-43

real 48.71
user 0.01
sys 0.00
rvms 6 nvms 3 pm11-44

real 76.58
user 0.00
sys 0.01
rvms 5 nvms 3 pm11-45

real 58.15
user 0.00
sys 0.00

real 47.39
user 0.00
sys 0.01

real 65.24
user 0.01
sys 0.00

real 58.08
user 0.00
sys 0.01
real 624.36
user 16.11
sys 37.72

Tue May 29 09:14:36 2012
----------------
