Log of time -p /home/tsugawa/vmanage/parallel 4 
Tue May 29 17:57:58 2012

rvms 40 nvms 0 pm11-1
rvms 40 nvms 1 pm11-10
rvms 40 nvms 2 pm11-11
rvms 40 nvms 3 pm11-12

real 80.63
user 0.00
sys 0.00
rvms 40 nvms 3 pm11-13

real 83.34
user 0.01
sys 0.00
rvms 39 nvms 3 pm11-14

real 84.26
user 0.00
sys 0.00
rvms 38 nvms 3 pm11-15

real 91.69
user 0.01
sys 0.00
rvms 37 nvms 3 pm11-16

real 67.98
user 0.00
sys 0.01
rvms 36 nvms 3 pm11-17

real 85.92
user 0.00
sys 0.00
rvms 35 nvms 3 pm11-18

real 92.84
user 0.01
sys 0.00
rvms 34 nvms 3 pm11-19

real 140.78
user 0.01
sys 0.00
rvms 33 nvms 3 pm11-2

real 95.21
user 0.00
sys 0.00
rvms 32 nvms 3 pm11-20

real 122.59
user 0.00
sys 0.00
rvms 31 nvms 3 pm11-21

real 133.17
user 0.01
sys 0.00
rvms 30 nvms 3 pm11-22

real 92.68
user 0.01
sys 0.00
rvms 29 nvms 3 pm11-23

real 40.77
user 0.00
sys 0.00
rvms 28 nvms 3 pm11-24

real 89.02
user 0.01
sys 0.00
rvms 27 nvms 3 pm11-25

real 87.66
user 0.00
sys 0.01
rvms 26 nvms 3 pm11-26

real 55.32
user 0.00
sys 0.00
rvms 25 nvms 3 pm11-27

real 64.89
user 0.00
sys 0.00
rvms 24 nvms 3 pm11-28

real 57.73
user 0.01
sys 0.00
rvms 22 nvms 3 pm11-29

real 69.47
user 0.00
sys 0.01
rvms 22 nvms 3 pm11-3

real 58.44
user 0.00
sys 0.00
rvms 21 nvms 3 pm11-30

real 67.49
user 0.01
sys 0.00
rvms 20 nvms 3 pm11-31

real 72.45
user 0.00
sys 0.00
rvms 19 nvms 3 pm11-32

real 86.52
user 0.01
sys 0.00
rvms 18 nvms 3 pm11-33

real 76.86
user 0.01
sys 0.00
rvms 17 nvms 3 pm11-34

real 64.26
user 0.00
sys 0.01
rvms 16 nvms 3 pm11-35

real 59.07
user 0.01
sys 0.00
rvms 15 nvms 3 pm11-36

real 58.54
user 0.01
sys 0.00
rvms 14 nvms 3 pm11-37

real 81.15
user 0.00
sys 0.01
rvms 13 nvms 3 pm11-38

real 46.19
user 0.00
sys 0.00
rvms 12 nvms 3 pm11-39

real 40.58
user 0.00
sys 0.00
rvms 11 nvms 3 pm11-4

real 49.20
user 0.01
sys 0.00
rvms 10 nvms 3 pm11-40

real 91.25
user 0.00
sys 0.01
rvms 9 nvms 3 pm11-41

real 62.43
user 0.00
sys 0.00
rvms 8 nvms 3 pm11-42

real 49.05
user 0.00
sys 0.00
rvms 7 nvms 3 pm11-43

real 63.13
user 0.00
sys 0.01
rvms 6 nvms 3 pm11-44

real 50.19
user 0.01
sys 0.00
rvms 5 nvms 3 pm11-45

real 50.21
user 0.00
sys 0.00

real 40.66
user 0.00
sys 0.00

real 49.99
user 0.00
sys 0.00

real 46.99
user 0.00
sys 0.00
real 749.54
user 20.65
sys 47.80

Tue May 29 18:10:27 2012
----------------
