Log of time -p /home/tsugawa/vmanage/parallel 4 
Thu May 31 07:24:58 2012

rvms 40 nvms 0 pm11-1
rvms 40 nvms 1 pm11-10
rvms 40 nvms 2 pm11-11
rvms 40 nvms 3 pm11-12

real 48.69
user 0.01
sys 0.00
rvms 40 nvms 3 pm11-13

real 62.46
user 0.01
sys 0.00
rvms 39 nvms 3 pm11-14

real 68.35
user 0.00
sys 0.00
rvms 38 nvms 3 pm11-15

real 83.30
user 0.01
sys 0.00
rvms 37 nvms 3 pm11-16

real 68.07
user 0.00
sys 0.01
rvms 36 nvms 3 pm11-17

real 61.50
user 0.01
sys 0.00
rvms 35 nvms 3 pm11-18

real 56.07
user 0.00
sys 0.00
rvms 33 nvms 3 pm11-19

real 64.51
user 0.01
sys 0.00
rvms 33 nvms 3 pm11-2

real 48.76
user 0.00
sys 0.00
rvms 32 nvms 3 pm11-20

real 46.82
user 0.01
sys 0.00
rvms 31 nvms 3 pm11-21

real 54.40
user 0.00
sys 0.00
rvms 30 nvms 3 pm11-22

real 80.04
user 0.01
sys 0.00
rvms 28 nvms 3 pm11-23

real 67.01
user 0.00
sys 0.00
rvms 28 nvms 3 pm11-24

real 55.24
user 0.00
sys 0.01
rvms 27 nvms 3 pm11-25

real 103.99
user 0.00
sys 0.01
rvms 26 nvms 3 pm11-26

real 68.63
user 0.01
sys 0.00
rvms 25 nvms 3 pm11-27

real 47.14
user 0.00
sys 0.01
rvms 24 nvms 3 pm11-28

real 60.59
user 0.00
sys 0.00
rvms 23 nvms 3 pm11-29

real 60.83
user 0.01
sys 0.00
rvms 22 nvms 3 pm11-3

real 78.74
user 0.00
sys 0.00
rvms 21 nvms 3 pm11-30

real 64.66
user 0.01
sys 0.00
rvms 20 nvms 3 pm11-31

real 67.10
user 0.00
sys 0.01
rvms 19 nvms 3 pm11-32

real 52.60
user 0.01
sys 0.00
rvms 18 nvms 3 pm11-33

real 52.30
user 0.00
sys 0.00
rvms 17 nvms 3 pm11-34

real 62.30
user 0.00
sys 0.00
rvms 16 nvms 3 pm11-35

real 78.87
user 0.01
sys 0.00
rvms 15 nvms 3 pm11-36

real 84.33
user 0.01
sys 0.00
rvms 14 nvms 3 pm11-37

real 59.87
user 0.01
sys 0.00
rvms 13 nvms 3 pm11-38

real 85.42
user 0.01
sys 0.00
rvms 12 nvms 3 pm11-39

real 68.86
user 0.00
sys 0.01
rvms 11 nvms 3 pm11-4

real 67.64
user 0.01
sys 0.00
rvms 10 nvms 3 pm11-40

real 72.68
user 0.00
sys 0.00
rvms 9 nvms 3 pm11-41

real 54.85
user 0.00
sys 0.00
rvms 7 nvms 3 pm11-42

real 60.23
user 0.00
sys 0.00
rvms 7 nvms 3 pm11-43

real 55.53
user 0.00
sys 0.00
rvms 6 nvms 3 pm11-44

real 72.98
user 0.00
sys 0.01
rvms 5 nvms 3 pm11-45

real 74.92
user 0.00
sys 0.00

real 60.15
user 0.00
sys 0.00

real 54.50
user 0.00
sys 0.01

real 85.51
user 0.00
sys 0.00
real 683.72
user 16.20
sys 42.29

Thu May 31 07:36:22 2012
----------------
