Log of time -p /home/tsugawa/vmanage/parallel 4 
Wed May 30 05:14:29 2012

rvms 40 nvms 0 pm11-1
rvms 40 nvms 1 pm11-10
rvms 40 nvms 2 pm11-11
rvms 40 nvms 3 pm11-12

real 58.39
user 0.01
sys 0.00
rvms 40 nvms 3 pm11-13

real 58.75
user 0.01
sys 0.00
rvms 38 nvms 3 pm11-14

real 61.49
user 0.00
sys 0.00
rvms 38 nvms 3 pm11-15

real 66.02
user 0.00
sys 0.00
rvms 37 nvms 3 pm11-16

real 48.73
user 0.01
sys 0.00
rvms 36 nvms 3 pm11-17

real 56.99
user 0.01
sys 0.00
rvms 35 nvms 3 pm11-18

real 55.52
user 0.01
sys 0.00
rvms 34 nvms 3 pm11-19

real 66.17
user 0.00
sys 0.00
rvms 33 nvms 3 pm11-2

real 57.00
user 0.00
sys 0.01
rvms 32 nvms 3 pm11-20

real 50.08
user 0.00
sys 0.00
rvms 31 nvms 3 pm11-21

real 67.17
user 0.01
sys 0.00
rvms 30 nvms 3 pm11-22

real 85.91
user 0.00
sys 0.00
rvms 29 nvms 3 pm11-23

real 62.67
user 0.00
sys 0.00
rvms 28 nvms 3 pm11-24

real 60.81
user 0.01
sys 0.00
rvms 27 nvms 3 pm11-25

real 58.71
user 0.00
sys 0.00
rvms 26 nvms 3 pm11-26

real 62.56
user 0.01
sys 0.00
rvms 25 nvms 3 pm11-27

real 48.05
user 0.00
sys 0.00
rvms 24 nvms 3 pm11-28

real 71.47
user 0.01
sys 0.00
rvms 23 nvms 3 pm11-29

real 56.08
user 0.01
sys 0.00
rvms 22 nvms 3 pm11-3

real 49.19
user 0.01
sys 0.00
rvms 21 nvms 3 pm11-30

real 57.32
user 0.00
sys 0.00
rvms 20 nvms 3 pm11-31

real 56.06
user 0.01
sys 0.00
rvms 19 nvms 3 pm11-32

real 73.71
user 0.01
sys 0.00
rvms 18 nvms 3 pm11-33

real 61.28
user 0.00
sys 0.00
rvms 17 nvms 3 pm11-34

real 70.89
user 0.00
sys 0.01
rvms 16 nvms 3 pm11-35

real 55.46
user 0.01
sys 0.00
rvms 15 nvms 3 pm11-36

real 52.43
user 0.00
sys 0.00
rvms 14 nvms 3 pm11-37

real 64.05
user 0.00
sys 0.01
rvms 13 nvms 3 pm11-38

real 93.20
user 0.01
sys 0.00
rvms 12 nvms 3 pm11-39

real 84.02
user 0.00
sys 0.00
rvms 11 nvms 3 pm11-4

real 94.63
user 0.00
sys 0.00
rvms 10 nvms 3 pm11-40

real 95.51
user 0.00
sys 0.01
rvms 9 nvms 3 pm11-41

real 69.83
user 0.00
sys 0.00
rvms 8 nvms 3 pm11-42

real 70.28
user 0.00
sys 0.00
rvms 7 nvms 3 pm11-43

real 63.34
user 0.01
sys 0.00
rvms 6 nvms 3 pm11-44

real 75.27
user 0.01
sys 0.00
rvms 5 nvms 3 pm11-45

real 60.74
user 0.01
sys 0.00

real 105.23
user 0.00
sys 0.00

real 98.40
user 0.01
sys 0.00

real 106.98
user 0.00
sys 0.00
real 705.11
user 15.15
sys 42.38

Wed May 30 05:26:14 2012
----------------
