Log of time -p /home/tsugawa/vmanage/parallel 4 
Fri Jun  1 01:22:33 2012

rvms 40 nvms 0 pm11-1
rvms 40 nvms 1 pm11-10
rvms 40 nvms 2 pm11-11
rvms 40 nvms 3 pm11-12

real 42.11
user 0.00
sys 0.00
rvms 40 nvms 3 pm11-13

real 48.75
user 0.00
sys 0.01
rvms 39 nvms 3 pm11-14

real 49.82
user 0.01
sys 0.00
rvms 38 nvms 3 pm11-15

real 49.96
user 0.00
sys 0.01
rvms 36 nvms 3 pm11-16

real 46.12
user 0.00
sys 0.01
rvms 36 nvms 3 pm11-17

real 40.71
user 0.00
sys 0.01
rvms 35 nvms 3 pm11-18

real 40.79
user 0.00
sys 0.00
rvms 34 nvms 3 pm11-19

real 41.10
user 0.00
sys 0.00
rvms 32 nvms 3 pm11-2

real 40.75
user 0.00
sys 0.00
rvms 32 nvms 3 pm11-20

real 40.54
user 0.01
sys 0.01
rvms 31 nvms 3 pm11-21

real 40.94
user 0.00
sys 0.00
rvms 30 nvms 3 pm11-22

real 41.00
user 0.00
sys 0.01
rvms 28 nvms 3 pm11-23

real 48.44
user 0.01
sys 0.00
rvms 28 nvms 3 pm11-24

real 48.32
user 0.00
sys 0.00
rvms 27 nvms 3 pm11-25

real 49.14
user 0.00
sys 0.00
rvms 25 nvms 3 pm11-26

real 52.92
user 0.00
sys 0.01
rvms 25 nvms 3 pm11-27

real 40.70
user 0.01
sys 0.00
rvms 24 nvms 3 pm11-28

real 40.69
user 0.01
sys 0.00
rvms 23 nvms 3 pm11-29

real 48.71
user 0.01
sys 0.00
rvms 22 nvms 3 pm11-3

real 49.04
user 0.00
sys 0.01
rvms 21 nvms 3 pm11-30

real 40.35
user 0.00
sys 0.01
rvms 20 nvms 3 pm11-31

real 40.93
user 0.01
sys 0.00
rvms 19 nvms 3 pm11-32

real 48.29
user 0.01
sys 0.00
rvms 18 nvms 3 pm11-33

real 48.62
user 0.01
sys 0.00
rvms 17 nvms 3 pm11-34

real 40.63
user 0.01
sys 0.00
rvms 16 nvms 3 pm11-35

real 40.44
user 0.00
sys 0.01
rvms 15 nvms 3 pm11-36

real 40.39
user 0.01
sys 0.00
rvms 14 nvms 3 pm11-37

real 40.62
user 0.00
sys 0.01
rvms 13 nvms 3 pm11-38

real 41.92
user 0.00
sys 0.00
rvms 12 nvms 3 pm11-39

real 48.42
user 0.00
sys 0.01
rvms 11 nvms 3 pm11-4

real 53.11
user 0.00
sys 0.00
rvms 10 nvms 3 pm11-40

real 55.25
user 0.00
sys 0.01
rvms 9 nvms 3 pm11-41

real 40.75
user 0.01
sys 0.00
rvms 8 nvms 3 pm11-42

real 55.88
user 0.00
sys 0.00
rvms 7 nvms 3 pm11-43

real 71.34
user 0.01
sys 0.00
rvms 6 nvms 3 pm11-44

real 67.80
user 0.01
sys 0.00
rvms 5 nvms 3 pm11-45

real 64.77
user 0.00
sys 0.00

real 56.34
user 0.00
sys 0.00

real 48.38
user 0.00
sys 0.00

real 40.64
user 0.00
sys 0.00
real 483.16
user 11.30
sys 31.00

Fri Jun  1 01:30:36 2012
----------------
