Log of time -p /home/tsugawa/vmanage/parallel 4 
Fri Jun  1 23:55:04 2012

rvms 40 nvms 0 pm11-1
rvms 40 nvms 1 pm11-10
rvms 40 nvms 2 pm11-11
rvms 40 nvms 3 pm11-12

real 96.50
user 0.00
sys 0.00
rvms 40 nvms 3 pm11-13

real 128.51
user 0.01
sys 0.00
rvms 39 nvms 3 pm11-14

real 130.26
user 0.01
sys 0.00
rvms 38 nvms 3 pm11-15

real 153.63
user 0.00
sys 0.00
rvms 37 nvms 3 pm11-16

real 79.17
user 0.00
sys 0.00
rvms 36 nvms 3 pm11-17

real 125.94
user 0.00
sys 0.00
rvms 35 nvms 3 pm11-18

real 120.43
user 0.00
sys 0.01
rvms 34 nvms 3 pm11-19

real 99.81
user 0.01
sys 0.00
rvms 33 nvms 3 pm11-2

real 91.24
user 0.00
sys 0.00
rvms 32 nvms 3 pm11-20

real 79.53
user 0.01
sys 0.00
rvms 31 nvms 3 pm11-21

real 104.02
user 0.01
sys 0.00
rvms 30 nvms 3 pm11-22

real 121.30
user 0.01
sys 0.00
rvms 29 nvms 3 pm11-23

real 89.49
user 0.01
sys 0.00
rvms 28 nvms 3 pm11-24

real 158.93
user 0.00
sys 0.00
rvms 27 nvms 3 pm11-25

real 158.21
user 0.00
sys 0.01
rvms 26 nvms 3 pm11-26

real 141.51
user 0.00
sys 0.00
rvms 25 nvms 3 pm11-27

real 143.34
user 0.01
sys 0.00
rvms 24 nvms 3 pm11-28

real 164.31
user 0.00
sys 0.00
rvms 23 nvms 3 pm11-29

real 154.30
user 0.00
sys 0.00
rvms 22 nvms 3 pm11-3

real 173.23
user 0.00
sys 0.01
rvms 21 nvms 3 pm11-30

real 187.70
user 0.00
sys 0.00
rvms 20 nvms 3 pm11-31

real 204.25
user 0.01
sys 0.00
rvms 19 nvms 3 pm11-32

real 146.57
user 0.01
sys 0.00
rvms 17 nvms 3 pm11-33

real 178.78
user 0.01
sys 0.00
rvms 17 nvms 3 pm11-34

real 146.76
user 0.01
sys 0.00
rvms 16 nvms 3 pm11-35

real 131.08
user 0.01
sys 0.00
rvms 15 nvms 3 pm11-36

real 177.59
user 0.01
sys 0.00
rvms 14 nvms 3 pm11-37

real 162.99
user 0.00
sys 0.01
rvms 13 nvms 3 pm11-38

real 162.90
user 0.01
sys 0.00
rvms 12 nvms 3 pm11-39

real 129.07
user 0.00
sys 0.00
rvms 11 nvms 3 pm11-4

real 149.16
user 0.01
sys 0.00
rvms 10 nvms 3 pm11-40

real 164.10
user 0.00
sys 0.00
rvms 9 nvms 3 pm11-41

real 189.89
user 0.00
sys 0.00
rvms 8 nvms 3 pm11-42

real 209.36
user 0.00
sys 0.00
rvms 7 nvms 3 pm11-43

real 227.18
user 0.01
sys 0.00
rvms 6 nvms 3 pm11-44

real 212.09
user 0.00
sys 0.01
rvms 5 nvms 3 pm11-45

real 228.95
user 0.00
sys 0.01

real 185.60
user 0.01
sys 0.00

real 220.71
user 0.00
sys 0.01

real 235.34
user 0.00
sys 0.00
real 1643.37
user 38.55
sys 88.15

Sat Jun  2 00:22:28 2012
----------------
