Log of time -p /home/tsugawa/vmanage/parallel 4 
Wed May 30 15:45:05 2012

rvms 40 nvms 0 pm11-1
rvms 40 nvms 1 pm11-10
rvms 40 nvms 2 pm11-11
rvms 40 nvms 3 pm11-12

real 97.20
user 0.01
sys 0.00
rvms 40 nvms 3 pm11-13

real 98.28
user 0.01
sys 0.00
rvms 38 nvms 3 pm11-14

real 117.88
user 0.01
sys 0.00
rvms 38 nvms 3 pm11-15

real 161.54
user 0.01
sys 0.00
rvms 37 nvms 3 pm11-16

real 108.59
user 0.01
sys 0.00
rvms 36 nvms 3 pm11-17

real 111.89
user 0.01
sys 0.00
rvms 34 nvms 3 pm11-18

real 105.42
user 0.00
sys 0.00
rvms 34 nvms 3 pm11-19

real 94.25
user 0.01
sys 0.00
rvms 33 nvms 3 pm11-2

real 85.89
user 0.01
sys 0.00
rvms 32 nvms 3 pm11-20

real 118.72
user 0.01
sys 0.00
rvms 31 nvms 3 pm11-21

real 131.83
user 0.01
sys 0.00
rvms 30 nvms 3 pm11-22

real 105.25
user 0.00
sys 0.00
rvms 29 nvms 3 pm11-23

real 84.95
user 0.00
sys 0.01
rvms 28 nvms 3 pm11-24

real 88.69
user 0.01
sys 0.00
rvms 27 nvms 3 pm11-25

real 81.54
user 0.01
sys 0.00
rvms 26 nvms 3 pm11-26

real 99.28
user 0.00
sys 0.00
rvms 25 nvms 3 pm11-27

real 134.07
user 0.01
sys 0.00
rvms 24 nvms 3 pm11-28

real 119.35
user 0.01
sys 0.00
rvms 23 nvms 3 pm11-29

real 102.74
user 0.00
sys 0.01
rvms 22 nvms 3 pm11-3

real 107.89
user 0.01
sys 0.00
rvms 21 nvms 3 pm11-30

real 97.12
user 0.01
sys 0.00
rvms 20 nvms 3 pm11-31

real 167.66
user 0.00
sys 0.01
rvms 19 nvms 3 pm11-32

real 120.21
user 0.00
sys 0.00
rvms 18 nvms 3 pm11-33

real 103.83
user 0.01
sys 0.00
rvms 17 nvms 3 pm11-34

real 93.68
user 0.01
sys 0.00
rvms 16 nvms 3 pm11-35

real 94.99
user 0.01
sys 0.00
rvms 15 nvms 3 pm11-36

real 127.17
user 0.01
sys 0.00
rvms 14 nvms 3 pm11-37

real 99.53
user 0.01
sys 0.00
rvms 13 nvms 3 pm11-38

real 96.44
user 0.00
sys 0.00
rvms 12 nvms 3 pm11-39

real 110.94
user 0.00
sys 0.01
rvms 11 nvms 3 pm11-4

real 100.39
user 0.00
sys 0.00
rvms 10 nvms 3 pm11-40

real 118.02
user 0.01
sys 0.00
rvms 9 nvms 3 pm11-41

real 133.54
user 0.00
sys 0.01
rvms 8 nvms 3 pm11-42

real 144.80
user 0.00
sys 0.00
rvms 7 nvms 3 pm11-43

real 161.19
user 0.00
sys 0.00
rvms 6 nvms 3 pm11-44

real 160.13
user 0.01
sys 0.00
rvms 5 nvms 3 pm11-45

real 132.48
user 0.01
sys 0.00

real 115.13
user 0.00
sys 0.00

real 130.92
user 0.00
sys 0.01

real 86.38
user 0.01
sys 0.00
real 1171.61
user 30.34
sys 70.53

Wed May 30 16:04:37 2012
----------------
