Log of time -p /home/tsugawa/vmanage/parallel 6 
Wed May 30 16:41:05 2012

rvms 40 nvms 0 pm11-1
rvms 40 nvms 1 pm11-10
rvms 40 nvms 2 pm11-11
rvms 40 nvms 3 pm11-12
rvms 40 nvms 4 pm11-13
rvms 40 nvms 5 pm11-14

real 143.98
user 0.01
sys 0.00
rvms 40 nvms 5 pm11-15

real 144.89
user 0.01
sys 0.00
rvms 38 nvms 5 pm11-16

real 151.44
user 0.01
sys 0.00
rvms 38 nvms 5 pm11-17

real 164.47
user 0.00
sys 0.00
rvms 37 nvms 5 pm11-18

real 199.11
user 0.00
sys 0.00
rvms 36 nvms 5 pm11-19

real 211.21
user 0.00
sys 0.01
rvms 35 nvms 5 pm11-2

real 150.67
user 0.01
sys 0.00
rvms 34 nvms 5 pm11-20

real 190.82
user 0.01
sys 0.00
rvms 33 nvms 5 pm11-21

real 196.10
user 0.00
sys 0.01
rvms 32 nvms 5 pm11-22

real 181.45
user 0.00
sys 0.01
rvms 31 nvms 5 pm11-23

real 234.69
user 0.00
sys 0.01
rvms 30 nvms 5 pm11-24

real 194.09
user 0.00
sys 0.01
rvms 29 nvms 5 pm11-25

real 189.46
user 0.00
sys 0.00
rvms 28 nvms 5 pm11-26

real 180.96
user 0.01
sys 0.00
rvms 27 nvms 5 pm11-27

real 237.82
user 0.00
sys 0.01
rvms 26 nvms 5 pm11-28

real 195.03
user 0.01
sys 0.00
rvms 25 nvms 5 pm11-29

real 186.17
user 0.00
sys 0.00
rvms 24 nvms 5 pm11-3

real 226.24
user 0.00
sys 0.01
rvms 23 nvms 5 pm11-30

real 174.11
user 0.00
sys 0.01
rvms 22 nvms 5 pm11-31

real 117.96
user 0.00
sys 0.01
rvms 21 nvms 5 pm11-32

real 192.52
user 0.00
sys 0.00
rvms 20 nvms 5 pm11-33

real 164.81
user 0.00
sys 0.00
rvms 19 nvms 5 pm11-34

real 155.59
user 0.00
sys 0.01
rvms 17 nvms 5 pm11-35

real 204.15
user 0.01
sys 0.00
rvms 17 nvms 5 pm11-36

real 250.91
user 0.00
sys 0.00
rvms 16 nvms 5 pm11-37

real 215.23
user 0.00
sys 0.00
rvms 15 nvms 5 pm11-38

real 237.82
user 0.00
sys 0.00
rvms 14 nvms 5 pm11-39

real 264.55
user 0.00
sys 0.00
rvms 13 nvms 5 pm11-4

real 283.27
user 0.00
sys 0.01
rvms 12 nvms 5 pm11-40

real 280.82
user 0.00
sys 0.00
rvms 11 nvms 5 pm11-41

real 186.50
user 0.00
sys 0.00
rvms 10 nvms 5 pm11-42

real 142.49
user 0.00
sys 0.02
rvms 9 nvms 5 pm11-43

real 189.66
user 0.00
sys 0.01
rvms 8 nvms 5 pm11-44

real 163.48
user 0.00
sys 0.00
rvms 7 nvms 5 pm11-45

real 190.59
user 0.01
sys 0.00

real 177.33
user 0.00
sys 0.00

real 129.02
user 0.00
sys 0.01

real 187.19
user 0.00
sys 0.01

real 173.50
user 0.00
sys 0.00

real 268.21
user 0.00
sys 0.00
real 1327.35
user 31.12
sys 84.41

Wed May 30 17:03:12 2012
----------------
