Log of time -p /home/tsugawa/vmanage/parallel 6 
Thu May 31 08:12:39 2012

rvms 40 nvms 0 pm11-1
rvms 40 nvms 1 pm11-10
rvms 40 nvms 2 pm11-11
rvms 40 nvms 3 pm11-12
rvms 40 nvms 4 pm11-13
rvms 40 nvms 5 pm11-14

real 80.83
user 0.00
sys 0.00
rvms 40 nvms 5 pm11-15

real 80.95
user 0.01
sys 0.00
rvms 38 nvms 5 pm11-16

real 86.17
user 0.01
sys 0.00
rvms 38 nvms 5 pm11-17

real 117.79
user 0.00
sys 0.00
rvms 37 nvms 5 pm11-18

real 118.04
user 0.01
sys 0.00

real 117.99
user 0.00
sys 0.00
rvms 34 nvms 4 pm11-19
rvms 34 nvms 5 pm11-2

real 50.59
user 0.00
sys 0.01
rvms 34 nvms 5 pm11-20

real 52.91
user 0.00
sys 0.01
rvms 33 nvms 5 pm11-21

real 58.11
user 0.00
sys 0.01
rvms 32 nvms 5 pm11-22

real 69.64
user 0.01
sys 0.00
rvms 31 nvms 5 pm11-23

real 60.96
user 0.00
sys 0.00
rvms 30 nvms 5 pm11-24

real 89.52
user 0.01
sys 0.00
rvms 29 nvms 5 pm11-25

real 131.77
user 0.00
sys 0.00
rvms 28 nvms 5 pm11-26

real 58.44
user 0.00
sys 0.01
rvms 27 nvms 5 pm11-27

real 59.18
user 0.00
sys 0.01
rvms 26 nvms 5 pm11-28

real 127.47
user 0.00
sys 0.01
rvms 25 nvms 5 pm11-29

real 73.55
user 0.00
sys 0.00
rvms 24 nvms 5 pm11-3

real 60.77
user 0.01
sys 0.00
rvms 23 nvms 5 pm11-30

real 76.60
user 0.01
sys 0.00
rvms 22 nvms 5 pm11-31

real 78.45
user 0.01
sys 0.00
rvms 21 nvms 5 pm11-32

real 99.02
user 0.01
sys 0.00
rvms 19 nvms 5 pm11-33

real 77.77
user 0.00
sys 0.01
rvms 19 nvms 5 pm11-34

real 68.63
user 0.00
sys 0.00
rvms 18 nvms 5 pm11-35

real 107.03
user 0.01
sys 0.00
rvms 17 nvms 5 pm11-36

real 92.39
user 0.01
sys 0.00
rvms 16 nvms 5 pm11-37

real 74.29
user 0.00
sys 0.01
rvms 15 nvms 5 pm11-38

real 84.83
user 0.01
sys 0.00
rvms 14 nvms 5 pm11-39

real 72.72
user 0.01
sys 0.00
rvms 13 nvms 5 pm11-4

real 90.14
user 0.00
sys 0.00
rvms 12 nvms 5 pm11-40

real 59.39
user 0.00
sys 0.00
rvms 11 nvms 5 pm11-41

real 62.30
user 0.00
sys 0.00
rvms 10 nvms 5 pm11-42

real 61.12
user 0.00
sys 0.01
rvms 9 nvms 5 pm11-43

real 50.68
user 0.00
sys 0.01
rvms 8 nvms 5 pm11-44

real 78.56
user 0.00
sys 0.01
rvms 7 nvms 5 pm11-45

real 79.10
user 0.00
sys 0.00

real 86.04
user 0.00
sys 0.01

real 97.52
user 0.01
sys 0.00

real 40.47
user 0.00
sys 0.00

real 54.94
user 0.00
sys 0.00

real 64.22
user 0.01
sys 0.00
real 554.39
user 14.16
sys 37.75

Thu May 31 08:21:53 2012
----------------
