Log of time -p /home/tsugawa/vmanage/parallel 6 
Wed May 30 06:04:42 2012

rvms 40 nvms 0 pm11-1
rvms 40 nvms 1 pm11-10
rvms 40 nvms 2 pm11-11
rvms 40 nvms 3 pm11-12
rvms 40 nvms 4 pm11-13
rvms 40 nvms 5 pm11-14

real 62.48
user 0.00
sys 0.00
rvms 40 nvms 5 pm11-15

real 87.73
user 0.01
sys 0.00
rvms 39 nvms 5 pm11-16

real 88.78
user 0.01
sys 0.00
rvms 37 nvms 5 pm11-17

real 93.31
user 0.01
sys 0.00
rvms 37 nvms 5 pm11-18

real 98.82
user 0.00
sys 0.00
rvms 36 nvms 5 pm11-19

real 103.57
user 0.01
sys 0.00
rvms 35 nvms 5 pm11-2

real 84.49
user 0.01
sys 0.00
rvms 34 nvms 5 pm11-20

real 63.44
user 0.00
sys 0.00
rvms 33 nvms 5 pm11-21

real 79.87
user 0.01
sys 0.00
rvms 32 nvms 5 pm11-22

real 82.30
user 0.01
sys 0.00
rvms 30 nvms 5 pm11-23

real 79.06
user 0.01
sys 0.00
rvms 30 nvms 5 pm11-24

real 96.05
user 0.00
sys 0.01
rvms 29 nvms 5 pm11-25

real 65.27
user 0.00
sys 0.00
rvms 28 nvms 5 pm11-26

real 60.60
user 0.01
sys 0.00
rvms 27 nvms 5 pm11-27

real 71.97
user 0.00
sys 0.01
rvms 26 nvms 5 pm11-28

real 99.07
user 0.00
sys 0.00
rvms 25 nvms 5 pm11-29

real 90.34
user 0.00
sys 0.01
rvms 24 nvms 5 pm11-3

real 68.68
user 0.02
sys 0.00
rvms 23 nvms 5 pm11-30

real 52.23
user 0.00
sys 0.00
rvms 22 nvms 5 pm11-31

real 103.44
user 0.00
sys 0.01
rvms 21 nvms 5 pm11-32

real 82.25
user 0.01
sys 0.00
rvms 20 nvms 5 pm11-33

real 65.90
user 0.00
sys 0.00
rvms 19 nvms 5 pm11-34

real 100.26
user 0.00
sys 0.00
rvms 18 nvms 5 pm11-35

real 67.16
user 0.00
sys 0.01
rvms 17 nvms 5 pm11-36

real 75.68
user 0.01
sys 0.01
rvms 16 nvms 5 pm11-37

real 67.35
user 0.01
sys 0.00
rvms 15 nvms 5 pm11-38

real 93.38
user 0.00
sys 0.00
rvms 14 nvms 5 pm11-39

real 82.89
user 0.01
sys 0.00
rvms 13 nvms 5 pm11-4

real 75.31
user 0.00
sys 0.01
rvms 12 nvms 5 pm11-40

real 73.02
user 0.00
sys 0.00
rvms 11 nvms 5 pm11-41

real 90.94
user 0.00
sys 0.01
rvms 10 nvms 5 pm11-42

real 55.31
user 0.00
sys 0.00
rvms 8 nvms 5 pm11-43

real 82.04
user 0.01
sys 0.00
rvms 8 nvms 5 pm11-44

real 67.07
user 0.01
sys 0.00
rvms 7 nvms 5 pm11-45

real 107.23
user 0.00
sys 0.00

real 66.76
user 0.01
sys 0.00

real 61.97
user 0.00
sys 0.00

real 70.20
user 0.00
sys 0.00

real 73.35
user 0.01
sys 0.00

real 56.75
user 0.00
sys 0.00
real 542.21
user 13.70
sys 37.84

Wed May 30 06:13:44 2012
----------------
