Log of time -p /home/tsugawa/vmanage/parallel 6 
Tue May 29 18:46:28 2012

rvms 40 nvms 0 pm11-1
rvms 40 nvms 1 pm11-10
rvms 40 nvms 2 pm11-11
rvms 40 nvms 3 pm11-12
rvms 40 nvms 4 pm11-13
rvms 40 nvms 5 pm11-14

real 43.09
user 0.01
sys 0.00

real 43.31
user 0.01
sys 0.00
rvms 40 nvms 4 pm11-15
rvms 38 nvms 5 pm11-16

real 68.64
user 0.01
sys 0.00
rvms 38 nvms 5 pm11-17

real 73.49
user 0.00
sys 0.00
rvms 37 nvms 5 pm11-18

real 79.34
user 0.01
sys 0.00
rvms 36 nvms 5 pm11-19

real 41.62
user 0.00
sys 0.01
rvms 35 nvms 5 pm11-2

real 85.02
user 0.00
sys 0.00
rvms 33 nvms 5 pm11-20

real 65.26
user 0.01
sys 0.00
rvms 33 nvms 5 pm11-21

real 49.29
user 0.00
sys 0.01
rvms 32 nvms 5 pm11-22

real 40.79
user 0.00
sys 0.01
rvms 31 nvms 5 pm11-23

real 57.34
user 0.00
sys 0.01
rvms 29 nvms 5 pm11-24

real 59.99
user 0.00
sys 0.00
rvms 29 nvms 5 pm11-25

real 71.57
user 0.00
sys 0.01
rvms 28 nvms 5 pm11-26

real 69.67
user 0.01
sys 0.00
rvms 27 nvms 5 pm11-27

real 65.57
user 0.00
sys 0.01
rvms 26 nvms 5 pm11-28

real 73.31
user 0.01
sys 0.00
rvms 25 nvms 5 pm11-29

real 49.43
user 0.01
sys 0.00
rvms 24 nvms 5 pm11-3

real 79.19
user 0.00
sys 0.00
rvms 23 nvms 5 pm11-30

real 63.19
user 0.01
sys 0.00
rvms 22 nvms 5 pm11-31

real 61.70
user 0.00
sys 0.00
rvms 21 nvms 5 pm11-32

real 41.20
user 0.01
sys 0.00
rvms 20 nvms 5 pm11-33

real 65.66
user 0.00
sys 0.00
rvms 19 nvms 5 pm11-34

real 62.66
user 0.00
sys 0.01
rvms 18 nvms 5 pm11-35

real 63.58
user 0.00
sys 0.01
rvms 17 nvms 5 pm11-36

real 60.99
user 0.00
sys 0.00
rvms 16 nvms 5 pm11-37

real 61.34
user 0.01
sys 0.00
rvms 15 nvms 5 pm11-38

real 68.64
user 0.00
sys 0.00
rvms 14 nvms 5 pm11-39

real 56.25
user 0.01
sys 0.00
rvms 13 nvms 5 pm11-4

real 48.85
user 0.01
sys 0.00
rvms 12 nvms 5 pm11-40

real 54.76
user 0.01
sys 0.00
rvms 11 nvms 5 pm11-41

real 70.32
user 0.01
sys 0.00
rvms 10 nvms 5 pm11-42

real 40.66
user 0.01
sys 0.00
rvms 9 nvms 5 pm11-43

real 58.07
user 0.00
sys 0.00
rvms 8 nvms 5 pm11-44

real 69.49
user 0.00
sys 0.00
rvms 7 nvms 5 pm11-45

real 70.10
user 0.01
sys 0.00

real 86.30
user 0.01
sys 0.00

real 62.56
user 0.01
sys 0.00

real 54.92
user 0.01
sys 0.00

real 62.02
user 0.00
sys 0.00

real 52.51
user 0.00
sys 0.00
real 431.17
user 11.52
sys 27.55

Tue May 29 18:53:39 2012
----------------
