Log of time -p /home/tsugawa/vmanage/parallel 6 
Tue May 29 09:50:03 2012

rvms 40 nvms 0 pm11-1
rvms 40 nvms 1 pm11-10
rvms 40 nvms 2 pm11-11
rvms 40 nvms 3 pm11-12
rvms 40 nvms 4 pm11-13
rvms 40 nvms 5 pm11-14

real 44.21
user 0.00
sys 0.01
rvms 40 nvms 5 pm11-15

real 51.67
user 0.00
sys 0.00
rvms 39 nvms 5 pm11-16

real 67.06
user 0.01
sys 0.00
rvms 38 nvms 5 pm11-17

real 76.40
user 0.00
sys 0.00
rvms 37 nvms 5 pm11-18

real 83.05
user 0.00
sys 0.01
rvms 36 nvms 5 pm11-19

real 92.28
user 0.00
sys 0.00
rvms 35 nvms 5 pm11-2

real 95.72
user 0.01
sys 0.00
rvms 34 nvms 5 pm11-20

real 77.12
user 0.00
sys 0.01
rvms 33 nvms 5 pm11-21

real 99.11
user 0.01
sys 0.00
rvms 32 nvms 5 pm11-22

real 75.67
user 0.00
sys 0.01
rvms 31 nvms 5 pm11-23

real 66.14
user 0.01
sys 0.00
rvms 30 nvms 5 pm11-24

real 84.57
user 0.00
sys 0.00
rvms 29 nvms 5 pm11-25

real 62.54
user 0.00
sys 0.01
rvms 28 nvms 5 pm11-26

real 68.54
user 0.01
sys 0.00
rvms 27 nvms 5 pm11-27

real 74.52
user 0.01
sys 0.00
rvms 26 nvms 5 pm11-28

real 82.49
user 0.01
sys 0.00
rvms 24 nvms 5 pm11-29

real 86.27
user 0.00
sys 0.00
rvms 24 nvms 5 pm11-3

real 96.36
user 0.01
sys 0.00
rvms 23 nvms 5 pm11-30

real 69.07
user 0.00
sys 0.00
rvms 22 nvms 5 pm11-31

real 76.63
user 0.00
sys 0.00
rvms 21 nvms 5 pm11-32

real 67.90
user 0.00
sys 0.00
rvms 20 nvms 5 pm11-33

real 71.43
user 0.00
sys 0.00
rvms 19 nvms 5 pm11-34

real 90.85
user 0.01
sys 0.00
rvms 18 nvms 5 pm11-35

real 77.73
user 0.01
sys 0.00
rvms 17 nvms 5 pm11-36

real 40.72
user 0.00
sys 0.00
rvms 16 nvms 5 pm11-37

real 56.90
user 0.01
sys 0.00
rvms 14 nvms 5 pm11-38

real 77.03
user 0.00
sys 0.01
rvms 14 nvms 5 pm11-39

real 76.78
user 0.00
sys 0.00
rvms 13 nvms 5 pm11-4

real 58.15
user 0.00
sys 0.00
rvms 12 nvms 5 pm11-40

real 49.02
user 0.00
sys 0.00
rvms 11 nvms 5 pm11-41

real 66.19
user 0.00
sys 0.01
rvms 10 nvms 5 pm11-42

real 69.97
user 0.01
sys 0.00
rvms 9 nvms 5 pm11-43

real 74.72
user 0.00
sys 0.01
rvms 7 nvms 5 pm11-44

real 58.77
user 0.01
sys 0.00
rvms 7 nvms 5 pm11-45

real 49.69
user 0.00
sys 0.00

real 74.94
user 0.01
sys 0.00

real 55.79
user 0.01
sys 0.00

real 44.20
user 0.00
sys 0.01

real 82.08
user 0.01
sys 0.00

real 86.80
user 0.00
sys 0.00
real 502.76
user 13.36
sys 32.19

Tue May 29 09:58:26 2012
----------------
