Log of time -p /home/tsugawa/vmanage/parallel 6 
Sun Jun  3 01:35:37 2012

rvms 40 nvms 0 pm11-1
rvms 40 nvms 1 pm11-10
rvms 40 nvms 2 pm11-11
rvms 40 nvms 3 pm11-12
rvms 40 nvms 4 pm11-13
rvms 40 nvms 5 pm11-14

real 43.32
user 0.01
sys 0.00
rvms 40 nvms 5 pm11-15

real 43.80
user 0.00
sys 0.00


real 43.91
user 0.01
sys 0.00
real 43.85
user 0.00
sys 0.01
rvms 35 nvms 3 pm11-16
rvms 35 nvms 4 pm11-17
rvms 35 nvms 5 pm11-18

real 44.21
user 0.00
sys 0.00
rvms 35 nvms 5 pm11-19

real 51.12
user 0.00
sys 0.00
rvms 35 nvms 5 pm11-2

real 41.18
user 0.00
sys 0.00
rvms 34 nvms 5 pm11-20

real 49.86
user 0.00
sys 0.01
rvms 33 nvms 5 pm11-21

real 50.53
user 0.00
sys 0.00
rvms 31 nvms 5 pm11-22

real 51.57
user 0.00
sys 0.01
rvms 30 nvms 5 pm11-23

real 51.23
user 0.00
sys 0.00
rvms 28 nvms 5 pm11-24

real 51.99
user 0.00
sys 0.01
rvms 28 nvms 5 pm11-25

real 40.97
user 0.01
sys 0.01
rvms 28 nvms 5 pm11-26

real 40.81
user 0.01
sys 0.01
rvms 27 nvms 5 pm11-27

real 41.44
user 0.01
sys 0.00
rvms 26 nvms 5 pm11-28

real 40.97
user 0.00
sys 0.00
rvms 25 nvms 5 pm11-29

real 41.69
user 0.01
sys 0.00

real 41.89
user 0.01
sys 0.00
rvms 22 nvms 4 pm11-3
rvms 22 nvms 5 pm11-30

real 40.88
user 0.00
sys 0.01
rvms 22 nvms 5 pm11-31

real 41.73
user 0.00
sys 0.01
rvms 21 nvms 5 pm11-32

real 41.97
user 0.01
sys 0.00
rvms 19 nvms 5 pm11-33

real 44.89
user 0.00
sys 0.01
rvms 19 nvms 5 pm11-34

real 49.30
user 0.01
sys 0.00
rvms 18 nvms 5 pm11-35

real 48.82
user 0.01
sys 0.00
rvms 17 nvms 5 pm11-36

real 40.81
user 0.00
sys 0.01
rvms 16 nvms 5 pm11-37

real 41.07
user 0.01
sys 0.00

real 40.97
user 0.01
sys 0.00
rvms 15 nvms 4 pm11-38
rvms 13 nvms 5 pm11-39

real 40.82
user 0.00
sys 0.01
rvms 13 nvms 5 pm11-4

real 46.73
user 0.01
sys 0.00
rvms 12 nvms 5 pm11-40

real 48.48
user 0.00
sys 0.00
rvms 10 nvms 5 pm11-41

real 40.93
user 0.00
sys 0.01
rvms 10 nvms 5 pm11-42

real 41.30
user 0.00
sys 0.00
rvms 9 nvms 5 pm11-43

real 41.91
user 0.00
sys 0.01
rvms 7 nvms 5 pm11-44

real 40.88
user 0.00
sys 0.00
rvms 7 nvms 5 pm11-45

real 40.89
user 0.00
sys 0.00

real 40.87
user 0.00
sys 0.00

real 40.86
user 0.00
sys 0.00

real 40.42
user 0.00
sys 0.01

real 40.84
user 0.01
sys 0.00

real 40.89
user 0.00
sys 0.00
real 304.86
user 8.24
sys 19.84

Sun Jun  3 01:40:42 2012
----------------
