Log of time -p /home/tsugawa/vmanage/parallel 6 
Fri Jun  1 02:07:26 2012

rvms 40 nvms 0 pm11-1
rvms 40 nvms 1 pm11-10
rvms 40 nvms 2 pm11-11
rvms 40 nvms 3 pm11-12
rvms 40 nvms 4 pm11-13
rvms 40 nvms 5 pm11-14

real 46.58
user 0.01
sys 0.00
rvms 40 nvms 5 pm11-15

real 59.87
user 0.01
sys 0.00
rvms 39 nvms 5 pm11-16

real 61.96
user 0.01
sys 0.00
rvms 38 nvms 5 pm11-17

real 66.44
user 0.00
sys 0.01
rvms 37 nvms 5 pm11-18

real 73.29
user 0.00
sys 0.00
rvms 36 nvms 5 pm11-19

real 78.98
user 0.01
sys 0.00
rvms 35 nvms 5 pm11-2

real 56.05
user 0.01
sys 0.00
rvms 34 nvms 5 pm11-20

real 46.74
user 0.00
sys 0.00
rvms 33 nvms 5 pm11-21

real 56.21
user 0.01
sys 0.00
rvms 32 nvms 5 pm11-22

real 42.03
user 0.01
sys 0.00
rvms 31 nvms 5 pm11-23

real 48.46
user 0.00
sys 0.00
rvms 29 nvms 5 pm11-24

real 68.24
user 0.00
sys 0.01
rvms 29 nvms 5 pm11-25

real 58.84
user 0.00
sys 0.01
rvms 28 nvms 5 pm11-26

real 65.48
user 0.00
sys 0.01
rvms 27 nvms 5 pm11-27

real 60.30
user 0.01
sys 0.00
rvms 26 nvms 5 pm11-28

real 48.52
user 0.00
sys 0.01
rvms 25 nvms 5 pm11-29

real 63.12
user 0.01
sys 0.00
rvms 24 nvms 5 pm11-3

real 65.72
user 0.00
sys 0.01
rvms 23 nvms 5 pm11-30

real 49.09
user 0.01
sys 0.00
rvms 22 nvms 5 pm11-31

real 41.01
user 0.00
sys 0.00
rvms 21 nvms 5 pm11-32

real 60.45
user 0.02
sys 0.00
rvms 20 nvms 5 pm11-33

real 55.01
user 0.01
sys 0.00
rvms 19 nvms 5 pm11-34

real 61.57
user 0.00
sys 0.01
rvms 18 nvms 5 pm11-35

real 63.75
user 0.00
sys 0.00
rvms 17 nvms 5 pm11-36

real 54.24
user 0.01
sys 0.00

real 57.00
user 0.00
sys 0.01
rvms 16 nvms 4 pm11-37
rvms 14 nvms 5 pm11-38

real 48.81
user 0.00
sys 0.00
rvms 14 nvms 5 pm11-39

real 51.39
user 0.01
sys 0.00
rvms 13 nvms 5 pm11-4

real 48.99
user 0.00
sys 0.00
rvms 12 nvms 5 pm11-40

real 65.48
user 0.01
sys 0.00
rvms 11 nvms 5 pm11-41

real 57.14
user 0.00
sys 0.01
rvms 10 nvms 5 pm11-42

real 63.52
user 0.01
sys 0.00
rvms 9 nvms 5 pm11-43

real 48.68
user 0.00
sys 0.00
rvms 8 nvms 5 pm11-44

real 49.15
user 0.00
sys 0.01
rvms 7 nvms 5 pm11-45

real 56.88
user 0.01
sys 0.00

real 65.04
user 0.01
sys 0.00

real 40.67
user 0.01
sys 0.00

real 51.65
user 0.01
sys 0.00

real 40.45
user 0.00
sys 0.01

real 48.89
user 0.01
sys 0.00
real 403.00
user 9.99
sys 26.70

Fri Jun  1 02:14:09 2012
----------------
