Log of time -p /home/tsugawa/vmanage/parallel 6 
Fri Jun  1 13:07:59 2012

rvms 40 nvms 0 pm11-1
rvms 40 nvms 1 pm11-10
rvms 40 nvms 2 pm11-11
rvms 40 nvms 3 pm11-12
rvms 40 nvms 4 pm11-13
rvms 40 nvms 5 pm11-14

real 94.61
user 0.01
sys 0.00
rvms 40 nvms 5 pm11-15

real 110.76
user 0.00
sys 0.00
rvms 39 nvms 5 pm11-16

real 117.67
user 0.01
sys 0.00
rvms 38 nvms 5 pm11-17

real 118.17
user 0.00
sys 0.01
rvms 36 nvms 5 pm11-18

real 127.91
user 0.00
sys 0.00
rvms 36 nvms 5 pm11-19

real 148.97
user 0.00
sys 0.01
rvms 35 nvms 5 pm11-2

real 91.83
user 0.00
sys 0.01
rvms 34 nvms 5 pm11-20

real 96.30
user 0.00
sys 0.01
rvms 33 nvms 5 pm11-21

real 123.19
user 0.01
sys 0.00
rvms 32 nvms 5 pm11-22

real 133.24
user 0.01
sys 0.01
rvms 31 nvms 5 pm11-23

real 154.52
user 0.00
sys 0.00
rvms 30 nvms 5 pm11-24

real 136.43
user 0.00
sys 0.00
rvms 29 nvms 5 pm11-25

real 98.02
user 0.00
sys 0.01
rvms 28 nvms 5 pm11-26

real 115.93
user 0.01
sys 0.00
rvms 27 nvms 5 pm11-27

real 124.77
user 0.00
sys 0.01
rvms 26 nvms 5 pm11-28

real 108.40
user 0.01
sys 0.00
rvms 25 nvms 5 pm11-29

real 99.87
user 0.00
sys 0.00
rvms 24 nvms 5 pm11-3

real 114.87
user 0.00
sys 0.00
rvms 23 nvms 5 pm11-30

real 103.28
user 0.00
sys 0.00
rvms 22 nvms 5 pm11-31

real 84.56
user 0.01
sys 0.00
rvms 21 nvms 5 pm11-32

real 120.15
user 0.01
sys 0.00
rvms 20 nvms 5 pm11-33

real 111.04
user 0.00
sys 0.00
rvms 19 nvms 5 pm11-34

real 100.77
user 0.01
sys 0.00
rvms 18 nvms 5 pm11-35

real 94.28
user 0.00
sys 0.00
rvms 17 nvms 5 pm11-36

real 127.06
user 0.01
sys 0.00
rvms 16 nvms 5 pm11-37

real 142.18
user 0.01
sys 0.00
rvms 15 nvms 5 pm11-38

real 81.01
user 0.01
sys 0.00
rvms 13 nvms 5 pm11-39

real 120.56
user 0.01
sys 0.00
rvms 13 nvms 5 pm11-4

real 141.71
user 0.00
sys 0.01
rvms 12 nvms 5 pm11-40

real 133.09
user 0.01
sys 0.00
rvms 11 nvms 5 pm11-41

real 126.20
user 0.00
sys 0.00
rvms 10 nvms 5 pm11-42

real 92.71
user 0.01
sys 0.00
rvms 9 nvms 5 pm11-43

real 101.65
user 0.01
sys 0.00
rvms 8 nvms 5 pm11-44

real 136.39
user 0.00
sys 0.00
rvms 7 nvms 5 pm11-45

real 171.07
user 0.00
sys 0.01

real 111.09
user 0.00
sys 0.00

real 124.39
user 0.01
sys 0.00

real 81.15
user 0.00
sys 0.00

real 101.52
user 0.01
sys 0.00

real 105.86
user 0.00
sys 0.01
real 809.71
user 19.79
sys 52.10

Fri Jun  1 13:21:29 2012
----------------
