Log of time -p /home/tsugawa/vmanage/parallel 6 
Sat Jun  2 16:19:47 2012

rvms 40 nvms 0 pm11-1
rvms 40 nvms 1 pm11-10
rvms 40 nvms 2 pm11-11
rvms 40 nvms 3 pm11-12
rvms 40 nvms 4 pm11-13
rvms 40 nvms 5 pm11-14

real 100.64
user 0.00
sys 0.01
rvms 40 nvms 5 pm11-15

real 109.83
user 0.00
sys 0.01
rvms 39 nvms 5 pm11-16

real 112.56
user 0.00
sys 0.01
rvms 38 nvms 5 pm11-17

real 130.09
user 0.01
sys 0.00
rvms 37 nvms 5 pm11-18

real 131.74
user 0.01
sys 0.00
rvms 36 nvms 5 pm11-19

real 179.11
user 0.01
sys 0.00
rvms 35 nvms 5 pm11-2

real 105.35
user 0.00
sys 0.01
rvms 34 nvms 5 pm11-20

real 102.50
user 0.01
sys 0.00
rvms 33 nvms 5 pm11-21

real 95.91
user 0.01
sys 0.00
rvms 32 nvms 5 pm11-22

real 108.38
user 0.01
sys 0.00
rvms 31 nvms 5 pm11-23

real 129.79
user 0.01
sys 0.00
rvms 29 nvms 5 pm11-24

real 124.26
user 0.01
sys 0.00
rvms 29 nvms 5 pm11-25

real 81.46
user 0.00
sys 0.00
rvms 28 nvms 5 pm11-26

real 126.49
user 0.01
sys 0.00
rvms 27 nvms 5 pm11-27

real 118.20
user 0.00
sys 0.01
rvms 25 nvms 5 pm11-28

real 155.92
user 0.00
sys 0.01
rvms 25 nvms 5 pm11-29

real 221.26
user 0.00
sys 0.00
rvms 24 nvms 5 pm11-3

real 134.98
user 0.01
sys 0.00
rvms 23 nvms 5 pm11-30

real 163.11
user 0.00
sys 0.01
rvms 22 nvms 5 pm11-31

real 121.21
user 0.01
sys 0.00
rvms 21 nvms 5 pm11-32

real 148.95
user 0.01
sys 0.00
rvms 20 nvms 5 pm11-33

real 181.26
user 0.00
sys 0.01
rvms 19 nvms 5 pm11-34

real 126.96
user 0.01
sys 0.00
rvms 18 nvms 5 pm11-35

real 122.29
user 0.00
sys 0.00
rvms 17 nvms 5 pm11-36

real 158.62
user 0.00
sys 0.00
rvms 16 nvms 5 pm11-37

real 181.83
user 0.00
sys 0.00
rvms 15 nvms 5 pm11-38

real 215.11
user 0.01
sys 0.00
rvms 14 nvms 5 pm11-39

real 149.91
user 0.01
sys 0.00
rvms 13 nvms 5 pm11-4

real 189.02
user 0.00
sys 0.00
rvms 12 nvms 5 pm11-40

real 205.85
user 0.00
sys 0.00
rvms 11 nvms 5 pm11-41

real 275.95
user 0.00
sys 0.01
rvms 10 nvms 5 pm11-42

real 194.67
user 0.01
sys 0.00
rvms 9 nvms 5 pm11-43

real 140.22
user 0.01
sys 0.00
rvms 7 nvms 5 pm11-44

real 141.25
user 0.00
sys 0.00
rvms 7 nvms 5 pm11-45

real 154.68
user 0.00
sys 0.01

real 225.95
user 0.01
sys 0.00

real 164.84
user 0.01
sys 0.00

real 166.80
user 0.01
sys 0.00

real 232.32
user 0.00
sys 0.01

real 195.12
user 0.00
sys 0.00
real 1055.39
user 23.49
sys 62.09

Sat Jun  2 16:37:23 2012
----------------
