Log of time -p /home/tsugawa/vmanage/parallel 8 
Fri Jun  1 03:08:16 2012

rvms 40 nvms 0 pm11-1
rvms 40 nvms 1 pm11-10
rvms 40 nvms 2 pm11-11
rvms 40 nvms 3 pm11-12
rvms 40 nvms 4 pm11-13
rvms 40 nvms 5 pm11-14
rvms 40 nvms 6 pm11-15
rvms 40 nvms 7 pm11-16

real 77.18
user 0.00
sys 0.00
rvms 40 nvms 7 pm11-17

real 83.02
user 0.00
sys 0.01
rvms 39 nvms 7 pm11-18

real 84.20
user 0.01
sys 0.00
rvms 37 nvms 7 pm11-19

real 84.87
user 0.00
sys 0.01
rvms 36 nvms 7 pm11-2

real 89.36
user 0.00
sys 0.00
rvms 36 nvms 7 pm11-20

real 98.67
user 0.01
sys 0.00
rvms 35 nvms 7 pm11-21

real 107.25
user 0.00
sys 0.00
rvms 34 nvms 7 pm11-22

real 111.21
user 0.01
sys 0.00
rvms 33 nvms 7 pm11-23

real 73.52
user 0.01
sys 0.00
rvms 32 nvms 7 pm11-24

real 77.74
user 0.00
sys 0.02
rvms 31 nvms 7 pm11-25

real 93.22
user 0.01
sys 0.00
rvms 30 nvms 7 pm11-26

real 91.38
user 0.00
sys 0.01
rvms 29 nvms 7 pm11-27

real 92.56
user 0.01
sys 0.00
rvms 28 nvms 7 pm11-28

real 76.26
user 0.00
sys 0.00
rvms 27 nvms 7 pm11-29

real 77.43
user 0.00
sys 0.00
rvms 26 nvms 7 pm11-3

real 91.40
user 0.00
sys 0.00
rvms 24 nvms 7 pm11-30

real 79.48
user 0.01
sys 0.00
rvms 24 nvms 7 pm11-31

real 88.92
user 0.01
sys 0.00
rvms 23 nvms 7 pm11-32

real 75.22
user 0.00
sys 0.01
rvms 22 nvms 7 pm11-33

real 84.04
user 0.01
sys 0.00
rvms 21 nvms 7 pm11-34

real 110.73
user 0.00
sys 0.00
rvms 20 nvms 7 pm11-35

real 93.41
user 0.00
sys 0.01
rvms 19 nvms 7 pm11-36

real 87.68
user 0.01
sys 0.00
rvms 17 nvms 7 pm11-37

real 102.62
user 0.00
sys 0.01
rvms 17 nvms 7 pm11-38

real 66.46
user 0.01
sys 0.00
rvms 16 nvms 7 pm11-39

real 64.70
user 0.01
sys 0.01
rvms 15 nvms 7 pm11-4

real 74.10
user 0.00
sys 0.00
rvms 14 nvms 7 pm11-40

real 80.28
user 0.02
sys 0.00
rvms 13 nvms 7 pm11-41

real 77.49
user 0.00
sys 0.01
rvms 12 nvms 7 pm11-42

real 82.99
user 0.00
sys 0.00
rvms 11 nvms 7 pm11-43

real 92.79
user 0.01
sys 0.00
rvms 10 nvms 7 pm11-44

real 90.41
user 0.00
sys 0.00
rvms 9 nvms 7 pm11-45

real 71.43
user 0.01
sys 0.00

real 69.04
user 0.01
sys 0.00

real 66.07
user 0.00
sys 0.00

real 46.59
user 0.01
sys 0.00

real 79.65
user 0.00
sys 0.01

real 66.81
user 0.00
sys 0.01

real 67.84
user 0.01
sys 0.00

real 88.17
user 0.01
sys 0.00
real 443.29
user 12.79
sys 30.07

Fri Jun  1 03:15:39 2012
----------------
