Log of time -p /home/tsugawa/vmanage/parallel 8 
Fri Jun  1 13:58:16 2012

rvms 40 nvms 0 pm11-1
rvms 40 nvms 1 pm11-10
rvms 40 nvms 2 pm11-11
rvms 40 nvms 3 pm11-12
rvms 40 nvms 4 pm11-13
rvms 40 nvms 5 pm11-14
rvms 40 nvms 6 pm11-15
rvms 40 nvms 7 pm11-16

real 164.92
user 0.01
sys 0.00
rvms 40 nvms 7 pm11-17

real 201.23
user 0.00
sys 0.01
rvms 39 nvms 7 pm11-18

real 202.77
user 0.01
sys 0.00
rvms 37 nvms 7 pm11-19

real 210.18
user 0.01
sys 0.00
rvms 37 nvms 7 pm11-2

real 218.71
user 0.01
sys 0.00
rvms 36 nvms 7 pm11-20

real 232.75
user 0.00
sys 0.00
rvms 35 nvms 7 pm11-21

real 253.63
user 0.01
sys 0.00
rvms 34 nvms 7 pm11-22

real 258.92
user 0.00
sys 0.00
rvms 33 nvms 7 pm11-23

real 180.59
user 0.01
sys 0.00
rvms 32 nvms 7 pm11-24

real 153.69
user 0.01
sys 0.00
rvms 31 nvms 7 pm11-25

real 208.80
user 0.01
sys 0.00
rvms 30 nvms 7 pm11-26

real 208.64
user 0.01
sys 0.00
rvms 29 nvms 7 pm11-27

real 227.38
user 0.01
sys 0.01
rvms 27 nvms 7 pm11-28

real 237.97
user 0.01
sys 0.01
rvms 27 nvms 7 pm11-29

real 215.70
user 0.01
sys 0.00
rvms 26 nvms 7 pm11-3

real 233.73
user 0.01
sys 0.00
rvms 25 nvms 7 pm11-30

real 211.31
user 0.01
sys 0.00
rvms 24 nvms 7 pm11-31

real 158.62
user 0.01
sys 0.00
rvms 23 nvms 7 pm11-32

real 176.64
user 0.01
sys 0.00
rvms 22 nvms 7 pm11-33

real 221.11
user 0.01
sys 0.01
rvms 21 nvms 7 pm11-34

real 233.79
user 0.00
sys 0.00
rvms 19 nvms 7 pm11-35

real 169.03
user 0.00
sys 0.00
rvms 19 nvms 7 pm11-36

real 234.69
user 0.01
sys 0.00
rvms 18 nvms 7 pm11-37

real 274.74
user 0.02
sys 0.00
rvms 17 nvms 7 pm11-38

real 149.72
user 0.01
sys 0.00
rvms 16 nvms 7 pm11-39

real 212.96
user 0.00
sys 0.01
rvms 15 nvms 7 pm11-4

real 211.57
user 0.00
sys 0.01
rvms 14 nvms 7 pm11-40

real 271.27
user 0.00
sys 0.01
rvms 13 nvms 7 pm11-41

real 238.45
user 0.01
sys 0.00
rvms 11 nvms 7 pm11-42

real 340.22
user 0.00
sys 0.00
rvms 11 nvms 7 pm11-43

real 378.36
user 0.00
sys 0.00
rvms 10 nvms 7 pm11-44

real 335.69
user 0.00
sys 0.00
rvms 9 nvms 7 pm11-45

real 387.03
user 0.00
sys 0.01

real 435.76
user 0.00
sys 0.01

real 318.64
user 0.00
sys 0.00

real 348.23
user 0.01
sys 0.00

real 282.15
user 0.01
sys 0.00

real 452.79
user 0.00
sys 0.00

real 510.54
user 0.01
sys 0.00

real 371.14
user 0.00
sys 0.00
real 1443.16
user 32.50
sys 84.11

Fri Jun  1 14:22:20 2012
----------------
