Log of time -p /home/tsugawa/vmanage/parallel 8 
Wed May 30 06:50:17 2012

rvms 40 nvms 0 pm11-1
rvms 40 nvms 1 pm11-10
rvms 40 nvms 2 pm11-11
rvms 40 nvms 3 pm11-12
rvms 40 nvms 4 pm11-13
rvms 40 nvms 5 pm11-14
rvms 40 nvms 6 pm11-15
rvms 40 nvms 7 pm11-16

real 93.16
user 0.00
sys 0.00
rvms 40 nvms 7 pm11-17

real 97.73
user 0.01
sys 0.00
rvms 39 nvms 7 pm11-18

real 100.90
user 0.00
sys 0.00
rvms 38 nvms 7 pm11-19

real 118.39
user 0.01
sys 0.00
rvms 37 nvms 7 pm11-2

real 121.27
user 0.00
sys 0.00
rvms 35 nvms 7 pm11-20

real 123.38
user 0.00
sys 0.00
rvms 35 nvms 7 pm11-21

real 141.43
user 0.00
sys 0.00
rvms 34 nvms 7 pm11-22

real 142.27
user 0.01
sys 0.00
rvms 32 nvms 7 pm11-23

real 107.83
user 0.01
sys 0.01
rvms 32 nvms 7 pm11-24

real 83.34
user 0.00
sys 0.00
rvms 31 nvms 7 pm11-25

real 86.49
user 0.01
sys 0.00
rvms 30 nvms 7 pm11-26

real 117.04
user 0.01
sys 0.00
rvms 29 nvms 7 pm11-27

real 132.97
user 0.01
sys 0.00
rvms 28 nvms 7 pm11-28

real 123.58
user 0.01
sys 0.00
rvms 27 nvms 7 pm11-29

real 118.54
user 0.01
sys 0.00
rvms 26 nvms 7 pm11-3

real 158.33
user 0.00
sys 0.00
rvms 25 nvms 7 pm11-30

real 114.34
user 0.00
sys 0.00
rvms 24 nvms 7 pm11-31

real 126.43
user 0.01
sys 0.00
rvms 23 nvms 7 pm11-32

real 119.71
user 0.00
sys 0.00
rvms 21 nvms 7 pm11-33

real 132.46
user 0.01
sys 0.00
rvms 21 nvms 7 pm11-34

real 118.23
user 0.00
sys 0.00
rvms 20 nvms 7 pm11-35

real 144.23
user 0.01
sys 0.00
rvms 19 nvms 7 pm11-36

real 156.16
user 0.01
sys 0.00
rvms 18 nvms 7 pm11-37

real 116.74
user 0.01
sys 0.00
rvms 17 nvms 7 pm11-38

real 114.45
user 0.01
sys 0.00
rvms 16 nvms 7 pm11-39

real 147.81
user 0.01
sys 0.00
rvms 15 nvms 7 pm11-4

real 133.18
user 0.00
sys 0.00
rvms 14 nvms 7 pm11-40

real 120.26
user 0.00
sys 0.01
rvms 13 nvms 7 pm11-41

real 97.68
user 0.01
sys 0.00
rvms 12 nvms 7 pm11-42

real 126.34
user 0.00
sys 0.00
rvms 11 nvms 7 pm11-43

real 82.82
user 0.00
sys 0.00
rvms 10 nvms 7 pm11-44

real 100.29
user 0.00
sys 0.01
rvms 9 nvms 7 pm11-45

real 114.07
user 0.01
sys 0.00

real 139.20
user 0.00
sys 0.01

real 97.49
user 0.00
sys 0.01

real 94.77
user 0.00
sys 0.00

real 89.13
user 0.00
sys 0.00

real 143.40
user 0.01
sys 0.00

real 89.65
user 0.01
sys 0.00

real 143.20
user 0.00
sys 0.00
real 674.02
user 17.92
sys 44.26

Wed May 30 07:01:31 2012
----------------
