Log of time -p /home/tsugawa/vmanage/parallel 8 
Sat Jun  2 02:17:01 2012

rvms 40 nvms 0 pm11-1
rvms 40 nvms 1 pm11-10
rvms 40 nvms 2 pm11-11
rvms 40 nvms 3 pm11-12
rvms 40 nvms 4 pm11-13
rvms 40 nvms 5 pm11-14
rvms 40 nvms 6 pm11-15
rvms 40 nvms 7 pm11-16

real 136.20
user 0.00
sys 0.00
rvms 40 nvms 7 pm11-17

real 141.37
user 0.01
sys 0.00
rvms 39 nvms 7 pm11-18

real 141.46
user 0.01
sys 0.00
rvms 35 nvms 7 pm11-19

real 143.55
user 0.01
sys 0.00
rvms 35 nvms 7 pm11-2

real 144.02
user 0.00
sys 0.00
rvms 34 nvms 7 pm11-20

real 144.38
user 0.00
sys 0.00
rvms 34 nvms 7 pm11-21

real 167.23
user 0.00
sys 0.00
rvms 34 nvms 7 pm11-22

real 183.35
user 0.01
sys 0.00
rvms 33 nvms 7 pm11-23

real 88.66
user 0.01
sys 0.00
rvms 32 nvms 7 pm11-24

real 98.59
user 0.01
sys 0.02
rvms 31 nvms 7 pm11-25

real 101.97
user 0.00
sys 0.01
rvms 30 nvms 7 pm11-26

real 118.87
user 0.00
sys 0.01
rvms 29 nvms 7 pm11-27

real 96.44
user 0.01
sys 0.00
rvms 28 nvms 7 pm11-28

real 126.16
user 0.01
sys 0.00
rvms 27 nvms 7 pm11-29

real 136.70
user 0.00
sys 0.01
rvms 26 nvms 7 pm11-3

real 107.16
user 0.00
sys 0.01
rvms 25 nvms 7 pm11-30

real 119.63
user 0.00
sys 0.00
rvms 24 nvms 7 pm11-31

real 113.46
user 0.00
sys 0.00
rvms 23 nvms 7 pm11-32

real 181.43
user 0.00
sys 0.00
rvms 22 nvms 7 pm11-33

real 115.57
user 0.01
sys 0.00
rvms 21 nvms 7 pm11-34

real 128.36
user 0.00
sys 0.01
rvms 20 nvms 7 pm11-35

real 141.40
user 0.01
sys 0.00
rvms 19 nvms 7 pm11-36

real 173.19
user 0.00
sys 0.02
rvms 18 nvms 7 pm11-37

real 80.90
user 0.01
sys 0.00
rvms 17 nvms 7 pm11-38

real 113.89
user 0.01
sys 0.00
rvms 16 nvms 7 pm11-39

real 83.10
user 0.01
sys 0.00
rvms 15 nvms 7 pm11-4

real 94.15
user 0.01
sys 0.00
rvms 14 nvms 7 pm11-40

real 135.52
user 0.00
sys 0.00
rvms 13 nvms 7 pm11-41

real 149.40
user 0.00
sys 0.01
rvms 12 nvms 7 pm11-42

real 120.57
user 0.00
sys 0.00
rvms 11 nvms 7 pm11-43

real 153.12
user 0.00
sys 0.00
rvms 10 nvms 7 pm11-44

real 143.31
user 0.01
sys 0.00
rvms 9 nvms 7 pm11-45

real 111.22
user 0.00
sys 0.00

real 182.75
user 0.00
sys 0.00

real 161.83
user 0.01
sys 0.00

real 95.00
user 0.01
sys 0.00

real 179.72
user 0.01
sys 0.00

real 194.70
user 0.00
sys 0.01

real 143.38
user 0.00
sys 0.00

real 153.68
user 0.01
sys 0.00
real 740.57
user 18.88
sys 45.77

Sat Jun  2 02:29:21 2012
----------------
