Log of time -p /home/tsugawa/vmanage/parallel 8 
Sun Jun  3 02:16:59 2012

rvms 40 nvms 0 pm11-1
rvms 40 nvms 1 pm11-10
rvms 40 nvms 2 pm11-11
rvms 40 nvms 3 pm11-12
rvms 40 nvms 4 pm11-13
rvms 40 nvms 5 pm11-14
rvms 40 nvms 6 pm11-15
rvms 40 nvms 7 pm11-16

real 73.60
user 0.00
sys 0.01
rvms 40 nvms 7 pm11-17

real 78.55
user 0.00
sys 0.00
rvms 39 nvms 7 pm11-18

real 81.08
user 0.01
sys 0.00
rvms 38 nvms 7 pm11-19

real 81.41
user 0.00
sys 0.00
rvms 35 nvms 7 pm11-2

real 84.05
user 0.00
sys 0.01
rvms 35 nvms 7 pm11-20

real 98.88
user 0.01
sys 0.00
rvms 35 nvms 7 pm11-21

real 100.43
user 0.00
sys 0.01
rvms 33 nvms 7 pm11-22

real 112.17
user 0.01
sys 0.00
rvms 33 nvms 7 pm11-23

real 55.81
user 0.00
sys 0.01
rvms 32 nvms 7 pm11-24

real 71.79
user 0.00
sys 0.00
rvms 31 nvms 7 pm11-25

real 72.53
user 0.01
sys 0.00
rvms 30 nvms 7 pm11-26

real 79.11
user 0.01
sys 0.01
rvms 29 nvms 7 pm11-27

real 61.07
user 0.01
sys 0.00
rvms 28 nvms 7 pm11-28

real 83.66
user 0.01
sys 0.00
rvms 27 nvms 7 pm11-29

real 62.06
user 0.00
sys 0.00
rvms 26 nvms 7 pm11-3

real 75.66
user 0.00
sys 0.00
rvms 25 nvms 7 pm11-30

real 78.97
user 0.01
sys 0.00
rvms 24 nvms 7 pm11-31

real 70.33
user 0.01
sys 0.01
rvms 23 nvms 7 pm11-32

real 71.37
user 0.01
sys 0.00
rvms 22 nvms 7 pm11-33

real 77.63
user 0.01
sys 0.00
rvms 21 nvms 7 pm11-34

real 77.39
user 0.01
sys 0.00
rvms 20 nvms 7 pm11-35

real 75.48
user 0.01
sys 0.00
rvms 19 nvms 7 pm11-36

real 76.04
user 0.00
sys 0.00
rvms 18 nvms 7 pm11-37

real 94.37
user 0.00
sys 0.00
rvms 17 nvms 7 pm11-38

real 66.09
user 0.00
sys 0.01
rvms 16 nvms 7 pm11-39

real 41.01
user 0.00
sys 0.01
rvms 15 nvms 7 pm11-4

real 49.49
user 0.00
sys 0.01
rvms 14 nvms 7 pm11-40

real 56.70
user 0.00
sys 0.01
rvms 13 nvms 7 pm11-41

real 59.86
user 0.01
sys 0.00
rvms 12 nvms 7 pm11-42

real 49.32
user 0.00
sys 0.00
rvms 11 nvms 7 pm11-43

real 82.89
user 0.01
sys 0.00
rvms 10 nvms 7 pm11-44

real 49.58
user 0.01
sys 0.00
rvms 9 nvms 7 pm11-45

real 61.10
user 0.01
sys 0.00

real 74.59
user 0.01
sys 0.00

real 58.21
user 0.00
sys 0.00

real 75.93
user 0.01
sys 0.00

real 75.34
user 0.01
sys 0.00

real 76.07
user 0.01
sys 0.00

real 76.46
user 0.01
sys 0.00

real 91.31
user 0.01
sys 0.00
real 416.09
user 11.15
sys 26.69

Sun Jun  3 02:23:55 2012
----------------
