Log of time -p /home/tsugawa/vmanage/parallel 8 
Thu May 31 09:01:58 2012

rvms 40 nvms 0 pm11-1
rvms 40 nvms 1 pm11-10
rvms 40 nvms 2 pm11-11
rvms 40 nvms 3 pm11-12
rvms 40 nvms 4 pm11-13
rvms 40 nvms 5 pm11-14
rvms 40 nvms 6 pm11-15
rvms 40 nvms 7 pm11-16

real 66.36
user 0.01
sys 0.00
rvms 40 nvms 7 pm11-17

real 95.00
user 0.00
sys 0.00
rvms 39 nvms 7 pm11-18

real 97.22
user 0.00
sys 0.01
rvms 38 nvms 7 pm11-19

real 109.98
user 0.00
sys 0.01
rvms 37 nvms 7 pm11-2

real 119.12
user 0.01
sys 0.00
rvms 36 nvms 7 pm11-20

real 120.01
user 0.01
sys 0.00
rvms 34 nvms 7 pm11-21

real 132.17
user 0.01
sys 0.00
rvms 34 nvms 7 pm11-22

real 132.76
user 0.01
sys 0.00
rvms 32 nvms 7 pm11-23

real 68.63
user 0.01
sys 0.00
rvms 32 nvms 7 pm11-24

real 103.08
user 0.00
sys 0.00
rvms 31 nvms 7 pm11-25

real 118.12
user 0.00
sys 0.01
rvms 30 nvms 7 pm11-26

real 100.96
user 0.01
sys 0.00
rvms 29 nvms 7 pm11-27

real 118.45
user 0.00
sys 0.00
rvms 28 nvms 7 pm11-28

real 105.69
user 0.01
sys 0.00
rvms 27 nvms 7 pm11-29

real 122.30
user 0.00
sys 0.01
rvms 26 nvms 7 pm11-3

real 110.46
user 0.01
sys 0.00
rvms 24 nvms 7 pm11-30

real 108.70
user 0.01
sys 0.00
rvms 23 nvms 7 pm11-31

real 66.37
user 0.01
sys 0.00
rvms 23 nvms 7 pm11-32

real 88.21
user 0.01
sys 0.00
rvms 22 nvms 7 pm11-33

real 108.44
user 0.01
sys 0.00
rvms 21 nvms 7 pm11-34

real 88.82
user 0.00
sys 0.00
rvms 20 nvms 7 pm11-35

real 90.01
user 0.01
sys 0.00
rvms 19 nvms 7 pm11-36

real 105.38
user 0.00
sys 0.01
rvms 17 nvms 7 pm11-37

real 73.93
user 0.01
sys 0.00
rvms 17 nvms 7 pm11-38

real 116.30
user 0.00
sys 0.01
rvms 16 nvms 7 pm11-39

real 114.74
user 0.01
sys 0.00
rvms 15 nvms 7 pm11-4

real 77.40
user 0.00
sys 0.02
rvms 14 nvms 7 pm11-40

real 80.17
user 0.01
sys 0.00
rvms 13 nvms 7 pm11-41

real 115.07
user 0.00
sys 0.00
rvms 12 nvms 7 pm11-42

real 74.05
user 0.00
sys 0.01
rvms 11 nvms 7 pm11-43

real 82.38
user 0.01
sys 0.00
rvms 10 nvms 7 pm11-44

real 107.10
user 0.01
sys 0.00
rvms 8 nvms 7 pm11-45

real 112.88
user 0.01
sys 0.01

real 82.71
user 0.00
sys 0.01

real 169.17
user 0.01
sys 0.00

real 104.56
user 0.01
sys 0.01

real 85.61
user 0.01
sys 0.00

real 116.24
user 0.01
sys 0.00

real 103.07
user 0.00
sys 0.01

real 132.56
user 0.00
sys 0.02
real 565.14
user 15.17
sys 35.95

Thu May 31 09:11:24 2012
----------------
