Log of time -p /home/tsugawa/vmanage/parallel 8 
Tue May 29 19:29:52 2012

rvms 40 nvms 0 pm11-1
rvms 40 nvms 1 pm11-10
rvms 40 nvms 2 pm11-11
rvms 40 nvms 3 pm11-12
rvms 40 nvms 4 pm11-13
rvms 40 nvms 5 pm11-14
rvms 40 nvms 6 pm11-15
rvms 40 nvms 7 pm11-16

real 130.77
user 0.00
sys 0.01
rvms 40 nvms 7 pm11-17

real 142.16
user 0.01
sys 0.00
rvms 39 nvms 7 pm11-18

real 159.72
user 0.01
sys 0.00
rvms 38 nvms 7 pm11-19

real 161.51
user 0.01
sys 0.00
rvms 36 nvms 7 pm11-2

real 178.35
user 0.01
sys 0.00
rvms 36 nvms 7 pm11-20

real 183.61
user 0.01
sys 0.00
rvms 35 nvms 7 pm11-21

real 183.98
user 0.00
sys 0.00
rvms 33 nvms 7 pm11-22

real 200.06
user 0.01
sys 0.00
rvms 33 nvms 7 pm11-23

real 98.69
user 0.00
sys 0.00
rvms 32 nvms 7 pm11-24

real 120.58
user 0.00
sys 0.01

real 131.84
user 0.00
sys 0.01
rvms 31 nvms 6 pm11-25
rvms 29 nvms 7 pm11-26

real 81.97
user 0.00
sys 0.00
rvms 29 nvms 7 pm11-27

real 105.77
user 0.01
sys 0.01
rvms 28 nvms 7 pm11-28

real 104.63
user 0.00
sys 0.00
rvms 27 nvms 7 pm11-29

real 136.28
user 0.01
sys 0.00
rvms 26 nvms 7 pm11-3

real 117.93
user 0.01
sys 0.00
rvms 25 nvms 7 pm11-30

real 129.78
user 0.01
sys 0.00
rvms 24 nvms 7 pm11-31

real 143.06
user 0.01
sys 0.00
rvms 23 nvms 7 pm11-32

real 142.48
user 0.01
sys 0.00
rvms 21 nvms 7 pm11-33

real 120.78
user 0.00
sys 0.00
rvms 21 nvms 7 pm11-34

real 142.81
user 0.00
sys 0.01
rvms 20 nvms 7 pm11-35

real 190.80
user 0.01
sys 0.00
rvms 19 nvms 7 pm11-36

real 161.75
user 0.01
sys 0.00
rvms 18 nvms 7 pm11-37

real 163.48
user 0.01
sys 0.00
rvms 17 nvms 7 pm11-38

real 128.05
user 0.00
sys 0.00
rvms 16 nvms 7 pm11-39

real 123.46
user 0.01
sys 0.00
rvms 15 nvms 7 pm11-4

real 151.52
user 0.01
sys 0.00
rvms 14 nvms 7 pm11-40

real 157.54
user 0.01
sys 0.00
rvms 13 nvms 7 pm11-41

real 158.07
user 0.00
sys 0.00
rvms 12 nvms 7 pm11-42

real 160.79
user 0.01
sys 0.00
rvms 11 nvms 7 pm11-43

real 193.38
user 0.00
sys 0.00
rvms 10 nvms 7 pm11-44

real 166.66
user 0.01
sys 0.00
rvms 9 nvms 7 pm11-45

real 142.63
user 0.01
sys 0.00

real 175.95
user 0.00
sys 0.00

real 186.98
user 0.00
sys 0.00

real 143.68
user 0.01
sys 0.00

real 211.08
user 0.01
sys 0.00

real 126.17
user 0.01
sys 0.00

real 165.64
user 0.01
sys 0.00

real 169.34
user 0.01
sys 0.00
real 790.64
user 21.05
sys 52.33

Tue May 29 19:43:02 2012
----------------
