Log of time -p ./controller 
Fri May  4 13:56:43 2012

rvms 40
rvms 40 nvms 6 6

real 37.67
user 0.01
sys 0.00

real 38.79
user 0.00
sys 0.00

real 45.82
user 0.00
sys 0.01

real 53.49
user 0.00
sys 0.00

real 54.05
user 0.00
sys 0.01

real 54.57
user 0.00
sys 0.00
real 54.61
user 0.04
sys 0.06
summary 6 54.61 395.53195385460538362937 54.61
rvms 34 nvms 7 7

real 43.83
user 0.00
sys 0.01

real 46.06
user 0.00
sys 0.00

real 53.57
user 0.00
sys 0.00

real 55.59
user 0.00
sys 0.00

real 56.55
user 0.00
sys 0.00

real 60.67
user 0.01
sys 0.00

real 61.78
user 0.01
sys 0.00
real 61.82
user 0.06
sys 0.04
summary 7 61.82 407.63506955677774183112 116.43
rvms 27 nvms 8 8

real 63.19
user 0.00
sys 0.01

real 67.84
user 0.00
sys 0.00

real 68.69
user 0.01
sys 0.00

real 76.82
user 0.00
sys 0.00

real 78.47
user 0.00
sys 0.00

real 84.07
user 0.00
sys 0.01

real 84.43
user 0.01
sys 0.00

real 99.97
user 0.00
sys 0.00
real 99.99
user 0.06
sys 0.05
summary 8 99.99 288.02880288028802880288 216.42
rvms 19 nvms 4 4

real 33.43
user 0.01
sys 0.00

real 33.67
user 0.00
sys 0.00

real 44.54
user 0.00
sys 0.01

real 46.91
user 0.00
sys 0.00
real 46.93
user 0.03
sys 0.02
summary 4 46.93 306.83997443000213083315 263.35
rvms 15 nvms 5 5

real 38.52
user 0.01
sys 0.00

real 45.71
user 0.00
sys 0.01

real 48.65
user 0.00
sys 0.00

real 50.67
user 0.00
sys 0.00

real 56.83
user 0.00
sys 0.00
real 56.84
user 0.03
sys 0.04
summary 5 56.84 316.67839549612948627726 320.19
rvms 10 nvms 6 6

real 41.97
user 0.00
sys 0.00

real 47.49
user 0.00
sys 0.00

real 47.87
user 0.00
sys 0.00

real 49.05
user 0.00
sys 0.00

real 54.55
user 0.00
sys 0.01

real 57.10
user 0.01
sys 0.00
real 57.11
user 0.04
sys 0.04
summary 6 57.11 378.21747504815268779548 377.30
rvms 4 nvms 4 4

real 33.03
user 0.00
sys 0.00

real 39.36
user 0.00
sys 0.00

real 40.81
user 0.00
sys 0.00

real 51.23
user 0.00
sys 0.01
real 51.24
user 0.01
sys 0.03
summary 4 51.24 281.03044496487119437939 428.54
total_summary 40 428.54 336.02464180706585149577
real 428.85
user 0.30
sys 0.33

Fri May  4 14:03:52 2012
----------------
