Log of time -p ./aimd 
Tue May  8 22:17:35 2012

rvms 50 cwnd 1 1

real 44.60
user 0.01
sys 0.00
real 44.65
user 0.02
sys 0.00
summary 1 44.65 80.62709966405375139977 44.65
rvms 49 cwnd 2 2

real 60.68
user 0.00
sys 0.00

real 66.34
user 0.00
sys 0.00
real 66.39
user 0.02
sys 0.02
summary 2 66.39 108.45006778129236330772 111.04
rvms 47 cwnd 4 4

real 44.58
user 0.01
sys 0.00

real 46.58
user 0.00
sys 0.00

real 55.73
user 0.01
sys 0.00

real 99.45
user 0.00
sys 0.00
real 99.50
user 0.05
sys 0.02
summary 4 99.50 144.72361809045226130653 210.54
rvms 43 cwnd 8 8

real 55.90
user 0.00
sys 0.00

real 70.16
user 0.01
sys 0.00

real 79.69
user 0.00
sys 0.00

real 86.00
user 0.01
sys 0.00

real 94.37
user 0.01
sys 0.00

real 98.93
user 0.01
sys 0.00

real 103.53
user 0.00
sys 0.00

real 114.13
user 0.00
sys 0.00
real 114.17
user 0.08
sys 0.04
summary 8 114.17 252.25540860120872383288 324.71
rvms 35 cwnd 9 9

real 64.32
user 0.01
sys 0.00

real 81.58
user 0.00
sys 0.00

real 82.71
user 0.00
sys 0.00

real 86.81
user 0.00
sys 0.00

real 88.01
user 0.01
sys 0.00

real 97.08
user 0.01
sys 0.00

real 114.26
user 0.01
sys 0.00

real 116.11
user 0.01
sys 0.00

real 123.52
user 0.01
sys 0.00
real 123.55
user 0.11
sys 0.02
summary 9 123.55 262.24200728450020234722 448.26
rvms 26 cwnd 10 10

real 60.96
user 0.01
sys 0.00

real 74.80
user 0.01
sys 0.00

real 82.29
user 0.01
sys 0.00

real 86.97
user 0.00
sys 0.00

real 87.54
user 0.00
sys 0.01

real 89.00
user 0.01
sys 0.00

real 92.44
user 0.00
sys 0.00

real 102.20
user 0.00
sys 0.00

real 102.85
user 0.00
sys 0.00

real 108.16
user 0.00
sys 0.00
real 108.19
user 0.10
sys 0.04
summary 10 108.19 332.74794343284961641556 556.45
rvms 16 cwnd 11 11

real 68.82
user 0.00
sys 0.00

real 75.20
user 0.00
sys 0.00

real 104.36
user 0.01
sys 0.00

real 110.04
user 0.01
sys 0.00

real 110.78
user 0.01
sys 0.00

real 112.71
user 0.00
sys 0.00

real 113.99
user 0.00
sys 0.01

real 121.94
user 0.00
sys 0.00

real 133.62
user 0.01
sys 0.00

real 138.59
user 0.00
sys 0.01

real 163.77
user 0.00
sys 0.00
real 163.79
user 0.10
sys 0.06
summary 11 163.79 241.77300201477501678979 720.24
rvms 5 cwnd 5 5

real 51.56
user 0.00
sys 0.00

real 56.78
user 0.00
sys 0.00

real 78.90
user 0.01
sys 0.00

real 89.89
user 0.01
sys 0.00

real 93.63
user 0.00
sys 0.00
real 93.64
user 0.04
sys 0.01
summary 5 93.64 192.22554463904314395557 813.88
total_summary 50 813.88 221.16282498648449402860
real 814.35
user 0.60
sys 0.26

Tue May  8 22:31:10 2012
----------------
