Log of time -p ./aimd 
Sat May 12 12:21:32 2012

rvms 40 cwnd 1 1

real 49.27
user 0.00
sys 0.01
real 49.30
user 0.01
sys 0.01
summary 1 49.30 73.02231237322515212981 49.30
rvms 39 cwnd 2 2

real 61.98
user 0.00
sys 0.01

real 63.31
user 0.00
sys 0.00
real 63.35
user 0.02
sys 0.02
summary 2 63.35 113.65430149960536700868 112.65
rvms 37 cwnd 4 4

real 49.85
user 0.01
sys 0.00

real 54.71
user 0.00
sys 0.00

real 55.00
user 0.00
sys 0.01

real 55.59
user 0.00
sys 0.01
real 55.63
user 0.02
sys 0.03
summary 4 55.63 258.85313679669243214093 168.28
rvms 33 cwnd 8 8

real 50.17
user 0.00
sys 0.01

real 52.07
user 0.00
sys 0.00

real 57.46
user 0.01
sys 0.00

real 57.60
user 0.01
sys 0.00

real 58.10
user 0.00
sys 0.00

real 62.29
user 0.00
sys 0.01

real 74.36
user 0.01
sys 0.00

real 79.67
user 0.01
sys 0.00
real 79.71
user 0.08
sys 0.04
summary 8 79.71 361.30974783590515619119 247.99
rvms 25 cwnd 9 9

real 45.23
user 0.01
sys 0.00

real 52.40
user 0.00
sys 0.00

real 68.65
user 0.01
sys 0.00

real 85.13
user 0.01
sys 0.00

real 85.41
user 0.00
sys 0.01

real 98.07
user 0.01
sys 0.00

real 118.71
user 0.01
sys 0.00

real 122.03
user 0.00
sys 0.00

real 135.56
user 0.00
sys 0.00
real 135.58
user 0.09
sys 0.03
summary 9 135.58 238.97329989673993214338 383.57
rvms 16 cwnd 4 4

real 36.67
user 0.00
sys 0.01

real 41.79
user 0.01
sys 0.00

real 42.35
user 0.00
sys 0.00

real 47.71
user 0.00
sys 0.00
real 47.73
user 0.02
sys 0.03
summary 4 47.73 301.69704588309239472030 431.30
rvms 12 cwnd 5 5

real 32.36
user 0.00
sys 0.00

real 60.98
user 0.01
sys 0.00

real 63.76
user 0.00
sys 0.00

real 75.08
user 0.00
sys 0.00

real 97.52
user 0.00
sys 0.00
real 97.53
user 0.04
sys 0.02
summary 5 97.53 184.55859735466010458320 528.83
rvms 7 cwnd 2 2

real 105.28
user 0.00
sys 0.00

real 112.25
user 0.01
sys 0.00
real 112.26
user 0.02
sys 0.00
summary 2 112.26 64.13682522715125601282 641.09
rvms 5 cwnd 3 3

real 46.23
user 0.00
sys 0.00

real 46.78
user 0.00
sys 0.00

real 46.84
user 0.00
sys 0.00
real 46.85
user 0.02
sys 0.01
summary 3 46.85 230.52294557097118463180 687.94
rvms 2 cwnd 2 2

real 30.75
user 0.00
sys 0.00

real 30.96
user 0.00
sys 0.00
real 30.97
user 0.01
sys 0.01
summary 2 30.97 232.48304811107523409751 718.91
total_summary #40 718.91 200.30323684466762181636
real 719.59
user 0.41
sys 0.25

Sat May 12 12:33:31 2012
----------------
