Log of time -p ./aimd 
Sun May 13 02:23:08 2012

rvms 40 cwnd 1 1

real 30.16
user 0.01
sys 0.00
real 30.20
user 0.01
sys 0.00
summary 1 30.20 119.20529801324503311258 30.20
rvms 39 cwnd 2 2

real 30.73
user 0.00
sys 0.00

real 36.96
user 0.00
sys 0.01
real 37.00
user 0.01
sys 0.02
summary 2 37.00 194.59459459459459459459 67.20
rvms 37 cwnd 4 4

real 30.63
user 0.00
sys 0.00

real 32.34
user 0.00
sys 0.01

real 46.75
user 0.01
sys 0.00

real 50.96
user 0.01
sys 0.00
real 51.00
user 0.04
sys 0.02
summary 4 51.00 282.35294117647058823529 118.20
rvms 33 cwnd 8 8

real 49.10
user 0.01
sys 0.00

real 50.40
user 0.01
sys 0.00

real 52.55
user 0.00
sys 0.00

real 59.24
user 0.01
sys 0.00

real 59.38
user 0.01
sys 0.00

real 63.85
user 0.00
sys 0.00

real 67.20
user 0.00
sys 0.00

real 71.31
user 0.01
sys 0.00
real 71.36
user 0.08
sys 0.04
summary 8 71.36 403.58744394618834080717 189.56
rvms 25 cwnd 9 9

real 57.00
user 0.01
sys 0.00

real 59.63
user 0.01
sys 0.00

real 60.38
user 0.00
sys 0.01

real 61.17
user 0.00
sys 0.01

real 64.17
user 0.00
sys 0.00

real 67.09
user 0.01
sys 0.00

real 69.72
user 0.00
sys 0.00

real 76.06
user 0.00
sys 0.01

real 79.04
user 0.00
sys 0.00
real 79.06
user 0.06
sys 0.06
summary 9 79.06 409.81533012901593726283 268.62
rvms 16 cwnd 10 10

real 51.07
user 0.00
sys 0.00

real 62.34
user 0.01
sys 0.00

real 64.80
user 0.01
sys 0.00

real 70.60
user 0.00
sys 0.00

real 72.53
user 0.00
sys 0.01

real 73.12
user 0.01
sys 0.00

real 73.46
user 0.00
sys 0.00

real 74.24
user 0.00
sys 0.01

real 76.86
user 0.00
sys 0.00

real 84.42
user 0.00
sys 0.00
real 84.44
user 0.08
sys 0.07
summary 10 84.44 426.33822832780672666982 353.06
rvms 6 cwnd 6 6

real 48.97
user 0.00
sys 0.00

real 56.18
user 0.00
sys 0.00

real 57.29
user 0.01
sys 0.00

real 62.55
user 0.01
sys 0.00

real 63.70
user 0.00
sys 0.00

real 79.39
user 0.00
sys 0.00
real 79.40
user 0.05
sys 0.03
summary 6 79.40 272.04030226700251889168 432.46
total_summary #40 432.46 332.97877260324654303288
real 433.09
user 0.41
sys 0.28

Sun May 13 02:30:21 2012
----------------
