Log of time -p ./aimd 
Tue May  8 14:43:59 2012

rvms 40 cwnd 1 1

real 31.31
user 0.00
sys 0.00
real 31.35
user 0.02
sys 0.00
summary 1 31.35 114.83253588516746411483 31.35
rvms 39 cwnd 2 2

real 37.69
user 0.00
sys 0.00

real 37.88
user 0.01
sys 0.00
real 37.92
user 0.02
sys 0.01
summary 2 37.92 189.87341772151898734177 69.27
rvms 37 cwnd 4 4

real 36.38
user 0.01
sys 0.00

real 48.42
user 0.01
sys 0.00

real 53.17
user 0.01
sys 0.00

real 57.63
user 0.01
sys 0.00
real 57.66
user 0.06
sys 0.00
summary 4 57.66 249.73985431841831425598 126.93
rvms 33 cwnd 8 8

real 48.18
user 0.00
sys 0.00

real 54.73
user 0.00
sys 0.00

real 60.25
user 0.00
sys 0.00

real 66.46
user 0.00
sys 0.01

real 67.31
user 0.01
sys 0.00

real 76.06
user 0.00
sys 0.01

real 81.70
user 0.01
sys 0.00

real 83.35
user 0.01
sys 0.00
real 83.38
user 0.06
sys 0.05
summary 8 83.38 345.40657231950107939553 210.31
rvms 25 cwnd 9 9

real 66.30
user 0.01
sys 0.00

real 68.77
user 0.00
sys 0.00

real 71.45
user 0.00
sys 0.00

real 86.61
user 0.01
sys 0.00

real 87.06
user 0.00
sys 0.01

real 89.96
user 0.00
sys 0.00

real 93.29
user 0.00
sys 0.00

real 93.58
user 0.00
sys 0.00

real 102.41
user 0.00
sys 0.00
real 102.44
user 0.08
sys 0.04
summary 9 102.44 316.28270206950409996095 312.75
rvms 16 cwnd 4 4

real 44.12
user 0.00
sys 0.00

real 52.35
user 0.00
sys 0.00

real 53.20
user 0.00
sys 0.00

real 60.43
user 0.00
sys 0.00
real 60.45
user 0.03
sys 0.02
summary 4 60.45 238.21339950372208436724 373.20
rvms 12 cwnd 5 5

real 78.27
user 0.01
sys 0.00

real 83.10
user 0.00
sys 0.00

real 85.65
user 0.01
sys 0.00

real 88.12
user 0.00
sys 0.00

real 102.18
user 0.01
sys 0.00
real 102.19
user 0.05
sys 0.01
summary 5 102.19 176.14247969468636852921 475.39
rvms 7 cwnd 2 2

real 48.80
user 0.00
sys 0.00

real 57.46
user 0.00
sys 0.00
real 57.47
user 0.01
sys 0.01
summary 2 57.47 125.28275622063685401078 532.86
rvms 5 cwnd 3 3

real 47.73
user 0.00
sys 0.00

real 51.86
user 0.00
sys 0.00

real 65.96
user 0.00
sys 0.01
real 65.97
user 0.01
sys 0.03
summary 3 65.97 163.71077762619372442019 598.83
rvms 2 cwnd 2 2

real 41.73
user 0.00
sys 0.00

real 52.30
user 0.01
sys 0.00
real 52.31
user 0.01
sys 0.00
summary 2 52.31 137.64098642706939399732 651.14
total_summary 40 651.14 221.15059741376662468900
real 651.58
user 0.44
sys 0.23

Tue May  8 14:54:50 2012
----------------
