32.8KB 65.6KB
246KB 558KB
595KB 1.71MB
1.28MB 4.26MB
3.05MB 10.4MB
5.66MB 21.7MB
9.73MB 41.1MB
13.8MB 68.7MB
15.5MB 99.7MB
16.0MB 132MB
15.8MB 163MB
15.4MB 194MB
15.9MB 226MB
16.0MB 258MB
16.0MB 290MB
16.0MB 322MB
15.9MB 354MB
15.8MB 385MB
15.9MB 417MB
15.9MB 449MB
15.8MB 481MB
15.2MB 511MB
15.9MB 543MB
15.9MB 575MB
15.2MB 605MB
15.8MB 637MB
15.9MB 669MB
15.9MB 701MB
15.9MB 732MB
15.9MB 764MB
15.9MB 796MB
15.9MB 828MB
15.9MB 860MB
15.8MB 891MB
15.9MB 923MB
15.2MB 954MB
15.8MB 985MB
15.8MB 0.99GB
15.3MB 1.02GB
15.9MB 1.05GB
16.1MB 1.09GB
