56.9KB 114KB
224KB 562KB
559KB 1.64MB
1.18MB 4.00MB
2.95MB 9.91MB
7.21MB 24.3MB
13.6MB 51.6MB
15.8MB 83.1MB
15.7MB 115MB
15.4MB 145MB
15.7MB 177MB
15.9MB 208MB
15.9MB 240MB
15.9MB 272MB
15.9MB 304MB
15.9MB 336MB
15.9MB 367MB
15.9MB 399MB
15.9MB 431MB
15.9MB 463MB
15.2MB 493MB
15.9MB 525MB
15.8MB 557MB
15.2MB 587MB
16.0MB 619MB
15.9MB 651MB
15.9MB 682MB
15.8MB 714MB
15.9MB 746MB
15.9MB 778MB
15.9MB 810MB
15.9MB 841MB
15.9MB 873MB
15.9MB 905MB
15.2MB 935MB
15.9MB 967MB
15.8MB 999MB
15.2MB 1.01GB
15.9MB 1.04GB
16.0MB 1.07GB
13.5MB 1.09GB
