34.2KB 68.4KB
215KB 498KB
502KB 1.47MB
1.00MB 3.46MB
2.33MB 8.12MB
4.26MB 16.6MB
7.71MB 32.1MB
13.6MB 59.3MB
15.6MB 90.5MB
15.4MB 121MB
16.0MB 153MB
16.1MB 185MB
16.0MB 217MB
16.1MB 250MB
16.0MB 282MB
16.1MB 314MB
16.0MB 346MB
16.0MB 378MB
15.3MB 408MB
16.1MB 440MB
15.6MB 471MB
15.7MB 503MB
16.0MB 535MB
16.1MB 567MB
16.0MB 599MB
16.0MB 631MB
16.1MB 663MB
15.9MB 695MB
15.9MB 727MB
15.8MB 758MB
15.4MB 789MB
16.1MB 821MB
15.3MB 852MB
15.9MB 884MB
15.9MB 916MB
15.8MB 947MB
15.7MB 979MB
15.8MB 0.99GB
15.9MB 1.02GB
16.0MB 1.05GB
16.1MB 1.08GB
