77.6KB 155KB
293KB 741KB
701KB 2.09MB
1.62MB 5.33MB
4.17MB 13.7MB
9.58MB 32.8MB
15.1MB 63.0MB
15.6MB 94.1MB
15.2MB 125MB
15.9MB 156MB
16.2MB 189MB
16.2MB 221MB
16.0MB 253MB
16.0MB 285MB
16.0MB 317MB
15.9MB 349MB
15.9MB 381MB
15.3MB 412MB
15.8MB 443MB
15.6MB 474MB
15.4MB 505MB
15.9MB 537MB
15.9MB 569MB
15.9MB 601MB
15.9MB 632MB
15.9MB 664MB
15.9MB 696MB
15.9MB 728MB
15.8MB 759MB
15.2MB 790MB
15.9MB 822MB
15.4MB 852MB
15.7MB 884MB
15.9MB 916MB
14.1MB 944MB
12.2MB 968MB
14.3MB 997MB
15.5MB 1.00GB
16.2MB 1.04GB
16.2MB 1.07GB
12.7MB 1.09GB
