44.9KB 89.7KB
214KB 518KB
519KB 1.52MB
1.00MB 3.51MB
2.58MB 8.67MB
6.47MB 21.6MB
12.0MB 45.7MB
15.8MB 77.3MB
16.3MB 110MB
16.1MB 142MB
16.0MB 174MB
16.0MB 206MB
15.9MB 238MB
15.3MB 269MB
15.5MB 300MB
15.8MB 331MB
15.9MB 363MB
15.9MB 395MB
15.9MB 427MB
16.0MB 459MB
15.9MB 491MB
16.0MB 523MB
16.0MB 555MB
16.0MB 587MB
15.7MB 618MB
15.1MB 648MB
15.7MB 680MB
16.0MB 712MB
15.9MB 744MB
16.0MB 775MB
16.0MB 807MB
15.9MB 839MB
15.9MB 871MB
15.9MB 903MB
16.0MB 935MB
15.9MB 967MB
15.3MB 997MB
15.1MB 1.00GB
15.9MB 1.03GB
16.1MB 1.07GB
14.2MB 1.09GB
