48.4KB 96.8KB
278KB 653KB
676KB 1.96MB
1.55MB 5.07MB
3.98MB 13.0MB
9.67MB 32.4MB
15.0MB 62.4MB
15.6MB 93.7MB
15.5MB 125MB
15.8MB 156MB
15.2MB 187MB
16.0MB 219MB
15.9MB 251MB
15.7MB 282MB
11.6MB 305MB
14.1MB 333MB
15.3MB 364MB
15.9MB 396MB
16.0MB 428MB
16.0MB 460MB
15.9MB 492MB
16.1MB 524MB
15.3MB 554MB
16.0MB 587MB
15.7MB 618MB
15.7MB 649MB
16.2MB 682MB
16.0MB 714MB
16.0MB 745MB
16.1MB 778MB
16.0MB 810MB
15.9MB 842MB
15.9MB 873MB
15.5MB 905MB
15.7MB 936MB
16.0MB 968MB
15.3MB 999MB
16.0MB 1.01GB
16.1MB 1.04GB
16.1MB 1.07GB
15.9MB 1.10GB
26B 1.10GB
