26.4KB 52.8KB
194KB 442KB
500KB 1.41MB
1.09MB 3.59MB
2.95MB 9.49MB
7.28MB 24.0MB
13.8MB 51.6MB
16.0MB 83.6MB
16.1MB 116MB
15.9MB 148MB
15.9MB 180MB
15.9MB 211MB
15.8MB 243MB
15.2MB 273MB
15.9MB 305MB
15.4MB 336MB
15.8MB 367MB
15.8MB 399MB
15.9MB 431MB
15.9MB 463MB
15.9MB 494MB
16.0MB 526MB
15.9MB 558MB
15.8MB 590MB
15.3MB 620MB
16.0MB 652MB
16.0MB 684MB
15.2MB 715MB
15.9MB 747MB
15.9MB 778MB
15.9MB 810MB
16.0MB 842MB
15.9MB 874MB
16.0MB 906MB
15.9MB 938MB
15.3MB 968MB
15.9MB 0.98GB
16.0MB 1.01GB
15.6MB 1.04GB
15.7MB 1.07GB
12.6MB 1.09GB
0B 1.09GB
