15.7KB 31.4KB
176KB 383KB
521KB 1.39MB
1.18MB 3.76MB
3.02MB 9.79MB
5.94MB 21.7MB
10.8MB 43.2MB
15.2MB 73.6MB
15.9MB 105MB
15.3MB 136MB
15.9MB 168MB
13.6MB 195MB
13.0MB 221MB
14.8MB 251MB
15.9MB 282MB
15.5MB 313MB
15.5MB 344MB
15.8MB 376MB
16.1MB 408MB
16.0MB 440MB
15.7MB 471MB
15.7MB 503MB
16.0MB 535MB
15.2MB 565MB
15.9MB 597MB
15.9MB 629MB
15.8MB 660MB
15.8MB 692MB
15.6MB 723MB
15.8MB 755MB
15.8MB 786MB
15.6MB 818MB
15.4MB 849MB
15.9MB 880MB
15.2MB 911MB
15.7MB 942MB
15.9MB 974MB
15.7MB 0.98GB
15.9MB 1.01GB
15.9MB 1.04GB
15.6MB 1.07GB
12.1MB 1.10GB
