0KB 0KB
155KB 310KB
388KB 1.06MB
901KB 2.82MB
2.21MB 7.24MB
4.63MB 16.5MB
8.18MB 32.9MB
13.0MB 58.9MB
15.9MB 90.8MB
16.0MB 123MB
16.1MB 155MB
16.1MB 187MB
16.0MB 219MB
15.8MB 251MB
11.3MB 273MB
14.0MB 301MB
15.2MB 332MB
15.7MB 363MB
15.9MB 395MB
15.7MB 426MB
15.4MB 457MB
15.4MB 488MB
15.7MB 519MB
15.9MB 551MB
15.9MB 583MB
16.0MB 615MB
16.0MB 647MB
15.9MB 679MB
15.9MB 711MB
16.0MB 743MB
15.8MB 774MB
15.3MB 805MB
15.5MB 836MB
15.6MB 867MB
15.9MB 899MB
15.9MB 930MB
15.9MB 962MB
15.9MB 994MB
16.0MB 1.00GB
16.0MB 1.03GB
15.9MB 1.06GB
15.9MB 1.10GB
