53.4KB 107KB
247KB 600KB
678KB 1.91MB
1.55MB 5.02MB
3.89MB 12.8MB
8.33MB 29.5MB
12.7MB 54.8MB
16.1MB 86.9MB
15.4MB 118MB
15.6MB 149MB
15.7MB 180MB
14.9MB 210MB
15.9MB 242MB
15.7MB 273MB
15.7MB 305MB
15.7MB 336MB
15.5MB 367MB
15.5MB 398MB
15.6MB 429MB
15.7MB 461MB
15.2MB 491MB
15.6MB 522MB
15.4MB 553MB
15.9MB 585MB
16.0MB 617MB
16.1MB 649MB
16.0MB 681MB
16.0MB 713MB
15.8MB 745MB
15.7MB 776MB
15.8MB 808MB
15.3MB 838MB
15.0MB 868MB
15.3MB 899MB
15.7MB 930MB
16.0MB 962MB
15.8MB 994MB
15.8MB 1.00GB
16.0MB 1.03GB
15.9MB 1.06GB
16.1MB 1.10GB
3.98MB 1.10GB
