0KB 0KB
148KB 296KB
364KB 1.00MB
828KB 2.62MB
1.99MB 6.60MB
4.79MB 16.2MB
8.49MB 33.2MB
10.9MB 54.9MB
14.4MB 83.6MB
15.8MB 115MB
15.6MB 146MB
16.0MB 178MB
16.0MB 210MB
15.4MB 241MB
15.6MB 272MB
15.2MB 303MB
15.8MB 334MB
16.0MB 367MB
15.9MB 398MB
15.9MB 430MB
15.9MB 462MB
15.9MB 494MB
15.8MB 525MB
15.9MB 557MB
15.2MB 588MB
15.9MB 619MB
15.5MB 650MB
15.5MB 681MB
12.5MB 707MB
13.4MB 733MB
15.0MB 763MB
15.9MB 795MB
16.2MB 827MB
15.9MB 859MB
15.4MB 890MB
15.4MB 921MB
15.7MB 952MB
15.7MB 984MB
15.4MB 0.99GB
15.4MB 1.02GB
15.9MB 1.05GB
16.0MB 1.08GB
