56.9KB 114KB
223KB 559KB
596KB 1.71MB
1.31MB 4.32MB
3.30MB 10.9MB
7.77MB 26.5MB
11.9MB 50.3MB
14.8MB 79.9MB
15.2MB 110MB
15.8MB 142MB
15.9MB 174MB
16.0MB 206MB
15.9MB 238MB
14.5MB 267MB
11.9MB 290MB
14.1MB 319MB
15.5MB 350MB
16.2MB 382MB
15.7MB 413MB
15.6MB 445MB
16.0MB 477MB
15.4MB 507MB
15.9MB 539MB
15.9MB 571MB
15.9MB 603MB
15.9MB 635MB
16.0MB 667MB
15.9MB 698MB
15.9MB 730MB
15.4MB 761MB
15.9MB 793MB
12.9MB 819MB
12.1MB 843MB
13.3MB 869MB
13.9MB 897MB
14.0MB 925MB
14.0MB 953MB
14.0MB 981MB
14.3MB 0.99GB
14.8MB 1.02GB
15.5MB 1.05GB
16.0MB 1.08GB
