15.7KB 31.4KB
172KB 375KB
482KB 1.31MB
1.00MB 3.30MB
2.58MB 8.46MB
6.34MB 21.1MB
10.6MB 42.4MB
13.6MB 69.6MB
16.2MB 102MB
15.3MB 133MB
15.9MB 164MB
15.8MB 196MB
15.3MB 227MB
11.9MB 250MB
14.2MB 279MB
15.4MB 309MB
16.0MB 341MB
15.8MB 373MB
15.9MB 405MB
15.9MB 437MB
15.9MB 469MB
16.0MB 501MB
16.1MB 533MB
15.2MB 563MB
16.0MB 595MB
15.6MB 626MB
15.6MB 658MB
16.0MB 689MB
15.9MB 721MB
15.8MB 753MB
15.8MB 785MB
15.8MB 816MB
15.9MB 848MB
15.3MB 879MB
15.5MB 910MB
15.7MB 941MB
15.4MB 972MB
15.1MB 0.98GB
15.7MB 1.01GB
15.9MB 1.04GB
16.0MB 1.07GB
16.2MB 1.10GB
