25.7KB 51.4KB
199KB 449KB
556KB 1.52MB
1.18MB 3.89MB
3.05MB 9.98MB
6.69MB 23.4MB
10.7MB 44.8MB
15.1MB 75.0MB
16.0MB 107MB
15.9MB 139MB
15.9MB 171MB
15.9MB 202MB
16.0MB 234MB
15.9MB 266MB
15.5MB 297MB
15.7MB 328MB
15.2MB 359MB
15.7MB 390MB
15.9MB 422MB
15.9MB 454MB
15.9MB 485MB
15.9MB 517MB
16.0MB 549MB
15.9MB 581MB
15.8MB 613MB
15.4MB 644MB
15.9MB 675MB
15.4MB 706MB
15.6MB 737MB
15.8MB 769MB
15.6MB 800MB
15.8MB 832MB
16.0MB 864MB
16.0MB 896MB
15.8MB 928MB
15.4MB 958MB
15.3MB 989MB
15.7MB 1.00GB
15.7MB 1.03GB
15.6MB 1.06GB
15.5MB 1.09GB
7.75MB 1.10GB
