0KB 0KB
89.6KB 179KB
291KB 762KB
702KB 2.11MB
1.68MB 5.47MB
4.51MB 14.5MB
9.20MB 32.9MB
10.9MB 54.8MB
11.0MB 76.9MB
9.87MB 96.6MB
6.63MB 110MB
7.12MB 124MB
7.18MB 138MB
7.18MB 153MB
7.37MB 168MB
7.56MB 183MB
7.99MB 199MB
8.74MB 216MB
7.79MB 232MB
8.40MB 249MB
9.14MB 267MB
9.58MB 286MB
9.58MB 305MB
9.60MB 324MB
9.71MB 344MB
10.0MB 364MB
10.5MB 385MB
9.23MB 403MB
9.30MB 422MB
4.32MB 431MB
5.57MB 442MB
5.85MB 453MB
5.91MB 465MB
5.97MB 477MB
6.16MB 490MB
6.07MB 502MB
7.12MB 516MB
8.43MB 533MB
9.40MB 552MB
8.65MB 569MB
9.77MB 588MB
10.5MB 609MB
10.8MB 631MB
11.0MB 653MB
11.1MB 675MB
11.1MB 697MB
11.4MB 720MB
8.94MB 738MB
10.1MB 758MB
11.1MB 781MB
11.5MB 804MB
10.0MB 824MB
8.83MB 841MB
9.42MB 860MB
9.58MB 879MB
9.58MB 898MB
9.67MB 918MB
9.92MB 938MB
10.2MB 958MB
10.9MB 980MB
12.2MB 0.98GB
14.2MB 1.01GB
16.1MB 1.04GB
16.3MB 1.07GB
12.2MB 1.10GB
