0KB 0KB
145KB 290KB
368KB 1.00MB
836KB 2.63MB
2.02MB 6.68MB
4.60MB 15.9MB
8.74MB 33.4MB
10.8MB 54.9MB
10.8MB 76.4MB
10.5MB 97.4MB
9.45MB 116MB
10.1MB 137MB
10.4MB 157MB
10.6MB 179MB
9.37MB 197MB
8.65MB 215MB
9.67MB 234MB
10.2MB 254MB
10.5MB 275MB
10.6MB 297MB
10.6MB 318MB
10.7MB 339MB
11.1MB 361MB
11.9MB 385MB
13.1MB 411MB
14.7MB 441MB
11.3MB 463MB
13.5MB 490MB
13.8MB 518MB
8.09MB 534MB
8.55MB 551MB
8.90MB 569MB
9.11MB 587MB
9.24MB 606MB
9.26MB 624MB
9.34MB 643MB
9.92MB 663MB
11.0MB 685MB
10.2MB 705MB
9.89MB 725MB
11.2MB 747MB
12.2MB 772MB
12.6MB 797MB
9.03MB 815MB
10.2MB 835MB
10.6MB 856MB
10.6MB 878MB
10.6MB 899MB
10.9MB 921MB
11.0MB 943MB
11.6MB 966MB
12.7MB 992MB
14.4MB 1.00GB
15.4MB 1.03GB
15.7MB 1.06GB
16.1MB 1.09GB
3.45MB 1.10GB
0B 1.10GB
0B 1.10GB
0B 1.10GB
0B 1.10GB
