0KB 0KB
56.2KB 112KB
248KB 609KB
579KB 1.72MB
1.46MB 4.65MB
3.83MB 12.3MB
7.87MB 28.0MB
10.3MB 48.6MB
10.4MB 69.5MB
11.8MB 93.1MB
12.5MB 118MB
12.9MB 144MB
12.8MB 169MB
12.7MB 195MB
12.7MB 220MB
13.2MB 247MB
13.7MB 274MB
14.7MB 304MB
16.0MB 336MB
15.7MB 367MB
15.7MB 398MB
15.6MB 429MB
15.6MB 461MB
15.6MB 492MB
14.9MB 521MB
15.6MB 553MB
11.5MB 576MB
10.5MB 597MB
10.2MB 617MB
7.86MB 633MB
8.68MB 650MB
8.99MB 668MB
8.89MB 686MB
8.92MB 704MB
8.09MB 720MB
7.56MB 735MB
8.47MB 752MB
8.89MB 770MB
8.31MB 787MB
7.03MB 801MB
7.50MB 816MB
7.71MB 831MB
7.87MB 847MB
7.87MB 863MB
7.93MB 878MB
8.37MB 895MB
9.27MB 914MB
10.7MB 935MB
12.9MB 961MB
15.5MB 992MB
15.9MB 1.00GB
14.4MB 1.03GB
13.3MB 1.05GB
14.9MB 1.08GB
6.05MB 1.09GB
0B 1.09GB
0B 1.09GB
0B 1.09GB
0B 1.09GB
