25.7KB 51.4KB
187KB 425KB
472KB 1.34MB
1.00MB 3.33MB
2.67MB 8.68MB
6.56MB 21.8MB
11.3MB 44.5MB
14.2MB 72.9MB
15.7MB 104MB
15.8MB 136MB
15.8MB 168MB
16.0MB 200MB
15.8MB 231MB
15.5MB 262MB
13.5MB 289MB
13.2MB 316MB
14.9MB 345MB
15.3MB 376MB
15.8MB 408MB
15.3MB 438MB
15.8MB 470MB
15.8MB 501MB
15.8MB 533MB
15.7MB 564MB
15.8MB 596MB
15.6MB 627MB
15.6MB 658MB
15.6MB 689MB
15.0MB 719MB
11.3MB 742MB
13.1MB 768MB
13.7MB 795MB
14.0MB 824MB
14.0MB 852MB
14.0MB 880MB
14.1MB 908MB
14.5MB 937MB
15.1MB 967MB
15.9MB 999MB
15.9MB 1.01GB
15.0MB 1.04GB
15.1MB 1.07GB
14.8MB 1.09GB
26B 1.09GB
0B 1.09GB
0B 1.09GB
0B 1.09GB
