15.0KB 30.0KB
170KB 371KB
436KB 1.21MB
902KB 2.97MB
2.18MB 7.33MB
5.35MB 18.0MB
10.2MB 38.4MB
11.3MB 61.1MB
11.2MB 83.4MB
12.6MB 109MB
13.5MB 136MB
14.0MB 164MB
14.0MB 192MB
13.8MB 219MB
13.7MB 247MB
14.3MB 275MB
14.8MB 305MB
15.3MB 335MB
15.1MB 366MB
15.1MB 396MB
15.6MB 427MB
15.5MB 458MB
15.5MB 489MB
15.6MB 520MB
15.5MB 551MB
14.8MB 581MB
15.5MB 612MB
15.6MB 643MB
15.6MB 674MB
15.5MB 705MB
15.2MB 735MB
15.5MB 766MB
15.6MB 798MB
15.7MB 829MB
15.5MB 860MB
15.6MB 891MB
15.6MB 922MB
15.6MB 954MB
15.6MB 985MB
15.0MB 0.99GB
15.7MB 1.02GB
15.7MB 1.05GB
15.6MB 1.08GB
6.04MB 1.09GB
0B 1.09GB
0B 1.09GB
0B 1.09GB
0B 1.09GB
