0KB 0KB
154KB 308KB
405KB 1.09MB
970KB 2.99MB
2.44MB 7.87MB
6.28MB 20.4MB
11.2MB 42.8MB
13.2MB 69.2MB
13.0MB 95.1MB
12.9MB 121MB
11.1MB 143MB
11.9MB 167MB
12.3MB 192MB
12.3MB 216MB
12.3MB 241MB
12.4MB 266MB
12.7MB 291MB
13.1MB 317MB
7.55MB 332MB
7.68MB 348MB
8.02MB 364MB
8.21MB 380MB
8.21MB 397MB
8.21MB 413MB
8.43MB 430MB
9.05MB 448MB
10.2MB 468MB
11.8MB 492MB
13.3MB 519MB
11.7MB 542MB
13.3MB 569MB
14.5MB 598MB
15.1MB 628MB
15.3MB 658MB
15.5MB 689MB
15.4MB 720MB
15.0MB 750MB
15.2MB 781MB
15.6MB 812MB
15.8MB 843MB
15.8MB 875MB
15.7MB 906MB
15.8MB 938MB
15.7MB 969MB
15.7MB 0.98GB
15.8MB 1.01GB
15.9MB 1.04GB
11.1MB 1.06GB
14.0MB 1.09GB
5.56MB 1.10GB
0B 1.10GB
0B 1.10GB
0B 1.10GB
0B 1.10GB
