89.7KB 179KB
291KB 761KB
683KB 2.08MB
1.56MB 5.19MB
3.83MB 12.8MB
8.83MB 30.5MB
12.8MB 56.1MB
12.5MB 81.1MB
14.3MB 110MB
15.2MB 140MB
15.7MB 171MB
12.8MB 197MB
12.3MB 221MB
13.1MB 248MB
13.3MB 274MB
10.8MB 296MB
10.4MB 316MB
11.1MB 339MB
11.3MB 361MB
11.3MB 384MB
11.4MB 407MB
11.2MB 429MB
7.67MB 444MB
6.90MB 458MB
7.59MB 473MB
7.59MB 488MB
6.24MB 501MB
6.22MB 513MB
7.09MB 528MB
7.53MB 543MB
7.47MB 558MB
6.00MB 570MB
6.78MB 583MB
7.40MB 598MB
7.59MB 613MB
6.52MB 626MB
5.02MB 636MB
4.73MB 646MB
4.93MB 656MB
3.87MB 663MB
4.21MB 672MB
4.50MB 681MB
4.48MB 690MB
4.54MB 699MB
4.70MB 708MB
5.38MB 719MB
6.28MB 731MB
7.74MB 747MB
10.3MB 768MB
13.7MB 795MB
15.7MB 826MB
15.6MB 858MB
15.7MB 889MB
15.8MB 921MB
15.7MB 952MB
15.8MB 984MB
15.6MB 0.99GB
15.4MB 1.02GB
15.1MB 1.05GB
15.4MB 1.08GB
6.05MB 1.09GB
0B 1.09GB
0B 1.09GB
0B 1.09GB
0B 1.09GB
