143KB 286KB
434KB 1.13MB
956KB 2.99MB
2.36MB 7.72MB
3.12MB 14.0MB
3.32MB 20.6MB
2.83MB 26.3MB
3.08MB 32.4MB
3.08MB 38.6MB
3.11MB 44.8MB
2.68MB 50.2MB
2.86MB 55.9MB
3.17MB 62.2MB
3.17MB 68.6MB
3.18MB 74.9MB
3.36MB 81.7MB
3.64MB 88.9MB
4.45MB 97.8MB
5.54MB 109MB
7.62MB 124MB
10.2MB 145MB
10.8MB 166MB
7.43MB 181MB
8.02MB 197MB
8.15MB 213MB
8.18MB 230MB
8.06MB 246MB
8.43MB 263MB
8.87MB 280MB
9.52MB 299MB
7.99MB 315MB
8.99MB 333MB
9.74MB 353MB
10.0MB 373MB
10.3MB 394MB
10.3MB 414MB
10.1MB 434MB
10.4MB 455MB
11.1MB 478MB
12.2MB 502MB
13.9MB 530MB
15.7MB 561MB
15.6MB 592MB
15.7MB 624MB
15.3MB 654MB
15.3MB 685MB
15.6MB 716MB
15.1MB 746MB
15.5MB 777MB
15.7MB 809MB
15.7MB 840MB
15.6MB 871MB
15.8MB 903MB
15.8MB 934MB
15.7MB 966MB
15.3MB 996MB
15.2MB 1.00GB
15.7MB 1.03GB
15.6MB 1.06GB
14.6MB 1.09GB
26B 1.09GB
0B 1.09GB
0B 1.09GB
0B 1.09GB
