7.18KB 14.4KB
161KB 337KB
445KB 1.20MB
956KB 3.06MB
2.39MB 7.85MB
5.75MB 19.4MB
9.57MB 38.5MB
9.70MB 57.9MB
10.7MB 79.3MB
11.4MB 102MB
11.8MB 126MB
12.0MB 150MB
12.0MB 174MB
12.0MB 198MB
12.2MB 222MB
10.5MB 243MB
10.5MB 264MB
11.7MB 288MB
12.3MB 312MB
12.7MB 338MB
12.7MB 363MB
12.7MB 388MB
9.34MB 407MB
6.75MB 421MB
7.28MB 435MB
7.53MB 450MB
7.56MB 465MB
7.50MB 480MB
7.65MB 496MB
8.18MB 512MB
8.94MB 530MB
7.56MB 545MB
8.46MB 562MB
9.21MB 580MB
9.58MB 599MB
9.58MB 619MB
7.77MB 634MB
8.21MB 651MB
9.02MB 669MB
9.55MB 688MB
9.58MB 707MB
9.61MB 726MB
9.58MB 745MB
9.89MB 765MB
10.4MB 786MB
11.5MB 809MB
13.1MB 835MB
13.9MB 863MB
12.3MB 887MB
14.1MB 916MB
11.2MB 938MB
11.6MB 961MB
12.2MB 986MB
12.5MB 0.99GB
12.7MB 1.01GB
12.4MB 1.04GB
12.6MB 1.06GB
13.1MB 1.09GB
3.00MB 1.09GB
0B 1.09GB
0B 1.09GB
0B 1.09GB
0B 1.09GB
