104KB 209KB
315KB 838KB
701KB 2.19MB
1.83MB 5.86MB
4.88MB 15.6MB
9.12MB 33.9MB
9.42MB 52.7MB
10.9MB 74.4MB
11.8MB 98.1MB
12.3MB 123MB
11.9MB 147MB
12.1MB 171MB
12.1MB 195MB
12.4MB 220MB
13.0MB 246MB
14.1MB 274MB
15.3MB 305MB
15.0MB 335MB
15.3MB 365MB
15.4MB 396MB
15.7MB 427MB
15.7MB 459MB
15.7MB 490MB
15.7MB 521MB
15.7MB 553MB
15.8MB 584MB
15.9MB 616MB
15.0MB 646MB
15.7MB 677MB
15.1MB 708MB
15.5MB 739MB
15.7MB 770MB
15.7MB 801MB
15.7MB 833MB
15.7MB 864MB
15.7MB 895MB
15.7MB 927MB
15.3MB 958MB
15.3MB 988MB
15.1MB 0.99GB
15.4MB 1.02GB
15.6MB 1.06GB
15.6MB 1.09GB
2.28MB 1.09GB
0B 1.09GB
0B 1.09GB
0B 1.09GB
0B 1.09GB
