32.8KB 65.6KB
188KB 442KB
430KB 1.27MB
1.15MB 3.57MB
2.83MB 9.23MB
7.21MB 23.7MB
11.6MB 46.9MB
11.6MB 70.1MB
13.6MB 97.3MB
11.8MB 121MB
11.1MB 143MB
11.8MB 167MB
12.3MB 191MB
12.3MB 216MB
12.3MB 241MB
10.1MB 261MB
10.2MB 281MB
11.4MB 304MB
12.0MB 328MB
12.3MB 353MB
12.3MB 377MB
12.3MB 402MB
12.4MB 427MB
12.8MB 452MB
13.5MB 479MB
14.7MB 509MB
11.8MB 532MB
13.2MB 559MB
14.5MB 588MB
15.3MB 618MB
15.6MB 650MB
10.5MB 671MB
12.4MB 695MB
13.1MB 722MB
13.3MB 748MB
13.3MB 775MB
10.00MB 795MB
11.4MB 818MB
11.7MB 841MB
9.55MB 860MB
10.3MB 881MB
10.6MB 902MB
10.6MB 923MB
10.6MB 945MB
10.8MB 966MB
11.1MB 989MB
11.7MB 0.99GB
11.3MB 1.01GB
9.97MB 1.03GB
11.5MB 1.05GB
8.95MB 1.07GB
9.14MB 1.09GB
6.04MB 1.10GB
0B 1.10GB
0B 1.10GB
0B 1.10GB
0B 1.10GB
