57.7KB 115KB
226KB 566KB
499KB 1.53MB
1.03MB 3.58MB
2.55MB 8.67MB
5.63MB 19.9MB
10.1MB 40.1MB
10.9MB 62.0MB
12.5MB 86.9MB
13.4MB 114MB
13.9MB 141MB
11.2MB 164MB
10.9MB 186MB
11.5MB 209MB
11.7MB 232MB
7.35MB 247MB
6.28MB 259MB
6.78MB 273MB
6.84MB 287MB
6.90MB 300MB
6.93MB 314MB
7.25MB 329MB
7.72MB 344MB
8.59MB 361MB
10.1MB 382MB
12.4MB 406MB
8.63MB 424MB
7.93MB 440MB
8.43MB 456MB
8.61MB 474MB
8.60MB 491MB
6.81MB 504MB
7.65MB 520MB
8.31MB 536MB
8.59MB 553MB
8.56MB 571MB
7.08MB 585MB
7.44MB 600MB
7.79MB 615MB
6.29MB 628MB
6.85MB 641MB
7.03MB 656MB
7.19MB 670MB
7.20MB 684MB
7.27MB 699MB
7.65MB 714MB
8.49MB 731MB
9.81MB 751MB
8.19MB 767MB
9.52MB 786MB
7.81MB 802MB
8.03MB 818MB
8.34MB 835MB
8.62MB 852MB
8.56MB 869MB
8.43MB 886MB
8.71MB 903MB
9.32MB 922MB
10.3MB 942MB
12.1MB 967MB
14.6MB 996MB
16.0MB 1.00GB
15.9MB 1.03GB
16.0MB 1.07GB
13.4MB 1.09GB
