26.4KB 52.8KB
199KB 452KB
477KB 1.37MB
1.00MB 3.36MB
2.61MB 8.59MB
6.72MB 22.0MB
9.40MB 40.8MB
6.72MB 54.3MB
7.40MB 69.1MB
7.53MB 84.1MB
7.53MB 99.2MB
7.53MB 114MB
7.78MB 130MB
8.12MB 146MB
8.90MB 164MB
7.25MB 178MB
5.35MB 189MB
5.79MB 201MB
5.82MB 212MB
5.85MB 224MB
5.85MB 236MB
6.19MB 248MB
6.78MB 262MB
7.93MB 277MB
9.55MB 297MB
9.34MB 315MB
7.66MB 331MB
7.50MB 346MB
7.90MB 361MB
7.87MB 377MB
7.90MB 393MB
8.12MB 409MB
8.28MB 426MB
8.87MB 443MB
9.80MB 463MB
11.4MB 486MB
10.4MB 507MB
11.1MB 529MB
10.5MB 550MB
9.31MB 569MB
9.88MB 588MB
10.3MB 609MB
10.5MB 630MB
10.6MB 651MB
10.6MB 672MB
10.8MB 694MB
11.4MB 717MB
12.3MB 741MB
9.91MB 761MB
11.5MB 784MB
9.10MB 802MB
9.61MB 821MB
10.0MB 841MB
10.3MB 862MB
10.3MB 883MB
10.2MB 903MB
10.4MB 924MB
11.0MB 946MB
11.8MB 969MB
13.4MB 996MB
15.2MB 1.00GB
15.9MB 1.03GB
16.1MB 1.06GB
14.6MB 1.09GB
26B 1.09GB
