0KB 0KB
71.8KB 144KB
245KB 633KB
612KB 1.81MB
1.37MB 4.55MB
3.48MB 11.5MB
6.01MB 23.5MB
6.07MB 35.7MB
3.55MB 42.8MB
3.84MB 50.5MB
4.04MB 58.5MB
4.11MB 66.8MB
4.11MB 75.0MB
4.32MB 83.6MB
4.98MB 93.6MB
5.51MB 105MB
5.24MB 115MB
5.91MB 127MB
6.25MB 139MB
4.74MB 149MB
5.07MB 159MB
5.13MB 169MB
5.13MB 180MB
4.19MB 188MB
4.67MB 197MB
4.98MB 207MB
5.04MB 217MB
5.01MB 227MB
5.35MB 238MB
5.54MB 249MB
6.07MB 261MB
7.00MB 275MB
8.77MB 293MB
11.1MB 315MB
13.8MB 342MB
15.3MB 373MB
15.8MB 405MB
15.8MB 436MB
15.7MB 468MB
15.6MB 499MB
15.7MB 530MB
15.7MB 562MB
15.5MB 593MB
15.1MB 623MB
15.2MB 653MB
11.9MB 677MB
8.64MB 694MB
9.36MB 713MB
9.58MB 732MB
9.58MB 751MB
9.70MB 771MB
9.92MB 791MB
10.1MB 811MB
10.8MB 832MB
11.9MB 856MB
13.8MB 884MB
12.4MB 908MB
12.9MB 934MB
14.3MB 963MB
15.1MB 993MB
15.7MB 1.00GB
15.8MB 1.03GB
15.6MB 1.06GB
15.8MB 1.09GB
493KB 1.09GB
0B 1.09GB
0B 1.09GB
0B 1.09GB
0B 1.09GB
