36.3KB 72.7KB
182KB 436KB
529KB 1.46MB
1.28MB 4.01MB
3.64MB 11.3MB
8.86MB 29.0MB
10.5MB 50.0MB
10.8MB 71.5MB
8.64MB 88.8MB
9.42MB 108MB
9.80MB 127MB
9.92MB 147MB
10.0MB 167MB
10.1MB 187MB
10.4MB 208MB
10.1MB 228MB
8.96MB 246MB
9.95MB 266MB
10.5MB 287MB
10.9MB 309MB
10.9MB 331MB
10.9MB 353MB
11.0MB 375MB
8.69MB 392MB
9.70MB 412MB
8.92MB 430MB
8.15MB 446MB
8.65MB 463MB
8.90MB 481MB
8.87MB 499MB
7.14MB 513MB
7.95MB 529MB
8.60MB 546MB
8.93MB 564MB
8.93MB 582MB
8.90MB 600MB
9.02MB 618MB
7.57MB 633MB
7.96MB 649MB
6.68MB 662MB
6.75MB 675MB
7.22MB 690MB
7.13MB 704MB
7.19MB 719MB
7.28MB 733MB
6.80MB 747MB
6.31MB 759MB
6.94MB 773MB
7.55MB 788MB
7.63MB 804MB
7.59MB 819MB
7.65MB 834MB
7.87MB 850MB
8.37MB 867MB
9.43MB 885MB
11.0MB 907MB
10.6MB 929MB
10.6MB 950MB
11.8MB 974MB
12.5MB 999MB
12.7MB 1.00GB
13.0MB 1.03GB
12.9MB 1.05GB
12.6MB 1.08GB
11.7MB 1.10GB
26B 1.10GB
0B 1.10GB
0B 1.10GB
0B 1.10GB
