25.7KB 51.4KB
211KB 473KB
509KB 1.46MB
1.09MB 3.63MB
2.92MB 9.48MB
7.40MB 24.3MB
10.1MB 44.5MB
10.6MB 65.7MB
11.9MB 89.5MB
12.7MB 115MB
13.0MB 141MB
13.3MB 168MB
13.3MB 194MB
13.3MB 221MB
13.5MB 248MB
12.0MB 272MB
10.9MB 294MB
12.5MB 319MB
13.5MB 346MB
14.0MB 374MB
14.2MB 402MB
14.5MB 431MB
14.4MB 460MB
8.00MB 476MB
7.43MB 491MB
6.93MB 505MB
6.37MB 517MB
6.79MB 531MB
6.84MB 545MB
6.87MB 558MB
4.19MB 567MB
3.92MB 575MB
4.13MB 583MB
4.12MB 591MB
4.11MB 599MB
4.32MB 608MB
4.82MB 618MB
4.70MB 627MB
4.92MB 637MB
4.07MB 645MB
4.20MB 653MB
4.45MB 662MB
4.45MB 671MB
4.45MB 680MB
4.64MB 689MB
4.52MB 698MB
4.36MB 707MB
4.88MB 717MB
5.13MB 727MB
5.13MB 737MB
5.13MB 748MB
5.29MB 758MB
5.69MB 770MB
6.47MB 783MB
7.78MB 798MB
9.77MB 818MB
10.3MB 838MB
10.2MB 859MB
11.4MB 881MB
12.0MB 906MB
12.3MB 930MB
12.4MB 955MB
12.4MB 980MB
12.3MB 0.98GB
6.99MB 0.99GB
7.15MB 1.01GB
7.53MB 1.02GB
7.53MB 1.04GB
7.56MB 1.05GB
7.65MB 1.07GB
7.96MB 1.08GB
8.59MB 1.10GB
1.58MB 1.10GB
0B 1.10GB
0B 1.10GB
0B 1.10GB
0B 1.10GB
