127KB 254KB
372KB 998KB
892KB 2.72MB
2.33MB 7.38MB
6.06MB 19.5MB
8.64MB 36.8MB
9.21MB 55.2MB
10.4MB 75.9MB
10.9MB 97.8MB
11.3MB 120MB
11.4MB 143MB
11.3MB 166MB
11.3MB 188MB
11.0MB 210MB
7.69MB 226MB
5.01MB 236MB
5.57MB 247MB
5.47MB 258MB
4.40MB 267MB
5.20MB 277MB
5.48MB 288MB
5.69MB 299MB
5.82MB 311MB
5.82MB 323MB
5.97MB 334MB
6.50MB 347MB
7.59MB 363MB
7.07MB 377MB
7.56MB 392MB
4.82MB 402MB
4.57MB 411MB
4.82MB 420MB
4.85MB 430MB
4.76MB 440MB
4.90MB 449MB
5.46MB 460MB
4.82MB 470MB
5.20MB 480MB
5.72MB 492MB
5.72MB 503MB
5.88MB 515MB
5.82MB 527MB
6.16MB 539MB
6.50MB 552MB
6.20MB 564MB
4.01MB 572MB
4.27MB 581MB
4.45MB 590MB
4.47MB 599MB
4.57MB 608MB
4.70MB 617MB
5.38MB 628MB
6.50MB 641MB
8.24MB 658MB
10.9MB 679MB
8.60MB 696MB
7.37MB 711MB
7.84MB 727MB
8.06MB 743MB
8.21MB 759MB
8.21MB 776MB
8.24MB 792MB
8.69MB 810MB
6.97MB 824MB
8.06MB 840MB
8.74MB 857MB
8.99MB 875MB
8.89MB 893MB
8.96MB 911MB
9.18MB 929MB
9.49MB 948MB
10.3MB 969MB
11.6MB 992MB
13.5MB 1.00GB
15.9MB 1.03GB
15.6MB 1.06GB
16.1MB 1.09GB
