47.7KB 95.5KB
206KB 507KB
525KB 1.52MB
1.18MB 3.88MB
2.95MB 9.79MB
6.87MB 23.5MB
9.95MB 43.4MB
10.6MB 64.5MB
8.30MB 81.1MB
9.52MB 100MB
10.1MB 120MB
9.95MB 140MB
10.0MB 160MB
10.0MB 180MB
10.2MB 201MB
9.84MB 221MB
8.72MB 238MB
10.0MB 258MB
10.6MB 279MB
8.03MB 295MB
8.62MB 312MB
7.18MB 327MB
7.06MB 341MB
7.47MB 356MB
7.53MB 371MB
7.47MB 386MB
7.47MB 401MB
7.78MB 416MB
8.52MB 433MB
9.55MB 453MB
5.42MB 463MB
5.66MB 475MB
5.91MB 487MB
6.16MB 499MB
6.16MB 511MB
6.16MB 523MB
6.47MB 536MB
7.16MB 551MB
8.46MB 568MB
7.54MB 583MB
8.24MB 599MB
9.05MB 617MB
9.31MB 636MB
9.57MB 655MB
9.55MB 674MB
8.60MB 691MB
7.96MB 707MB
8.65MB 725MB
9.31MB 743MB
9.63MB 762MB
9.65MB 782MB
9.68MB 801MB
9.58MB 820MB
10.2MB 841MB
11.0MB 863MB
12.4MB 888MB
8.98MB 906MB
7.93MB 921MB
8.12MB 938MB
8.21MB 954MB
8.21MB 971MB
8.27MB 987MB
8.59MB 0.98GB
8.71MB 1.00GB
7.64MB 1.01GB
8.24MB 1.03GB
8.96MB 1.05GB
9.24MB 1.06GB
9.27MB 1.08GB
8.39MB 1.10GB
0B 1.10GB
0B 1.10GB
0B 1.10GB
0B 1.10GB
