0KB 0KB
110KB 221KB
350KB 921KB
796KB 2.45MB
2.02MB 6.50MB
5.38MB 17.3MB
9.70MB 36.7MB
9.53MB 55.7MB
8.06MB 71.8MB
8.71MB 89.2MB
8.90MB 107MB
8.92MB 125MB
8.93MB 143MB
9.24MB 161MB
9.42MB 180MB
9.50MB 199MB
8.18MB 215MB
9.33MB 234MB
9.98MB 254MB
10.3MB 275MB
10.3MB 295MB
10.3MB 316MB
10.5MB 337MB
10.8MB 358MB
11.5MB 381MB
10.3MB 402MB
10.3MB 422MB
9.70MB 442MB
8.69MB 459MB
9.14MB 477MB
5.02MB 488MB
5.10MB 498MB
5.47MB 509MB
5.48MB 520MB
5.51MB 531MB
5.66MB 542MB
6.00MB 554MB
5.39MB 565MB
5.72MB 576MB
4.83MB 586MB
4.93MB 596MB
5.21MB 606MB
5.10MB 616MB
5.13MB 627MB
5.35MB 637MB
5.18MB 648MB
4.88MB 657MB
5.41MB 668MB
5.82MB 680MB
5.82MB 692MB
5.85MB 703MB
5.97MB 715MB
6.20MB 728MB
6.99MB 742MB
8.24MB 758MB
10.1MB 778MB
9.64MB 798MB
10.1MB 818MB
11.2MB 840MB
11.8MB 864MB
12.1MB 888MB
12.3MB 913MB
12.3MB 938MB
12.3MB 962MB
12.7MB 987MB
13.6MB 0.99GB
14.6MB 1.02GB
11.6MB 1.04GB
13.3MB 1.07GB
13.6MB 1.09GB
26B 1.09GB
0B 1.09GB
0B 1.09GB
0B 1.09GB
