0KB 0KB
56.9KB 114KB
267KB 647KB
657KB 1.92MB
1.49MB 4.90MB
2.86MB 10.6MB
3.43MB 17.5MB
2.58MB 22.6MB
2.74MB 28.1MB
2.74MB 33.6MB
2.77MB 39.1MB
2.99MB 45.1MB
3.48MB 52.1MB
4.35MB 60.8MB
5.36MB 71.5MB
5.13MB 81.8MB
5.79MB 93.3MB
6.16MB 106MB
6.16MB 118MB
6.16MB 130MB
6.25MB 143MB
6.63MB 156MB
7.19MB 170MB
8.34MB 187MB
10.0MB 207MB
12.6MB 232MB
15.2MB 263MB
15.7MB 294MB
15.4MB 325MB
15.3MB 356MB
15.7MB 387MB
15.6MB 418MB
15.3MB 449MB
15.6MB 480MB
15.3MB 511MB
15.3MB 542MB
15.7MB 573MB
15.7MB 605MB
15.5MB 636MB
15.7MB 667MB
15.4MB 698MB
15.2MB 728MB
15.7MB 760MB
15.6MB 791MB
15.6MB 822MB
15.7MB 854MB
15.7MB 885MB
15.5MB 916MB
15.1MB 946MB
15.5MB 977MB
15.5MB 0.98GB
15.7MB 1.02GB
15.5MB 1.05GB
15.0MB 1.07GB
11.7MB 1.10GB
0B 1.10GB
0B 1.10GB
0B 1.10GB
0B 1.10GB
