7.18KB 14.4KB
160KB 334KB
428KB 1.16MB
957KB 3.03MB
2.36MB 7.76MB
5.97MB 19.7MB
12.1MB 44.0MB
13.4MB 70.9MB
8.49MB 87.8MB
9.30MB 106MB
9.61MB 126MB
9.92MB 145MB
9.93MB 165MB
9.94MB 185MB
10.1MB 205MB
10.6MB 227MB
11.8MB 250MB
13.3MB 277MB
15.5MB 308MB
15.4MB 339MB
15.6MB 370MB
15.6MB 401MB
15.6MB 432MB
15.8MB 464MB
15.7MB 495MB
15.7MB 527MB
15.5MB 558MB
15.3MB 588MB
15.5MB 619MB
15.3MB 650MB
15.2MB 680MB
15.7MB 712MB
15.7MB 743MB
15.7MB 775MB
15.6MB 806MB
15.5MB 837MB
15.6MB 868MB
11.8MB 892MB
13.6MB 919MB
10.2MB 939MB
11.5MB 962MB
12.1MB 987MB
12.3MB 0.99GB
12.3MB 1.01GB
12.3MB 1.04GB
11.1MB 1.06GB
9.89MB 1.08GB
9.28MB 1.09GB
0B 1.09GB
0B 1.09GB
0B 1.09GB
0B 1.09GB
