92.4KB 185KB
248KB 681KB
527KB 1.69MB
1.18MB 4.06MB
3.05MB 10.2MB
5.97MB 22.1MB
6.78MB 35.7MB
4.93MB 45.5MB
5.47MB 56.5MB
5.82MB 68.1MB
5.88MB 79.9MB
5.82MB 91.5MB
5.94MB 103MB
6.05MB 115MB
5.06MB 126MB
5.88MB 137MB
6.28MB 150MB
6.50MB 163MB
6.50MB 176MB
6.50MB 189MB
6.72MB 202MB
7.24MB 217MB
8.25MB 233MB
9.72MB 253MB
8.26MB 269MB
8.44MB 286MB
7.37MB 301MB
7.87MB 317MB
8.21MB 333MB
8.28MB 350MB
8.26MB 366MB
8.35MB 383MB
8.71MB 400MB
9.55MB 419MB
11.0MB 441MB
13.1MB 468MB
15.1MB 498MB
15.8MB 529MB
16.0MB 561MB
16.1MB 594MB
8.32MB 610MB
0B 610MB
0B 610MB
0B 610MB
