7.18KB 14.4KB
154KB 323KB
309KB 940KB
714KB 2.31MB
1.68MB 5.67MB
4.17MB 14.0MB
8.43MB 30.9MB
8.96MB 48.8MB
5.24MB 59.3MB
5.01MB 69.3MB
5.20MB 79.7MB
5.13MB 89.9MB
5.13MB 100MB
5.41MB 111MB
5.52MB 122MB
4.63MB 131MB
5.38MB 142MB
5.82MB 154MB
5.82MB 165MB
5.82MB 177MB
5.91MB 189MB
6.22MB 201MB
6.78MB 215MB
7.84MB 230MB
9.55MB 250MB
12.0MB 274MB
8.54MB 291MB
68.2KB 291MB
188KB 291MB
446KB 292MB
892KB 294MB
2.05MB 298MB
4.94MB 308MB
10.5MB 329MB
14.7MB 358MB
15.2MB 388MB
15.6MB 420MB
15.6MB 451MB
15.8MB 482MB
15.9MB 514MB
16.1MB 546MB
16.0MB 578MB
16.0MB 611MB
4.45MB 619MB
0B 619MB
