15.7KB 31.4KB
169KB 369KB
482KB 1.30MB
1.09MB 3.49MB
3.27MB 10.0MB
7.56MB 25.1MB
11.6MB 48.3MB
11.9MB 72.1MB
8.92MB 90.0MB
9.73MB 109MB
10.2MB 130MB
10.3MB 151MB
10.6MB 172MB
10.6MB 193MB
9.99MB 213MB
5.51MB 224MB
6.02MB 236MB
6.19MB 248MB
5.27MB 259MB
5.41MB 270MB
6.07MB 282MB
6.19MB 294MB
6.16MB 307MB
6.19MB 319MB
6.50MB 332MB
6.84MB 346MB
6.54MB 359MB
6.32MB 371MB
7.09MB 386MB
7.53MB 401MB
7.53MB 416MB
7.56MB 431MB
7.53MB 446MB
7.90MB 462MB
8.46MB 479MB
9.52MB 498MB
11.1MB 520MB
13.5MB 547MB
16.0MB 579MB
15.8MB 611MB
26B 611MB
0B 611MB
0B 611MB
0B 611MB
