56.9KB 114KB
260KB 634KB
577KB 1.75MB
1.31MB 4.36MB
3.33MB 11.0MB
8.21MB 27.4MB
10.9MB 49.2MB
11.6MB 72.4MB
12.6MB 97.5MB
9.93MB 117MB
10.9MB 139MB
11.3MB 162MB
11.3MB 184MB
11.3MB 207MB
11.3MB 230MB
11.6MB 253MB
12.1MB 277MB
10.7MB 298MB
10.7MB 320MB
9.32MB 338MB
9.14MB 357MB
9.64MB 376MB
9.93MB 396MB
9.93MB 416MB
9.95MB 436MB
10.0MB 456MB
6.67MB 469MB
5.63MB 480MB
5.88MB 492MB
6.17MB 504MB
6.17MB 517MB
6.18MB 529MB
6.38MB 542MB
7.14MB 556MB
8.26MB 573MB
10.0MB 593MB
12.1MB 617MB
26B 617MB
0B 617MB
0B 617MB
0B 617MB
