79.6KB 159KB
281KB 722KB
678KB 2.03MB
1.56MB 5.14MB
3.98MB 13.1MB
9.67MB 32.4MB
11.2MB 54.9MB
10.9MB 76.6MB
9.42MB 95.4MB
7.56MB 111MB
8.27MB 127MB
8.55MB 144MB
8.55MB 161MB
8.55MB 178MB
8.71MB 196MB
8.96MB 214MB
5.03MB 224MB
4.49MB 233MB
4.08MB 241MB
3.58MB 248MB
3.48MB 255MB
3.70MB 262MB
3.74MB 270MB
3.77MB 277MB
3.86MB 285MB
4.44MB 294MB
4.15MB 302MB
4.42MB 311MB
4.82MB 321MB
5.15MB 331MB
4.75MB 341MB
4.19MB 349MB
4.76MB 359MB
5.04MB 369MB
5.13MB 379MB
5.20MB 389MB
5.22MB 400MB
5.54MB 411MB
6.35MB 424MB
7.59MB 439MB
9.77MB 458MB
12.5MB 483MB
15.2MB 514MB
14.1MB 542MB
13.2MB 568MB
15.0MB 598MB
5.91MB 610MB
0B 610MB
0B 610MB
0B 610MB
