44.9KB 89.8KB
184KB 459KB
417KB 1.26MB
965KB 3.15MB
2.39MB 7.94MB
6.22MB 20.4MB
7.47MB 35.3MB
7.49MB 50.3MB
6.54MB 63.4MB
5.23MB 73.8MB
5.75MB 85.3MB
5.82MB 97.0MB
5.81MB 109MB
6.00MB 121MB
6.16MB 133MB
6.50MB 146MB
3.60MB 153MB
3.89MB 161MB
4.11MB 169MB
3.33MB 176MB
3.61MB 183MB
3.92MB 191MB
4.11MB 199MB
4.11MB 207MB
4.11MB 215MB
4.35MB 224MB
3.90MB 232MB
4.29MB 241MB
4.67MB 250MB
4.79MB 259MB
4.79MB 269MB
4.82MB 279MB
5.07MB 289MB
5.69MB 300MB
6.75MB 314MB
8.59MB 331MB
11.0MB 353MB
14.3MB 381MB
15.5MB 412MB
15.1MB 443MB
15.7MB 474MB
15.8MB 506MB
15.6MB 537MB
15.8MB 568MB
16.0MB 600MB
9.44MB 619MB
0B 619MB
0B 619MB
0B 619MB
0B 619MB
