25.7KB 51.4KB
189KB 429KB
499KB 1.39MB
1.12MB 3.63MB
2.95MB 9.54MB
6.50MB 22.5MB
6.30MB 35.1MB
6.23MB 47.6MB
5.57MB 58.7MB
5.94MB 70.6MB
6.16MB 82.9MB
6.16MB 95.2MB
6.16MB 108MB
6.38MB 120MB
7.25MB 135MB
8.37MB 152MB
6.79MB 165MB
6.62MB 178MB
6.03MB 190MB
6.47MB 203MB
6.50MB 216MB
6.44MB 229MB
6.56MB 242MB
6.88MB 256MB
7.28MB 271MB
8.24MB 287MB
5.93MB 299MB
5.16MB 309MB
5.47MB 320MB
5.47MB 331MB
5.47MB 342MB
5.60MB 353MB
5.94MB 365MB
6.62MB 379MB
7.87MB 394MB
9.77MB 414MB
12.4MB 439MB
10.5MB 460MB
12.2MB 484MB
13.3MB 511MB
13.8MB 538MB
14.0MB 566MB
14.0MB 594MB
7.58MB 610MB
0B 610MB
0B 610MB
0B 610MB
0B 610MB
