127KB 254KB
288KB 831KB
712KB 2.20MB
1.68MB 5.56MB
4.57MB 14.7MB
6.71MB 28.1MB
7.38MB 42.9MB
7.73MB 58.4MB
6.32MB 71.0MB
6.84MB 84.7MB
7.03MB 98.7MB
7.20MB 113MB
7.19MB 128MB
7.20MB 142MB
7.65MB 157MB
8.46MB 174MB
8.15MB 190MB
8.18MB 207MB
5.80MB 218MB
4.76MB 228MB
4.95MB 238MB
5.18MB 248MB
5.15MB 258MB
5.27MB 269MB
5.68MB 280MB
4.95MB 290MB
5.33MB 301MB
5.85MB 313MB
6.18MB 325MB
5.71MB 336MB
5.02MB 346MB
5.76MB 358MB
6.16MB 370MB
6.16MB 383MB
6.19MB 395MB
6.19MB 407MB
6.56MB 421MB
7.22MB 435MB
8.27MB 452MB
10.1MB 472MB
12.8MB 497MB
15.8MB 529MB
15.2MB 559MB
15.9MB 591MB
12.6MB 616MB
0B 616MB
0B 616MB
0B 616MB
0B 616MB
